2025-09-08 14:26:06,657 - INFO - backend.app.application.orders.ExpectDownloadedPdf - (orders.py:102) - Moved downloaded PDF to: C:\Users\andrew\Desktop\Andrew\Projects\IthacaBakery\RandomStuff\WorkBot\experimental\data\orders\Webstaurant\Webstaurant_Bakery_2025-08-30.pdf
2025-09-08 14:26:13,075 - INFO - backend.app.application.orders.ExpectDownloadedPdf - (orders.py:102) - Moved downloaded PDF to: C:\Users\andrew\Desktop\Andrew\Projects\IthacaBakery\RandomStuff\WorkBot\experimental\data\orders\UNFI\UNFI_Bakery_2025-09-03.pdf
2025-09-08 14:26:20,777 - INFO - backend.app.application.orders.ExpectDownloadedPdf - (orders.py:102) - Moved downloaded PDF to: C:\Users\andrew\Desktop\Andrew\Projects\IthacaBakery\RandomStuff\WorkBot\experimental\data\orders\Performance Food\Performance Food_Bakery_2025-09-06.pdf
2025-09-08 14:26:26,452 - INFO - backend.app.application.orders.ExpectDownloadedPdf - (orders.py:102) - Moved downloaded PDF to: C:\Users\andrew\Desktop\Andrew\Projects\IthacaBakery\RandomStuff\WorkBot\experimental\data\orders\FingerLakes Farms\FingerLakes Farms_Bakery_2025-09-06.pdf
2025-09-08 14:26:33,988 - INFO - backend.app.application.orders.ExpectDownloadedPdf - (orders.py:102) - Moved downloaded PDF to: C:\Users\andrew\Desktop\Andrew\Projects\IthacaBakery\RandomStuff\WorkBot\experimental\data\orders\Sysco\Sysco_Bakery_2025-09-06.pdf
2025-09-08 14:26:39,294 - INFO - backend.app.application.orders.ExpectDownloadedPdf - (orders.py:102) - Moved downloaded PDF to: C:\Users\andrew\Desktop\Andrew\Projects\IthacaBakery\RandomStuff\WorkBot\experimental\data\orders\Hillcrest Dairy\Hillcrest Dairy_Bakery_2025-09-06.pdf
2025-09-08 14:26:44,831 - INFO - backend.app.application.orders.ExpectDownloadedPdf - (orders.py:102) - Moved downloaded PDF to: C:\Users\andrew\Desktop\Andrew\Projects\IthacaBakery\RandomStuff\WorkBot\experimental\data\orders\Odeko In.\Odeko In._Bakery_2025-09-07.pdf
2025-09-08 14:26:50,895 - INFO - backend.app.application.orders.ExpectDownloadedPdf - (orders.py:102) - Moved downloaded PDF to: C:\Users\andrew\Desktop\Andrew\Projects\IthacaBakery\RandomStuff\WorkBot\experimental\data\orders\Coca-Cola\Coca-Cola_Bakery_2025-09-07.pdf
2025-09-08 14:26:57,782 - INFO - backend.app.application.orders.ExpectDownloadedPdf - (orders.py:102) - Moved downloaded PDF to: C:\Users\andrew\Desktop\Andrew\Projects\IthacaBakery\RandomStuff\WorkBot\experimental\data\orders\US Foods\US Foods_Bakery_2025-09-07.pdf
2025-09-08 14:27:04,361 - INFO - backend.app.application.orders.ExpectDownloadedPdf - (orders.py:102) - Moved downloaded PDF to: C:\Users\andrew\Desktop\Andrew\Projects\IthacaBakery\RandomStuff\WorkBot\experimental\data\orders\Hillcrest Foods\Hillcrest Foods_Bakery_2025-09-07.pdf
2025-09-08 14:27:10,618 - INFO - backend.app.application.orders.ExpectDownloadedPdf - (orders.py:102) - Moved downloaded PDF to: C:\Users\andrew\Desktop\Andrew\Projects\IthacaBakery\RandomStuff\WorkBot\experimental\data\orders\Keck's Food Service\Keck's Food Service_Bakery_2025-09-07.pdf
2025-09-08 14:27:15,659 - INFO - backend.app.application.orders.ExpectDownloadedPdf - (orders.py:102) - Moved downloaded PDF to: C:\Users\andrew\Desktop\Andrew\Projects\IthacaBakery\RandomStuff\WorkBot\experimental\data\orders\Eurocafe Imports\Eurocafe Imports_Bakery_2025-09-07.pdf
2025-09-08 14:27:21,717 - INFO - backend.app.application.orders.ExpectDownloadedPdf - (orders.py:102) - Moved downloaded PDF to: C:\Users\andrew\Desktop\Andrew\Projects\IthacaBakery\RandomStuff\WorkBot\experimental\data\orders\Equal Exchange\Equal Exchange_Bakery_2025-09-07.pdf
2025-09-08 14:27:27,868 - INFO - backend.app.application.orders.ExpectDownloadedPdf - (orders.py:102) - Moved downloaded PDF to: C:\Users\andrew\Desktop\Andrew\Projects\IthacaBakery\RandomStuff\WorkBot\experimental\data\orders\BJ's\BJ's_Bakery_2025-09-07.pdf
2025-09-08 14:27:33,476 - INFO - backend.app.application.orders.ExpectDownloadedPdf - (orders.py:102) - Moved downloaded PDF to: C:\Users\andrew\Desktop\Andrew\Projects\IthacaBakery\RandomStuff\WorkBot\experimental\data\orders\DUTCH VALLEY FOOD DIST\DUTCH VALLEY FOOD DIST_Bakery_2025-09-07.pdf
2025-09-08 14:27:38,619 - INFO - backend.app.application.orders.ExpectDownloadedPdf - (orders.py:102) - Moved downloaded PDF to: C:\Users\andrew\Desktop\Andrew\Projects\IthacaBakery\RandomStuff\WorkBot\experimental\data\orders\Copper Horse Coffee\Copper Horse Coffee_Bakery_2025-09-07.pdf
2025-09-08 14:27:44,940 - INFO - backend.app.application.orders.ExpectDownloadedPdf - (orders.py:102) - Moved downloaded PDF to: C:\Users\andrew\Desktop\Andrew\Projects\IthacaBakery\RandomStuff\WorkBot\experimental\data\orders\Regional Distributors, Inc.\Regional Distributors, Inc._Bakery_2025-09-08.pdf
2025-09-08 14:27:51,477 - INFO - backend.app.application.orders.ExpectDownloadedPdf - (orders.py:102) - Moved downloaded PDF to: C:\Users\andrew\Desktop\Andrew\Projects\IthacaBakery\RandomStuff\WorkBot\experimental\data\orders\Lentz\Lentz_Bakery_2025-09-08.pdf
2025-09-08 14:27:56,677 - INFO - backend.app.application.orders.ExpectDownloadedPdf - (orders.py:102) - Moved downloaded PDF to: C:\Users\andrew\Desktop\Andrew\Projects\IthacaBakery\RandomStuff\WorkBot\experimental\data\orders\BALKAN BEVERAGE LLC\BALKAN BEVERAGE LLC_Bakery_2025-09-08.pdf
2025-09-08 14:28:02,605 - INFO - backend.app.application.orders.ExpectDownloadedPdf - (orders.py:102) - Moved downloaded PDF to: C:\Users\andrew\Desktop\Andrew\Projects\IthacaBakery\RandomStuff\WorkBot\experimental\data\orders\A.L. George\A.L. George_Bakery_2025-09-08.pdf
2025-09-08 14:28:08,703 - INFO - backend.app.application.orders.ExpectDownloadedPdf - (orders.py:102) - Moved downloaded PDF to: C:\Users\andrew\Desktop\Andrew\Projects\IthacaBakery\RandomStuff\WorkBot\experimental\data\orders\Palmer\Palmer_Bakery_2025-09-08.pdf
2025-09-08 14:28:14,270 - INFO - backend.app.application.orders.ExpectDownloadedPdf - (orders.py:102) - Moved downloaded PDF to: C:\Users\andrew\Desktop\Andrew\Projects\IthacaBakery\RandomStuff\WorkBot\experimental\data\orders\Side Hill Acres\Side Hill Acres_Bakery_2025-09-08.pdf
2025-09-09 08:16:35,751 - INFO - backend.app.application.orders.ExpectDownloadedPdf - (orders.py:121) - Moved downloaded PDF to: C:\Users\andrew\Desktop\Andrew\Projects\IthacaBakery\RandomStuff\WorkBot\experimental\data\orders\Performance Food\Performance Food_Collegetown_2025-09-05.pdf
2025-09-09 08:16:41,576 - INFO - backend.app.application.orders.ExpectDownloadedPdf - (orders.py:121) - Moved downloaded PDF to: C:\Users\andrew\Desktop\Andrew\Projects\IthacaBakery\RandomStuff\WorkBot\experimental\data\orders\US Foods\US Foods_Collegetown_2025-09-05.pdf
2025-09-09 08:16:47,957 - INFO - backend.app.application.orders.ExpectDownloadedPdf - (orders.py:121) - Moved downloaded PDF to: C:\Users\andrew\Desktop\Andrew\Projects\IthacaBakery\RandomStuff\WorkBot\experimental\data\orders\Sysco\Sysco_Collegetown_2025-09-05.pdf
2025-09-09 08:16:55,458 - INFO - backend.app.application.orders.ExpectDownloadedPdf - (orders.py:121) - Moved downloaded PDF to: C:\Users\andrew\Desktop\Andrew\Projects\IthacaBakery\RandomStuff\WorkBot\experimental\data\orders\Ithaca Bakery\Ithaca Bakery_Collegetown_2025-09-05.pdf
2025-09-09 08:17:01,212 - INFO - backend.app.application.orders.ExpectDownloadedPdf - (orders.py:121) - Moved downloaded PDF to: C:\Users\andrew\Desktop\Andrew\Projects\IthacaBakery\RandomStuff\WorkBot\experimental\data\orders\Hillcrest Dairy\Hillcrest Dairy_Collegetown_2025-09-05.pdf
2025-09-09 08:17:07,355 - INFO - backend.app.application.orders.ExpectDownloadedPdf - (orders.py:121) - Moved downloaded PDF to: C:\Users\andrew\Desktop\Andrew\Projects\IthacaBakery\RandomStuff\WorkBot\experimental\data\orders\Regional Distributors, Inc.\Regional Distributors, Inc._Collegetown_2025-09-05.pdf
2025-09-09 08:17:13,200 - INFO - backend.app.application.orders.ExpectDownloadedPdf - (orders.py:121) - Moved downloaded PDF to: C:\Users\andrew\Desktop\Andrew\Projects\IthacaBakery\RandomStuff\WorkBot\experimental\data\orders\Equal Exchange\Equal Exchange_Collegetown_2025-09-05.pdf
2025-09-09 08:17:18,750 - INFO - backend.app.application.orders.ExpectDownloadedPdf - (orders.py:121) - Moved downloaded PDF to: C:\Users\andrew\Desktop\Andrew\Projects\IthacaBakery\RandomStuff\WorkBot\experimental\data\orders\Copper Horse Coffee\Copper Horse Coffee_Collegetown_2025-09-05.pdf
2025-09-09 08:17:25,169 - INFO - backend.app.application.orders.ExpectDownloadedPdf - (orders.py:121) - Moved downloaded PDF to: C:\Users\andrew\Desktop\Andrew\Projects\IthacaBakery\RandomStuff\WorkBot\experimental\data\orders\Hill & Markes\Hill & Markes_Collegetown_2025-09-05.pdf
2025-09-09 08:17:30,750 - INFO - backend.app.application.orders.ExpectDownloadedPdf - (orders.py:121) - Moved downloaded PDF to: C:\Users\andrew\Desktop\Andrew\Projects\IthacaBakery\RandomStuff\WorkBot\experimental\data\orders\Johnston Paper\Johnston Paper_Collegetown_2025-09-05.pdf
2025-09-09 08:17:35,879 - INFO - backend.app.application.orders.ExpectDownloadedPdf - (orders.py:121) - Moved downloaded PDF to: C:\Users\andrew\Desktop\Andrew\Projects\IthacaBakery\RandomStuff\WorkBot\experimental\data\orders\Peters Supply\Peters Supply_Collegetown_2025-09-05.pdf
2025-09-09 08:17:42,053 - INFO - backend.app.application.orders.ExpectDownloadedPdf - (orders.py:121) - Moved downloaded PDF to: C:\Users\andrew\Desktop\Andrew\Projects\IthacaBakery\RandomStuff\WorkBot\experimental\data\orders\DUTCH VALLEY FOOD DIST\DUTCH VALLEY FOOD DIST_Collegetown_2025-09-05.pdf
2025-09-09 08:17:49,453 - INFO - backend.app.application.orders.ExpectDownloadedPdf - (orders.py:121) - Moved downloaded PDF to: C:\Users\andrew\Desktop\Andrew\Projects\IthacaBakery\RandomStuff\WorkBot\experimental\data\orders\UNFI\UNFI_Collegetown_2025-09-05.pdf
2025-09-09 08:17:54,733 - INFO - backend.app.application.orders.ExpectDownloadedPdf - (orders.py:121) - Moved downloaded PDF to: C:\Users\andrew\Desktop\Andrew\Projects\IthacaBakery\RandomStuff\WorkBot\experimental\data\orders\Coca-Cola\Coca-Cola_Collegetown_2025-09-05.pdf
2025-09-09 08:18:00,997 - INFO - backend.app.application.orders.ExpectDownloadedPdf - (orders.py:121) - Moved downloaded PDF to: C:\Users\andrew\Desktop\Andrew\Projects\IthacaBakery\RandomStuff\WorkBot\experimental\data\orders\FingerLakes Farms\FingerLakes Farms_Collegetown_2025-09-05.pdf
2025-09-09 08:18:06,832 - INFO - backend.app.application.orders.ExpectDownloadedPdf - (orders.py:121) - Moved downloaded PDF to: C:\Users\andrew\Desktop\Andrew\Projects\IthacaBakery\RandomStuff\WorkBot\experimental\data\orders\A.L. George\A.L. George_Collegetown_2025-09-05.pdf
2025-09-09 08:18:12,559 - INFO - backend.app.application.orders.ExpectDownloadedPdf - (orders.py:121) - Moved downloaded PDF to: C:\Users\andrew\Desktop\Andrew\Projects\IthacaBakery\RandomStuff\WorkBot\experimental\data\orders\BALKAN BEVERAGE LLC\BALKAN BEVERAGE LLC_Collegetown_2025-09-05.pdf
2025-09-09 08:18:17,624 - INFO - backend.app.application.orders.ExpectDownloadedPdf - (orders.py:121) - Moved downloaded PDF to: C:\Users\andrew\Desktop\Andrew\Projects\IthacaBakery\RandomStuff\WorkBot\experimental\data\orders\Wegmans\Wegmans_Collegetown_2025-09-05.pdf
2025-09-09 08:18:23,192 - INFO - backend.app.application.orders.ExpectDownloadedPdf - (orders.py:121) - Moved downloaded PDF to: C:\Users\andrew\Desktop\Andrew\Projects\IthacaBakery\RandomStuff\WorkBot\experimental\data\orders\NAT'S NUTS\NAT'S NUTS_Collegetown_2025-09-05.pdf
2025-09-10 09:50:59,619 - INFO - backend.app.application.orders.ExpectDownloadedPdf - (orders.py:132) - Moved downloaded PDF to: C:\Users\andrew\Desktop\Andrew\Projects\IthacaBakery\RandomStuff\WorkBot\experimental\data\orders\20250830 - Bakery - Webstaurant.pdf
2025-09-10 09:51:05,253 - INFO - backend.app.application.orders.ExpectDownloadedPdf - (orders.py:132) - Moved downloaded PDF to: C:\Users\andrew\Desktop\Andrew\Projects\IthacaBakery\RandomStuff\WorkBot\experimental\data\orders\20250907 - Bakery - DUTCH VALLEY FOOD DIST.pdf
2025-09-10 09:51:10,841 - INFO - backend.app.application.orders.ExpectDownloadedPdf - (orders.py:132) - Moved downloaded PDF to: C:\Users\andrew\Desktop\Andrew\Projects\IthacaBakery\RandomStuff\WorkBot\experimental\data\orders\20250908 - Bakery - Palmer.pdf
2025-09-10 09:51:16,800 - INFO - backend.app.application.orders.ExpectDownloadedPdf - (orders.py:132) - Moved downloaded PDF to: C:\Users\andrew\Desktop\Andrew\Projects\IthacaBakery\RandomStuff\WorkBot\experimental\data\orders\20250909 - Bakery - FingerLakes Farms.pdf
2025-09-10 09:51:22,428 - INFO - backend.app.application.orders.ExpectDownloadedPdf - (orders.py:132) - Moved downloaded PDF to: C:\Users\andrew\Desktop\Andrew\Projects\IthacaBakery\RandomStuff\WorkBot\experimental\data\orders\20250909 - Bakery - Sysco.pdf
