2025-09-08 08:33:13,150 - INFO - backend.coordinators.order_coordinator.OrderCoordinator - (order_coordinator.py:208) - [Order Update] Order has changed. Removing old file.
2025-09-08 08:33:15,752 - INFO - backend.coordinators.order_coordinator.OrderCoordinator - (order_coordinator.py:252) - Moved downloaded PDF to: C:\Users\andrew\Desktop\Andrew\Projects\IthacaBakery\RandomStuff\WorkBot\refactor\data\orders\Hillcrest Foods\Hillcrest Foods_Bakery_2025-09-07.pdf
2025-09-08 08:33:19,028 - INFO - backend.coordinators.order_coordinator.OrderCoordinator - (order_coordinator.py:208) - [Order Update] Order has changed. Removing old file.
2025-09-08 08:33:21,591 - INFO - backend.coordinators.order_coordinator.OrderCoordinator - (order_coordinator.py:252) - Moved downloaded PDF to: C:\Users\andrew\Desktop\Andrew\Projects\IthacaBakery\RandomStuff\WorkBot\refactor\data\orders\Keck's Food Service\Keck's Food Service_Bakery_2025-09-07.pdf
2025-09-08 08:33:24,641 - INFO - backend.coordinators.order_coordinator.OrderCoordinator - (order_coordinator.py:208) - [Order Update] Order has changed. Removing old file.
2025-09-08 08:33:26,682 - INFO - backend.coordinators.order_coordinator.OrderCoordinator - (order_coordinator.py:252) - Moved downloaded PDF to: C:\Users\andrew\Desktop\Andrew\Projects\IthacaBakery\RandomStuff\WorkBot\refactor\data\orders\Eurocafe Imports\Eurocafe Imports_Bakery_2025-09-07.pdf
2025-09-08 08:33:30,588 - INFO - backend.coordinators.order_coordinator.OrderCoordinator - (order_coordinator.py:208) - [Order Update] Order has changed. Removing old file.
2025-09-08 08:33:32,636 - INFO - backend.coordinators.order_coordinator.OrderCoordinator - (order_coordinator.py:252) - Moved downloaded PDF to: C:\Users\andrew\Desktop\Andrew\Projects\IthacaBakery\RandomStuff\WorkBot\refactor\data\orders\Equal Exchange\Equal Exchange_Bakery_2025-09-07.pdf
2025-09-08 08:33:36,267 - INFO - backend.coordinators.order_coordinator.OrderCoordinator - (order_coordinator.py:208) - [Order Update] Order has changed. Removing old file.
2025-09-08 08:33:38,820 - INFO - backend.coordinators.order_coordinator.OrderCoordinator - (order_coordinator.py:252) - Moved downloaded PDF to: C:\Users\andrew\Desktop\Andrew\Projects\IthacaBakery\RandomStuff\WorkBot\refactor\data\orders\BJ's\BJ's_Bakery_2025-09-07.pdf
2025-09-08 08:33:41,923 - INFO - backend.coordinators.order_coordinator.OrderCoordinator - (order_coordinator.py:208) - [Order Update] Order has changed. Removing old file.
2025-09-08 08:33:44,482 - INFO - backend.coordinators.order_coordinator.OrderCoordinator - (order_coordinator.py:252) - Moved downloaded PDF to: C:\Users\andrew\Desktop\Andrew\Projects\IthacaBakery\RandomStuff\WorkBot\refactor\data\orders\DUTCH VALLEY FOOD DIST\DUTCH VALLEY FOOD DIST_Bakery_2025-09-07.pdf
2025-09-08 08:33:47,655 - INFO - backend.coordinators.order_coordinator.OrderCoordinator - (order_coordinator.py:208) - [Order Update] Order has changed. Removing old file.
2025-09-08 08:33:50,195 - INFO - backend.coordinators.order_coordinator.OrderCoordinator - (order_coordinator.py:252) - Moved downloaded PDF to: C:\Users\andrew\Desktop\Andrew\Projects\IthacaBakery\RandomStuff\WorkBot\refactor\data\orders\Copper Horse Coffee\Copper Horse Coffee_Bakery_2025-09-07.pdf
2025-09-08 08:33:53,922 - INFO - backend.coordinators.order_coordinator.OrderCoordinator - (order_coordinator.py:195) - [Order Update] No existing file at C:\Users\andrew\Desktop\Andrew\Projects\IthacaBakery\RandomStuff\WorkBot\refactor\data\orders\Regional Distributors, Inc.\Regional Distributors, Inc._Bakery_2025-09-08.xlsx. Proceeding with save.
2025-09-08 08:33:56,496 - INFO - backend.coordinators.order_coordinator.OrderCoordinator - (order_coordinator.py:252) - Moved downloaded PDF to: C:\Users\andrew\Desktop\Andrew\Projects\IthacaBakery\RandomStuff\WorkBot\refactor\data\orders\Regional Distributors, Inc.\Regional Distributors, Inc._Bakery_2025-09-08.pdf
2025-09-08 08:33:59,985 - INFO - backend.coordinators.order_coordinator.OrderCoordinator - (order_coordinator.py:195) - [Order Update] No existing file at C:\Users\andrew\Desktop\Andrew\Projects\IthacaBakery\RandomStuff\WorkBot\refactor\data\orders\Lentz\Lentz_Bakery_2025-09-08.xlsx. Proceeding with save.
2025-09-08 08:34:02,050 - INFO - backend.coordinators.order_coordinator.OrderCoordinator - (order_coordinator.py:252) - Moved downloaded PDF to: C:\Users\andrew\Desktop\Andrew\Projects\IthacaBakery\RandomStuff\WorkBot\refactor\data\orders\Lentz\Lentz_Bakery_2025-09-08.pdf
2025-09-08 08:34:05,771 - INFO - backend.coordinators.order_coordinator.OrderCoordinator - (order_coordinator.py:195) - [Order Update] No existing file at C:\Users\andrew\Desktop\Andrew\Projects\IthacaBakery\RandomStuff\WorkBot\refactor\data\orders\BALKAN BEVERAGE LLC\BALKAN BEVERAGE LLC_Bakery_2025-09-08.xlsx. Proceeding with save.
2025-09-08 08:34:07,822 - INFO - backend.coordinators.order_coordinator.OrderCoordinator - (order_coordinator.py:252) - Moved downloaded PDF to: C:\Users\andrew\Desktop\Andrew\Projects\IthacaBakery\RandomStuff\WorkBot\refactor\data\orders\BALKAN BEVERAGE LLC\BALKAN BEVERAGE LLC_Bakery_2025-09-08.pdf
2025-09-08 08:34:11,734 - INFO - backend.coordinators.order_coordinator.OrderCoordinator - (order_coordinator.py:195) - [Order Update] No existing file at C:\Users\andrew\Desktop\Andrew\Projects\IthacaBakery\RandomStuff\WorkBot\refactor\data\orders\A.L. George\A.L. George_Bakery_2025-09-08.xlsx. Proceeding with save.
2025-09-08 08:34:14,291 - INFO - backend.coordinators.order_coordinator.OrderCoordinator - (order_coordinator.py:252) - Moved downloaded PDF to: C:\Users\andrew\Desktop\Andrew\Projects\IthacaBakery\RandomStuff\WorkBot\refactor\data\orders\A.L. George\A.L. George_Bakery_2025-09-08.pdf
2025-09-08 08:34:17,331 - INFO - backend.coordinators.order_coordinator.OrderCoordinator - (order_coordinator.py:195) - [Order Update] No existing file at C:\Users\andrew\Desktop\Andrew\Projects\IthacaBakery\RandomStuff\WorkBot\refactor\data\orders\Palmer\Palmer_Bakery_2025-09-08.xlsx. Proceeding with save.
2025-09-08 08:34:19,888 - INFO - backend.coordinators.order_coordinator.OrderCoordinator - (order_coordinator.py:252) - Moved downloaded PDF to: C:\Users\andrew\Desktop\Andrew\Projects\IthacaBakery\RandomStuff\WorkBot\refactor\data\orders\Palmer\Palmer_Bakery_2025-09-08.pdf
2025-09-08 08:34:22,991 - INFO - backend.coordinators.order_coordinator.OrderCoordinator - (order_coordinator.py:195) - [Order Update] No existing file at C:\Users\andrew\Desktop\Andrew\Projects\IthacaBakery\RandomStuff\WorkBot\refactor\data\orders\Side Hill Acres\Side Hill Acres_Bakery_2025-09-08.xlsx. Proceeding with save.
2025-09-08 08:34:25,542 - INFO - backend.coordinators.order_coordinator.OrderCoordinator - (order_coordinator.py:252) - Moved downloaded PDF to: C:\Users\andrew\Desktop\Andrew\Projects\IthacaBakery\RandomStuff\WorkBot\refactor\data\orders\Side Hill Acres\Side Hill Acres_Bakery_2025-09-08.pdf
2025-09-08 08:36:44,944 - INFO - backend.coordinators.order_coordinator.OrderCoordinator - (order_coordinator.py:52) - Reading 6 order files.
2025-09-08 08:36:44,944 - INFO - backend.coordinators.order_coordinator.OrderCoordinator - (order_coordinator.py:48) - Reading order file: C:\Users\andrew\Desktop\Andrew\Projects\IthacaBakery\RandomStuff\WorkBot\refactor\data\orders\Hillcrest Foods\Hillcrest Foods_Bakery_2025-09-07.xlsx
2025-09-08 08:36:44,963 - INFO - backend.coordinators.order_coordinator.OrderCoordinator - (order_coordinator.py:48) - Reading order file: C:\Users\andrew\Desktop\Andrew\Projects\IthacaBakery\RandomStuff\WorkBot\refactor\data\orders\Hillcrest Dairy\Hillcrest Dairy_Bakery_2025-09-06.xlsx
2025-09-08 08:36:44,978 - INFO - backend.coordinators.order_coordinator.OrderCoordinator - (order_coordinator.py:48) - Reading order file: C:\Users\andrew\Desktop\Andrew\Projects\IthacaBakery\RandomStuff\WorkBot\refactor\data\orders\Hillcrest Dairy\Hillcrest Dairy_Easthill_2025-09-05.xlsx
2025-09-08 08:36:44,991 - INFO - backend.coordinators.order_coordinator.OrderCoordinator - (order_coordinator.py:48) - Reading order file: C:\Users\andrew\Desktop\Andrew\Projects\IthacaBakery\RandomStuff\WorkBot\refactor\data\orders\Hillcrest Dairy\Hillcrest Dairy_Collegetown_2025-09-05.xlsx
2025-09-08 08:36:45,005 - INFO - backend.coordinators.order_coordinator.OrderCoordinator - (order_coordinator.py:48) - Reading order file: C:\Users\andrew\Desktop\Andrew\Projects\IthacaBakery\RandomStuff\WorkBot\refactor\data\orders\Hillcrest Dairy\Hillcrest Dairy_Downtown_2025-09-05.xlsx
2025-09-08 08:36:45,019 - INFO - backend.coordinators.order_coordinator.OrderCoordinator - (order_coordinator.py:48) - Reading order file: C:\Users\andrew\Desktop\Andrew\Projects\IthacaBakery\RandomStuff\WorkBot\refactor\data\orders\Hillcrest Dairy\Hillcrest Dairy_Triphammer_2025-09-05.xlsx
2025-09-08 08:39:51,467 - INFO - backend.coordinators.order_coordinator.OrderCoordinator - (order_coordinator.py:208) - [Order Update] Order has changed. Removing old file.
2025-09-08 08:39:54,041 - INFO - backend.coordinators.order_coordinator.OrderCoordinator - (order_coordinator.py:252) - Moved downloaded PDF to: C:\Users\andrew\Desktop\Andrew\Projects\IthacaBakery\RandomStuff\WorkBot\refactor\data\orders\Hillcrest Foods\Hillcrest Foods_Bakery_2025-09-07.pdf
2025-09-08 08:40:15,464 - INFO - backend.coordinators.order_coordinator.OrderCoordinator - (order_coordinator.py:52) - Reading 1 order files.
2025-09-08 08:40:15,464 - INFO - backend.coordinators.order_coordinator.OrderCoordinator - (order_coordinator.py:48) - Reading order file: C:\Users\andrew\Desktop\Andrew\Projects\IthacaBakery\RandomStuff\WorkBot\refactor\data\orders\Hillcrest Foods\Hillcrest Foods_Bakery_2025-09-07.xlsx
2025-09-08 08:48:20,116 - INFO - backend.coordinators.order_coordinator.OrderCoordinator - (order_coordinator.py:208) - [Order Update] Order has changed. Removing old file.
2025-09-08 08:48:22,674 - INFO - backend.coordinators.order_coordinator.OrderCoordinator - (order_coordinator.py:252) - Moved downloaded PDF to: C:\Users\andrew\Desktop\Andrew\Projects\IthacaBakery\RandomStuff\WorkBot\refactor\data\orders\A.L. George\A.L. George_Collegetown_2025-09-05.pdf
2025-09-08 08:48:38,845 - INFO - backend.coordinators.order_coordinator.OrderCoordinator - (order_coordinator.py:52) - Reading 2 order files.
2025-09-08 08:48:38,845 - INFO - backend.coordinators.order_coordinator.OrderCoordinator - (order_coordinator.py:48) - Reading order file: C:\Users\andrew\Desktop\Andrew\Projects\IthacaBakery\RandomStuff\WorkBot\refactor\data\orders\A.L. George\A.L. George_Collegetown_2025-09-05.xlsx
2025-09-08 08:48:38,859 - INFO - backend.coordinators.order_coordinator.OrderCoordinator - (order_coordinator.py:48) - Reading order file: C:\Users\andrew\Desktop\Andrew\Projects\IthacaBakery\RandomStuff\WorkBot\refactor\data\orders\A.L. George\A.L. George_Bakery_2025-09-08.xlsx
2025-09-08 11:35:44,151 - INFO - backend.coordinators.order_coordinator.OrderCoordinator - (order_coordinator.py:52) - Reading 1 order files.
2025-09-08 11:35:44,151 - INFO - backend.coordinators.order_coordinator.OrderCoordinator - (order_coordinator.py:48) - Reading order file: C:\Users\andrew\Desktop\Andrew\Projects\IthacaBakery\RandomStuff\WorkBot\refactor\data\orders\Ithaca Bakery\Ithaca Bakery_Collegetown_2025-09-05.xlsx
2025-09-08 11:35:59,979 - INFO - backend.coordinators.order_coordinator.OrderCoordinator - (order_coordinator.py:52) - Reading 1 order files.
2025-09-08 11:35:59,979 - INFO - backend.coordinators.order_coordinator.OrderCoordinator - (order_coordinator.py:48) - Reading order file: C:\Users\andrew\Desktop\Andrew\Projects\IthacaBakery\RandomStuff\WorkBot\refactor\data\orders\Ithaca Bakery\Ithaca Bakery_Easthill_2025-09-05.xlsx
2025-09-08 11:36:06,139 - INFO - backend.coordinators.order_coordinator.OrderCoordinator - (order_coordinator.py:52) - Reading 1 order files.
2025-09-08 11:36:06,139 - INFO - backend.coordinators.order_coordinator.OrderCoordinator - (order_coordinator.py:48) - Reading order file: C:\Users\andrew\Desktop\Andrew\Projects\IthacaBakery\RandomStuff\WorkBot\refactor\data\orders\Ithaca Bakery\Ithaca Bakery_Downtown_2025-09-05.xlsx
2025-09-08 11:36:11,283 - INFO - backend.coordinators.order_coordinator.OrderCoordinator - (order_coordinator.py:52) - Reading 1 order files.
2025-09-08 11:36:11,283 - INFO - backend.coordinators.order_coordinator.OrderCoordinator - (order_coordinator.py:48) - Reading order file: C:\Users\andrew\Desktop\Andrew\Projects\IthacaBakery\RandomStuff\WorkBot\refactor\data\orders\Ithaca Bakery\Ithaca Bakery_Triphammer_2025-09-05.xlsx
2025-09-08 12:19:08,057 - INFO - backend.coordinators.order_coordinator.OrderCoordinator - (order_coordinator.py:52) - Reading 5 order files.
2025-09-08 12:19:08,057 - INFO - backend.coordinators.order_coordinator.OrderCoordinator - (order_coordinator.py:48) - Reading order file: C:\Users\andrew\Desktop\Andrew\Projects\IthacaBakery\RandomStuff\WorkBot\refactor\data\orders\Hillcrest Dairy\Hillcrest Dairy_Bakery_2025-09-06.xlsx
2025-09-08 12:19:08,076 - INFO - backend.coordinators.order_coordinator.OrderCoordinator - (order_coordinator.py:48) - Reading order file: C:\Users\andrew\Desktop\Andrew\Projects\IthacaBakery\RandomStuff\WorkBot\refactor\data\orders\Hillcrest Dairy\Hillcrest Dairy_Easthill_2025-09-05.xlsx
2025-09-08 12:19:08,092 - INFO - backend.coordinators.order_coordinator.OrderCoordinator - (order_coordinator.py:48) - Reading order file: C:\Users\andrew\Desktop\Andrew\Projects\IthacaBakery\RandomStuff\WorkBot\refactor\data\orders\Hillcrest Dairy\Hillcrest Dairy_Collegetown_2025-09-05.xlsx
2025-09-08 12:19:08,106 - INFO - backend.coordinators.order_coordinator.OrderCoordinator - (order_coordinator.py:48) - Reading order file: C:\Users\andrew\Desktop\Andrew\Projects\IthacaBakery\RandomStuff\WorkBot\refactor\data\orders\Hillcrest Dairy\Hillcrest Dairy_Downtown_2025-09-05.xlsx
2025-09-08 12:19:08,120 - INFO - backend.coordinators.order_coordinator.OrderCoordinator - (order_coordinator.py:48) - Reading order file: C:\Users\andrew\Desktop\Andrew\Projects\IthacaBakery\RandomStuff\WorkBot\refactor\data\orders\Hillcrest Dairy\Hillcrest Dairy_Triphammer_2025-09-05.xlsx
2025-09-08 14:05:25,182 - INFO - backend.coordinators.order_coordinator.OrderCoordinator - (order_coordinator.py:208) - [Order Update] Order has changed. Removing old file.
2025-09-08 14:05:27,822 - INFO - backend.coordinators.order_coordinator.OrderCoordinator - (order_coordinator.py:252) - Moved downloaded PDF to: C:\Users\andrew\Desktop\Andrew\Projects\IthacaBakery\RandomStuff\WorkBot\refactor\data\orders\Ithaca Bakery\Ithaca Bakery_Triphammer_2025-09-05.pdf
2025-09-08 14:05:31,960 - INFO - backend.coordinators.order_coordinator.OrderCoordinator - (order_coordinator.py:208) - [Order Update] Order has changed. Removing old file.
2025-09-08 14:05:34,537 - INFO - backend.coordinators.order_coordinator.OrderCoordinator - (order_coordinator.py:252) - Moved downloaded PDF to: C:\Users\andrew\Desktop\Andrew\Projects\IthacaBakery\RandomStuff\WorkBot\refactor\data\orders\Hill & Markes\Hill & Markes_Triphammer_2025-09-05.pdf
2025-09-08 14:05:38,501 - INFO - backend.coordinators.order_coordinator.OrderCoordinator - (order_coordinator.py:208) - [Order Update] Order has changed. Removing old file.
2025-09-08 14:05:41,082 - INFO - backend.coordinators.order_coordinator.OrderCoordinator - (order_coordinator.py:252) - Moved downloaded PDF to: C:\Users\andrew\Desktop\Andrew\Projects\IthacaBakery\RandomStuff\WorkBot\refactor\data\orders\Regional Distributors, Inc.\Regional Distributors, Inc._Triphammer_2025-09-05.pdf
2025-09-08 14:05:44,029 - INFO - backend.coordinators.order_coordinator.OrderCoordinator - (order_coordinator.py:208) - [Order Update] Order has changed. Removing old file.
2025-09-08 14:05:46,597 - INFO - backend.coordinators.order_coordinator.OrderCoordinator - (order_coordinator.py:252) - Moved downloaded PDF to: C:\Users\andrew\Desktop\Andrew\Projects\IthacaBakery\RandomStuff\WorkBot\refactor\data\orders\Webstaurant\Webstaurant_Triphammer_2025-09-05.pdf
2025-09-08 14:05:52,354 - INFO - backend.coordinators.order_coordinator.OrderCoordinator - (order_coordinator.py:208) - [Order Update] Order has changed. Removing old file.
2025-09-08 14:05:54,945 - INFO - backend.coordinators.order_coordinator.OrderCoordinator - (order_coordinator.py:252) - Moved downloaded PDF to: C:\Users\andrew\Desktop\Andrew\Projects\IthacaBakery\RandomStuff\WorkBot\refactor\data\orders\Sysco\Sysco_Triphammer_2025-09-05.pdf
2025-09-08 14:06:00,868 - INFO - backend.coordinators.order_coordinator.OrderCoordinator - (order_coordinator.py:208) - [Order Update] Order has changed. Removing old file.
2025-09-08 14:06:03,475 - INFO - backend.coordinators.order_coordinator.OrderCoordinator - (order_coordinator.py:252) - Moved downloaded PDF to: C:\Users\andrew\Desktop\Andrew\Projects\IthacaBakery\RandomStuff\WorkBot\refactor\data\orders\UNFI\UNFI_Triphammer_2025-09-05.pdf
2025-09-08 14:06:07,322 - INFO - backend.coordinators.order_coordinator.OrderCoordinator - (order_coordinator.py:208) - [Order Update] Order has changed. Removing old file.
2025-09-08 14:06:09,890 - INFO - backend.coordinators.order_coordinator.OrderCoordinator - (order_coordinator.py:252) - Moved downloaded PDF to: C:\Users\andrew\Desktop\Andrew\Projects\IthacaBakery\RandomStuff\WorkBot\refactor\data\orders\FingerLakes Farms\FingerLakes Farms_Triphammer_2025-09-05.pdf
2025-09-08 14:06:16,389 - INFO - backend.coordinators.order_coordinator.OrderCoordinator - (order_coordinator.py:208) - [Order Update] Order has changed. Removing old file.
2025-09-08 14:06:18,502 - INFO - backend.coordinators.order_coordinator.OrderCoordinator - (order_coordinator.py:252) - Moved downloaded PDF to: C:\Users\andrew\Desktop\Andrew\Projects\IthacaBakery\RandomStuff\WorkBot\refactor\data\orders\Performance Food\Performance Food_Triphammer_2025-09-05.pdf
2025-09-08 14:06:22,159 - INFO - backend.coordinators.order_coordinator.OrderCoordinator - (order_coordinator.py:208) - [Order Update] Order has changed. Removing old file.
2025-09-08 14:06:24,715 - INFO - backend.coordinators.order_coordinator.OrderCoordinator - (order_coordinator.py:252) - Moved downloaded PDF to: C:\Users\andrew\Desktop\Andrew\Projects\IthacaBakery\RandomStuff\WorkBot\refactor\data\orders\Hillcrest Dairy\Hillcrest Dairy_Triphammer_2025-09-05.pdf
2025-09-08 14:06:28,089 - INFO - backend.coordinators.order_coordinator.OrderCoordinator - (order_coordinator.py:208) - [Order Update] Order has changed. Removing old file.
2025-09-08 14:06:30,652 - INFO - backend.coordinators.order_coordinator.OrderCoordinator - (order_coordinator.py:252) - Moved downloaded PDF to: C:\Users\andrew\Desktop\Andrew\Projects\IthacaBakery\RandomStuff\WorkBot\refactor\data\orders\Peters Supply\Peters Supply_Triphammer_2025-09-05.pdf
2025-09-08 14:06:34,386 - INFO - backend.coordinators.order_coordinator.OrderCoordinator - (order_coordinator.py:208) - [Order Update] Order has changed. Removing old file.
2025-09-08 14:06:36,482 - INFO - backend.coordinators.order_coordinator.OrderCoordinator - (order_coordinator.py:252) - Moved downloaded PDF to: C:\Users\andrew\Desktop\Andrew\Projects\IthacaBakery\RandomStuff\WorkBot\refactor\data\orders\Johnston Paper\Johnston Paper_Triphammer_2025-09-05.pdf
2025-09-08 14:06:40,138 - INFO - backend.coordinators.order_coordinator.OrderCoordinator - (order_coordinator.py:208) - [Order Update] Order has changed. Removing old file.
2025-09-08 14:06:42,695 - INFO - backend.coordinators.order_coordinator.OrderCoordinator - (order_coordinator.py:252) - Moved downloaded PDF to: C:\Users\andrew\Desktop\Andrew\Projects\IthacaBakery\RandomStuff\WorkBot\refactor\data\orders\Copper Horse Coffee\Copper Horse Coffee_Triphammer_2025-09-05.pdf
2025-09-08 14:06:47,932 - INFO - backend.coordinators.order_coordinator.OrderCoordinator - (order_coordinator.py:208) - [Order Update] Order has changed. Removing old file.
2025-09-08 14:06:50,522 - INFO - backend.coordinators.order_coordinator.OrderCoordinator - (order_coordinator.py:252) - Moved downloaded PDF to: C:\Users\andrew\Desktop\Andrew\Projects\IthacaBakery\RandomStuff\WorkBot\refactor\data\orders\US Foods\US Foods_Triphammer_2025-09-05.pdf
2025-09-08 14:06:53,827 - INFO - backend.coordinators.order_coordinator.OrderCoordinator - (order_coordinator.py:208) - [Order Update] Order has changed. Removing old file.
2025-09-08 14:06:56,384 - INFO - backend.coordinators.order_coordinator.OrderCoordinator - (order_coordinator.py:252) - Moved downloaded PDF to: C:\Users\andrew\Desktop\Andrew\Projects\IthacaBakery\RandomStuff\WorkBot\refactor\data\orders\Equal Exchange\Equal Exchange_Triphammer_2025-09-05.pdf
2025-09-08 14:06:59,817 - INFO - backend.coordinators.order_coordinator.OrderCoordinator - (order_coordinator.py:208) - [Order Update] Order has changed. Removing old file.
2025-09-08 14:07:01,881 - INFO - backend.coordinators.order_coordinator.OrderCoordinator - (order_coordinator.py:252) - Moved downloaded PDF to: C:\Users\andrew\Desktop\Andrew\Projects\IthacaBakery\RandomStuff\WorkBot\refactor\data\orders\Coca-Cola\Coca-Cola_Triphammer_2025-09-05.pdf
2025-09-08 14:07:05,598 - INFO - backend.coordinators.order_coordinator.OrderCoordinator - (order_coordinator.py:208) - [Order Update] Order has changed. Removing old file.
2025-09-08 14:07:07,654 - INFO - backend.coordinators.order_coordinator.OrderCoordinator - (order_coordinator.py:252) - Moved downloaded PDF to: C:\Users\andrew\Desktop\Andrew\Projects\IthacaBakery\RandomStuff\WorkBot\refactor\data\orders\DUTCH VALLEY FOOD DIST\DUTCH VALLEY FOOD DIST_Triphammer_2025-09-05.pdf
2025-09-08 14:07:11,409 - INFO - backend.coordinators.order_coordinator.OrderCoordinator - (order_coordinator.py:208) - [Order Update] Order has changed. Removing old file.
2025-09-08 14:07:13,463 - INFO - backend.coordinators.order_coordinator.OrderCoordinator - (order_coordinator.py:252) - Moved downloaded PDF to: C:\Users\andrew\Desktop\Andrew\Projects\IthacaBakery\RandomStuff\WorkBot\refactor\data\orders\Bo's Bones\Bo's Bones_Triphammer_2025-09-05.pdf
2025-09-08 14:07:17,266 - INFO - backend.coordinators.order_coordinator.OrderCoordinator - (order_coordinator.py:208) - [Order Update] Order has changed. Removing old file.
2025-09-08 14:07:19,830 - INFO - backend.coordinators.order_coordinator.OrderCoordinator - (order_coordinator.py:252) - Moved downloaded PDF to: C:\Users\andrew\Desktop\Andrew\Projects\IthacaBakery\RandomStuff\WorkBot\refactor\data\orders\Worlds Best Cheeses\Worlds Best Cheeses_Triphammer_2025-09-05.pdf
2025-09-08 14:07:22,896 - INFO - backend.coordinators.order_coordinator.OrderCoordinator - (order_coordinator.py:208) - [Order Update] Order has changed. Removing old file.
2025-09-08 14:07:25,456 - INFO - backend.coordinators.order_coordinator.OrderCoordinator - (order_coordinator.py:252) - Moved downloaded PDF to: C:\Users\andrew\Desktop\Andrew\Projects\IthacaBakery\RandomStuff\WorkBot\refactor\data\orders\Fingerlakes Artisen Foods\Fingerlakes Artisen Foods_Triphammer_2025-09-05.pdf
2025-09-08 14:07:29,311 - INFO - backend.coordinators.order_coordinator.OrderCoordinator - (order_coordinator.py:208) - [Order Update] Order has changed. Removing old file.
2025-09-08 14:07:31,873 - INFO - backend.coordinators.order_coordinator.OrderCoordinator - (order_coordinator.py:252) - Moved downloaded PDF to: C:\Users\andrew\Desktop\Andrew\Projects\IthacaBakery\RandomStuff\WorkBot\refactor\data\orders\Russo Produce\Russo Produce_Triphammer_2025-09-07.pdf
2025-09-08 14:07:34,984 - INFO - backend.coordinators.order_coordinator.OrderCoordinator - (order_coordinator.py:195) - [Order Update] No existing file at C:\Users\andrew\Desktop\Andrew\Projects\IthacaBakery\RandomStuff\WorkBot\refactor\data\orders\Nashville Wraps\Nashville Wraps_Triphammer_2025-09-08.xlsx. Proceeding with save.
2025-09-08 14:07:37,543 - INFO - backend.coordinators.order_coordinator.OrderCoordinator - (order_coordinator.py:252) - Moved downloaded PDF to: C:\Users\andrew\Desktop\Andrew\Projects\IthacaBakery\RandomStuff\WorkBot\refactor\data\orders\Nashville Wraps\Nashville Wraps_Triphammer_2025-09-08.pdf
2025-09-08 14:07:40,636 - INFO - backend.coordinators.order_coordinator.OrderCoordinator - (order_coordinator.py:195) - [Order Update] No existing file at C:\Users\andrew\Desktop\Andrew\Projects\IthacaBakery\RandomStuff\WorkBot\refactor\data\orders\ULINE\ULINE_Triphammer_2025-09-08.xlsx. Proceeding with save.
2025-09-08 14:07:43,190 - INFO - backend.coordinators.order_coordinator.OrderCoordinator - (order_coordinator.py:252) - Moved downloaded PDF to: C:\Users\andrew\Desktop\Andrew\Projects\IthacaBakery\RandomStuff\WorkBot\refactor\data\orders\ULINE\ULINE_Triphammer_2025-09-08.pdf
2025-09-08 14:43:59,068 - INFO - backend.coordinators.order_coordinator.OrderCoordinator - (order_coordinator.py:52) - Reading 1 order files.
2025-09-08 14:43:59,068 - INFO - backend.coordinators.order_coordinator.OrderCoordinator - (order_coordinator.py:48) - Reading order file: C:\Users\andrew\Desktop\Andrew\Projects\IthacaBakery\RandomStuff\WorkBot\refactor\data\orders\Russo Produce\Russo Produce_Triphammer_2025-09-07.xlsx
2025-09-09 09:53:47,830 - INFO - backend.coordinators.order_coordinator.OrderCoordinator - (order_coordinator.py:208) - [Order Update] Order has changed. Removing old file.
2025-09-09 09:53:50,474 - INFO - backend.coordinators.order_coordinator.OrderCoordinator - (order_coordinator.py:252) - Moved downloaded PDF to: C:\Users\andrew\Desktop\Andrew\Projects\IthacaBakery\RandomStuff\WorkBot\refactor\data\orders\Webstaurant\Webstaurant_Bakery_2025-08-30.pdf
2025-09-09 09:53:55,071 - INFO - backend.coordinators.order_coordinator.OrderCoordinator - (order_coordinator.py:208) - [Order Update] Order has changed. Removing old file.
2025-09-09 09:53:57,646 - INFO - backend.coordinators.order_coordinator.OrderCoordinator - (order_coordinator.py:252) - Moved downloaded PDF to: C:\Users\andrew\Desktop\Andrew\Projects\IthacaBakery\RandomStuff\WorkBot\refactor\data\orders\UNFI\UNFI_Bakery_2025-09-03.pdf
2025-09-09 09:54:02,423 - INFO - backend.coordinators.order_coordinator.OrderCoordinator - (order_coordinator.py:208) - [Order Update] Order has changed. Removing old file.
2025-09-09 09:54:04,507 - INFO - backend.coordinators.order_coordinator.OrderCoordinator - (order_coordinator.py:252) - Moved downloaded PDF to: C:\Users\andrew\Desktop\Andrew\Projects\IthacaBakery\RandomStuff\WorkBot\refactor\data\orders\Performance Food\Performance Food_Bakery_2025-09-06.pdf
2025-09-09 09:54:08,616 - INFO - backend.coordinators.order_coordinator.OrderCoordinator - (order_coordinator.py:208) - [Order Update] Order has changed. Removing old file.
2025-09-09 09:54:10,678 - INFO - backend.coordinators.order_coordinator.OrderCoordinator - (order_coordinator.py:252) - Moved downloaded PDF to: C:\Users\andrew\Desktop\Andrew\Projects\IthacaBakery\RandomStuff\WorkBot\refactor\data\orders\FingerLakes Farms\FingerLakes Farms_Bakery_2025-09-06.pdf
2025-09-09 09:54:15,882 - INFO - backend.coordinators.order_coordinator.OrderCoordinator - (order_coordinator.py:208) - [Order Update] Order has changed. Removing old file.
2025-09-09 09:54:18,511 - INFO - backend.coordinators.order_coordinator.OrderCoordinator - (order_coordinator.py:252) - Moved downloaded PDF to: C:\Users\andrew\Desktop\Andrew\Projects\IthacaBakery\RandomStuff\WorkBot\refactor\data\orders\Sysco\Sysco_Bakery_2025-09-06.pdf
2025-09-09 09:54:21,849 - INFO - backend.coordinators.order_coordinator.OrderCoordinator - (order_coordinator.py:208) - [Order Update] Order has changed. Removing old file.
2025-09-09 09:54:23,908 - INFO - backend.coordinators.order_coordinator.OrderCoordinator - (order_coordinator.py:252) - Moved downloaded PDF to: C:\Users\andrew\Desktop\Andrew\Projects\IthacaBakery\RandomStuff\WorkBot\refactor\data\orders\Hillcrest Dairy\Hillcrest Dairy_Bakery_2025-09-06.pdf
2025-09-09 09:54:27,441 - INFO - backend.coordinators.order_coordinator.OrderCoordinator - (order_coordinator.py:208) - [Order Update] Order has changed. Removing old file.
2025-09-09 09:54:29,500 - INFO - backend.coordinators.order_coordinator.OrderCoordinator - (order_coordinator.py:252) - Moved downloaded PDF to: C:\Users\andrew\Desktop\Andrew\Projects\IthacaBakery\RandomStuff\WorkBot\refactor\data\orders\Odeko In.\Odeko In._Bakery_2025-09-07.pdf
2025-09-09 09:54:33,614 - INFO - backend.coordinators.order_coordinator.OrderCoordinator - (order_coordinator.py:208) - [Order Update] Order has changed. Removing old file.
2025-09-09 09:54:36,175 - INFO - backend.coordinators.order_coordinator.OrderCoordinator - (order_coordinator.py:252) - Moved downloaded PDF to: C:\Users\andrew\Desktop\Andrew\Projects\IthacaBakery\RandomStuff\WorkBot\refactor\data\orders\Coca-Cola\Coca-Cola_Bakery_2025-09-07.pdf
2025-09-09 09:54:40,621 - INFO - backend.coordinators.order_coordinator.OrderCoordinator - (order_coordinator.py:208) - [Order Update] Order has changed. Removing old file.
2025-09-09 09:54:42,696 - INFO - backend.coordinators.order_coordinator.OrderCoordinator - (order_coordinator.py:252) - Moved downloaded PDF to: C:\Users\andrew\Desktop\Andrew\Projects\IthacaBakery\RandomStuff\WorkBot\refactor\data\orders\US Foods\US Foods_Bakery_2025-09-07.pdf
2025-09-09 09:54:47,470 - INFO - backend.coordinators.order_coordinator.OrderCoordinator - (order_coordinator.py:208) - [Order Update] Order has changed. Removing old file.
2025-09-09 09:54:50,039 - INFO - backend.coordinators.order_coordinator.OrderCoordinator - (order_coordinator.py:252) - Moved downloaded PDF to: C:\Users\andrew\Desktop\Andrew\Projects\IthacaBakery\RandomStuff\WorkBot\refactor\data\orders\Hillcrest Foods\Hillcrest Foods_Bakery_2025-09-07.pdf
2025-09-09 09:54:53,352 - INFO - backend.coordinators.order_coordinator.OrderCoordinator - (order_coordinator.py:208) - [Order Update] Order has changed. Removing old file.
2025-09-09 09:54:55,922 - INFO - backend.coordinators.order_coordinator.OrderCoordinator - (order_coordinator.py:252) - Moved downloaded PDF to: C:\Users\andrew\Desktop\Andrew\Projects\IthacaBakery\RandomStuff\WorkBot\refactor\data\orders\Keck's Food Service\Keck's Food Service_Bakery_2025-09-07.pdf
2025-09-09 09:54:58,997 - INFO - backend.coordinators.order_coordinator.OrderCoordinator - (order_coordinator.py:208) - [Order Update] Order has changed. Removing old file.
2025-09-09 09:55:01,046 - INFO - backend.coordinators.order_coordinator.OrderCoordinator - (order_coordinator.py:252) - Moved downloaded PDF to: C:\Users\andrew\Desktop\Andrew\Projects\IthacaBakery\RandomStuff\WorkBot\refactor\data\orders\Eurocafe Imports\Eurocafe Imports_Bakery_2025-09-07.pdf
2025-09-09 09:55:05,085 - INFO - backend.coordinators.order_coordinator.OrderCoordinator - (order_coordinator.py:208) - [Order Update] Order has changed. Removing old file.
2025-09-09 09:55:07,189 - INFO - backend.coordinators.order_coordinator.OrderCoordinator - (order_coordinator.py:252) - Moved downloaded PDF to: C:\Users\andrew\Desktop\Andrew\Projects\IthacaBakery\RandomStuff\WorkBot\refactor\data\orders\Equal Exchange\Equal Exchange_Bakery_2025-09-07.pdf
2025-09-09 09:55:10,945 - INFO - backend.coordinators.order_coordinator.OrderCoordinator - (order_coordinator.py:208) - [Order Update] Order has changed. Removing old file.
2025-09-09 09:55:13,501 - INFO - backend.coordinators.order_coordinator.OrderCoordinator - (order_coordinator.py:252) - Moved downloaded PDF to: C:\Users\andrew\Desktop\Andrew\Projects\IthacaBakery\RandomStuff\WorkBot\refactor\data\orders\BJ's\BJ's_Bakery_2025-09-07.pdf
2025-09-09 09:55:16,595 - INFO - backend.coordinators.order_coordinator.OrderCoordinator - (order_coordinator.py:208) - [Order Update] Order has changed. Removing old file.
2025-09-09 09:55:18,653 - INFO - backend.coordinators.order_coordinator.OrderCoordinator - (order_coordinator.py:252) - Moved downloaded PDF to: C:\Users\andrew\Desktop\Andrew\Projects\IthacaBakery\RandomStuff\WorkBot\refactor\data\orders\DUTCH VALLEY FOOD DIST\DUTCH VALLEY FOOD DIST_Bakery_2025-09-07.pdf
2025-09-09 09:55:22,295 - INFO - backend.coordinators.order_coordinator.OrderCoordinator - (order_coordinator.py:208) - [Order Update] Order has changed. Removing old file.
2025-09-09 09:55:24,349 - INFO - backend.coordinators.order_coordinator.OrderCoordinator - (order_coordinator.py:252) - Moved downloaded PDF to: C:\Users\andrew\Desktop\Andrew\Projects\IthacaBakery\RandomStuff\WorkBot\refactor\data\orders\Copper Horse Coffee\Copper Horse Coffee_Bakery_2025-09-07.pdf
2025-09-09 09:55:28,762 - INFO - backend.coordinators.order_coordinator.OrderCoordinator - (order_coordinator.py:208) - [Order Update] Order has changed. Removing old file.
2025-09-09 09:55:30,837 - INFO - backend.coordinators.order_coordinator.OrderCoordinator - (order_coordinator.py:252) - Moved downloaded PDF to: C:\Users\andrew\Desktop\Andrew\Projects\IthacaBakery\RandomStuff\WorkBot\refactor\data\orders\Regional Distributors, Inc.\Regional Distributors, Inc._Bakery_2025-09-08.pdf
2025-09-09 09:55:34,783 - INFO - backend.coordinators.order_coordinator.OrderCoordinator - (order_coordinator.py:208) - [Order Update] Order has changed. Removing old file.
2025-09-09 09:55:36,889 - INFO - backend.coordinators.order_coordinator.OrderCoordinator - (order_coordinator.py:252) - Moved downloaded PDF to: C:\Users\andrew\Desktop\Andrew\Projects\IthacaBakery\RandomStuff\WorkBot\refactor\data\orders\Lentz\Lentz_Bakery_2025-09-08.pdf
2025-09-09 09:55:40,613 - INFO - backend.coordinators.order_coordinator.OrderCoordinator - (order_coordinator.py:208) - [Order Update] Order has changed. Removing old file.
2025-09-09 09:55:42,667 - INFO - backend.coordinators.order_coordinator.OrderCoordinator - (order_coordinator.py:252) - Moved downloaded PDF to: C:\Users\andrew\Desktop\Andrew\Projects\IthacaBakery\RandomStuff\WorkBot\refactor\data\orders\BALKAN BEVERAGE LLC\BALKAN BEVERAGE LLC_Bakery_2025-09-08.pdf
2025-09-09 09:55:46,635 - INFO - backend.coordinators.order_coordinator.OrderCoordinator - (order_coordinator.py:208) - [Order Update] Order has changed. Removing old file.
2025-09-09 09:55:48,699 - INFO - backend.coordinators.order_coordinator.OrderCoordinator - (order_coordinator.py:252) - Moved downloaded PDF to: C:\Users\andrew\Desktop\Andrew\Projects\IthacaBakery\RandomStuff\WorkBot\refactor\data\orders\A.L. George\A.L. George_Bakery_2025-09-08.pdf
2025-09-09 09:55:52,266 - INFO - backend.coordinators.order_coordinator.OrderCoordinator - (order_coordinator.py:208) - [Order Update] Order has changed. Removing old file.
2025-09-09 09:55:54,317 - INFO - backend.coordinators.order_coordinator.OrderCoordinator - (order_coordinator.py:252) - Moved downloaded PDF to: C:\Users\andrew\Desktop\Andrew\Projects\IthacaBakery\RandomStuff\WorkBot\refactor\data\orders\Palmer\Palmer_Bakery_2025-09-08.pdf
2025-09-09 09:55:57,866 - INFO - backend.coordinators.order_coordinator.OrderCoordinator - (order_coordinator.py:208) - [Order Update] Order has changed. Removing old file.
2025-09-09 09:56:00,417 - INFO - backend.coordinators.order_coordinator.OrderCoordinator - (order_coordinator.py:252) - Moved downloaded PDF to: C:\Users\andrew\Desktop\Andrew\Projects\IthacaBakery\RandomStuff\WorkBot\refactor\data\orders\Side Hill Acres\Side Hill Acres_Bakery_2025-09-08.pdf
2025-09-09 09:56:03,844 - INFO - backend.coordinators.order_coordinator.OrderCoordinator - (order_coordinator.py:195) - [Order Update] No existing file at C:\Users\andrew\Desktop\Andrew\Projects\IthacaBakery\RandomStuff\WorkBot\refactor\data\orders\Johnston Paper\Johnston Paper_Bakery_2025-09-09.xlsx. Proceeding with save.
2025-09-09 09:56:06,408 - INFO - backend.coordinators.order_coordinator.OrderCoordinator - (order_coordinator.py:252) - Moved downloaded PDF to: C:\Users\andrew\Desktop\Andrew\Projects\IthacaBakery\RandomStuff\WorkBot\refactor\data\orders\Johnston Paper\Johnston Paper_Bakery_2025-09-09.pdf
2025-09-09 09:56:10,278 - INFO - backend.coordinators.order_coordinator.OrderCoordinator - (order_coordinator.py:195) - [Order Update] No existing file at C:\Users\andrew\Desktop\Andrew\Projects\IthacaBakery\RandomStuff\WorkBot\refactor\data\orders\Hill & Markes\Hill & Markes_Bakery_2025-09-09.xlsx. Proceeding with save.
2025-09-09 09:56:12,904 - INFO - backend.coordinators.order_coordinator.OrderCoordinator - (order_coordinator.py:252) - Moved downloaded PDF to: C:\Users\andrew\Desktop\Andrew\Projects\IthacaBakery\RandomStuff\WorkBot\refactor\data\orders\Hill & Markes\Hill & Markes_Bakery_2025-09-09.pdf
2025-09-09 09:56:16,393 - INFO - backend.coordinators.order_coordinator.OrderCoordinator - (order_coordinator.py:195) - [Order Update] No existing file at C:\Users\andrew\Desktop\Andrew\Projects\IthacaBakery\RandomStuff\WorkBot\refactor\data\orders\Peters Supply\Peters Supply_Bakery_2025-09-09.xlsx. Proceeding with save.
2025-09-09 09:56:18,456 - INFO - backend.coordinators.order_coordinator.OrderCoordinator - (order_coordinator.py:252) - Moved downloaded PDF to: C:\Users\andrew\Desktop\Andrew\Projects\IthacaBakery\RandomStuff\WorkBot\refactor\data\orders\Peters Supply\Peters Supply_Bakery_2025-09-09.pdf
2025-09-09 09:56:22,049 - INFO - backend.coordinators.order_coordinator.OrderCoordinator - (order_coordinator.py:195) - [Order Update] No existing file at C:\Users\andrew\Desktop\Andrew\Projects\IthacaBakery\RandomStuff\WorkBot\refactor\data\orders\SANICO\SANICO_Bakery_2025-09-09.xlsx. Proceeding with save.
2025-09-09 09:56:24,101 - INFO - backend.coordinators.order_coordinator.OrderCoordinator - (order_coordinator.py:252) - Moved downloaded PDF to: C:\Users\andrew\Desktop\Andrew\Projects\IthacaBakery\RandomStuff\WorkBot\refactor\data\orders\SANICO\SANICO_Bakery_2025-09-09.pdf
2025-09-09 09:56:48,387 - INFO - backend.coordinators.order_coordinator.OrderCoordinator - (order_coordinator.py:48) - Reading order file: C:\Users\andrew\Desktop\Andrew\Projects\IthacaBakery\RandomStuff\WorkBot\refactor\data\orders\Hill & Markes\Hill & Markes_Bakery_2025-09-09.xlsx
2025-09-09 09:56:48,409 - INFO - backend.coordinators.order_coordinator.OrderCoordinator - (order_coordinator.py:48) - Reading order file: C:\Users\andrew\Desktop\Andrew\Projects\IthacaBakery\RandomStuff\WorkBot\refactor\data\orders\Hill & Markes\Hill & Markes_Triphammer_2025-09-05.xlsx
2025-09-09 09:56:48,415 - INFO - backend.coordinators.order_coordinator.OrderCoordinator - (order_coordinator.py:48) - Reading order file: C:\Users\andrew\Desktop\Andrew\Projects\IthacaBakery\RandomStuff\WorkBot\refactor\data\orders\Hill & Markes\Hill & Markes_Easthill_2025-09-05.xlsx
2025-09-09 09:56:48,419 - INFO - backend.coordinators.order_coordinator.OrderCoordinator - (order_coordinator.py:48) - Reading order file: C:\Users\andrew\Desktop\Andrew\Projects\IthacaBakery\RandomStuff\WorkBot\refactor\data\orders\Hill & Markes\Hill & Markes_Collegetown_2025-09-05.xlsx
2025-09-09 09:56:48,425 - INFO - backend.coordinators.order_coordinator.OrderCoordinator - (order_coordinator.py:48) - Reading order file: C:\Users\andrew\Desktop\Andrew\Projects\IthacaBakery\RandomStuff\WorkBot\refactor\data\orders\Hill & Markes\Hill & Markes_Downtown_2025-09-05.xlsx
2025-09-09 09:56:48,434 - INFO - backend.coordinators.order_coordinator.OrderCoordinator - (order_coordinator.py:48) - Reading order file: C:\Users\andrew\Desktop\Andrew\Projects\IthacaBakery\RandomStuff\WorkBot\refactor\data\orders\Hill & Markes\Hill & Markes_Bakery_2025-09-09.xlsx
2025-09-09 09:56:48,458 - INFO - backend.coordinators.order_coordinator.OrderCoordinator - (order_coordinator.py:48) - Reading order file: C:\Users\andrew\Desktop\Andrew\Projects\IthacaBakery\RandomStuff\WorkBot\refactor\data\orders\Hill & Markes\Hill & Markes_Triphammer_2025-09-05.xlsx
2025-09-09 09:56:48,480 - INFO - backend.coordinators.order_coordinator.OrderCoordinator - (order_coordinator.py:48) - Reading order file: C:\Users\andrew\Desktop\Andrew\Projects\IthacaBakery\RandomStuff\WorkBot\refactor\data\orders\Hill & Markes\Hill & Markes_Easthill_2025-09-05.xlsx
2025-09-09 09:56:48,500 - INFO - backend.coordinators.order_coordinator.OrderCoordinator - (order_coordinator.py:48) - Reading order file: C:\Users\andrew\Desktop\Andrew\Projects\IthacaBakery\RandomStuff\WorkBot\refactor\data\orders\Hill & Markes\Hill & Markes_Collegetown_2025-09-05.xlsx
2025-09-09 09:56:48,523 - INFO - backend.coordinators.order_coordinator.OrderCoordinator - (order_coordinator.py:48) - Reading order file: C:\Users\andrew\Desktop\Andrew\Projects\IthacaBakery\RandomStuff\WorkBot\refactor\data\orders\Hill & Markes\Hill & Markes_Downtown_2025-09-05.xlsx
2025-09-09 09:57:42,350 - INFO - backend.coordinators.order_coordinator.OrderCoordinator - (order_coordinator.py:208) - [Order Update] Order has changed. Removing old file.
2025-09-09 09:57:44,947 - INFO - backend.coordinators.order_coordinator.OrderCoordinator - (order_coordinator.py:252) - Moved downloaded PDF to: C:\Users\andrew\Desktop\Andrew\Projects\IthacaBakery\RandomStuff\WorkBot\refactor\data\orders\Ithaca Bakery\Ithaca Bakery_Triphammer_2025-09-05.pdf
2025-09-09 09:57:49,113 - INFO - backend.coordinators.order_coordinator.OrderCoordinator - (order_coordinator.py:208) - [Order Update] Order has changed. Removing old file.
2025-09-09 09:57:51,188 - INFO - backend.coordinators.order_coordinator.OrderCoordinator - (order_coordinator.py:252) - Moved downloaded PDF to: C:\Users\andrew\Desktop\Andrew\Projects\IthacaBakery\RandomStuff\WorkBot\refactor\data\orders\Hill & Markes\Hill & Markes_Triphammer_2025-09-05.pdf
2025-09-09 09:57:55,512 - INFO - backend.coordinators.order_coordinator.OrderCoordinator - (order_coordinator.py:208) - [Order Update] Order has changed. Removing old file.
2025-09-09 09:57:58,079 - INFO - backend.coordinators.order_coordinator.OrderCoordinator - (order_coordinator.py:252) - Moved downloaded PDF to: C:\Users\andrew\Desktop\Andrew\Projects\IthacaBakery\RandomStuff\WorkBot\refactor\data\orders\Regional Distributors, Inc.\Regional Distributors, Inc._Triphammer_2025-09-05.pdf
2025-09-09 09:58:01,275 - INFO - backend.coordinators.order_coordinator.OrderCoordinator - (order_coordinator.py:208) - [Order Update] Order has changed. Removing old file.
2025-09-09 09:58:03,330 - INFO - backend.coordinators.order_coordinator.OrderCoordinator - (order_coordinator.py:252) - Moved downloaded PDF to: C:\Users\andrew\Desktop\Andrew\Projects\IthacaBakery\RandomStuff\WorkBot\refactor\data\orders\Webstaurant\Webstaurant_Triphammer_2025-09-05.pdf
2025-09-09 09:58:09,560 - INFO - backend.coordinators.order_coordinator.OrderCoordinator - (order_coordinator.py:208) - [Order Update] Order has changed. Removing old file.
2025-09-09 09:58:12,151 - INFO - backend.coordinators.order_coordinator.OrderCoordinator - (order_coordinator.py:252) - Moved downloaded PDF to: C:\Users\andrew\Desktop\Andrew\Projects\IthacaBakery\RandomStuff\WorkBot\refactor\data\orders\Sysco\Sysco_Triphammer_2025-09-05.pdf
2025-09-09 09:58:17,590 - INFO - backend.coordinators.order_coordinator.OrderCoordinator - (order_coordinator.py:208) - [Order Update] Order has changed. Removing old file.
2025-09-09 09:58:20,185 - INFO - backend.coordinators.order_coordinator.OrderCoordinator - (order_coordinator.py:252) - Moved downloaded PDF to: C:\Users\andrew\Desktop\Andrew\Projects\IthacaBakery\RandomStuff\WorkBot\refactor\data\orders\UNFI\UNFI_Triphammer_2025-09-05.pdf
2025-09-09 09:58:23,895 - INFO - backend.coordinators.order_coordinator.OrderCoordinator - (order_coordinator.py:208) - [Order Update] Order has changed. Removing old file.
2025-09-09 09:58:26,457 - INFO - backend.coordinators.order_coordinator.OrderCoordinator - (order_coordinator.py:252) - Moved downloaded PDF to: C:\Users\andrew\Desktop\Andrew\Projects\IthacaBakery\RandomStuff\WorkBot\refactor\data\orders\FingerLakes Farms\FingerLakes Farms_Triphammer_2025-09-05.pdf
2025-09-09 09:58:32,465 - INFO - backend.coordinators.order_coordinator.OrderCoordinator - (order_coordinator.py:208) - [Order Update] Order has changed. Removing old file.
2025-09-09 09:58:35,067 - INFO - backend.coordinators.order_coordinator.OrderCoordinator - (order_coordinator.py:252) - Moved downloaded PDF to: C:\Users\andrew\Desktop\Andrew\Projects\IthacaBakery\RandomStuff\WorkBot\refactor\data\orders\Performance Food\Performance Food_Triphammer_2025-09-05.pdf
2025-09-09 09:58:38,213 - INFO - backend.coordinators.order_coordinator.OrderCoordinator - (order_coordinator.py:208) - [Order Update] Order has changed. Removing old file.
2025-09-09 09:58:40,264 - INFO - backend.coordinators.order_coordinator.OrderCoordinator - (order_coordinator.py:252) - Moved downloaded PDF to: C:\Users\andrew\Desktop\Andrew\Projects\IthacaBakery\RandomStuff\WorkBot\refactor\data\orders\Hillcrest Dairy\Hillcrest Dairy_Triphammer_2025-09-05.pdf
2025-09-09 09:58:44,042 - INFO - backend.coordinators.order_coordinator.OrderCoordinator - (order_coordinator.py:208) - [Order Update] Order has changed. Removing old file.
2025-09-09 09:58:46,097 - INFO - backend.coordinators.order_coordinator.OrderCoordinator - (order_coordinator.py:252) - Moved downloaded PDF to: C:\Users\andrew\Desktop\Andrew\Projects\IthacaBakery\RandomStuff\WorkBot\refactor\data\orders\Peters Supply\Peters Supply_Triphammer_2025-09-05.pdf
2025-09-09 09:58:50,259 - INFO - backend.coordinators.order_coordinator.OrderCoordinator - (order_coordinator.py:208) - [Order Update] Order has changed. Removing old file.
2025-09-09 09:58:52,322 - INFO - backend.coordinators.order_coordinator.OrderCoordinator - (order_coordinator.py:252) - Moved downloaded PDF to: C:\Users\andrew\Desktop\Andrew\Projects\IthacaBakery\RandomStuff\WorkBot\refactor\data\orders\Johnston Paper\Johnston Paper_Triphammer_2025-09-05.pdf
2025-09-09 09:58:56,008 - INFO - backend.coordinators.order_coordinator.OrderCoordinator - (order_coordinator.py:208) - [Order Update] Order has changed. Removing old file.
2025-09-09 09:58:58,061 - INFO - backend.coordinators.order_coordinator.OrderCoordinator - (order_coordinator.py:252) - Moved downloaded PDF to: C:\Users\andrew\Desktop\Andrew\Projects\IthacaBakery\RandomStuff\WorkBot\refactor\data\orders\Copper Horse Coffee\Copper Horse Coffee_Triphammer_2025-09-05.pdf
2025-09-09 09:59:03,685 - INFO - backend.coordinators.order_coordinator.OrderCoordinator - (order_coordinator.py:208) - [Order Update] Order has changed. Removing old file.
2025-09-09 09:59:05,768 - INFO - backend.coordinators.order_coordinator.OrderCoordinator - (order_coordinator.py:252) - Moved downloaded PDF to: C:\Users\andrew\Desktop\Andrew\Projects\IthacaBakery\RandomStuff\WorkBot\refactor\data\orders\US Foods\US Foods_Triphammer_2025-09-05.pdf
2025-09-09 09:59:09,181 - INFO - backend.coordinators.order_coordinator.OrderCoordinator - (order_coordinator.py:208) - [Order Update] Order has changed. Removing old file.
2025-09-09 09:59:11,233 - INFO - backend.coordinators.order_coordinator.OrderCoordinator - (order_coordinator.py:252) - Moved downloaded PDF to: C:\Users\andrew\Desktop\Andrew\Projects\IthacaBakery\RandomStuff\WorkBot\refactor\data\orders\Equal Exchange\Equal Exchange_Triphammer_2025-09-05.pdf
2025-09-09 09:59:15,182 - INFO - backend.coordinators.order_coordinator.OrderCoordinator - (order_coordinator.py:208) - [Order Update] Order has changed. Removing old file.
2025-09-09 09:59:17,237 - INFO - backend.coordinators.order_coordinator.OrderCoordinator - (order_coordinator.py:252) - Moved downloaded PDF to: C:\Users\andrew\Desktop\Andrew\Projects\IthacaBakery\RandomStuff\WorkBot\refactor\data\orders\Coca-Cola\Coca-Cola_Triphammer_2025-09-05.pdf
2025-09-09 09:59:20,923 - INFO - backend.coordinators.order_coordinator.OrderCoordinator - (order_coordinator.py:208) - [Order Update] Order has changed. Removing old file.
2025-09-09 09:59:22,981 - INFO - backend.coordinators.order_coordinator.OrderCoordinator - (order_coordinator.py:252) - Moved downloaded PDF to: C:\Users\andrew\Desktop\Andrew\Projects\IthacaBakery\RandomStuff\WorkBot\refactor\data\orders\DUTCH VALLEY FOOD DIST\DUTCH VALLEY FOOD DIST_Triphammer_2025-09-05.pdf
2025-09-09 09:59:26,709 - INFO - backend.coordinators.order_coordinator.OrderCoordinator - (order_coordinator.py:208) - [Order Update] Order has changed. Removing old file.
2025-09-09 09:59:28,764 - INFO - backend.coordinators.order_coordinator.OrderCoordinator - (order_coordinator.py:252) - Moved downloaded PDF to: C:\Users\andrew\Desktop\Andrew\Projects\IthacaBakery\RandomStuff\WorkBot\refactor\data\orders\Bo's Bones\Bo's Bones_Triphammer_2025-09-05.pdf
2025-09-09 09:59:32,555 - INFO - backend.coordinators.order_coordinator.OrderCoordinator - (order_coordinator.py:208) - [Order Update] Order has changed. Removing old file.
2025-09-09 09:59:34,612 - INFO - backend.coordinators.order_coordinator.OrderCoordinator - (order_coordinator.py:252) - Moved downloaded PDF to: C:\Users\andrew\Desktop\Andrew\Projects\IthacaBakery\RandomStuff\WorkBot\refactor\data\orders\Worlds Best Cheeses\Worlds Best Cheeses_Triphammer_2025-09-05.pdf
2025-09-09 09:59:38,154 - INFO - backend.coordinators.order_coordinator.OrderCoordinator - (order_coordinator.py:208) - [Order Update] Order has changed. Removing old file.
2025-09-09 09:59:40,201 - INFO - backend.coordinators.order_coordinator.OrderCoordinator - (order_coordinator.py:252) - Moved downloaded PDF to: C:\Users\andrew\Desktop\Andrew\Projects\IthacaBakery\RandomStuff\WorkBot\refactor\data\orders\Fingerlakes Artisen Foods\Fingerlakes Artisen Foods_Triphammer_2025-09-05.pdf
2025-09-09 09:59:44,418 - INFO - backend.coordinators.order_coordinator.OrderCoordinator - (order_coordinator.py:208) - [Order Update] Order has changed. Removing old file.
2025-09-09 09:59:46,476 - INFO - backend.coordinators.order_coordinator.OrderCoordinator - (order_coordinator.py:252) - Moved downloaded PDF to: C:\Users\andrew\Desktop\Andrew\Projects\IthacaBakery\RandomStuff\WorkBot\refactor\data\orders\Russo Produce\Russo Produce_Triphammer_2025-09-07.pdf
2025-09-09 09:59:50,012 - INFO - backend.coordinators.order_coordinator.OrderCoordinator - (order_coordinator.py:208) - [Order Update] Order has changed. Removing old file.
2025-09-09 09:59:52,060 - INFO - backend.coordinators.order_coordinator.OrderCoordinator - (order_coordinator.py:252) - Moved downloaded PDF to: C:\Users\andrew\Desktop\Andrew\Projects\IthacaBakery\RandomStuff\WorkBot\refactor\data\orders\Nashville Wraps\Nashville Wraps_Triphammer_2025-09-08.pdf
2025-09-09 09:59:55,636 - INFO - backend.coordinators.order_coordinator.OrderCoordinator - (order_coordinator.py:208) - [Order Update] Order has changed. Removing old file.
2025-09-09 09:59:57,711 - INFO - backend.coordinators.order_coordinator.OrderCoordinator - (order_coordinator.py:252) - Moved downloaded PDF to: C:\Users\andrew\Desktop\Andrew\Projects\IthacaBakery\RandomStuff\WorkBot\refactor\data\orders\ULINE\ULINE_Triphammer_2025-09-08.pdf
2025-09-09 10:00:11,137 - INFO - backend.coordinators.order_coordinator.OrderCoordinator - (order_coordinator.py:208) - [Order Update] Order has changed. Removing old file.
2025-09-09 10:00:13,248 - INFO - backend.coordinators.order_coordinator.OrderCoordinator - (order_coordinator.py:252) - Moved downloaded PDF to: C:\Users\andrew\Desktop\Andrew\Projects\IthacaBakery\RandomStuff\WorkBot\refactor\data\orders\Ithaca Bakery\Ithaca Bakery_Easthill_2025-09-05.pdf
2025-09-09 10:00:17,969 - INFO - backend.coordinators.order_coordinator.OrderCoordinator - (order_coordinator.py:208) - [Order Update] Order has changed. Removing old file.
2025-09-09 10:00:20,051 - INFO - backend.coordinators.order_coordinator.OrderCoordinator - (order_coordinator.py:252) - Moved downloaded PDF to: C:\Users\andrew\Desktop\Andrew\Projects\IthacaBakery\RandomStuff\WorkBot\refactor\data\orders\US Foods\US Foods_Easthill_2025-09-05.pdf
2025-09-09 10:00:23,946 - INFO - backend.coordinators.order_coordinator.OrderCoordinator - (order_coordinator.py:208) - [Order Update] Order has changed. Removing old file.
2025-09-09 10:00:26,002 - INFO - backend.coordinators.order_coordinator.OrderCoordinator - (order_coordinator.py:252) - Moved downloaded PDF to: C:\Users\andrew\Desktop\Andrew\Projects\IthacaBakery\RandomStuff\WorkBot\refactor\data\orders\Equal Exchange\Equal Exchange_Easthill_2025-09-05.pdf
2025-09-09 10:00:30,852 - INFO - backend.coordinators.order_coordinator.OrderCoordinator - (order_coordinator.py:208) - [Order Update] Order has changed. Removing old file.
2025-09-09 10:00:33,426 - INFO - backend.coordinators.order_coordinator.OrderCoordinator - (order_coordinator.py:252) - Moved downloaded PDF to: C:\Users\andrew\Desktop\Andrew\Projects\IthacaBakery\RandomStuff\WorkBot\refactor\data\orders\Performance Food\Performance Food_Easthill_2025-09-05.pdf
2025-09-09 10:00:36,999 - INFO - backend.coordinators.order_coordinator.OrderCoordinator - (order_coordinator.py:208) - [Order Update] Order has changed. Removing old file.
2025-09-09 10:00:39,561 - INFO - backend.coordinators.order_coordinator.OrderCoordinator - (order_coordinator.py:252) - Moved downloaded PDF to: C:\Users\andrew\Desktop\Andrew\Projects\IthacaBakery\RandomStuff\WorkBot\refactor\data\orders\Sysco\Sysco_Easthill_2025-09-05.pdf
2025-09-09 10:00:42,749 - INFO - backend.coordinators.order_coordinator.OrderCoordinator - (order_coordinator.py:208) - [Order Update] Order has changed. Removing old file.
2025-09-09 10:00:44,800 - INFO - backend.coordinators.order_coordinator.OrderCoordinator - (order_coordinator.py:252) - Moved downloaded PDF to: C:\Users\andrew\Desktop\Andrew\Projects\IthacaBakery\RandomStuff\WorkBot\refactor\data\orders\Peters Supply\Peters Supply_Easthill_2025-09-05.pdf
2025-09-09 10:00:48,493 - INFO - backend.coordinators.order_coordinator.OrderCoordinator - (order_coordinator.py:208) - [Order Update] Order has changed. Removing old file.
2025-09-09 10:00:51,055 - INFO - backend.coordinators.order_coordinator.OrderCoordinator - (order_coordinator.py:252) - Moved downloaded PDF to: C:\Users\andrew\Desktop\Andrew\Projects\IthacaBakery\RandomStuff\WorkBot\refactor\data\orders\Coca-Cola\Coca-Cola_Easthill_2025-09-05.pdf
2025-09-09 10:00:54,876 - INFO - backend.coordinators.order_coordinator.OrderCoordinator - (order_coordinator.py:208) - [Order Update] Order has changed. Removing old file.
2025-09-09 10:00:56,938 - INFO - backend.coordinators.order_coordinator.OrderCoordinator - (order_coordinator.py:252) - Moved downloaded PDF to: C:\Users\andrew\Desktop\Andrew\Projects\IthacaBakery\RandomStuff\WorkBot\refactor\data\orders\Regional Distributors, Inc.\Regional Distributors, Inc._Easthill_2025-09-05.pdf
2025-09-09 10:01:00,577 - INFO - backend.coordinators.order_coordinator.OrderCoordinator - (order_coordinator.py:208) - [Order Update] Order has changed. Removing old file.
2025-09-09 10:01:03,134 - INFO - backend.coordinators.order_coordinator.OrderCoordinator - (order_coordinator.py:252) - Moved downloaded PDF to: C:\Users\andrew\Desktop\Andrew\Projects\IthacaBakery\RandomStuff\WorkBot\refactor\data\orders\Copper Horse Coffee\Copper Horse Coffee_Easthill_2025-09-05.pdf
2025-09-09 10:01:06,277 - INFO - backend.coordinators.order_coordinator.OrderCoordinator - (order_coordinator.py:208) - [Order Update] Order has changed. Removing old file.
2025-09-09 10:01:08,328 - INFO - backend.coordinators.order_coordinator.OrderCoordinator - (order_coordinator.py:252) - Moved downloaded PDF to: C:\Users\andrew\Desktop\Andrew\Projects\IthacaBakery\RandomStuff\WorkBot\refactor\data\orders\Hill & Markes\Hill & Markes_Easthill_2025-09-05.pdf
2025-09-09 10:01:11,919 - INFO - backend.coordinators.order_coordinator.OrderCoordinator - (order_coordinator.py:208) - [Order Update] Order has changed. Removing old file.
2025-09-09 10:01:13,971 - INFO - backend.coordinators.order_coordinator.OrderCoordinator - (order_coordinator.py:252) - Moved downloaded PDF to: C:\Users\andrew\Desktop\Andrew\Projects\IthacaBakery\RandomStuff\WorkBot\refactor\data\orders\Eurocafe Imports\Eurocafe Imports_Easthill_2025-09-05.pdf
2025-09-09 10:01:19,244 - INFO - backend.coordinators.order_coordinator.OrderCoordinator - (order_coordinator.py:208) - [Order Update] Order has changed. Removing old file.
2025-09-09 10:01:21,321 - INFO - backend.coordinators.order_coordinator.OrderCoordinator - (order_coordinator.py:252) - Moved downloaded PDF to: C:\Users\andrew\Desktop\Andrew\Projects\IthacaBakery\RandomStuff\WorkBot\refactor\data\orders\UNFI\UNFI_Easthill_2025-09-05.pdf
2025-09-09 10:01:25,078 - INFO - backend.coordinators.order_coordinator.OrderCoordinator - (order_coordinator.py:208) - [Order Update] Order has changed. Removing old file.
2025-09-09 10:01:27,134 - INFO - backend.coordinators.order_coordinator.OrderCoordinator - (order_coordinator.py:252) - Moved downloaded PDF to: C:\Users\andrew\Desktop\Andrew\Projects\IthacaBakery\RandomStuff\WorkBot\refactor\data\orders\Hillcrest Dairy\Hillcrest Dairy_Easthill_2025-09-05.pdf
2025-09-09 10:01:31,103 - INFO - backend.coordinators.order_coordinator.OrderCoordinator - (order_coordinator.py:208) - [Order Update] Order has changed. Removing old file.
2025-09-09 10:01:33,163 - INFO - backend.coordinators.order_coordinator.OrderCoordinator - (order_coordinator.py:252) - Moved downloaded PDF to: C:\Users\andrew\Desktop\Andrew\Projects\IthacaBakery\RandomStuff\WorkBot\refactor\data\orders\FingerLakes Farms\FingerLakes Farms_Easthill_2025-09-05.pdf
2025-09-09 10:01:36,808 - INFO - backend.coordinators.order_coordinator.OrderCoordinator - (order_coordinator.py:208) - [Order Update] Order has changed. Removing old file.
2025-09-09 10:01:38,866 - INFO - backend.coordinators.order_coordinator.OrderCoordinator - (order_coordinator.py:252) - Moved downloaded PDF to: C:\Users\andrew\Desktop\Andrew\Projects\IthacaBakery\RandomStuff\WorkBot\refactor\data\orders\BBQuse\BBQuse_Easthill_2025-09-05.pdf
2025-09-09 10:01:42,621 - INFO - backend.coordinators.order_coordinator.OrderCoordinator - (order_coordinator.py:208) - [Order Update] Order has changed. Removing old file.
2025-09-09 10:01:44,679 - INFO - backend.coordinators.order_coordinator.OrderCoordinator - (order_coordinator.py:252) - Moved downloaded PDF to: C:\Users\andrew\Desktop\Andrew\Projects\IthacaBakery\RandomStuff\WorkBot\refactor\data\orders\Belle's Barkery\Belle's Barkery_Easthill_2025-09-05.pdf
2025-09-09 10:01:48,723 - INFO - backend.coordinators.order_coordinator.OrderCoordinator - (order_coordinator.py:208) - [Order Update] Order has changed. Removing old file.
2025-09-09 10:01:50,792 - INFO - backend.coordinators.order_coordinator.OrderCoordinator - (order_coordinator.py:252) - Moved downloaded PDF to: C:\Users\andrew\Desktop\Andrew\Projects\IthacaBakery\RandomStuff\WorkBot\refactor\data\orders\Worlds Best Cheeses\Worlds Best Cheeses_Easthill_2025-09-05.pdf
2025-09-09 10:01:54,365 - INFO - backend.coordinators.order_coordinator.OrderCoordinator - (order_coordinator.py:208) - [Order Update] Order has changed. Removing old file.
2025-09-09 10:01:56,417 - INFO - backend.coordinators.order_coordinator.OrderCoordinator - (order_coordinator.py:252) - Moved downloaded PDF to: C:\Users\andrew\Desktop\Andrew\Projects\IthacaBakery\RandomStuff\WorkBot\refactor\data\orders\Creative Converting\Creative Converting_Easthill_2025-09-05.pdf
2025-09-09 10:02:00,313 - INFO - backend.coordinators.order_coordinator.OrderCoordinator - (order_coordinator.py:208) - [Order Update] Order has changed. Removing old file.
2025-09-09 10:02:02,378 - INFO - backend.coordinators.order_coordinator.OrderCoordinator - (order_coordinator.py:252) - Moved downloaded PDF to: C:\Users\andrew\Desktop\Andrew\Projects\IthacaBakery\RandomStuff\WorkBot\refactor\data\orders\DUTCH VALLEY FOOD DIST\DUTCH VALLEY FOOD DIST_Easthill_2025-09-05.pdf
2025-09-09 10:02:06,205 - INFO - backend.coordinators.order_coordinator.OrderCoordinator - (order_coordinator.py:208) - [Order Update] Order has changed. Removing old file.
2025-09-09 10:02:08,765 - INFO - backend.coordinators.order_coordinator.OrderCoordinator - (order_coordinator.py:252) - Moved downloaded PDF to: C:\Users\andrew\Desktop\Andrew\Projects\IthacaBakery\RandomStuff\WorkBot\refactor\data\orders\Earthquake Spices\Earthquake Spices_Easthill_2025-09-05.pdf
2025-09-09 10:02:12,031 - INFO - backend.coordinators.order_coordinator.OrderCoordinator - (order_coordinator.py:208) - [Order Update] Order has changed. Removing old file.
2025-09-09 10:02:14,585 - INFO - backend.coordinators.order_coordinator.OrderCoordinator - (order_coordinator.py:252) - Moved downloaded PDF to: C:\Users\andrew\Desktop\Andrew\Projects\IthacaBakery\RandomStuff\WorkBot\refactor\data\orders\GranolaChik\GranolaChik_Easthill_2025-09-05.pdf
2025-09-09 10:02:17,834 - INFO - backend.coordinators.order_coordinator.OrderCoordinator - (order_coordinator.py:208) - [Order Update] Order has changed. Removing old file.
2025-09-09 10:02:19,894 - INFO - backend.coordinators.order_coordinator.OrderCoordinator - (order_coordinator.py:252) - Moved downloaded PDF to: C:\Users\andrew\Desktop\Andrew\Projects\IthacaBakery\RandomStuff\WorkBot\refactor\data\orders\Hen of the Woods\Hen of the Woods_Easthill_2025-09-05.pdf
2025-09-09 10:02:23,473 - INFO - backend.coordinators.order_coordinator.OrderCoordinator - (order_coordinator.py:208) - [Order Update] Order has changed. Removing old file.
2025-09-09 10:02:26,021 - INFO - backend.coordinators.order_coordinator.OrderCoordinator - (order_coordinator.py:252) - Moved downloaded PDF to: C:\Users\andrew\Desktop\Andrew\Projects\IthacaBakery\RandomStuff\WorkBot\refactor\data\orders\Katz Specialty Food Group, LLC\Katz Specialty Food Group, LLC_Easthill_2025-09-05.pdf
2025-09-09 10:02:28,894 - INFO - backend.coordinators.order_coordinator.OrderCoordinator - (order_coordinator.py:208) - [Order Update] Order has changed. Removing old file.
2025-09-09 10:02:30,946 - INFO - backend.coordinators.order_coordinator.OrderCoordinator - (order_coordinator.py:252) - Moved downloaded PDF to: C:\Users\andrew\Desktop\Andrew\Projects\IthacaBakery\RandomStuff\WorkBot\refactor\data\orders\Karma Sauce Company LLC\Karma Sauce Company LLC_Easthill_2025-09-05.pdf
2025-09-09 10:02:34,625 - INFO - backend.coordinators.order_coordinator.OrderCoordinator - (order_coordinator.py:208) - [Order Update] Order has changed. Removing old file.
2025-09-09 10:02:37,210 - INFO - backend.coordinators.order_coordinator.OrderCoordinator - (order_coordinator.py:252) - Moved downloaded PDF to: C:\Users\andrew\Desktop\Andrew\Projects\IthacaBakery\RandomStuff\WorkBot\refactor\data\orders\Mapleland Farms\Mapleland Farms_Easthill_2025-09-05.pdf
2025-09-09 10:02:40,405 - INFO - backend.coordinators.order_coordinator.OrderCoordinator - (order_coordinator.py:208) - [Order Update] Order has changed. Removing old file.
2025-09-09 10:02:42,457 - INFO - backend.coordinators.order_coordinator.OrderCoordinator - (order_coordinator.py:252) - Moved downloaded PDF to: C:\Users\andrew\Desktop\Andrew\Projects\IthacaBakery\RandomStuff\WorkBot\refactor\data\orders\NAT'S NUTS\NAT'S NUTS_Easthill_2025-09-05.pdf
2025-09-09 10:02:46,233 - INFO - backend.coordinators.order_coordinator.OrderCoordinator - (order_coordinator.py:208) - [Order Update] Order has changed. Removing old file.
2025-09-09 10:02:48,791 - INFO - backend.coordinators.order_coordinator.OrderCoordinator - (order_coordinator.py:252) - Moved downloaded PDF to: C:\Users\andrew\Desktop\Andrew\Projects\IthacaBakery\RandomStuff\WorkBot\refactor\data\orders\OLBRO DISTRIBUTORS\OLBRO DISTRIBUTORS_Easthill_2025-09-05.pdf
2025-09-09 10:02:58,819 - INFO - backend.coordinators.order_coordinator.OrderCoordinator - (order_coordinator.py:208) - [Order Update] Order has changed. Removing old file.
2025-09-09 10:03:00,885 - INFO - backend.coordinators.order_coordinator.OrderCoordinator - (order_coordinator.py:252) - Moved downloaded PDF to: C:\Users\andrew\Desktop\Andrew\Projects\IthacaBakery\RandomStuff\WorkBot\refactor\data\orders\US Foods\US Foods_Downtown_2025-09-05.pdf
2025-09-09 10:03:04,674 - INFO - backend.coordinators.order_coordinator.OrderCoordinator - (order_coordinator.py:208) - [Order Update] Order has changed. Removing old file.
2025-09-09 10:03:07,232 - INFO - backend.coordinators.order_coordinator.OrderCoordinator - (order_coordinator.py:252) - Moved downloaded PDF to: C:\Users\andrew\Desktop\Andrew\Projects\IthacaBakery\RandomStuff\WorkBot\refactor\data\orders\Regional Distributors, Inc.\Regional Distributors, Inc._Downtown_2025-09-05.pdf
2025-09-09 10:03:12,363 - INFO - backend.coordinators.order_coordinator.OrderCoordinator - (order_coordinator.py:208) - [Order Update] Order has changed. Removing old file.
2025-09-09 10:03:14,950 - INFO - backend.coordinators.order_coordinator.OrderCoordinator - (order_coordinator.py:252) - Moved downloaded PDF to: C:\Users\andrew\Desktop\Andrew\Projects\IthacaBakery\RandomStuff\WorkBot\refactor\data\orders\Ithaca Bakery\Ithaca Bakery_Downtown_2025-09-05.pdf
2025-09-09 10:03:18,141 - INFO - backend.coordinators.order_coordinator.OrderCoordinator - (order_coordinator.py:208) - [Order Update] Order has changed. Removing old file.
2025-09-09 10:03:20,693 - INFO - backend.coordinators.order_coordinator.OrderCoordinator - (order_coordinator.py:252) - Moved downloaded PDF to: C:\Users\andrew\Desktop\Andrew\Projects\IthacaBakery\RandomStuff\WorkBot\refactor\data\orders\Copper Horse Coffee\Copper Horse Coffee_Downtown_2025-09-05.pdf
2025-09-09 10:03:23,799 - INFO - backend.coordinators.order_coordinator.OrderCoordinator - (order_coordinator.py:208) - [Order Update] Order has changed. Removing old file.
2025-09-09 10:03:26,351 - INFO - backend.coordinators.order_coordinator.OrderCoordinator - (order_coordinator.py:252) - Moved downloaded PDF to: C:\Users\andrew\Desktop\Andrew\Projects\IthacaBakery\RandomStuff\WorkBot\refactor\data\orders\Hill & Markes\Hill & Markes_Downtown_2025-09-05.pdf
2025-09-09 10:03:29,661 - INFO - backend.coordinators.order_coordinator.OrderCoordinator - (order_coordinator.py:208) - [Order Update] Order has changed. Removing old file.
2025-09-09 10:03:31,719 - INFO - backend.coordinators.order_coordinator.OrderCoordinator - (order_coordinator.py:252) - Moved downloaded PDF to: C:\Users\andrew\Desktop\Andrew\Projects\IthacaBakery\RandomStuff\WorkBot\refactor\data\orders\Equal Exchange\Equal Exchange_Downtown_2025-09-05.pdf
2025-09-09 10:03:35,262 - INFO - backend.coordinators.order_coordinator.OrderCoordinator - (order_coordinator.py:208) - [Order Update] Order has changed. Removing old file.
2025-09-09 10:03:37,314 - INFO - backend.coordinators.order_coordinator.OrderCoordinator - (order_coordinator.py:252) - Moved downloaded PDF to: C:\Users\andrew\Desktop\Andrew\Projects\IthacaBakery\RandomStuff\WorkBot\refactor\data\orders\SANICO\SANICO_Downtown_2025-09-05.pdf
2025-09-09 10:03:41,361 - INFO - backend.coordinators.order_coordinator.OrderCoordinator - (order_coordinator.py:208) - [Order Update] Order has changed. Removing old file.
2025-09-09 10:03:43,928 - INFO - backend.coordinators.order_coordinator.OrderCoordinator - (order_coordinator.py:252) - Moved downloaded PDF to: C:\Users\andrew\Desktop\Andrew\Projects\IthacaBakery\RandomStuff\WorkBot\refactor\data\orders\Performance Food\Performance Food_Downtown_2025-09-05.pdf
2025-09-09 10:03:47,257 - INFO - backend.coordinators.order_coordinator.OrderCoordinator - (order_coordinator.py:208) - [Order Update] Order has changed. Removing old file.
2025-09-09 10:03:49,813 - INFO - backend.coordinators.order_coordinator.OrderCoordinator - (order_coordinator.py:252) - Moved downloaded PDF to: C:\Users\andrew\Desktop\Andrew\Projects\IthacaBakery\RandomStuff\WorkBot\refactor\data\orders\Sysco\Sysco_Downtown_2025-09-05.pdf
2025-09-09 10:03:53,037 - INFO - backend.coordinators.order_coordinator.OrderCoordinator - (order_coordinator.py:208) - [Order Update] Order has changed. Removing old file.
2025-09-09 10:03:55,591 - INFO - backend.coordinators.order_coordinator.OrderCoordinator - (order_coordinator.py:252) - Moved downloaded PDF to: C:\Users\andrew\Desktop\Andrew\Projects\IthacaBakery\RandomStuff\WorkBot\refactor\data\orders\Coca-Cola\Coca-Cola_Downtown_2025-09-05.pdf
2025-09-09 10:04:00,559 - INFO - backend.coordinators.order_coordinator.OrderCoordinator - (order_coordinator.py:208) - [Order Update] Order has changed. Removing old file.
2025-09-09 10:04:02,653 - INFO - backend.coordinators.order_coordinator.OrderCoordinator - (order_coordinator.py:252) - Moved downloaded PDF to: C:\Users\andrew\Desktop\Andrew\Projects\IthacaBakery\RandomStuff\WorkBot\refactor\data\orders\UNFI\UNFI_Downtown_2025-09-05.pdf
2025-09-09 10:04:06,383 - INFO - backend.coordinators.order_coordinator.OrderCoordinator - (order_coordinator.py:208) - [Order Update] Order has changed. Removing old file.
2025-09-09 10:04:08,449 - INFO - backend.coordinators.order_coordinator.OrderCoordinator - (order_coordinator.py:252) - Moved downloaded PDF to: C:\Users\andrew\Desktop\Andrew\Projects\IthacaBakery\RandomStuff\WorkBot\refactor\data\orders\Hillcrest Dairy\Hillcrest Dairy_Downtown_2025-09-05.pdf
2025-09-09 10:04:12,222 - INFO - backend.coordinators.order_coordinator.OrderCoordinator - (order_coordinator.py:208) - [Order Update] Order has changed. Removing old file.
2025-09-09 10:04:14,278 - INFO - backend.coordinators.order_coordinator.OrderCoordinator - (order_coordinator.py:252) - Moved downloaded PDF to: C:\Users\andrew\Desktop\Andrew\Projects\IthacaBakery\RandomStuff\WorkBot\refactor\data\orders\FingerLakes Farms\FingerLakes Farms_Downtown_2025-09-05.pdf
2025-09-09 10:04:17,903 - INFO - backend.coordinators.order_coordinator.OrderCoordinator - (order_coordinator.py:208) - [Order Update] Order has changed. Removing old file.
2025-09-09 10:04:19,953 - INFO - backend.coordinators.order_coordinator.OrderCoordinator - (order_coordinator.py:252) - Moved downloaded PDF to: C:\Users\andrew\Desktop\Andrew\Projects\IthacaBakery\RandomStuff\WorkBot\refactor\data\orders\DUTCH VALLEY FOOD DIST\DUTCH VALLEY FOOD DIST_Downtown_2025-09-05.pdf
2025-09-09 10:04:23,543 - INFO - backend.coordinators.order_coordinator.OrderCoordinator - (order_coordinator.py:208) - [Order Update] Order has changed. Removing old file.
2025-09-09 10:04:25,596 - INFO - backend.coordinators.order_coordinator.OrderCoordinator - (order_coordinator.py:252) - Moved downloaded PDF to: C:\Users\andrew\Desktop\Andrew\Projects\IthacaBakery\RandomStuff\WorkBot\refactor\data\orders\Peters Supply\Peters Supply_Downtown_2025-09-05.pdf
2025-09-09 10:04:29,336 - INFO - backend.coordinators.order_coordinator.OrderCoordinator - (order_coordinator.py:208) - [Order Update] Order has changed. Removing old file.
2025-09-09 10:04:31,388 - INFO - backend.coordinators.order_coordinator.OrderCoordinator - (order_coordinator.py:252) - Moved downloaded PDF to: C:\Users\andrew\Desktop\Andrew\Projects\IthacaBakery\RandomStuff\WorkBot\refactor\data\orders\Worlds Best Cheeses\Worlds Best Cheeses_Downtown_2025-09-05.pdf
2025-09-09 10:04:34,973 - INFO - backend.coordinators.order_coordinator.OrderCoordinator - (order_coordinator.py:208) - [Order Update] Order has changed. Removing old file.
2025-09-09 10:04:37,024 - INFO - backend.coordinators.order_coordinator.OrderCoordinator - (order_coordinator.py:252) - Moved downloaded PDF to: C:\Users\andrew\Desktop\Andrew\Projects\IthacaBakery\RandomStuff\WorkBot\refactor\data\orders\Hen of the Woods\Hen of the Woods_Downtown_2025-09-06.pdf
2025-09-09 10:04:48,224 - INFO - backend.coordinators.order_coordinator.OrderCoordinator - (order_coordinator.py:208) - [Order Update] Order has changed. Removing old file.
2025-09-09 10:04:50,797 - INFO - backend.coordinators.order_coordinator.OrderCoordinator - (order_coordinator.py:252) - Moved downloaded PDF to: C:\Users\andrew\Desktop\Andrew\Projects\IthacaBakery\RandomStuff\WorkBot\refactor\data\orders\Performance Food\Performance Food_Collegetown_2025-09-05.pdf
2025-09-09 10:04:54,598 - INFO - backend.coordinators.order_coordinator.OrderCoordinator - (order_coordinator.py:208) - [Order Update] Order has changed. Removing old file.
2025-09-09 10:04:56,651 - INFO - backend.coordinators.order_coordinator.OrderCoordinator - (order_coordinator.py:252) - Moved downloaded PDF to: C:\Users\andrew\Desktop\Andrew\Projects\IthacaBakery\RandomStuff\WorkBot\refactor\data\orders\US Foods\US Foods_Collegetown_2025-09-05.pdf
2025-09-09 10:05:01,066 - INFO - backend.coordinators.order_coordinator.OrderCoordinator - (order_coordinator.py:208) - [Order Update] Order has changed. Removing old file.
2025-09-09 10:05:03,123 - INFO - backend.coordinators.order_coordinator.OrderCoordinator - (order_coordinator.py:252) - Moved downloaded PDF to: C:\Users\andrew\Desktop\Andrew\Projects\IthacaBakery\RandomStuff\WorkBot\refactor\data\orders\Sysco\Sysco_Collegetown_2025-09-05.pdf
2025-09-09 10:05:08,677 - INFO - backend.coordinators.order_coordinator.OrderCoordinator - (order_coordinator.py:208) - [Order Update] Order has changed. Removing old file.
2025-09-09 10:05:10,805 - INFO - backend.coordinators.order_coordinator.OrderCoordinator - (order_coordinator.py:252) - Moved downloaded PDF to: C:\Users\andrew\Desktop\Andrew\Projects\IthacaBakery\RandomStuff\WorkBot\refactor\data\orders\Ithaca Bakery\Ithaca Bakery_Collegetown_2025-09-05.pdf
2025-09-09 10:05:14,542 - INFO - backend.coordinators.order_coordinator.OrderCoordinator - (order_coordinator.py:208) - [Order Update] Order has changed. Removing old file.
2025-09-09 10:05:16,586 - INFO - backend.coordinators.order_coordinator.OrderCoordinator - (order_coordinator.py:252) - Moved downloaded PDF to: C:\Users\andrew\Desktop\Andrew\Projects\IthacaBakery\RandomStuff\WorkBot\refactor\data\orders\Hillcrest Dairy\Hillcrest Dairy_Collegetown_2025-09-05.pdf
2025-09-09 10:05:20,735 - INFO - backend.coordinators.order_coordinator.OrderCoordinator - (order_coordinator.py:208) - [Order Update] Order has changed. Removing old file.
2025-09-09 10:05:22,787 - INFO - backend.coordinators.order_coordinator.OrderCoordinator - (order_coordinator.py:252) - Moved downloaded PDF to: C:\Users\andrew\Desktop\Andrew\Projects\IthacaBakery\RandomStuff\WorkBot\refactor\data\orders\Regional Distributors, Inc.\Regional Distributors, Inc._Collegetown_2025-09-05.pdf
2025-09-09 10:05:26,606 - INFO - backend.coordinators.order_coordinator.OrderCoordinator - (order_coordinator.py:208) - [Order Update] Order has changed. Removing old file.
2025-09-09 10:05:28,651 - INFO - backend.coordinators.order_coordinator.OrderCoordinator - (order_coordinator.py:252) - Moved downloaded PDF to: C:\Users\andrew\Desktop\Andrew\Projects\IthacaBakery\RandomStuff\WorkBot\refactor\data\orders\Equal Exchange\Equal Exchange_Collegetown_2025-09-05.pdf
2025-09-09 10:05:32,266 - INFO - backend.coordinators.order_coordinator.OrderCoordinator - (order_coordinator.py:208) - [Order Update] Order has changed. Removing old file.
2025-09-09 10:05:34,304 - INFO - backend.coordinators.order_coordinator.OrderCoordinator - (order_coordinator.py:252) - Moved downloaded PDF to: C:\Users\andrew\Desktop\Andrew\Projects\IthacaBakery\RandomStuff\WorkBot\refactor\data\orders\Copper Horse Coffee\Copper Horse Coffee_Collegetown_2025-09-05.pdf
2025-09-09 10:05:38,212 - INFO - backend.coordinators.order_coordinator.OrderCoordinator - (order_coordinator.py:208) - [Order Update] Order has changed. Removing old file.
2025-09-09 10:05:40,259 - INFO - backend.coordinators.order_coordinator.OrderCoordinator - (order_coordinator.py:252) - Moved downloaded PDF to: C:\Users\andrew\Desktop\Andrew\Projects\IthacaBakery\RandomStuff\WorkBot\refactor\data\orders\Hill & Markes\Hill & Markes_Collegetown_2025-09-05.pdf
2025-09-09 10:05:43,777 - INFO - backend.coordinators.order_coordinator.OrderCoordinator - (order_coordinator.py:208) - [Order Update] Order has changed. Removing old file.
2025-09-09 10:05:45,815 - INFO - backend.coordinators.order_coordinator.OrderCoordinator - (order_coordinator.py:252) - Moved downloaded PDF to: C:\Users\andrew\Desktop\Andrew\Projects\IthacaBakery\RandomStuff\WorkBot\refactor\data\orders\Johnston Paper\Johnston Paper_Collegetown_2025-09-05.pdf
2025-09-09 10:05:49,406 - INFO - backend.coordinators.order_coordinator.OrderCoordinator - (order_coordinator.py:208) - [Order Update] Order has changed. Removing old file.
2025-09-09 10:05:51,446 - INFO - backend.coordinators.order_coordinator.OrderCoordinator - (order_coordinator.py:252) - Moved downloaded PDF to: C:\Users\andrew\Desktop\Andrew\Projects\IthacaBakery\RandomStuff\WorkBot\refactor\data\orders\Peters Supply\Peters Supply_Collegetown_2025-09-05.pdf
2025-09-09 10:05:55,118 - INFO - backend.coordinators.order_coordinator.OrderCoordinator - (order_coordinator.py:208) - [Order Update] Order has changed. Removing old file.
2025-09-09 10:05:57,188 - INFO - backend.coordinators.order_coordinator.OrderCoordinator - (order_coordinator.py:252) - Moved downloaded PDF to: C:\Users\andrew\Desktop\Andrew\Projects\IthacaBakery\RandomStuff\WorkBot\refactor\data\orders\DUTCH VALLEY FOOD DIST\DUTCH VALLEY FOOD DIST_Collegetown_2025-09-05.pdf
2025-09-09 10:06:02,629 - INFO - backend.coordinators.order_coordinator.OrderCoordinator - (order_coordinator.py:208) - [Order Update] Order has changed. Removing old file.
2025-09-09 10:06:04,715 - INFO - backend.coordinators.order_coordinator.OrderCoordinator - (order_coordinator.py:252) - Moved downloaded PDF to: C:\Users\andrew\Desktop\Andrew\Projects\IthacaBakery\RandomStuff\WorkBot\refactor\data\orders\UNFI\UNFI_Collegetown_2025-09-05.pdf
2025-09-09 10:06:08,485 - INFO - backend.coordinators.order_coordinator.OrderCoordinator - (order_coordinator.py:208) - [Order Update] Order has changed. Removing old file.
2025-09-09 10:06:11,034 - INFO - backend.coordinators.order_coordinator.OrderCoordinator - (order_coordinator.py:252) - Moved downloaded PDF to: C:\Users\andrew\Desktop\Andrew\Projects\IthacaBakery\RandomStuff\WorkBot\refactor\data\orders\Coca-Cola\Coca-Cola_Collegetown_2025-09-05.pdf
2025-09-09 10:06:14,236 - INFO - backend.coordinators.order_coordinator.OrderCoordinator - (order_coordinator.py:208) - [Order Update] Order has changed. Removing old file.
2025-09-09 10:06:16,279 - INFO - backend.coordinators.order_coordinator.OrderCoordinator - (order_coordinator.py:252) - Moved downloaded PDF to: C:\Users\andrew\Desktop\Andrew\Projects\IthacaBakery\RandomStuff\WorkBot\refactor\data\orders\FingerLakes Farms\FingerLakes Farms_Collegetown_2025-09-05.pdf
2025-09-09 10:06:20,079 - INFO - backend.coordinators.order_coordinator.OrderCoordinator - (order_coordinator.py:208) - [Order Update] Order has changed. Removing old file.
2025-09-09 10:06:22,127 - INFO - backend.coordinators.order_coordinator.OrderCoordinator - (order_coordinator.py:252) - Moved downloaded PDF to: C:\Users\andrew\Desktop\Andrew\Projects\IthacaBakery\RandomStuff\WorkBot\refactor\data\orders\A.L. George\A.L. George_Collegetown_2025-09-05.pdf
2025-09-09 10:06:25,852 - INFO - backend.coordinators.order_coordinator.OrderCoordinator - (order_coordinator.py:208) - [Order Update] Order has changed. Removing old file.
2025-09-09 10:06:27,896 - INFO - backend.coordinators.order_coordinator.OrderCoordinator - (order_coordinator.py:252) - Moved downloaded PDF to: C:\Users\andrew\Desktop\Andrew\Projects\IthacaBakery\RandomStuff\WorkBot\refactor\data\orders\BALKAN BEVERAGE LLC\BALKAN BEVERAGE LLC_Collegetown_2025-09-05.pdf
2025-09-09 10:06:31,473 - INFO - backend.coordinators.order_coordinator.OrderCoordinator - (order_coordinator.py:208) - [Order Update] Order has changed. Removing old file.
2025-09-09 10:06:34,018 - INFO - backend.coordinators.order_coordinator.OrderCoordinator - (order_coordinator.py:252) - Moved downloaded PDF to: C:\Users\andrew\Desktop\Andrew\Projects\IthacaBakery\RandomStuff\WorkBot\refactor\data\orders\Wegmans\Wegmans_Collegetown_2025-09-05.pdf
2025-09-09 10:06:37,198 - INFO - backend.coordinators.order_coordinator.OrderCoordinator - (order_coordinator.py:208) - [Order Update] Order has changed. Removing old file.
2025-09-09 10:06:39,754 - INFO - backend.coordinators.order_coordinator.OrderCoordinator - (order_coordinator.py:252) - Moved downloaded PDF to: C:\Users\andrew\Desktop\Andrew\Projects\IthacaBakery\RandomStuff\WorkBot\refactor\data\orders\NAT'S NUTS\NAT'S NUTS_Collegetown_2025-09-05.pdf
2025-09-09 10:07:30,024 - INFO - backend.coordinators.order_coordinator.OrderCoordinator - (order_coordinator.py:48) - Reading order file: C:\Users\andrew\Desktop\Andrew\Projects\IthacaBakery\RandomStuff\WorkBot\refactor\data\orders\Hill & Markes\Hill & Markes_Collegetown_2025-09-05.xlsx
2025-09-09 10:07:30,040 - INFO - backend.coordinators.order_coordinator.OrderCoordinator - (order_coordinator.py:48) - Reading order file: C:\Users\andrew\Desktop\Andrew\Projects\IthacaBakery\RandomStuff\WorkBot\refactor\data\orders\Hill & Markes\Hill & Markes_Downtown_2025-09-05.xlsx
2025-09-09 10:07:30,056 - INFO - backend.coordinators.order_coordinator.OrderCoordinator - (order_coordinator.py:48) - Reading order file: C:\Users\andrew\Desktop\Andrew\Projects\IthacaBakery\RandomStuff\WorkBot\refactor\data\orders\Hill & Markes\Hill & Markes_Easthill_2025-09-05.xlsx
2025-09-09 10:07:30,072 - INFO - backend.coordinators.order_coordinator.OrderCoordinator - (order_coordinator.py:48) - Reading order file: C:\Users\andrew\Desktop\Andrew\Projects\IthacaBakery\RandomStuff\WorkBot\refactor\data\orders\Hill & Markes\Hill & Markes_Triphammer_2025-09-05.xlsx
2025-09-09 10:07:30,090 - INFO - backend.coordinators.order_coordinator.OrderCoordinator - (order_coordinator.py:48) - Reading order file: C:\Users\andrew\Desktop\Andrew\Projects\IthacaBakery\RandomStuff\WorkBot\refactor\data\orders\Hill & Markes\Hill & Markes_Bakery_2025-09-09.xlsx
2025-09-09 10:07:30,099 - INFO - backend.coordinators.order_coordinator.OrderCoordinator - (order_coordinator.py:48) - Reading order file: C:\Users\andrew\Desktop\Andrew\Projects\IthacaBakery\RandomStuff\WorkBot\refactor\data\orders\Hill & Markes\Hill & Markes_Collegetown_2025-09-05.xlsx
2025-09-09 10:07:30,114 - INFO - backend.coordinators.order_coordinator.OrderCoordinator - (order_coordinator.py:48) - Reading order file: C:\Users\andrew\Desktop\Andrew\Projects\IthacaBakery\RandomStuff\WorkBot\refactor\data\orders\Hill & Markes\Hill & Markes_Downtown_2025-09-05.xlsx
2025-09-09 10:07:30,140 - INFO - backend.coordinators.order_coordinator.OrderCoordinator - (order_coordinator.py:48) - Reading order file: C:\Users\andrew\Desktop\Andrew\Projects\IthacaBakery\RandomStuff\WorkBot\refactor\data\orders\Hill & Markes\Hill & Markes_Easthill_2025-09-05.xlsx
2025-09-09 10:07:30,153 - INFO - backend.coordinators.order_coordinator.OrderCoordinator - (order_coordinator.py:48) - Reading order file: C:\Users\andrew\Desktop\Andrew\Projects\IthacaBakery\RandomStuff\WorkBot\refactor\data\orders\Hill & Markes\Hill & Markes_Triphammer_2025-09-05.xlsx
2025-09-09 10:07:30,168 - INFO - backend.coordinators.order_coordinator.OrderCoordinator - (order_coordinator.py:48) - Reading order file: C:\Users\andrew\Desktop\Andrew\Projects\IthacaBakery\RandomStuff\WorkBot\refactor\data\orders\Hill & Markes\Hill & Markes_Bakery_2025-09-09.xlsx
2025-09-09 12:02:56,214 - INFO - backend.coordinators.order_coordinator.OrderCoordinator - (order_coordinator.py:52) - Reading 5 order files.
2025-09-09 12:02:56,214 - INFO - backend.coordinators.order_coordinator.OrderCoordinator - (order_coordinator.py:48) - Reading order file: C:\Users\andrew\Desktop\Andrew\Projects\IthacaBakery\RandomStuff\WorkBot\refactor\data\orders\Peters Supply\Peters Supply_Collegetown_2025-09-05.xlsx
2025-09-09 12:02:56,242 - INFO - backend.coordinators.order_coordinator.OrderCoordinator - (order_coordinator.py:48) - Reading order file: C:\Users\andrew\Desktop\Andrew\Projects\IthacaBakery\RandomStuff\WorkBot\refactor\data\orders\Peters Supply\Peters Supply_Downtown_2025-09-05.xlsx
2025-09-09 12:02:56,258 - INFO - backend.coordinators.order_coordinator.OrderCoordinator - (order_coordinator.py:48) - Reading order file: C:\Users\andrew\Desktop\Andrew\Projects\IthacaBakery\RandomStuff\WorkBot\refactor\data\orders\Peters Supply\Peters Supply_Easthill_2025-09-05.xlsx
2025-09-09 12:02:56,274 - INFO - backend.coordinators.order_coordinator.OrderCoordinator - (order_coordinator.py:48) - Reading order file: C:\Users\andrew\Desktop\Andrew\Projects\IthacaBakery\RandomStuff\WorkBot\refactor\data\orders\Peters Supply\Peters Supply_Triphammer_2025-09-05.xlsx
2025-09-09 12:02:56,291 - INFO - backend.coordinators.order_coordinator.OrderCoordinator - (order_coordinator.py:48) - Reading order file: C:\Users\andrew\Desktop\Andrew\Projects\IthacaBakery\RandomStuff\WorkBot\refactor\data\orders\Peters Supply\Peters Supply_Bakery_2025-09-09.xlsx
2025-09-09 12:05:24,191 - INFO - backend.coordinators.order_coordinator.OrderCoordinator - (order_coordinator.py:52) - Reading 2 order files.
2025-09-09 12:05:24,191 - INFO - backend.coordinators.order_coordinator.OrderCoordinator - (order_coordinator.py:48) - Reading order file: C:\Users\andrew\Desktop\Andrew\Projects\IthacaBakery\RandomStuff\WorkBot\refactor\data\orders\SANICO\SANICO_Downtown_2025-09-05.xlsx
2025-09-09 12:05:24,212 - INFO - backend.coordinators.order_coordinator.OrderCoordinator - (order_coordinator.py:48) - Reading order file: C:\Users\andrew\Desktop\Andrew\Projects\IthacaBakery\RandomStuff\WorkBot\refactor\data\orders\SANICO\SANICO_Bakery_2025-09-09.xlsx
