2025-08-02 07:10:10,575 - INFO - backend.bots.workbot.work_bot.WorkBot - Initializing WorkBot...
2025-08-02 07:10:10,592 - INFO - backend.bots.workbot.work_bot.WorkBot - WorkBot initialized successfully.
2025-08-02 07:10:10,592 - INFO - backend.bots.workbot.work_bot.WorkBot - WorkBot initialized successfully.
2025-08-02 07:12:10,788 - WARNING - backend.bots.workbot.work_bot.WorkBot - [Archive] Skipped A.L. George_Bakery_2025-07-28.xlsx: 'OrderCoordinator' object is not callable
2025-08-02 07:12:10,804 - WARNING - backend.bots.workbot.work_bot.WorkBot - [Archive] Skipped A.L. George_Collegetown_2025-07-25.xlsx: 'OrderCoordinator' object is not callable
2025-08-02 07:12:10,820 - WARNING - backend.bots.workbot.work_bot.WorkBot - [Archive] Skipped A.L. George_Triphammer_2025-07-25.xlsx: 'OrderCoordinator' object is not callable
2025-08-02 07:12:10,837 - WARNING - backend.bots.workbot.work_bot.WorkBot - [Archive] Skipped Atlantic Spice Company_Bakery_2025-07-28.xlsx: 'OrderCoordinator' object is not callable
2025-08-02 07:12:10,856 - WARNING - backend.bots.workbot.work_bot.WorkBot - [Archive] Skipped BALKAN BEVERAGE LLC_Bakery_2025-07-28.xlsx: 'OrderCoordinator' object is not callable
2025-08-02 07:12:10,872 - WARNING - backend.bots.workbot.work_bot.WorkBot - [Archive] Skipped BALKAN BEVERAGE LLC_Downtown_2025-07-25.xlsx: 'OrderCoordinator' object is not callable
2025-08-02 07:12:10,887 - WARNING - backend.bots.workbot.work_bot.WorkBot - [Archive] Skipped BALKAN BEVERAGE LLC_Triphammer_2025-07-25.xlsx: 'OrderCoordinator' object is not callable
2025-08-02 07:12:10,903 - WARNING - backend.bots.workbot.work_bot.WorkBot - [Archive] Skipped BJ's_Bakery_2025-07-26.xlsx: 'OrderCoordinator' object is not callable
2025-08-02 07:12:10,921 - WARNING - backend.bots.workbot.work_bot.WorkBot - [Archive] Skipped Coca-Cola_Bakery_2025-07-27.xlsx: 'OrderCoordinator' object is not callable
2025-08-02 07:12:10,938 - WARNING - backend.bots.workbot.work_bot.WorkBot - [Archive] Skipped Coca-Cola_Collegetown_2025-07-25.xlsx: 'OrderCoordinator' object is not callable
2025-08-02 07:12:10,954 - WARNING - backend.bots.workbot.work_bot.WorkBot - [Archive] Skipped Coca-Cola_Downtown_2025-07-25.xlsx: 'OrderCoordinator' object is not callable
2025-08-02 07:12:10,971 - WARNING - backend.bots.workbot.work_bot.WorkBot - [Archive] Skipped Coca-Cola_Easthill_2025-07-25.xlsx: 'OrderCoordinator' object is not callable
2025-08-02 07:12:10,989 - WARNING - backend.bots.workbot.work_bot.WorkBot - [Archive] Skipped Coca-Cola_Triphammer_2025-07-25.xlsx: 'OrderCoordinator' object is not callable
2025-08-02 07:12:11,006 - WARNING - backend.bots.workbot.work_bot.WorkBot - [Archive] Skipped Copper Horse Coffee_Bakery_2025-07-27.xlsx: 'OrderCoordinator' object is not callable
2025-08-02 07:12:11,024 - WARNING - backend.bots.workbot.work_bot.WorkBot - [Archive] Skipped Copper Horse Coffee_Collegetown_2025-07-25.xlsx: 'OrderCoordinator' object is not callable
2025-08-02 07:12:11,040 - WARNING - backend.bots.workbot.work_bot.WorkBot - [Archive] Skipped Copper Horse Coffee_Downtown_2025-07-25.xlsx: 'OrderCoordinator' object is not callable
2025-08-02 07:12:11,056 - WARNING - backend.bots.workbot.work_bot.WorkBot - [Archive] Skipped Copper Horse Coffee_Triphammer_2025-07-25.xlsx: 'OrderCoordinator' object is not callable
2025-08-02 07:12:11,073 - WARNING - backend.bots.workbot.work_bot.WorkBot - [Archive] Skipped DUTCH VALLEY FOOD DIST_Bakery_2025-07-30.xlsx: 'OrderCoordinator' object is not callable
2025-08-02 07:12:11,095 - WARNING - backend.bots.workbot.work_bot.WorkBot - [Archive] Skipped Equal Exchange_Bakery_2025-07-27.xlsx: 'OrderCoordinator' object is not callable
2025-08-02 07:12:11,112 - WARNING - backend.bots.workbot.work_bot.WorkBot - [Archive] Skipped Equal Exchange_Collegetown_2025-07-25.xlsx: 'OrderCoordinator' object is not callable
2025-08-02 07:12:11,130 - WARNING - backend.bots.workbot.work_bot.WorkBot - [Archive] Skipped Equal Exchange_Downtown_2025-07-25.xlsx: 'OrderCoordinator' object is not callable
2025-08-02 07:12:11,148 - WARNING - backend.bots.workbot.work_bot.WorkBot - [Archive] Skipped Equal Exchange_Easthill_2025-07-24.xlsx: 'OrderCoordinator' object is not callable
2025-08-02 07:12:11,165 - WARNING - backend.bots.workbot.work_bot.WorkBot - [Archive] Skipped Equal Exchange_Triphammer_2025-07-25.xlsx: 'OrderCoordinator' object is not callable
2025-08-02 07:12:11,180 - WARNING - backend.bots.workbot.work_bot.WorkBot - [Archive] Skipped Eurocafe Imports_Bakery_2025-07-27.xlsx: 'OrderCoordinator' object is not callable
2025-08-02 07:12:11,197 - WARNING - backend.bots.workbot.work_bot.WorkBot - [Archive] Skipped FingerLakes Farms_Bakery_2025-07-26.xlsx: 'OrderCoordinator' object is not callable
2025-08-02 07:12:11,215 - WARNING - backend.bots.workbot.work_bot.WorkBot - [Archive] Skipped FingerLakes Farms_Bakery_2025-07-30.xlsx: 'OrderCoordinator' object is not callable
2025-08-02 07:12:11,233 - WARNING - backend.bots.workbot.work_bot.WorkBot - [Archive] Skipped FingerLakes Farms_Collegetown_2025-07-25.xlsx: 'OrderCoordinator' object is not callable
2025-08-02 07:12:11,250 - WARNING - backend.bots.workbot.work_bot.WorkBot - [Archive] Skipped FingerLakes Farms_Collegetown_2025-07-30.xlsx: 'OrderCoordinator' object is not callable
2025-08-02 07:12:11,267 - WARNING - backend.bots.workbot.work_bot.WorkBot - [Archive] Skipped FingerLakes Farms_Downtown_2025-07-25.xlsx: 'OrderCoordinator' object is not callable
2025-08-02 07:12:11,284 - WARNING - backend.bots.workbot.work_bot.WorkBot - [Archive] Skipped FingerLakes Farms_Easthill_2025-07-24.xlsx: 'OrderCoordinator' object is not callable
2025-08-02 07:12:11,310 - WARNING - backend.bots.workbot.work_bot.WorkBot - [Archive] Skipped FingerLakes Farms_Triphammer_2025-07-25.xlsx: 'OrderCoordinator' object is not callable
2025-08-02 07:12:11,333 - WARNING - backend.bots.workbot.work_bot.WorkBot - [Archive] Skipped Harney and Sons Tea_Bakery_2025-07-27.xlsx: 'OrderCoordinator' object is not callable
2025-08-02 07:12:11,350 - WARNING - backend.bots.workbot.work_bot.WorkBot - [Archive] Skipped Hen of the Woods_Collegetown_2025-07-25.xlsx: 'OrderCoordinator' object is not callable
2025-08-02 07:12:11,368 - WARNING - backend.bots.workbot.work_bot.WorkBot - [Archive] Skipped Hill & Markes_Bakery_2025-07-29.xlsx: 'OrderCoordinator' object is not callable
2025-08-02 07:12:11,386 - WARNING - backend.bots.workbot.work_bot.WorkBot - [Archive] Skipped Hill & Markes_Collegetown_2025-07-25.xlsx: 'OrderCoordinator' object is not callable
2025-08-02 07:12:11,404 - WARNING - backend.bots.workbot.work_bot.WorkBot - [Archive] Skipped Hill & Markes_Downtown_2025-07-25.xlsx: 'OrderCoordinator' object is not callable
2025-08-02 07:12:11,424 - WARNING - backend.bots.workbot.work_bot.WorkBot - [Archive] Skipped Hill & Markes_Easthill_2025-07-24.xlsx: 'OrderCoordinator' object is not callable
2025-08-02 07:12:11,445 - WARNING - backend.bots.workbot.work_bot.WorkBot - [Archive] Skipped Hill & Markes_Triphammer_2025-07-25.xlsx: 'OrderCoordinator' object is not callable
2025-08-02 07:12:11,463 - WARNING - backend.bots.workbot.work_bot.WorkBot - [Archive] Skipped Hillcrest Dairy_Bakery_2025-07-26.xlsx: 'OrderCoordinator' object is not callable
2025-08-02 07:12:11,484 - WARNING - backend.bots.workbot.work_bot.WorkBot - [Archive] Skipped Hillcrest Dairy_Collegetown_2025-07-25.xlsx: 'OrderCoordinator' object is not callable
2025-08-02 07:12:11,502 - WARNING - backend.bots.workbot.work_bot.WorkBot - [Archive] Skipped Hillcrest Dairy_Downtown_2025-07-25.xlsx: 'OrderCoordinator' object is not callable
2025-08-02 07:12:11,521 - WARNING - backend.bots.workbot.work_bot.WorkBot - [Archive] Skipped Hillcrest Dairy_Easthill_2025-07-24.xlsx: 'OrderCoordinator' object is not callable
2025-08-02 07:12:11,538 - WARNING - backend.bots.workbot.work_bot.WorkBot - [Archive] Skipped Hillcrest Dairy_Triphammer_2025-07-25.xlsx: 'OrderCoordinator' object is not callable
2025-08-02 07:12:11,557 - WARNING - backend.bots.workbot.work_bot.WorkBot - [Archive] Skipped Hillcrest Foods_Bakery_2025-07-27.xlsx: 'OrderCoordinator' object is not callable
2025-08-02 07:12:11,575 - WARNING - backend.bots.workbot.work_bot.WorkBot - [Archive] Skipped Hillcrest Foods_Triphammer_2025-07-23.xlsx: 'OrderCoordinator' object is not callable
2025-08-02 07:12:11,596 - WARNING - backend.bots.workbot.work_bot.WorkBot - [Archive] Skipped Ithaca Bakery_Collegetown_2025-07-25.xlsx: 'OrderCoordinator' object is not callable
2025-08-02 07:12:11,617 - WARNING - backend.bots.workbot.work_bot.WorkBot - [Archive] Skipped Ithaca Bakery_Downtown_2025-07-25.xlsx: 'OrderCoordinator' object is not callable
2025-08-02 07:12:11,637 - WARNING - backend.bots.workbot.work_bot.WorkBot - [Archive] Skipped Ithaca Bakery_Easthill_2025-07-24.xlsx: 'OrderCoordinator' object is not callable
2025-08-02 07:12:11,652 - WARNING - backend.bots.workbot.work_bot.WorkBot - [Archive] Skipped Ithaca Bakery_Triphammer_2025-07-23.xlsx: 'OrderCoordinator' object is not callable
2025-08-02 07:12:11,673 - WARNING - backend.bots.workbot.work_bot.WorkBot - [Archive] Skipped Ithaca Bakery_Triphammer_2025-07-25.xlsx: 'OrderCoordinator' object is not callable
2025-08-02 07:12:11,691 - WARNING - backend.bots.workbot.work_bot.WorkBot - [Archive] Skipped Ithaca Bakery_Triphammer_2025-07-30.xlsx: 'OrderCoordinator' object is not callable
2025-08-02 07:12:11,710 - WARNING - backend.bots.workbot.work_bot.WorkBot - [Archive] Skipped Johnston Paper_Bakery_2025-07-29.xlsx: 'OrderCoordinator' object is not callable
2025-08-02 07:12:11,728 - WARNING - backend.bots.workbot.work_bot.WorkBot - [Archive] Skipped Johnston Paper_Collegetown_2025-07-25.xlsx: 'OrderCoordinator' object is not callable
2025-08-02 07:12:11,746 - WARNING - backend.bots.workbot.work_bot.WorkBot - [Archive] Skipped Johnston Paper_Downtown_2025-07-25.xlsx: 'OrderCoordinator' object is not callable
2025-08-02 07:12:11,762 - WARNING - backend.bots.workbot.work_bot.WorkBot - [Archive] Skipped Johnston Paper_Triphammer_2025-07-25.xlsx: 'OrderCoordinator' object is not callable
2025-08-02 07:12:11,778 - WARNING - backend.bots.workbot.work_bot.WorkBot - [Archive] Skipped Keck's Food Service_Bakery_2025-07-27.xlsx: 'OrderCoordinator' object is not callable
2025-08-02 07:12:11,795 - WARNING - backend.bots.workbot.work_bot.WorkBot - [Archive] Skipped Lentz_Bakery_2025-07-28.xlsx: 'OrderCoordinator' object is not callable
2025-08-02 07:12:11,811 - WARNING - backend.bots.workbot.work_bot.WorkBot - [Archive] Skipped Palmer_Bakery_2025-07-30.xlsx: 'OrderCoordinator' object is not callable
2025-08-02 07:12:11,831 - WARNING - backend.bots.workbot.work_bot.WorkBot - [Archive] Skipped Performance Food_Bakery_2025-07-26.xlsx: 'OrderCoordinator' object is not callable
2025-08-02 07:12:11,855 - WARNING - backend.bots.workbot.work_bot.WorkBot - [Archive] Skipped Performance Food_Bakery_2025-07-30.xlsx: 'OrderCoordinator' object is not callable
2025-08-02 07:12:11,873 - WARNING - backend.bots.workbot.work_bot.WorkBot - [Archive] Skipped Performance Food_Collegetown_2025-07-25.xlsx: 'OrderCoordinator' object is not callable
2025-08-02 07:12:11,890 - WARNING - backend.bots.workbot.work_bot.WorkBot - [Archive] Skipped Performance Food_Collegetown_2025-07-30.xlsx: 'OrderCoordinator' object is not callable
2025-08-02 07:12:11,908 - WARNING - backend.bots.workbot.work_bot.WorkBot - [Archive] Skipped Performance Food_Downtown_2025-07-25.xlsx: 'OrderCoordinator' object is not callable
2025-08-02 07:12:11,927 - WARNING - backend.bots.workbot.work_bot.WorkBot - [Archive] Skipped Performance Food_Easthill_2025-07-24.xlsx: 'OrderCoordinator' object is not callable
2025-08-02 07:12:11,948 - WARNING - backend.bots.workbot.work_bot.WorkBot - [Archive] Skipped Performance Food_Triphammer_2025-07-23.xlsx: 'OrderCoordinator' object is not callable
2025-08-02 07:12:11,971 - WARNING - backend.bots.workbot.work_bot.WorkBot - [Archive] Skipped Performance Food_Triphammer_2025-07-25.xlsx: 'OrderCoordinator' object is not callable
2025-08-02 07:12:11,990 - WARNING - backend.bots.workbot.work_bot.WorkBot - [Archive] Skipped Performance Food_Triphammer_2025-07-30.xlsx: 'OrderCoordinator' object is not callable
2025-08-02 07:12:12,008 - WARNING - backend.bots.workbot.work_bot.WorkBot - [Archive] Skipped Peters Supply_Bakery_2025-07-29.xlsx: 'OrderCoordinator' object is not callable
2025-08-02 07:12:12,024 - WARNING - backend.bots.workbot.work_bot.WorkBot - [Archive] Skipped Peters Supply_Collegetown_2025-07-25.xlsx: 'OrderCoordinator' object is not callable
2025-08-02 07:12:12,040 - WARNING - backend.bots.workbot.work_bot.WorkBot - [Archive] Skipped Peters Supply_Downtown_2025-07-25.xlsx: 'OrderCoordinator' object is not callable
2025-08-02 07:12:12,056 - WARNING - backend.bots.workbot.work_bot.WorkBot - [Archive] Skipped Peters Supply_Easthill_2025-07-24.xlsx: 'OrderCoordinator' object is not callable
2025-08-02 07:12:12,074 - WARNING - backend.bots.workbot.work_bot.WorkBot - [Archive] Skipped Peters Supply_Triphammer_2025-07-25.xlsx: 'OrderCoordinator' object is not callable
2025-08-02 07:12:12,092 - WARNING - backend.bots.workbot.work_bot.WorkBot - [Archive] Skipped Regional Distributors, Inc._Bakery_2025-07-28.xlsx: 'OrderCoordinator' object is not callable
2025-08-02 07:12:12,107 - WARNING - backend.bots.workbot.work_bot.WorkBot - [Archive] Skipped Regional Distributors, Inc._Collegetown_2025-07-25.xlsx: 'OrderCoordinator' object is not callable
2025-08-02 07:12:12,124 - WARNING - backend.bots.workbot.work_bot.WorkBot - [Archive] Skipped Regional Distributors, Inc._Downtown_2025-07-25.xlsx: 'OrderCoordinator' object is not callable
2025-08-02 07:12:12,140 - WARNING - backend.bots.workbot.work_bot.WorkBot - [Archive] Skipped Regional Distributors, Inc._Easthill_2025-07-24.xlsx: 'OrderCoordinator' object is not callable
2025-08-02 07:12:12,158 - WARNING - backend.bots.workbot.work_bot.WorkBot - [Archive] Skipped Regional Distributors, Inc._Triphammer_2025-07-25.xlsx: 'OrderCoordinator' object is not callable
2025-08-02 07:12:12,175 - WARNING - backend.bots.workbot.work_bot.WorkBot - [Archive] Skipped Russo Produce_Triphammer_2025-07-23.xlsx: 'OrderCoordinator' object is not callable
2025-08-02 07:12:12,193 - WARNING - backend.bots.workbot.work_bot.WorkBot - [Archive] Skipped Russo Produce_Triphammer_2025-07-27.xlsx: 'OrderCoordinator' object is not callable
2025-08-02 07:12:12,212 - WARNING - backend.bots.workbot.work_bot.WorkBot - [Archive] Skipped Russo Produce_Triphammer_2025-07-30.xlsx: 'OrderCoordinator' object is not callable
2025-08-02 07:12:12,228 - WARNING - backend.bots.workbot.work_bot.WorkBot - [Archive] Skipped SANICO_Downtown_2025-07-25.xlsx: 'OrderCoordinator' object is not callable
2025-08-02 07:12:12,244 - WARNING - backend.bots.workbot.work_bot.WorkBot - [Archive] Skipped Side Hill Acres_Bakery_2025-07-28.xlsx: 'OrderCoordinator' object is not callable
2025-08-02 07:12:12,261 - WARNING - backend.bots.workbot.work_bot.WorkBot - [Archive] Skipped Sweet Sam's Baking Company, LLC_Bakery_2025-07-30.xlsx: 'OrderCoordinator' object is not callable
2025-08-02 07:12:12,280 - WARNING - backend.bots.workbot.work_bot.WorkBot - [Archive] Skipped Sysco_Bakery_2025-07-26.xlsx: 'OrderCoordinator' object is not callable
2025-08-02 07:12:12,299 - WARNING - backend.bots.workbot.work_bot.WorkBot - [Archive] Skipped Sysco_Bakery_2025-07-30.xlsx: 'OrderCoordinator' object is not callable
2025-08-02 07:12:12,316 - WARNING - backend.bots.workbot.work_bot.WorkBot - [Archive] Skipped Sysco_Collegetown_2025-07-25.xlsx: 'OrderCoordinator' object is not callable
2025-08-02 07:12:12,334 - WARNING - backend.bots.workbot.work_bot.WorkBot - [Archive] Skipped Sysco_Collegetown_2025-07-30.xlsx: 'OrderCoordinator' object is not callable
2025-08-02 07:12:12,352 - WARNING - backend.bots.workbot.work_bot.WorkBot - [Archive] Skipped Sysco_Downtown_2025-07-25.xlsx: 'OrderCoordinator' object is not callable
2025-08-02 07:12:12,368 - WARNING - backend.bots.workbot.work_bot.WorkBot - [Archive] Skipped Sysco_Easthill_2025-07-24.xlsx: 'OrderCoordinator' object is not callable
2025-08-02 07:12:12,388 - WARNING - backend.bots.workbot.work_bot.WorkBot - [Archive] Skipped Sysco_Triphammer_2025-07-23.xlsx: 'OrderCoordinator' object is not callable
2025-08-02 07:12:12,408 - WARNING - backend.bots.workbot.work_bot.WorkBot - [Archive] Skipped Sysco_Triphammer_2025-07-25.xlsx: 'OrderCoordinator' object is not callable
2025-08-02 07:12:12,426 - WARNING - backend.bots.workbot.work_bot.WorkBot - [Archive] Skipped Sysco_Triphammer_2025-07-30.xlsx: 'OrderCoordinator' object is not callable
2025-08-02 07:12:12,446 - WARNING - backend.bots.workbot.work_bot.WorkBot - [Archive] Skipped UNFI_Bakery_2025-07-26.xlsx: 'OrderCoordinator' object is not callable
2025-08-02 07:12:12,464 - WARNING - backend.bots.workbot.work_bot.WorkBot - [Archive] Skipped UNFI_Collegetown_2025-07-25.xlsx: 'OrderCoordinator' object is not callable
2025-08-02 07:12:12,482 - WARNING - backend.bots.workbot.work_bot.WorkBot - [Archive] Skipped UNFI_Downtown_2025-07-25.xlsx: 'OrderCoordinator' object is not callable
2025-08-02 07:12:12,500 - WARNING - backend.bots.workbot.work_bot.WorkBot - [Archive] Skipped UNFI_Easthill_2025-07-24.xlsx: 'OrderCoordinator' object is not callable
2025-08-02 07:12:12,519 - WARNING - backend.bots.workbot.work_bot.WorkBot - [Archive] Skipped UNFI_Triphammer_2025-07-25.xlsx: 'OrderCoordinator' object is not callable
2025-08-02 07:12:12,541 - WARNING - backend.bots.workbot.work_bot.WorkBot - [Archive] Skipped US Foods_Bakery_2025-07-27.xlsx: 'OrderCoordinator' object is not callable
2025-08-02 07:12:12,558 - WARNING - backend.bots.workbot.work_bot.WorkBot - [Archive] Skipped US Foods_Bakery_2025-07-30.xlsx: 'OrderCoordinator' object is not callable
2025-08-02 07:12:12,579 - WARNING - backend.bots.workbot.work_bot.WorkBot - [Archive] Skipped US Foods_Collegetown_2025-07-25.xlsx: 'OrderCoordinator' object is not callable
2025-08-02 07:12:12,596 - WARNING - backend.bots.workbot.work_bot.WorkBot - [Archive] Skipped US Foods_Collegetown_2025-07-30.xlsx: 'OrderCoordinator' object is not callable
2025-08-02 07:12:12,614 - WARNING - backend.bots.workbot.work_bot.WorkBot - [Archive] Skipped US Foods_Downtown_2025-07-25.xlsx: 'OrderCoordinator' object is not callable
2025-08-02 07:12:12,632 - WARNING - backend.bots.workbot.work_bot.WorkBot - [Archive] Skipped US Foods_Easthill_2025-07-24.xlsx: 'OrderCoordinator' object is not callable
2025-08-02 07:12:12,651 - WARNING - backend.bots.workbot.work_bot.WorkBot - [Archive] Skipped US Foods_Triphammer_2025-07-23.xlsx: 'OrderCoordinator' object is not callable
2025-08-02 07:12:12,671 - WARNING - backend.bots.workbot.work_bot.WorkBot - [Archive] Skipped US Foods_Triphammer_2025-07-25.xlsx: 'OrderCoordinator' object is not callable
2025-08-02 07:12:12,690 - WARNING - backend.bots.workbot.work_bot.WorkBot - [Archive] Skipped US Foods_Triphammer_2025-07-30.xlsx: 'OrderCoordinator' object is not callable
2025-08-02 07:12:12,708 - WARNING - backend.bots.workbot.work_bot.WorkBot - [Archive] Skipped Webstaurant_Bakery_2025-07-27.xlsx: 'OrderCoordinator' object is not callable
2025-08-02 07:12:12,726 - WARNING - backend.bots.workbot.work_bot.WorkBot - [Archive] Skipped Webstaurant_Triphammer_2025-07-25.xlsx: 'OrderCoordinator' object is not callable
2025-08-02 07:12:12,744 - WARNING - backend.bots.workbot.work_bot.WorkBot - [Archive] Skipped Wegmans_Bakery_2025-07-26.xlsx: 'OrderCoordinator' object is not callable
2025-08-02 07:12:12,761 - WARNING - backend.bots.workbot.work_bot.WorkBot - [Archive] Skipped Worlds Best Cheeses_Collegetown_2025-07-25.xlsx: 'OrderCoordinator' object is not callable
2025-08-02 07:12:12,777 - WARNING - backend.bots.workbot.work_bot.WorkBot - [Archive] Skipped Worlds Best Cheeses_Downtown_2025-07-26.xlsx: 'OrderCoordinator' object is not callable
2025-08-02 07:13:30,749 - INFO - backend.bots.workbot.work_bot.WorkBot - Initializing WorkBot...
2025-08-02 07:13:30,756 - INFO - backend.bots.workbot.work_bot.WorkBot - WorkBot initialized successfully.
2025-08-02 07:13:30,756 - INFO - backend.bots.workbot.work_bot.WorkBot - WorkBot initialized successfully.
2025-08-02 07:15:47,751 - INFO - backend.bots.workbot.work_bot.WorkBot - Initializing WorkBot...
2025-08-02 07:15:47,757 - INFO - backend.bots.workbot.work_bot.WorkBot - WorkBot initialized successfully.
2025-08-02 07:15:47,758 - INFO - backend.bots.workbot.work_bot.WorkBot - WorkBot initialized successfully.
2025-08-02 09:08:26,472 - INFO - backend.bots.workbot.work_bot.WorkBot - Initializing WorkBot...
2025-08-02 09:08:26,479 - INFO - backend.bots.workbot.work_bot.WorkBot - WorkBot initialized successfully.
2025-08-02 09:08:26,479 - INFO - backend.bots.workbot.work_bot.WorkBot - WorkBot initialized successfully.
2025-08-02 09:08:38,738 - INFO - backend.bots.workbot.work_bot.WorkBot - Generating vendor upload files for stores=['Bakery', 'Easthill', 'Downtown', 'Collegetown'], vendors=['UNFI'], start_date=None, end_date=None
2025-08-02 09:08:38,743 - INFO - backend.bots.workbot.work_bot.WorkBot - Found 4 order files to process.
2025-08-02 09:10:07,777 - INFO - backend.bots.workbot.work_bot.WorkBot - Initializing WorkBot...
2025-08-02 09:10:07,784 - INFO - backend.bots.workbot.work_bot.WorkBot - WorkBot initialized successfully.
2025-08-02 09:10:07,784 - INFO - backend.bots.workbot.work_bot.WorkBot - WorkBot initialized successfully.
2025-08-02 09:10:14,692 - INFO - backend.bots.workbot.work_bot.WorkBot - Generating vendor upload files for stores=['Bakery', 'Easthill', 'Downtown', 'Collegetown'], vendors=['UNFI'], start_date=None, end_date=None
2025-08-02 09:10:14,698 - INFO - backend.bots.workbot.work_bot.WorkBot - Found 4 order files to process.
2025-08-02 09:10:59,600 - INFO - backend.bots.workbot.work_bot.WorkBot - Initializing WorkBot...
2025-08-02 09:10:59,607 - INFO - backend.bots.workbot.work_bot.WorkBot - WorkBot initialized successfully.
2025-08-02 09:10:59,607 - INFO - backend.bots.workbot.work_bot.WorkBot - WorkBot initialized successfully.
2025-08-02 09:11:02,340 - INFO - backend.bots.workbot.work_bot.WorkBot - Generating vendor upload files for stores=['Bakery', 'Easthill', 'Downtown', 'Collegetown'], vendors=['UNFI'], start_date=None, end_date=None
2025-08-02 09:11:02,346 - INFO - backend.bots.workbot.work_bot.WorkBot - Found 4 order files to process.
2025-08-02 09:11:02,346 - INFO - backend.bots.workbot.work_bot.WorkBot - Reading order file: C:\Users\andrew\Desktop\Andrew\Projects\IthacaBakery\RandomStuff\WorkBot\refactor\data\orders\UNFI\UNFI_Bakery_2025-08-02.xlsx
2025-08-02 09:12:39,861 - INFO - backend.bots.workbot.work_bot.WorkBot - Initializing WorkBot...
2025-08-02 09:12:39,868 - INFO - backend.bots.workbot.work_bot.WorkBot - WorkBot initialized successfully.
2025-08-02 09:12:39,868 - INFO - backend.bots.workbot.work_bot.WorkBot - WorkBot initialized successfully.
2025-08-02 09:12:42,086 - INFO - backend.bots.workbot.work_bot.WorkBot - Generating vendor upload files for stores=['Bakery', 'Easthill', 'Downtown', 'Collegetown'], vendors=['UNFI'], start_date=None, end_date=None
2025-08-02 09:12:42,091 - INFO - backend.bots.workbot.work_bot.WorkBot - Found 4 order files to process.
2025-08-02 09:12:42,091 - INFO - backend.bots.workbot.work_bot.WorkBot - Reading order file: C:\Users\andrew\Desktop\Andrew\Projects\IthacaBakery\RandomStuff\WorkBot\refactor\data\orders\UNFI\UNFI_Bakery_2025-08-02.xlsx
2025-08-02 09:13:54,407 - INFO - backend.bots.workbot.work_bot.WorkBot - Initializing WorkBot...
2025-08-02 09:13:54,414 - INFO - backend.bots.workbot.work_bot.WorkBot - WorkBot initialized successfully.
2025-08-02 09:13:54,414 - INFO - backend.bots.workbot.work_bot.WorkBot - WorkBot initialized successfully.
2025-08-02 09:13:56,095 - INFO - backend.bots.workbot.work_bot.WorkBot - Generating vendor upload files for stores=['Bakery', 'Easthill', 'Downtown', 'Collegetown'], vendors=['UNFI'], start_date=None, end_date=None
2025-08-02 09:13:56,101 - INFO - backend.bots.workbot.work_bot.WorkBot - Found 4 order files to process.
2025-08-02 09:13:56,101 - INFO - backend.bots.workbot.work_bot.WorkBot - Reading order file: C:\Users\andrew\Desktop\Andrew\Projects\IthacaBakery\RandomStuff\WorkBot\refactor\data\orders\UNFI\UNFI_Bakery_2025-08-02.xlsx
2025-08-02 09:17:05,445 - INFO - backend.bots.workbot.work_bot.WorkBot - Initializing WorkBot...
2025-08-02 09:17:05,462 - INFO - backend.bots.workbot.work_bot.WorkBot - WorkBot initialized successfully.
2025-08-02 09:17:05,462 - INFO - backend.bots.workbot.work_bot.WorkBot - WorkBot initialized successfully.
2025-08-02 09:17:08,667 - INFO - backend.bots.workbot.work_bot.WorkBot - Generating vendor upload files for stores=['Bakery', 'Easthill', 'Downtown', 'Collegetown'], vendors=['UNFI'], start_date=None, end_date=None
2025-08-02 09:17:08,672 - INFO - backend.bots.workbot.work_bot.WorkBot - Found 4 order files to process.
2025-08-02 09:17:08,672 - INFO - backend.bots.workbot.work_bot.WorkBot - Reading order file: C:\Users\andrew\Desktop\Andrew\Projects\IthacaBakery\RandomStuff\WorkBot\refactor\data\orders\UNFI\UNFI_Bakery_2025-08-02.xlsx
2025-08-02 09:18:10,627 - INFO - backend.bots.workbot.work_bot.WorkBot - Initializing WorkBot...
2025-08-02 09:18:10,645 - INFO - backend.bots.workbot.work_bot.WorkBot - WorkBot initialized successfully.
2025-08-02 09:18:10,646 - INFO - backend.bots.workbot.work_bot.WorkBot - WorkBot initialized successfully.
2025-08-02 09:18:16,420 - INFO - backend.bots.workbot.work_bot.WorkBot - Generating vendor upload files for stores=['Bakery', 'Easthill', 'Downtown', 'Collegetown'], vendors=['UNFI'], start_date=None, end_date=None
2025-08-02 09:18:16,425 - INFO - backend.bots.workbot.work_bot.WorkBot - Found 4 order files to process.
2025-08-02 09:18:16,425 - INFO - backend.bots.workbot.work_bot.WorkBot - Reading order file: C:\Users\andrew\Desktop\Andrew\Projects\IthacaBakery\RandomStuff\WorkBot\refactor\data\orders\UNFI\UNFI_Bakery_2025-08-02.xlsx
2025-08-02 09:18:16,431 - INFO - backend.bots.workbot.work_bot.WorkBot - Reading order file: C:\Users\andrew\Desktop\Andrew\Projects\IthacaBakery\RandomStuff\WorkBot\refactor\data\orders\UNFI\UNFI_Collegetown_2025-08-01.xlsx
2025-08-02 09:18:16,448 - INFO - backend.bots.workbot.work_bot.WorkBot - Reading order file: C:\Users\andrew\Desktop\Andrew\Projects\IthacaBakery\RandomStuff\WorkBot\refactor\data\orders\UNFI\UNFI_Downtown_2025-08-01.xlsx
2025-08-02 09:18:16,466 - INFO - backend.bots.workbot.work_bot.WorkBot - Reading order file: C:\Users\andrew\Desktop\Andrew\Projects\IthacaBakery\RandomStuff\WorkBot\refactor\data\orders\UNFI\UNFI_Easthill_2025-08-01.xlsx
2025-08-02 09:18:16,508 - INFO - backend.bots.workbot.work_bot.WorkBot - Vendor upload file generation complete. 4 files created.
2025-08-02 12:23:30,789 - INFO - backend.bots.workbot.work_bot.WorkBot - Generating vendor upload files for stores=['Triphammer'], vendors=['UNFI'], start_date=None, end_date=None
2025-08-02 12:23:30,793 - INFO - backend.bots.workbot.work_bot.WorkBot - Found 1 order files to process.
2025-08-02 12:23:30,793 - INFO - backend.bots.workbot.work_bot.WorkBot - Reading order file: C:\Users\andrew\Desktop\Andrew\Projects\IthacaBakery\RandomStuff\WorkBot\refactor\data\orders\UNFI\UNFI_Triphammer_2025-08-02.xlsx
2025-08-02 12:23:30,806 - INFO - backend.bots.workbot.work_bot.WorkBot - Vendor upload file generation complete. 1 files created.
2025-08-03 08:58:58,375 - INFO - backend.bots.workbot.work_bot.WorkBot - Initializing WorkBot...
2025-08-03 08:58:58,408 - INFO - backend.bots.workbot.work_bot.WorkBot - WorkBot initialized successfully.
2025-08-03 08:58:58,408 - INFO - backend.bots.workbot.work_bot.WorkBot - WorkBot initialized successfully.
2025-08-03 10:49:43,172 - INFO - backend.bots.workbot.work_bot.WorkBot - Generating vendor upload files for stores=['Bakery', 'Collegetown', 'Easthill', 'Downtown'], vendors=['Sysco', 'Performance Food', 'US Foods'], start_date=None, end_date=None
2025-08-03 10:49:43,181 - INFO - backend.bots.workbot.work_bot.WorkBot - Found 12 order files to process.
2025-08-03 10:49:43,181 - INFO - backend.bots.workbot.work_bot.WorkBot - Reading order file: C:\Users\andrew\Desktop\Andrew\Projects\IthacaBakery\RandomStuff\WorkBot\refactor\data\orders\Performance Food\Performance Food_Bakery_2025-08-03.xlsx
2025-08-03 10:49:43,205 - INFO - backend.bots.workbot.work_bot.WorkBot - Reading order file: C:\Users\andrew\Desktop\Andrew\Projects\IthacaBakery\RandomStuff\WorkBot\refactor\data\orders\Performance Food\Performance Food_Collegetown_2025-08-01.xlsx
2025-08-03 10:49:43,225 - INFO - backend.bots.workbot.work_bot.WorkBot - Reading order file: C:\Users\andrew\Desktop\Andrew\Projects\IthacaBakery\RandomStuff\WorkBot\refactor\data\orders\Performance Food\Performance Food_Downtown_2025-08-01.xlsx
2025-08-03 10:49:43,243 - INFO - backend.bots.workbot.work_bot.WorkBot - Reading order file: C:\Users\andrew\Desktop\Andrew\Projects\IthacaBakery\RandomStuff\WorkBot\refactor\data\orders\Performance Food\Performance Food_Easthill_2025-08-01.xlsx
2025-08-03 10:49:43,261 - INFO - backend.bots.workbot.work_bot.WorkBot - Reading order file: C:\Users\andrew\Desktop\Andrew\Projects\IthacaBakery\RandomStuff\WorkBot\refactor\data\orders\Sysco\Sysco_Bakery_2025-08-03.xlsx
2025-08-03 10:49:43,278 - INFO - backend.bots.workbot.work_bot.WorkBot - Reading order file: C:\Users\andrew\Desktop\Andrew\Projects\IthacaBakery\RandomStuff\WorkBot\refactor\data\orders\Sysco\Sysco_Collegetown_2025-08-01.xlsx
2025-08-03 10:49:43,295 - INFO - backend.bots.workbot.work_bot.WorkBot - Reading order file: C:\Users\andrew\Desktop\Andrew\Projects\IthacaBakery\RandomStuff\WorkBot\refactor\data\orders\Sysco\Sysco_Downtown_2025-08-01.xlsx
2025-08-03 10:49:43,311 - INFO - backend.bots.workbot.work_bot.WorkBot - Reading order file: C:\Users\andrew\Desktop\Andrew\Projects\IthacaBakery\RandomStuff\WorkBot\refactor\data\orders\Sysco\Sysco_Easthill_2025-08-01.xlsx
2025-08-03 10:49:43,329 - INFO - backend.bots.workbot.work_bot.WorkBot - Reading order file: C:\Users\andrew\Desktop\Andrew\Projects\IthacaBakery\RandomStuff\WorkBot\refactor\data\orders\US Foods\US Foods_Bakery_2025-08-03.xlsx
2025-08-03 10:49:43,347 - INFO - backend.bots.workbot.work_bot.WorkBot - Reading order file: C:\Users\andrew\Desktop\Andrew\Projects\IthacaBakery\RandomStuff\WorkBot\refactor\data\orders\US Foods\US Foods_Collegetown_2025-08-01.xlsx
2025-08-03 10:49:43,364 - INFO - backend.bots.workbot.work_bot.WorkBot - Reading order file: C:\Users\andrew\Desktop\Andrew\Projects\IthacaBakery\RandomStuff\WorkBot\refactor\data\orders\US Foods\US Foods_Downtown_2025-08-01.xlsx
2025-08-03 10:49:43,382 - INFO - backend.bots.workbot.work_bot.WorkBot - Reading order file: C:\Users\andrew\Desktop\Andrew\Projects\IthacaBakery\RandomStuff\WorkBot\refactor\data\orders\US Foods\US Foods_Easthill_2025-08-01.xlsx
2025-08-03 10:49:43,472 - INFO - backend.bots.workbot.work_bot.WorkBot - Vendor upload file generation complete. 12 files created.
2025-08-04 06:58:53,488 - INFO - backend.bots.workbot.work_bot.WorkBot - Initializing WorkBot...
2025-08-04 06:58:53,513 - INFO - backend.bots.workbot.work_bot.WorkBot - WorkBot initialized successfully.
2025-08-04 06:58:53,513 - INFO - backend.bots.workbot.work_bot.WorkBot - WorkBot initialized successfully.
2025-08-05 10:57:51,093 - INFO - backend.bots.workbot.work_bot.WorkBot - Initializing WorkBot...
2025-08-05 10:57:51,124 - INFO - backend.bots.workbot.work_bot.WorkBot - WorkBot initialized successfully.
2025-08-05 10:57:51,125 - INFO - backend.bots.workbot.work_bot.WorkBot - WorkBot initialized successfully.
2025-08-05 11:03:44,197 - INFO - backend.bots.workbot.work_bot.WorkBot - Generating vendor upload files for stores=['Triphammer'], vendors=['US Foods'], start_date=None, end_date=None
2025-08-05 11:03:44,208 - INFO - backend.bots.workbot.work_bot.WorkBot - Found 1 order files to process.
2025-08-05 11:03:44,208 - INFO - backend.bots.workbot.work_bot.WorkBot - Reading order file: C:\Users\andrew\Desktop\Andrew\Projects\IthacaBakery\RandomStuff\WorkBot\refactor\data\orders\US Foods\US Foods_Triphammer_2025-08-02.xlsx
2025-08-05 11:03:44,239 - INFO - backend.bots.workbot.work_bot.WorkBot - Vendor upload file generation complete. 1 files created.
2025-08-05 11:09:39,400 - INFO - backend.bots.workbot.work_bot.WorkBot - Generating vendor upload files for stores=['Triphammer', 'Easthill', 'Collegetown', 'Downtown', 'Bakery'], vendors=['Hill & Marks'], start_date=None, end_date=None
2025-08-05 11:09:39,403 - INFO - backend.bots.workbot.work_bot.WorkBot - Found 0 order files to process.
2025-08-05 11:09:39,405 - INFO - backend.bots.workbot.work_bot.WorkBot - Vendor upload file generation complete. 0 files created.
2025-08-05 11:15:59,644 - INFO - backend.bots.workbot.work_bot.WorkBot - Generating vendor upload files for stores=['Triphammer', 'Easthill', 'Collegetown', 'Downtown', 'Bakery'], vendors=['Hill & Markes'], start_date=None, end_date=None
2025-08-05 11:15:59,685 - INFO - backend.bots.workbot.work_bot.WorkBot - Found 5 order files to process.
2025-08-05 11:15:59,685 - INFO - backend.bots.workbot.work_bot.WorkBot - Reading order file: C:\Users\andrew\Desktop\Andrew\Projects\IthacaBakery\RandomStuff\WorkBot\refactor\data\orders\Hill & Markes\Hill & Markes_Bakery_2025-08-05.xlsx
2025-08-05 11:15:59,701 - INFO - backend.bots.workbot.work_bot.WorkBot - Reading order file: C:\Users\andrew\Desktop\Andrew\Projects\IthacaBakery\RandomStuff\WorkBot\refactor\data\orders\Hill & Markes\Hill & Markes_Collegetown_2025-08-01.xlsx
2025-08-05 11:15:59,717 - INFO - backend.bots.workbot.work_bot.WorkBot - Reading order file: C:\Users\andrew\Desktop\Andrew\Projects\IthacaBakery\RandomStuff\WorkBot\refactor\data\orders\Hill & Markes\Hill & Markes_Downtown_2025-08-01.xlsx
2025-08-05 11:15:59,733 - INFO - backend.bots.workbot.work_bot.WorkBot - Reading order file: C:\Users\andrew\Desktop\Andrew\Projects\IthacaBakery\RandomStuff\WorkBot\refactor\data\orders\Hill & Markes\Hill & Markes_Easthill_2025-08-01.xlsx
2025-08-05 11:15:59,749 - INFO - backend.bots.workbot.work_bot.WorkBot - Reading order file: C:\Users\andrew\Desktop\Andrew\Projects\IthacaBakery\RandomStuff\WorkBot\refactor\data\orders\Hill & Markes\Hill & Markes_Triphammer_2025-08-02.xlsx
2025-08-05 11:15:59,874 - INFO - backend.bots.workbot.work_bot.WorkBot - Vendor upload file generation complete. 5 files created.
2025-08-05 18:09:43,682 - INFO - backend.bots.workbot.work_bot.WorkBot - Initializing WorkBot...
2025-08-05 18:10:01,548 - INFO - backend.bots.workbot.work_bot.WorkBot - Initializing WorkBot...
2025-08-05 18:10:01,560 - INFO - backend.bots.workbot.work_bot.WorkBot - WorkBot initialized successfully.
2025-08-05 18:14:40,373 - INFO - backend.bots.workbot.work_bot.WorkBot - Initializing WorkBot...
2025-08-05 18:14:40,385 - INFO - backend.bots.workbot.work_bot.WorkBot - WorkBot initialized successfully.
2025-08-05 18:18:35,902 - INFO - backend.bots.workbot.work_bot.WorkBot - Initializing WorkBot...
2025-08-05 18:18:35,914 - INFO - backend.bots.workbot.work_bot.WorkBot - WorkBot initialized successfully.
2025-08-05 18:19:25,517 - INFO - backend.bots.workbot.work_bot.WorkBot - Initializing WorkBot...
2025-08-05 18:19:25,530 - INFO - backend.bots.workbot.work_bot.WorkBot - WorkBot initialized successfully.
2025-08-05 18:23:04,777 - INFO - backend.bots.workbot.work_bot.WorkBot - Initializing WorkBot...
2025-08-05 18:23:04,789 - INFO - backend.bots.workbot.work_bot.WorkBot - WorkBot initialized successfully.
2025-08-05 18:24:05,171 - INFO - backend.bots.workbot.work_bot.WorkBot - Initializing WorkBot...
2025-08-05 18:24:05,183 - INFO - backend.bots.workbot.work_bot.WorkBot - WorkBot initialized successfully.
2025-08-05 18:33:31,809 - INFO - backend.bots.workbot.work_bot.WorkBot - Initializing WorkBot...
2025-08-05 18:33:31,821 - INFO - backend.bots.workbot.work_bot.WorkBot - WorkBot initialized successfully.
