2025-09-16 08:42:33,397 - INFO - backend.bots.workbot.work_bot.WorkBot - (work_bot.py:53) - Initializing WorkBot...
2025-09-16 08:48:42,271 - INFO - backend.bots.workbot.work_bot.WorkBot - (work_bot.py:62) - Initializing WorkBot...
2025-09-16 08:48:56,180 - INFO - backend.bots.workbot.work_bot.WorkBot - (work_bot.py:62) - Initializing WorkBot...
2025-09-16 08:48:56,181 - INFO - backend.bots.workbot.work_bot.WorkBot - (work_bot.py:93) - WorkBot initialized successfully.
2025-09-20 12:44:20,672 - INFO - backend.bots.workbot.work_bot.WorkBot - (work_bot.py:62) - Initializing WorkBot...
2025-09-20 12:44:20,672 - INFO - backend.bots.workbot.work_bot.WorkBot - (work_bot.py:93) - WorkBot initialized successfully.
2025-09-21 13:06:19,876 - INFO - backend.bots.workbot.work_bot.WorkBot - (work_bot.py:62) - Initializing WorkBot...
2025-09-21 13:06:19,877 - INFO - backend.bots.workbot.work_bot.WorkBot - (work_bot.py:93) - WorkBot initialized successfully.
2025-09-21 13:43:13,832 - INFO - backend.bots.workbot.work_bot.WorkBot - (work_bot.py:62) - Initializing WorkBot...
2025-09-21 13:43:13,833 - INFO - backend.bots.workbot.work_bot.WorkBot - (work_bot.py:93) - WorkBot initialized successfully.
2025-09-21 13:59:17,165 - INFO - backend.bots.workbot.work_bot.WorkBot - (work_bot.py:62) - Initializing WorkBot...
2025-09-21 13:59:17,165 - INFO - backend.bots.workbot.work_bot.WorkBot - (work_bot.py:93) - WorkBot initialized successfully.
2025-09-21 14:06:44,370 - INFO - backend.bots.workbot.work_bot.WorkBot - (work_bot.py:62) - Initializing WorkBot...
2025-09-21 14:06:44,371 - INFO - backend.bots.workbot.work_bot.WorkBot - (work_bot.py:93) - WorkBot initialized successfully.
2025-09-21 14:40:06,088 - INFO - backend.bots.workbot.work_bot.WorkBot - (work_bot.py:189) - Generating vendor upload files for stores=['Bakery'], vendors=['Sysco', 'Performance Food', 'US Foods', 'UNFI'], start_date=None, end_date=None
2025-09-21 14:40:06,088 - INFO - backend.bots.workbot.work_bot.WorkBot - (work_bot.py:109) - Retrieving order files for: stores=[['Bakery']], vendors=[['Sysco', 'Performance Food', 'US Foods', 'UNFI']], formats=[['xlsx']]
2025-09-21 14:40:06,089 - INFO - backend.bots.workbot.work_bot.WorkBot - (work_bot.py:193) - Found 0 order files to process.
2025-09-21 14:40:06,090 - INFO - backend.bots.workbot.work_bot.WorkBot - (work_bot.py:216) - Vendor upload file generation complete. 0 files created.
2025-09-23 08:08:59,238 - INFO - backend.bots.workbot.work_bot.WorkBot - (work_bot.py:62) - Initializing WorkBot...
2025-09-23 08:08:59,239 - INFO - backend.bots.workbot.work_bot.WorkBot - (work_bot.py:93) - WorkBot initialized successfully.
2025-09-23 08:09:16,667 - INFO - backend.bots.workbot.work_bot.WorkBot - (work_bot.py:189) - Generating vendor upload files for stores=['Bakery'], vendors=['Sysco'], start_date=None, end_date=None
2025-09-23 08:09:16,667 - INFO - backend.bots.workbot.work_bot.WorkBot - (work_bot.py:109) - Retrieving order files for: stores=[['Bakery']], vendors=[['Sysco']], formats=[['xlsx']]
2025-09-23 08:09:16,668 - INFO - backend.bots.workbot.work_bot.WorkBot - (work_bot.py:193) - Found 0 order files to process.
2025-09-23 08:09:16,668 - INFO - backend.bots.workbot.work_bot.WorkBot - (work_bot.py:216) - Vendor upload file generation complete. 0 files created.
2025-09-23 08:17:03,207 - INFO - backend.bots.workbot.work_bot.WorkBot - (work_bot.py:189) - Generating vendor upload files for stores=['Bakery'], vendors=['Sysco'], start_date=None, end_date=None
2025-09-23 08:17:03,207 - INFO - backend.bots.workbot.work_bot.WorkBot - (work_bot.py:109) - Retrieving order files for: stores=[['Bakery']], vendors=[['Sysco']], formats=[['xlsx']]
2025-09-23 08:17:03,208 - INFO - backend.bots.workbot.work_bot.WorkBot - (work_bot.py:193) - Found 0 order files to process.
2025-09-23 08:17:03,208 - INFO - backend.bots.workbot.work_bot.WorkBot - (work_bot.py:216) - Vendor upload file generation complete. 0 files created.
2025-09-23 09:09:57,502 - INFO - backend.bots.workbot.work_bot.WorkBot - (work_bot.py:62) - Initializing WorkBot...
2025-09-23 09:09:57,502 - INFO - backend.bots.workbot.work_bot.WorkBot - (work_bot.py:93) - WorkBot initialized successfully.
2025-09-23 09:10:06,007 - INFO - backend.bots.workbot.work_bot.WorkBot - (work_bot.py:189) - Generating vendor upload files for stores=['Bakery'], vendors=['Sysco'], start_date=None, end_date=None
2025-09-23 09:10:06,007 - INFO - backend.bots.workbot.work_bot.WorkBot - (work_bot.py:109) - Retrieving order files for: stores=[['Bakery']], vendors=[['Sysco']], formats=[['xlsx']]
2025-09-23 09:10:06,008 - INFO - backend.bots.workbot.work_bot.WorkBot - (work_bot.py:193) - Found 0 order files to process.
2025-09-23 09:10:06,009 - INFO - backend.bots.workbot.work_bot.WorkBot - (work_bot.py:216) - Vendor upload file generation complete. 0 files created.
2025-09-23 09:15:10,218 - INFO - backend.bots.workbot.work_bot.WorkBot - (work_bot.py:62) - Initializing WorkBot...
2025-09-23 09:15:10,219 - INFO - backend.bots.workbot.work_bot.WorkBot - (work_bot.py:93) - WorkBot initialized successfully.
2025-09-23 09:19:17,634 - INFO - backend.bots.workbot.work_bot.WorkBot - (work_bot.py:62) - Initializing WorkBot...
2025-09-23 09:19:17,635 - INFO - backend.bots.workbot.work_bot.WorkBot - (work_bot.py:93) - WorkBot initialized successfully.
2025-09-23 09:20:54,849 - INFO - backend.bots.workbot.work_bot.WorkBot - (work_bot.py:62) - Initializing WorkBot...
2025-09-23 09:20:54,850 - INFO - backend.bots.workbot.work_bot.WorkBot - (work_bot.py:93) - WorkBot initialized successfully.
2025-09-23 09:22:44,534 - INFO - backend.bots.workbot.work_bot.WorkBot - (work_bot.py:62) - Initializing WorkBot...
2025-09-23 09:22:44,535 - INFO - backend.bots.workbot.work_bot.WorkBot - (work_bot.py:93) - WorkBot initialized successfully.
2025-09-23 09:25:58,770 - INFO - backend.bots.workbot.work_bot.WorkBot - (work_bot.py:62) - Initializing WorkBot...
2025-09-23 09:25:58,770 - INFO - backend.bots.workbot.work_bot.WorkBot - (work_bot.py:93) - WorkBot initialized successfully.
2025-09-23 09:28:51,985 - INFO - backend.bots.workbot.work_bot.WorkBot - (work_bot.py:189) - Generating vendor upload files for stores=['Bakery'], vendors=['Sysco'], start_date=None, end_date=None
2025-09-23 09:28:51,985 - INFO - backend.bots.workbot.work_bot.WorkBot - (work_bot.py:109) - Retrieving order files for: stores=[['Bakery']], vendors=[['Sysco']], formats=[['xlsx']]
2025-09-23 09:28:51,986 - INFO - backend.bots.workbot.work_bot.WorkBot - (work_bot.py:193) - Found 0 order files to process.
2025-09-23 09:28:51,986 - INFO - backend.bots.workbot.work_bot.WorkBot - (work_bot.py:216) - Vendor upload file generation complete. 0 files created.
2025-09-23 09:31:15,815 - INFO - backend.bots.workbot.work_bot.WorkBot - (work_bot.py:62) - Initializing WorkBot...
2025-09-23 09:31:15,816 - INFO - backend.bots.workbot.work_bot.WorkBot - (work_bot.py:93) - WorkBot initialized successfully.
2025-09-23 09:31:17,747 - INFO - backend.bots.workbot.work_bot.WorkBot - (work_bot.py:189) - Generating vendor upload files for stores=['Bakery'], vendors=['Sysco'], start_date=None, end_date=None
2025-09-23 09:31:17,747 - INFO - backend.bots.workbot.work_bot.WorkBot - (work_bot.py:109) - Retrieving order files for: stores=[['Bakery']], vendors=[['Sysco']], formats=[['xlsx']]
2025-09-23 09:31:17,748 - INFO - backend.bots.workbot.work_bot.WorkBot - (work_bot.py:193) - Found 0 order files to process.
2025-09-23 09:31:17,749 - INFO - backend.bots.workbot.work_bot.WorkBot - (work_bot.py:216) - Vendor upload file generation complete. 0 files created.
2025-09-23 09:56:00,923 - INFO - backend.bots.workbot.work_bot.WorkBot - (work_bot.py:62) - Initializing WorkBot...
2025-09-23 09:56:00,923 - INFO - backend.bots.workbot.work_bot.WorkBot - (work_bot.py:93) - WorkBot initialized successfully.
2025-09-23 09:56:02,128 - INFO - backend.bots.workbot.work_bot.WorkBot - (work_bot.py:189) - Generating vendor upload files for stores=['Bakery'], vendors=['Sysco'], start_date=None, end_date=None
2025-09-23 09:56:02,128 - INFO - backend.bots.workbot.work_bot.WorkBot - (work_bot.py:109) - Retrieving order files for: stores=[['Bakery']], vendors=[['Sysco']], formats=[['xlsx']]
2025-09-23 09:56:02,134 - INFO - backend.bots.workbot.work_bot.WorkBot - (work_bot.py:193) - Found 1 order files to process.
2025-09-23 09:57:40,156 - INFO - backend.bots.workbot.work_bot.WorkBot - (work_bot.py:62) - Initializing WorkBot...
2025-09-23 09:57:40,157 - INFO - backend.bots.workbot.work_bot.WorkBot - (work_bot.py:93) - WorkBot initialized successfully.
2025-09-23 09:57:41,066 - INFO - backend.bots.workbot.work_bot.WorkBot - (work_bot.py:189) - Generating vendor upload files for stores=['Bakery'], vendors=['Sysco'], start_date=None, end_date=None
2025-09-23 09:57:41,066 - INFO - backend.bots.workbot.work_bot.WorkBot - (work_bot.py:109) - Retrieving order files for: stores=[['Bakery']], vendors=[['Sysco']], formats=[['xlsx']]
2025-09-23 09:57:41,072 - INFO - backend.bots.workbot.work_bot.WorkBot - (work_bot.py:193) - Found 1 order files to process.
2025-09-23 09:58:32,252 - INFO - backend.bots.workbot.work_bot.WorkBot - (work_bot.py:62) - Initializing WorkBot...
2025-09-23 09:58:32,253 - INFO - backend.bots.workbot.work_bot.WorkBot - (work_bot.py:93) - WorkBot initialized successfully.
2025-09-23 09:58:34,131 - INFO - backend.bots.workbot.work_bot.WorkBot - (work_bot.py:189) - Generating vendor upload files for stores=['Bakery'], vendors=['Sysco'], start_date=None, end_date=None
2025-09-23 09:58:34,131 - INFO - backend.bots.workbot.work_bot.WorkBot - (work_bot.py:109) - Retrieving order files for: stores=[['Bakery']], vendors=[['Sysco']], formats=[['xlsx']]
2025-09-23 09:58:34,136 - INFO - backend.bots.workbot.work_bot.WorkBot - (work_bot.py:193) - Found 1 order files to process.
2025-09-23 10:00:08,529 - INFO - backend.bots.workbot.work_bot.WorkBot - (work_bot.py:62) - Initializing WorkBot...
2025-09-23 10:00:08,529 - INFO - backend.bots.workbot.work_bot.WorkBot - (work_bot.py:93) - WorkBot initialized successfully.
2025-09-23 10:00:09,828 - INFO - backend.bots.workbot.work_bot.WorkBot - (work_bot.py:189) - Generating vendor upload files for stores=['Bakery'], vendors=['Sysco'], start_date=None, end_date=None
2025-09-23 10:00:09,828 - INFO - backend.bots.workbot.work_bot.WorkBot - (work_bot.py:109) - Retrieving order files for: stores=[['Bakery']], vendors=[['Sysco']], formats=[['xlsx']]
2025-09-23 10:00:09,834 - INFO - backend.bots.workbot.work_bot.WorkBot - (work_bot.py:193) - Found 1 order files to process.
2025-09-23 10:11:42,636 - INFO - backend.bots.workbot.work_bot.WorkBot - (work_bot.py:62) - Initializing WorkBot...
2025-09-23 10:11:42,637 - INFO - backend.bots.workbot.work_bot.WorkBot - (work_bot.py:93) - WorkBot initialized successfully.
2025-09-23 10:11:44,010 - INFO - backend.bots.workbot.work_bot.WorkBot - (work_bot.py:189) - Generating vendor upload files for stores=['Bakery'], vendors=['Sysco'], start_date=None, end_date=None
2025-09-23 10:11:44,011 - INFO - backend.bots.workbot.work_bot.WorkBot - (work_bot.py:109) - Retrieving order files for: stores=[['Bakery']], vendors=[['Sysco']], formats=[['xlsx']]
2025-09-23 10:11:44,016 - INFO - backend.bots.workbot.work_bot.WorkBot - (work_bot.py:193) - Found 1 order files to process.
2025-09-23 10:15:12,090 - INFO - backend.bots.workbot.work_bot.WorkBot - (work_bot.py:62) - Initializing WorkBot...
2025-09-23 10:15:12,091 - INFO - backend.bots.workbot.work_bot.WorkBot - (work_bot.py:93) - WorkBot initialized successfully.
2025-09-23 10:15:13,644 - INFO - backend.bots.workbot.work_bot.WorkBot - (work_bot.py:189) - Generating vendor upload files for stores=['Bakery'], vendors=['Sysco'], start_date=None, end_date=None
2025-09-23 10:15:13,644 - INFO - backend.bots.workbot.work_bot.WorkBot - (work_bot.py:109) - Retrieving order files for: stores=[['Bakery']], vendors=[['Sysco']], formats=[['xlsx']]
2025-09-23 10:15:13,649 - INFO - backend.bots.workbot.work_bot.WorkBot - (work_bot.py:193) - Found 1 order files to process.
2025-09-23 10:15:35,774 - INFO - backend.bots.workbot.work_bot.WorkBot - (work_bot.py:62) - Initializing WorkBot...
2025-09-23 10:15:35,775 - INFO - backend.bots.workbot.work_bot.WorkBot - (work_bot.py:93) - WorkBot initialized successfully.
2025-09-23 10:15:37,380 - INFO - backend.bots.workbot.work_bot.WorkBot - (work_bot.py:189) - Generating vendor upload files for stores=['Bakery'], vendors=['Sysco'], start_date=None, end_date=None
2025-09-23 10:15:37,380 - INFO - backend.bots.workbot.work_bot.WorkBot - (work_bot.py:109) - Retrieving order files for: stores=[['Bakery']], vendors=[['Sysco']], formats=[['xlsx']]
2025-09-23 10:15:37,390 - INFO - backend.bots.workbot.work_bot.WorkBot - (work_bot.py:193) - Found 1 order files to process.
2025-09-23 10:16:18,092 - INFO - backend.bots.workbot.work_bot.WorkBot - (work_bot.py:62) - Initializing WorkBot...
2025-09-23 10:16:18,093 - INFO - backend.bots.workbot.work_bot.WorkBot - (work_bot.py:93) - WorkBot initialized successfully.
2025-09-23 10:16:19,244 - INFO - backend.bots.workbot.work_bot.WorkBot - (work_bot.py:189) - Generating vendor upload files for stores=['Bakery'], vendors=['Sysco'], start_date=None, end_date=None
2025-09-23 10:16:19,245 - INFO - backend.bots.workbot.work_bot.WorkBot - (work_bot.py:109) - Retrieving order files for: stores=[['Bakery']], vendors=[['Sysco']], formats=[['xlsx']]
2025-09-23 10:16:19,250 - INFO - backend.bots.workbot.work_bot.WorkBot - (work_bot.py:193) - Found 1 order files to process.
2025-09-23 10:16:37,273 - INFO - backend.bots.workbot.work_bot.WorkBot - (work_bot.py:62) - Initializing WorkBot...
2025-09-23 10:16:37,273 - INFO - backend.bots.workbot.work_bot.WorkBot - (work_bot.py:93) - WorkBot initialized successfully.
2025-09-23 10:16:37,980 - INFO - backend.bots.workbot.work_bot.WorkBot - (work_bot.py:189) - Generating vendor upload files for stores=['Bakery'], vendors=['Sysco'], start_date=None, end_date=None
2025-09-23 10:16:37,980 - INFO - backend.bots.workbot.work_bot.WorkBot - (work_bot.py:109) - Retrieving order files for: stores=[['Bakery']], vendors=[['Sysco']], formats=[['xlsx']]
2025-09-23 10:16:37,985 - INFO - backend.bots.workbot.work_bot.WorkBot - (work_bot.py:193) - Found 1 order files to process.
2025-09-23 10:17:03,051 - INFO - backend.bots.workbot.work_bot.WorkBot - (work_bot.py:62) - Initializing WorkBot...
2025-09-23 10:17:03,052 - INFO - backend.bots.workbot.work_bot.WorkBot - (work_bot.py:93) - WorkBot initialized successfully.
2025-09-23 10:17:04,381 - INFO - backend.bots.workbot.work_bot.WorkBot - (work_bot.py:189) - Generating vendor upload files for stores=['Bakery'], vendors=['Sysco'], start_date=None, end_date=None
2025-09-23 10:17:04,381 - INFO - backend.bots.workbot.work_bot.WorkBot - (work_bot.py:109) - Retrieving order files for: stores=[['Bakery']], vendors=[['Sysco']], formats=[['xlsx']]
2025-09-23 10:17:04,386 - INFO - backend.bots.workbot.work_bot.WorkBot - (work_bot.py:193) - Found 1 order files to process.
2025-09-23 10:18:14,676 - INFO - backend.bots.workbot.work_bot.WorkBot - (work_bot.py:62) - Initializing WorkBot...
2025-09-23 10:18:14,677 - INFO - backend.bots.workbot.work_bot.WorkBot - (work_bot.py:93) - WorkBot initialized successfully.
2025-09-23 10:18:15,813 - INFO - backend.bots.workbot.work_bot.WorkBot - (work_bot.py:189) - Generating vendor upload files for stores=['Bakery'], vendors=['Sysco'], start_date=None, end_date=None
2025-09-23 10:18:15,814 - INFO - backend.bots.workbot.work_bot.WorkBot - (work_bot.py:109) - Retrieving order files for: stores=[['Bakery']], vendors=[['Sysco']], formats=[['xlsx']]
2025-09-23 10:18:15,818 - INFO - backend.bots.workbot.work_bot.WorkBot - (work_bot.py:193) - Found 1 order files to process.
2025-09-23 10:18:41,960 - INFO - backend.bots.workbot.work_bot.WorkBot - (work_bot.py:62) - Initializing WorkBot...
2025-09-23 10:18:41,961 - INFO - backend.bots.workbot.work_bot.WorkBot - (work_bot.py:93) - WorkBot initialized successfully.
2025-09-23 10:18:43,038 - INFO - backend.bots.workbot.work_bot.WorkBot - (work_bot.py:189) - Generating vendor upload files for stores=['Bakery'], vendors=['Sysco'], start_date=None, end_date=None
2025-09-23 10:18:43,038 - INFO - backend.bots.workbot.work_bot.WorkBot - (work_bot.py:109) - Retrieving order files for: stores=[['Bakery']], vendors=[['Sysco']], formats=[['xlsx']]
2025-09-23 10:18:43,043 - INFO - backend.bots.workbot.work_bot.WorkBot - (work_bot.py:193) - Found 1 order files to process.
2025-09-23 10:27:51,783 - INFO - backend.bots.workbot.work_bot.WorkBot - (work_bot.py:62) - Initializing WorkBot...
2025-09-23 10:27:51,784 - INFO - backend.bots.workbot.work_bot.WorkBot - (work_bot.py:93) - WorkBot initialized successfully.
2025-09-23 10:27:52,459 - INFO - backend.bots.workbot.work_bot.WorkBot - (work_bot.py:189) - Generating vendor upload files for stores=['Bakery'], vendors=['Sysco'], start_date=None, end_date=None
2025-09-23 10:27:52,459 - INFO - backend.bots.workbot.work_bot.WorkBot - (work_bot.py:109) - Retrieving order files for: stores=[['Bakery']], vendors=[['Sysco']], formats=[['xlsx']]
2025-09-23 10:27:52,464 - INFO - backend.bots.workbot.work_bot.WorkBot - (work_bot.py:193) - Found 1 order files to process.
2025-09-23 10:28:09,468 - INFO - backend.bots.workbot.work_bot.WorkBot - (work_bot.py:62) - Initializing WorkBot...
2025-09-23 10:28:09,468 - INFO - backend.bots.workbot.work_bot.WorkBot - (work_bot.py:93) - WorkBot initialized successfully.
2025-09-23 10:28:10,162 - INFO - backend.bots.workbot.work_bot.WorkBot - (work_bot.py:189) - Generating vendor upload files for stores=['Bakery'], vendors=['Sysco'], start_date=None, end_date=None
2025-09-23 10:28:10,162 - INFO - backend.bots.workbot.work_bot.WorkBot - (work_bot.py:109) - Retrieving order files for: stores=[['Bakery']], vendors=[['Sysco']], formats=[['xlsx']]
2025-09-23 10:28:10,168 - INFO - backend.bots.workbot.work_bot.WorkBot - (work_bot.py:193) - Found 1 order files to process.
2025-09-23 10:28:38,368 - INFO - backend.bots.workbot.work_bot.WorkBot - (work_bot.py:62) - Initializing WorkBot...
2025-09-23 10:28:38,369 - INFO - backend.bots.workbot.work_bot.WorkBot - (work_bot.py:93) - WorkBot initialized successfully.
2025-09-23 10:28:38,930 - INFO - backend.bots.workbot.work_bot.WorkBot - (work_bot.py:189) - Generating vendor upload files for stores=['Bakery'], vendors=['Sysco'], start_date=None, end_date=None
2025-09-23 10:28:38,930 - INFO - backend.bots.workbot.work_bot.WorkBot - (work_bot.py:109) - Retrieving order files for: stores=[['Bakery']], vendors=[['Sysco']], formats=[['xlsx']]
2025-09-23 10:28:38,936 - INFO - backend.bots.workbot.work_bot.WorkBot - (work_bot.py:193) - Found 1 order files to process.
2025-09-23 10:29:19,788 - INFO - backend.bots.workbot.work_bot.WorkBot - (work_bot.py:62) - Initializing WorkBot...
2025-09-23 10:29:19,789 - INFO - backend.bots.workbot.work_bot.WorkBot - (work_bot.py:93) - WorkBot initialized successfully.
2025-09-23 10:29:20,555 - INFO - backend.bots.workbot.work_bot.WorkBot - (work_bot.py:189) - Generating vendor upload files for stores=['Bakery'], vendors=['Sysco'], start_date=None, end_date=None
2025-09-23 10:29:20,555 - INFO - backend.bots.workbot.work_bot.WorkBot - (work_bot.py:109) - Retrieving order files for: stores=[['Bakery']], vendors=[['Sysco']], formats=[['xlsx']]
2025-09-23 10:29:20,560 - INFO - backend.bots.workbot.work_bot.WorkBot - (work_bot.py:193) - Found 1 order files to process.
2025-09-23 10:30:16,781 - INFO - backend.bots.workbot.work_bot.WorkBot - (work_bot.py:62) - Initializing WorkBot...
2025-09-23 10:30:16,781 - INFO - backend.bots.workbot.work_bot.WorkBot - (work_bot.py:93) - WorkBot initialized successfully.
2025-09-23 10:30:17,556 - INFO - backend.bots.workbot.work_bot.WorkBot - (work_bot.py:189) - Generating vendor upload files for stores=['Bakery'], vendors=['Sysco'], start_date=None, end_date=None
2025-09-23 10:30:17,556 - INFO - backend.bots.workbot.work_bot.WorkBot - (work_bot.py:109) - Retrieving order files for: stores=[['Bakery']], vendors=[['Sysco']], formats=[['xlsx']]
2025-09-23 10:30:17,561 - INFO - backend.bots.workbot.work_bot.WorkBot - (work_bot.py:193) - Found 1 order files to process.
2025-09-23 10:35:39,924 - INFO - backend.bots.workbot.work_bot.WorkBot - (work_bot.py:62) - Initializing WorkBot...
2025-09-23 10:35:39,924 - INFO - backend.bots.workbot.work_bot.WorkBot - (work_bot.py:93) - WorkBot initialized successfully.
2025-09-23 11:14:20,923 - INFO - backend.bots.workbot.work_bot.WorkBot - (work_bot.py:62) - Initializing WorkBot...
2025-09-23 11:14:20,924 - INFO - backend.bots.workbot.work_bot.WorkBot - (work_bot.py:93) - WorkBot initialized successfully.
2025-09-23 11:18:55,977 - INFO - backend.bots.workbot.work_bot.WorkBot - (work_bot.py:62) - Initializing WorkBot...
2025-09-23 11:18:55,978 - INFO - backend.bots.workbot.work_bot.WorkBot - (work_bot.py:93) - WorkBot initialized successfully.
2025-09-23 11:20:07,440 - INFO - backend.bots.workbot.work_bot.WorkBot - (work_bot.py:62) - Initializing WorkBot...
2025-09-23 11:20:07,440 - INFO - backend.bots.workbot.work_bot.WorkBot - (work_bot.py:93) - WorkBot initialized successfully.
2025-09-23 11:26:31,112 - INFO - backend.bots.workbot.work_bot.WorkBot - (work_bot.py:62) - Initializing WorkBot...
2025-09-23 11:26:31,112 - INFO - backend.bots.workbot.work_bot.WorkBot - (work_bot.py:93) - WorkBot initialized successfully.
2025-09-23 11:31:35,851 - INFO - backend.bots.workbot.work_bot.WorkBot - (work_bot.py:62) - Initializing WorkBot...
2025-09-23 11:31:35,851 - INFO - backend.bots.workbot.work_bot.WorkBot - (work_bot.py:93) - WorkBot initialized successfully.
2025-09-23 11:32:29,133 - INFO - backend.bots.workbot.work_bot.WorkBot - (work_bot.py:62) - Initializing WorkBot...
2025-09-23 11:32:29,134 - INFO - backend.bots.workbot.work_bot.WorkBot - (work_bot.py:93) - WorkBot initialized successfully.
2025-09-23 11:36:06,389 - INFO - backend.bots.workbot.work_bot.WorkBot - (work_bot.py:62) - Initializing WorkBot...
2025-09-23 11:36:06,390 - INFO - backend.bots.workbot.work_bot.WorkBot - (work_bot.py:93) - WorkBot initialized successfully.
2025-09-23 11:37:03,968 - INFO - backend.bots.workbot.work_bot.WorkBot - (work_bot.py:62) - Initializing WorkBot...
2025-09-23 11:37:03,969 - INFO - backend.bots.workbot.work_bot.WorkBot - (work_bot.py:93) - WorkBot initialized successfully.
2025-09-23 11:40:23,490 - INFO - backend.bots.workbot.work_bot.WorkBot - (work_bot.py:62) - Initializing WorkBot...
2025-09-23 11:40:35,683 - INFO - backend.bots.workbot.work_bot.WorkBot - (work_bot.py:62) - Initializing WorkBot...
2025-09-23 11:40:35,684 - INFO - backend.bots.workbot.work_bot.WorkBot - (work_bot.py:93) - WorkBot initialized successfully.
2025-09-23 11:42:20,896 - INFO - backend.bots.workbot.work_bot.WorkBot - (work_bot.py:62) - Initializing WorkBot...
2025-09-23 11:42:20,896 - INFO - backend.bots.workbot.work_bot.WorkBot - (work_bot.py:93) - WorkBot initialized successfully.
2025-09-23 11:43:44,261 - INFO - backend.bots.workbot.work_bot.WorkBot - (work_bot.py:62) - Initializing WorkBot...
2025-09-23 11:43:44,261 - INFO - backend.bots.workbot.work_bot.WorkBot - (work_bot.py:93) - WorkBot initialized successfully.
2025-09-23 11:44:42,182 - INFO - backend.bots.workbot.work_bot.WorkBot - (work_bot.py:62) - Initializing WorkBot...
2025-09-23 11:44:42,183 - INFO - backend.bots.workbot.work_bot.WorkBot - (work_bot.py:93) - WorkBot initialized successfully.
2025-09-23 11:46:16,935 - INFO - backend.bots.workbot.work_bot.WorkBot - (work_bot.py:62) - Initializing WorkBot...
2025-09-23 11:46:16,935 - INFO - backend.bots.workbot.work_bot.WorkBot - (work_bot.py:93) - WorkBot initialized successfully.
2025-09-23 11:51:58,341 - INFO - backend.bots.workbot.work_bot.WorkBot - (work_bot.py:62) - Initializing WorkBot...
2025-09-23 11:51:58,342 - INFO - backend.bots.workbot.work_bot.WorkBot - (work_bot.py:93) - WorkBot initialized successfully.
2025-09-23 11:56:47,778 - INFO - backend.bots.workbot.work_bot.WorkBot - (work_bot.py:62) - Initializing WorkBot...
2025-09-23 11:56:47,780 - INFO - backend.bots.workbot.work_bot.WorkBot - (work_bot.py:93) - WorkBot initialized successfully.
2025-09-24 07:07:53,548 - INFO - backend.bots.workbot.work_bot.WorkBot - (work_bot.py:62) - Initializing WorkBot...
2025-09-24 07:07:53,550 - INFO - backend.bots.workbot.work_bot.WorkBot - (work_bot.py:93) - WorkBot initialized successfully.
2025-09-24 09:32:04,288 - INFO - backend.bots.workbot.work_bot.WorkBot - (work_bot.py:67) - Initializing WorkBot...
2025-09-24 09:32:04,288 - INFO - backend.bots.workbot.work_bot.WorkBot - (work_bot.py:100) - WorkBot initialized successfully.
2025-09-24 09:34:43,598 - INFO - backend.bots.workbot.work_bot.WorkBot - (work_bot.py:67) - Initializing WorkBot...
2025-09-24 09:34:43,599 - INFO - backend.bots.workbot.work_bot.WorkBot - (work_bot.py:100) - WorkBot initialized successfully.
2025-09-24 09:35:37,003 - INFO - backend.bots.workbot.work_bot.WorkBot - (work_bot.py:67) - Initializing WorkBot...
2025-09-24 09:35:37,004 - INFO - backend.bots.workbot.work_bot.WorkBot - (work_bot.py:100) - WorkBot initialized successfully.
2025-09-24 09:37:07,762 - INFO - backend.bots.workbot.work_bot.WorkBot - (work_bot.py:67) - Initializing WorkBot...
2025-09-24 09:37:07,762 - INFO - backend.bots.workbot.work_bot.WorkBot - (work_bot.py:100) - WorkBot initialized successfully.
2025-09-24 09:39:14,567 - INFO - backend.bots.workbot.work_bot.WorkBot - (work_bot.py:67) - Initializing WorkBot...
2025-09-24 09:39:14,567 - INFO - backend.bots.workbot.work_bot.WorkBot - (work_bot.py:100) - WorkBot initialized successfully.
2025-09-24 09:40:50,528 - INFO - backend.bots.workbot.work_bot.WorkBot - (work_bot.py:67) - Initializing WorkBot...
2025-09-24 09:40:50,529 - INFO - backend.bots.workbot.work_bot.WorkBot - (work_bot.py:100) - WorkBot initialized successfully.
2025-09-24 09:41:24,735 - INFO - backend.bots.workbot.work_bot.WorkBot - (work_bot.py:67) - Initializing WorkBot...
2025-09-24 09:41:24,736 - INFO - backend.bots.workbot.work_bot.WorkBot - (work_bot.py:100) - WorkBot initialized successfully.
2025-09-24 10:14:15,700 - INFO - backend.bots.workbot.work_bot.WorkBot - (work_bot.py:67) - Initializing WorkBot...
2025-09-24 10:14:15,701 - INFO - backend.bots.workbot.work_bot.WorkBot - (work_bot.py:100) - WorkBot initialized successfully.
2025-09-24 10:15:27,473 - INFO - backend.bots.workbot.work_bot.WorkBot - (work_bot.py:67) - Initializing WorkBot...
2025-09-24 10:15:27,474 - INFO - backend.bots.workbot.work_bot.WorkBot - (work_bot.py:100) - WorkBot initialized successfully.
2025-09-24 10:16:08,963 - INFO - backend.bots.workbot.work_bot.WorkBot - (work_bot.py:67) - Initializing WorkBot...
2025-09-24 10:16:08,964 - INFO - backend.bots.workbot.work_bot.WorkBot - (work_bot.py:100) - WorkBot initialized successfully.
2025-09-24 10:16:29,574 - INFO - backend.bots.workbot.work_bot.WorkBot - (work_bot.py:67) - Initializing WorkBot...
2025-09-24 10:16:29,575 - INFO - backend.bots.workbot.work_bot.WorkBot - (work_bot.py:100) - WorkBot initialized successfully.
2025-09-24 10:17:08,656 - INFO - backend.bots.workbot.work_bot.WorkBot - (work_bot.py:67) - Initializing WorkBot...
2025-09-24 10:17:08,657 - INFO - backend.bots.workbot.work_bot.WorkBot - (work_bot.py:100) - WorkBot initialized successfully.
2025-09-24 10:18:06,794 - INFO - backend.bots.workbot.work_bot.WorkBot - (work_bot.py:67) - Initializing WorkBot...
2025-09-24 10:18:06,794 - INFO - backend.bots.workbot.work_bot.WorkBot - (work_bot.py:100) - WorkBot initialized successfully.
2025-09-24 10:19:38,353 - INFO - backend.bots.workbot.work_bot.WorkBot - (work_bot.py:67) - Initializing WorkBot...
2025-09-24 10:19:38,354 - INFO - backend.bots.workbot.work_bot.WorkBot - (work_bot.py:100) - WorkBot initialized successfully.
2025-09-24 10:20:45,379 - INFO - backend.bots.workbot.work_bot.WorkBot - (work_bot.py:67) - Initializing WorkBot...
2025-09-24 10:20:45,380 - INFO - backend.bots.workbot.work_bot.WorkBot - (work_bot.py:100) - WorkBot initialized successfully.
2025-09-24 10:21:54,269 - INFO - backend.bots.workbot.work_bot.WorkBot - (work_bot.py:67) - Initializing WorkBot...
2025-09-24 10:21:54,270 - INFO - backend.bots.workbot.work_bot.WorkBot - (work_bot.py:100) - WorkBot initialized successfully.
2025-09-24 10:24:41,193 - INFO - backend.bots.workbot.work_bot.WorkBot - (work_bot.py:67) - Initializing WorkBot...
2025-09-24 10:24:41,194 - INFO - backend.bots.workbot.work_bot.WorkBot - (work_bot.py:100) - WorkBot initialized successfully.
2025-09-24 10:25:43,520 - INFO - backend.bots.workbot.work_bot.WorkBot - (work_bot.py:67) - Initializing WorkBot...
2025-09-24 10:25:43,520 - INFO - backend.bots.workbot.work_bot.WorkBot - (work_bot.py:100) - WorkBot initialized successfully.
2025-09-24 10:26:21,449 - INFO - backend.bots.workbot.work_bot.WorkBot - (work_bot.py:67) - Initializing WorkBot...
2025-09-24 10:26:21,449 - INFO - backend.bots.workbot.work_bot.WorkBot - (work_bot.py:100) - WorkBot initialized successfully.
2025-09-24 10:27:14,621 - INFO - backend.bots.workbot.work_bot.WorkBot - (work_bot.py:67) - Initializing WorkBot...
2025-09-24 10:27:14,621 - INFO - backend.bots.workbot.work_bot.WorkBot - (work_bot.py:100) - WorkBot initialized successfully.
2025-09-24 10:39:03,498 - INFO - backend.bots.workbot.work_bot.WorkBot - (work_bot.py:67) - Initializing WorkBot...
2025-09-24 10:39:03,499 - INFO - backend.bots.workbot.work_bot.WorkBot - (work_bot.py:100) - WorkBot initialized successfully.
2025-09-24 10:40:14,555 - INFO - backend.bots.workbot.work_bot.WorkBot - (work_bot.py:67) - Initializing WorkBot...
2025-09-24 10:40:14,556 - INFO - backend.bots.workbot.work_bot.WorkBot - (work_bot.py:100) - WorkBot initialized successfully.
2025-09-24 10:40:59,580 - INFO - backend.bots.workbot.work_bot.WorkBot - (work_bot.py:67) - Initializing WorkBot...
2025-09-24 10:40:59,580 - INFO - backend.bots.workbot.work_bot.WorkBot - (work_bot.py:100) - WorkBot initialized successfully.
2025-09-24 10:41:08,258 - INFO - backend.bots.workbot.work_bot.WorkBot - (work_bot.py:67) - Initializing WorkBot...
2025-09-24 10:41:08,258 - INFO - backend.bots.workbot.work_bot.WorkBot - (work_bot.py:100) - WorkBot initialized successfully.
2025-09-24 10:43:05,941 - INFO - backend.bots.workbot.work_bot.WorkBot - (work_bot.py:67) - Initializing WorkBot...
2025-09-24 10:43:05,941 - INFO - backend.bots.workbot.work_bot.WorkBot - (work_bot.py:100) - WorkBot initialized successfully.
2025-09-24 10:45:51,836 - INFO - backend.bots.workbot.work_bot.WorkBot - (work_bot.py:67) - Initializing WorkBot...
2025-09-24 10:45:51,837 - INFO - backend.bots.workbot.work_bot.WorkBot - (work_bot.py:100) - WorkBot initialized successfully.
2025-09-24 10:46:56,246 - INFO - backend.bots.workbot.work_bot.WorkBot - (work_bot.py:67) - Initializing WorkBot...
2025-09-24 10:46:56,247 - INFO - backend.bots.workbot.work_bot.WorkBot - (work_bot.py:100) - WorkBot initialized successfully.
2025-09-24 10:49:05,939 - INFO - backend.bots.workbot.work_bot.WorkBot - (work_bot.py:67) - Initializing WorkBot...
2025-09-24 10:49:05,940 - INFO - backend.bots.workbot.work_bot.WorkBot - (work_bot.py:100) - WorkBot initialized successfully.
2025-09-24 10:49:56,664 - INFO - backend.bots.workbot.work_bot.WorkBot - (work_bot.py:67) - Initializing WorkBot...
2025-09-24 10:49:56,664 - INFO - backend.bots.workbot.work_bot.WorkBot - (work_bot.py:100) - WorkBot initialized successfully.
2025-09-24 10:53:34,320 - INFO - backend.bots.workbot.work_bot.WorkBot - (work_bot.py:67) - Initializing WorkBot...
2025-09-24 10:53:34,321 - INFO - backend.bots.workbot.work_bot.WorkBot - (work_bot.py:100) - WorkBot initialized successfully.
2025-09-27 12:25:02,103 - INFO - backend.bots.workbot.work_bot.WorkBot - (work_bot.py:67) - Initializing WorkBot...
2025-09-27 12:25:02,104 - INFO - backend.bots.workbot.work_bot.WorkBot - (work_bot.py:100) - WorkBot initialized successfully.
2025-09-27 13:18:34,944 - INFO - backend.bots.workbot.work_bot.WorkBot - (work_bot.py:70) - Initializing WorkBot...
2025-09-27 13:18:34,945 - INFO - backend.bots.workbot.work_bot.WorkBot - (work_bot.py:102) - WorkBot initialized successfully.
2025-09-27 13:29:38,034 - INFO - backend.bots.workbot.work_bot.WorkBot - (work_bot.py:70) - Initializing WorkBot...
2025-09-27 13:29:38,035 - INFO - backend.bots.workbot.work_bot.WorkBot - (work_bot.py:102) - WorkBot initialized successfully.
2025-09-27 14:09:55,227 - INFO - backend.bots.workbot.work_bot.WorkBot - (work_bot.py:198) - Generating vendor upload files for stores=['Bakery'], vendors=['UNFI'], start_date=None, end_date=None
2025-09-27 14:09:55,227 - INFO - backend.bots.workbot.work_bot.WorkBot - (work_bot.py:118) - Retrieving order files for: stores=[['Bakery']], vendors=[['UNFI']], formats=[['xlsx']]
2025-09-27 14:09:55,228 - INFO - backend.bots.workbot.work_bot.WorkBot - (work_bot.py:202) - Found 1 order files to process.
2025-09-27 14:19:57,460 - INFO - backend.bots.workbot.work_bot.WorkBot - (work_bot.py:72) - Initializing WorkBot...
2025-09-27 14:19:57,461 - INFO - backend.bots.workbot.work_bot.WorkBot - (work_bot.py:104) - WorkBot initialized successfully.
2025-09-27 14:20:07,401 - INFO - backend.bots.workbot.work_bot.WorkBot - (work_bot.py:200) - Generating vendor upload files for stores=['Bakery'], vendors=['UNFI'], start_date=None, end_date=None
2025-09-27 14:20:07,401 - INFO - backend.bots.workbot.work_bot.WorkBot - (work_bot.py:120) - Retrieving order files for: stores=[['Bakery']], vendors=[['UNFI']], formats=[['xlsx']]
2025-09-27 14:20:07,402 - INFO - backend.bots.workbot.work_bot.WorkBot - (work_bot.py:204) - Found 1 order files to process.
2025-09-27 14:42:11,410 - INFO - backend.bots.workbot.work_bot.WorkBot - (work_bot.py:72) - Initializing WorkBot...
2025-09-27 14:42:11,411 - INFO - backend.bots.workbot.work_bot.WorkBot - (work_bot.py:104) - WorkBot initialized successfully.
2025-09-27 14:42:13,137 - INFO - backend.bots.workbot.work_bot.WorkBot - (work_bot.py:200) - Generating vendor upload files for stores=['Bakery'], vendors=['UNFI'], start_date=None, end_date=None
2025-09-27 14:42:13,137 - INFO - backend.bots.workbot.work_bot.WorkBot - (work_bot.py:120) - Retrieving order files for: stores=[['Bakery']], vendors=[['UNFI']], formats=[['xlsx']]
2025-09-27 14:42:13,138 - INFO - backend.bots.workbot.work_bot.WorkBot - (work_bot.py:204) - Found 1 order files to process.
2025-09-27 14:42:47,227 - INFO - backend.bots.workbot.work_bot.WorkBot - (work_bot.py:72) - Initializing WorkBot...
2025-09-27 14:42:47,228 - INFO - backend.bots.workbot.work_bot.WorkBot - (work_bot.py:104) - WorkBot initialized successfully.
2025-09-27 14:42:48,546 - INFO - backend.bots.workbot.work_bot.WorkBot - (work_bot.py:200) - Generating vendor upload files for stores=['Bakery'], vendors=['UNFI'], start_date=None, end_date=None
2025-09-27 14:42:48,546 - INFO - backend.bots.workbot.work_bot.WorkBot - (work_bot.py:120) - Retrieving order files for: stores=[['Bakery']], vendors=[['UNFI']], formats=[['xlsx']]
2025-09-27 14:42:48,547 - INFO - backend.bots.workbot.work_bot.WorkBot - (work_bot.py:204) - Found 1 order files to process.
2025-09-27 14:44:14,936 - INFO - backend.bots.workbot.work_bot.WorkBot - (work_bot.py:72) - Initializing WorkBot...
2025-09-27 14:44:14,937 - INFO - backend.bots.workbot.work_bot.WorkBot - (work_bot.py:104) - WorkBot initialized successfully.
2025-09-27 14:44:15,907 - INFO - backend.bots.workbot.work_bot.WorkBot - (work_bot.py:200) - Generating vendor upload files for stores=['Bakery'], vendors=['UNFI'], start_date=None, end_date=None
2025-09-27 14:44:15,907 - INFO - backend.bots.workbot.work_bot.WorkBot - (work_bot.py:120) - Retrieving order files for: stores=[['Bakery']], vendors=[['UNFI']], formats=[['xlsx']]
2025-09-27 14:44:15,908 - INFO - backend.bots.workbot.work_bot.WorkBot - (work_bot.py:204) - Found 1 order files to process.
2025-09-27 14:47:16,478 - INFO - backend.bots.workbot.work_bot.WorkBot - (work_bot.py:72) - Initializing WorkBot...
2025-09-27 14:47:16,479 - INFO - backend.bots.workbot.work_bot.WorkBot - (work_bot.py:104) - WorkBot initialized successfully.
2025-09-27 14:47:17,149 - INFO - backend.bots.workbot.work_bot.WorkBot - (work_bot.py:200) - Generating vendor upload files for stores=['Bakery'], vendors=['UNFI'], start_date=None, end_date=None
2025-09-27 14:47:17,150 - INFO - backend.bots.workbot.work_bot.WorkBot - (work_bot.py:120) - Retrieving order files for: stores=[['Bakery']], vendors=[['UNFI']], formats=[['xlsx']]
2025-09-27 14:47:17,151 - INFO - backend.bots.workbot.work_bot.WorkBot - (work_bot.py:204) - Found 1 order files to process.
2025-09-27 14:52:00,123 - INFO - backend.bots.workbot.work_bot.WorkBot - (work_bot.py:72) - Initializing WorkBot...
2025-09-27 14:52:00,123 - INFO - backend.bots.workbot.work_bot.WorkBot - (work_bot.py:104) - WorkBot initialized successfully.
2025-09-27 14:52:00,817 - INFO - backend.bots.workbot.work_bot.WorkBot - (work_bot.py:200) - Generating vendor upload files for stores=['Bakery'], vendors=['UNFI'], start_date=None, end_date=None
2025-09-27 14:52:00,817 - INFO - backend.bots.workbot.work_bot.WorkBot - (work_bot.py:120) - Retrieving order files for: stores=[['Bakery']], vendors=[['UNFI']], formats=[['xlsx']]
2025-09-27 14:52:00,818 - INFO - backend.bots.workbot.work_bot.WorkBot - (work_bot.py:204) - Found 1 order files to process.
2025-09-27 14:52:47,369 - INFO - backend.bots.workbot.work_bot.WorkBot - (work_bot.py:72) - Initializing WorkBot...
2025-09-27 14:52:47,370 - INFO - backend.bots.workbot.work_bot.WorkBot - (work_bot.py:104) - WorkBot initialized successfully.
2025-09-27 14:52:48,530 - INFO - backend.bots.workbot.work_bot.WorkBot - (work_bot.py:200) - Generating vendor upload files for stores=['Bakery'], vendors=['UNFI'], start_date=None, end_date=None
2025-09-27 14:52:48,530 - INFO - backend.bots.workbot.work_bot.WorkBot - (work_bot.py:120) - Retrieving order files for: stores=[['Bakery']], vendors=[['UNFI']], formats=[['xlsx']]
2025-09-27 14:52:48,531 - INFO - backend.bots.workbot.work_bot.WorkBot - (work_bot.py:204) - Found 1 order files to process.
2025-09-27 14:54:00,314 - INFO - backend.bots.workbot.work_bot.WorkBot - (work_bot.py:72) - Initializing WorkBot...
2025-09-27 14:54:00,315 - INFO - backend.bots.workbot.work_bot.WorkBot - (work_bot.py:104) - WorkBot initialized successfully.
2025-09-27 14:54:02,580 - INFO - backend.bots.workbot.work_bot.WorkBot - (work_bot.py:200) - Generating vendor upload files for stores=['Bakery'], vendors=['UNFI'], start_date=None, end_date=None
2025-09-27 14:54:02,580 - INFO - backend.bots.workbot.work_bot.WorkBot - (work_bot.py:120) - Retrieving order files for: stores=[['Bakery']], vendors=[['UNFI']], formats=[['xlsx']]
2025-09-27 14:54:02,581 - INFO - backend.bots.workbot.work_bot.WorkBot - (work_bot.py:204) - Found 1 order files to process.
2025-09-27 14:54:22,335 - INFO - backend.bots.workbot.work_bot.WorkBot - (work_bot.py:72) - Initializing WorkBot...
2025-09-27 14:54:22,336 - INFO - backend.bots.workbot.work_bot.WorkBot - (work_bot.py:104) - WorkBot initialized successfully.
2025-09-27 14:54:23,115 - INFO - backend.bots.workbot.work_bot.WorkBot - (work_bot.py:200) - Generating vendor upload files for stores=['Bakery'], vendors=['UNFI'], start_date=None, end_date=None
2025-09-27 14:54:23,115 - INFO - backend.bots.workbot.work_bot.WorkBot - (work_bot.py:120) - Retrieving order files for: stores=[['Bakery']], vendors=[['UNFI']], formats=[['xlsx']]
2025-09-27 14:54:23,116 - INFO - backend.bots.workbot.work_bot.WorkBot - (work_bot.py:204) - Found 1 order files to process.
2025-09-27 14:55:39,018 - INFO - backend.bots.workbot.work_bot.WorkBot - (work_bot.py:72) - Initializing WorkBot...
2025-09-27 14:55:39,019 - INFO - backend.bots.workbot.work_bot.WorkBot - (work_bot.py:104) - WorkBot initialized successfully.
2025-09-27 14:55:41,349 - INFO - backend.bots.workbot.work_bot.WorkBot - (work_bot.py:200) - Generating vendor upload files for stores=['Bakery'], vendors=['UNFI'], start_date=None, end_date=None
2025-09-27 14:55:41,349 - INFO - backend.bots.workbot.work_bot.WorkBot - (work_bot.py:120) - Retrieving order files for: stores=[['Bakery']], vendors=[['UNFI']], formats=[['xlsx']]
2025-09-27 14:55:41,350 - INFO - backend.bots.workbot.work_bot.WorkBot - (work_bot.py:204) - Found 1 order files to process.
2025-09-28 09:59:17,856 - INFO - backend.bots.workbot.work_bot.WorkBot - (work_bot.py:72) - Initializing WorkBot...
2025-09-28 09:59:17,857 - INFO - backend.bots.workbot.work_bot.WorkBot - (work_bot.py:104) - WorkBot initialized successfully.
2025-09-28 09:59:27,220 - INFO - backend.bots.workbot.work_bot.WorkBot - (work_bot.py:200) - Generating vendor upload files for stores=['Bakery'], vendors=['UNFI'], start_date=None, end_date=None
2025-09-28 09:59:27,220 - INFO - backend.bots.workbot.work_bot.WorkBot - (work_bot.py:120) - Retrieving order files for: stores=[['Bakery']], vendors=[['UNFI']], formats=[['xlsx']]
2025-09-28 09:59:27,222 - INFO - backend.bots.workbot.work_bot.WorkBot - (work_bot.py:204) - Found 1 order files to process.
2025-09-29 14:44:39,255 - INFO - backend.bots.workbot.work_bot.WorkBot - (work_bot.py:72) - Initializing WorkBot...
2025-09-30 08:09:54,320 - INFO - backend.bots.workbot.work_bot.WorkBot - (work_bot.py:72) - Initializing WorkBot...
2025-09-30 08:10:14,610 - INFO - backend.bots.workbot.work_bot.WorkBot - (work_bot.py:72) - Initializing WorkBot...
2025-10-01 10:54:03,161 - INFO - backend.bots.workbot.work_bot.WorkBot - (work_bot.py:75) - Initializing WorkBot...
2025-10-01 10:54:35,779 - INFO - backend.bots.workbot.work_bot.WorkBot - (work_bot.py:75) - Initializing WorkBot...
2025-10-01 10:54:48,929 - INFO - backend.bots.workbot.work_bot.WorkBot - (work_bot.py:75) - Initializing WorkBot...
2025-10-01 10:55:27,048 - INFO - backend.bots.workbot.work_bot.WorkBot - (work_bot.py:75) - Initializing WorkBot...
2025-10-01 10:56:08,166 - INFO - backend.bots.workbot.work_bot.WorkBot - (work_bot.py:75) - Initializing WorkBot...
