2025-07-22 08:00:59,473 - INFO - OrderCoordinator - [Order Update] No existing file at C:\Users\andrew\Desktop\Andrew\Projects\IthacaBakery\RandomStuff\WorkBot\refactor\data\orders\UNFI\UNFI_Bakery_20250719.xlsx. Proceeding with save.
2025-07-22 08:02:16,520 - INFO - OrderCoordinator - [Order Update] No existing file at C:\Users\andrew\Desktop\Andrew\Projects\IthacaBakery\RandomStuff\WorkBot\refactor\data\orders\UNFI\UNFI_Bakery_20250719.xlsx. Proceeding with save.
2025-07-22 08:12:12,971 - INFO - OrderCoordinator - [Order Update] No existing file at C:\Users\andrew\Desktop\Andrew\Projects\IthacaBakery\RandomStuff\WorkBot\refactor\data\orders\UNFI\UNFI_Bakery_20250719.xlsx. Proceeding with save.
2025-07-22 08:17:08,849 - INFO - OrderCoordinator - [Order Update] No existing file at C:\Users\andrew\Desktop\Andrew\Projects\IthacaBakery\RandomStuff\WorkBot\refactor\data\orders\UNFI\UNFI_Bakery_20250719.xlsx. Proceeding with save.
2025-07-22 08:18:42,189 - INFO - OrderCoordinator - [Order Update] No existing file at C:\Users\andrew\Desktop\Andrew\Projects\IthacaBakery\RandomStuff\WorkBot\refactor\data\orders\UNFI\UNFI_Bakery_20250719.xlsx. Proceeding with save.
2025-07-22 08:24:50,711 - INFO - OrderCoordinator - [Order Update] No existing file at C:\Users\andrew\Desktop\Andrew\Projects\IthacaBakery\RandomStuff\WorkBot\refactor\data\orders\UNFI\UNFI_Bakery_20250719.xlsx. Proceeding with save.
2025-07-22 08:41:32,166 - INFO - OrderCoordinator - [Order Update] No existing file at C:\Users\andrew\Desktop\Andrew\Projects\IthacaBakery\RandomStuff\WorkBot\refactor\data\orders\UNFI\UNFI_Bakery_20250719.xlsx. Proceeding with save.
2025-07-22 08:42:46,885 - INFO - OrderCoordinator - [Order Update] No existing file at C:\Users\andrew\Desktop\Andrew\Projects\IthacaBakery\RandomStuff\WorkBot\refactor\data\orders\UNFI\UNFI_Bakery_20250719.xlsx. Proceeding with save.
2025-07-22 09:26:43,636 - INFO - OrderCoordinator - [Order Update] No existing file at C:\Users\andrew\Desktop\Andrew\Projects\IthacaBakery\RandomStuff\WorkBot\refactor\data\orders\UNFI\UNFI_Bakery_20250719.xlsx. Proceeding with save.
2025-07-22 09:26:46,175 - INFO - OrderCoordinator - Moved downloaded PDF to: C:\Users\andrew\Desktop\Andrew\Projects\IthacaBakery\RandomStuff\WorkBot\refactor\data\orders\UNFI\UNFI_Bakery_20250719.pdf
2025-07-22 09:26:49,514 - INFO - OrderCoordinator - [Order Update] No existing file at C:\Users\andrew\Desktop\Andrew\Projects\IthacaBakery\RandomStuff\WorkBot\refactor\data\orders\Webstaurant\Webstaurant_Bakery_20250719.xlsx. Proceeding with save.
2025-07-22 09:26:51,537 - INFO - OrderCoordinator - Moved downloaded PDF to: C:\Users\andrew\Desktop\Andrew\Projects\IthacaBakery\RandomStuff\WorkBot\refactor\data\orders\Webstaurant\Webstaurant_Bakery_20250719.pdf
2025-07-22 09:26:55,123 - INFO - OrderCoordinator - [Order Update] No existing file at C:\Users\andrew\Desktop\Andrew\Projects\IthacaBakery\RandomStuff\WorkBot\refactor\data\orders\BJ's\BJ's_Bakery_20250719.xlsx. Proceeding with save.
2025-07-22 09:26:57,150 - INFO - OrderCoordinator - Moved downloaded PDF to: C:\Users\andrew\Desktop\Andrew\Projects\IthacaBakery\RandomStuff\WorkBot\refactor\data\orders\BJ's\BJ's_Bakery_20250719.pdf
2025-07-22 09:27:02,339 - INFO - OrderCoordinator - [Order Update] No existing file at C:\Users\andrew\Desktop\Andrew\Projects\IthacaBakery\RandomStuff\WorkBot\refactor\data\orders\Sysco\Sysco_Bakery_20250719.xlsx. Proceeding with save.
2025-07-22 09:27:04,366 - INFO - OrderCoordinator - Moved downloaded PDF to: C:\Users\andrew\Desktop\Andrew\Projects\IthacaBakery\RandomStuff\WorkBot\refactor\data\orders\Sysco\Sysco_Bakery_20250719.pdf
2025-07-22 09:27:08,739 - INFO - OrderCoordinator - [Order Update] No existing file at C:\Users\andrew\Desktop\Andrew\Projects\IthacaBakery\RandomStuff\WorkBot\refactor\data\orders\FingerLakes Farms\FingerLakes Farms_Bakery_20250719.xlsx. Proceeding with save.
2025-07-22 09:27:11,263 - INFO - OrderCoordinator - Moved downloaded PDF to: C:\Users\andrew\Desktop\Andrew\Projects\IthacaBakery\RandomStuff\WorkBot\refactor\data\orders\FingerLakes Farms\FingerLakes Farms_Bakery_20250719.pdf
2025-07-22 09:27:14,605 - INFO - OrderCoordinator - [Order Update] No existing file at C:\Users\andrew\Desktop\Andrew\Projects\IthacaBakery\RandomStuff\WorkBot\refactor\data\orders\Hillcrest Dairy\Hillcrest Dairy_Bakery_20250719.xlsx. Proceeding with save.
2025-07-22 09:27:17,129 - INFO - OrderCoordinator - Moved downloaded PDF to: C:\Users\andrew\Desktop\Andrew\Projects\IthacaBakery\RandomStuff\WorkBot\refactor\data\orders\Hillcrest Dairy\Hillcrest Dairy_Bakery_20250719.pdf
2025-07-22 09:27:21,970 - INFO - OrderCoordinator - [Order Update] No existing file at C:\Users\andrew\Desktop\Andrew\Projects\IthacaBakery\RandomStuff\WorkBot\refactor\data\orders\Performance Food\Performance Food_Bakery_20250719.xlsx. Proceeding with save.
2025-07-22 09:27:24,497 - INFO - OrderCoordinator - Moved downloaded PDF to: C:\Users\andrew\Desktop\Andrew\Projects\IthacaBakery\RandomStuff\WorkBot\refactor\data\orders\Performance Food\Performance Food_Bakery_20250719.pdf
2025-07-22 09:27:29,544 - INFO - OrderCoordinator - [Order Update] No existing file at C:\Users\andrew\Desktop\Andrew\Projects\IthacaBakery\RandomStuff\WorkBot\refactor\data\orders\US Foods\US Foods_Bakery_20250720.xlsx. Proceeding with save.
2025-07-22 09:27:31,569 - INFO - OrderCoordinator - Moved downloaded PDF to: C:\Users\andrew\Desktop\Andrew\Projects\IthacaBakery\RandomStuff\WorkBot\refactor\data\orders\US Foods\US Foods_Bakery_20250720.pdf
2025-07-22 09:27:35,546 - INFO - OrderCoordinator - [Order Update] No existing file at C:\Users\andrew\Desktop\Andrew\Projects\IthacaBakery\RandomStuff\WorkBot\refactor\data\orders\Keck's Food Service\Keck's Food Service_Bakery_20250720.xlsx. Proceeding with save.
2025-07-22 09:27:38,069 - INFO - OrderCoordinator - Moved downloaded PDF to: C:\Users\andrew\Desktop\Andrew\Projects\IthacaBakery\RandomStuff\WorkBot\refactor\data\orders\Keck's Food Service\Keck's Food Service_Bakery_20250720.pdf
2025-07-22 09:27:41,130 - INFO - OrderCoordinator - [Order Update] No existing file at C:\Users\andrew\Desktop\Andrew\Projects\IthacaBakery\RandomStuff\WorkBot\refactor\data\orders\Jade Leaf Matcha\Jade Leaf Matcha_Bakery_20250720.xlsx. Proceeding with save.
2025-07-22 09:27:43,651 - INFO - OrderCoordinator - Moved downloaded PDF to: C:\Users\andrew\Desktop\Andrew\Projects\IthacaBakery\RandomStuff\WorkBot\refactor\data\orders\Jade Leaf Matcha\Jade Leaf Matcha_Bakery_20250720.pdf
2025-07-22 09:27:47,045 - INFO - OrderCoordinator - [Order Update] No existing file at C:\Users\andrew\Desktop\Andrew\Projects\IthacaBakery\RandomStuff\WorkBot\refactor\data\orders\Equal Exchange\Equal Exchange_Bakery_20250720.xlsx. Proceeding with save.
2025-07-22 09:27:49,666 - INFO - OrderCoordinator - Moved downloaded PDF to: C:\Users\andrew\Desktop\Andrew\Projects\IthacaBakery\RandomStuff\WorkBot\refactor\data\orders\Equal Exchange\Equal Exchange_Bakery_20250720.pdf
2025-07-22 09:27:52,803 - INFO - OrderCoordinator - [Order Update] No existing file at C:\Users\andrew\Desktop\Andrew\Projects\IthacaBakery\RandomStuff\WorkBot\refactor\data\orders\Copper Horse Coffee\Copper Horse Coffee_Bakery_20250720.xlsx. Proceeding with save.
2025-07-22 09:27:55,325 - INFO - OrderCoordinator - Moved downloaded PDF to: C:\Users\andrew\Desktop\Andrew\Projects\IthacaBakery\RandomStuff\WorkBot\refactor\data\orders\Copper Horse Coffee\Copper Horse Coffee_Bakery_20250720.pdf
2025-07-22 09:27:58,478 - INFO - OrderCoordinator - [Order Update] No existing file at C:\Users\andrew\Desktop\Andrew\Projects\IthacaBakery\RandomStuff\WorkBot\refactor\data\orders\Eurocafe Imports\Eurocafe Imports_Bakery_20250720.xlsx. Proceeding with save.
2025-07-22 09:28:00,499 - INFO - OrderCoordinator - Moved downloaded PDF to: C:\Users\andrew\Desktop\Andrew\Projects\IthacaBakery\RandomStuff\WorkBot\refactor\data\orders\Eurocafe Imports\Eurocafe Imports_Bakery_20250720.pdf
2025-07-22 09:28:04,676 - INFO - OrderCoordinator - [Order Update] No existing file at C:\Users\andrew\Desktop\Andrew\Projects\IthacaBakery\RandomStuff\WorkBot\refactor\data\orders\Coca-Cola\Coca-Cola_Bakery_20250720.xlsx. Proceeding with save.
2025-07-22 09:28:07,203 - INFO - OrderCoordinator - Moved downloaded PDF to: C:\Users\andrew\Desktop\Andrew\Projects\IthacaBakery\RandomStuff\WorkBot\refactor\data\orders\Coca-Cola\Coca-Cola_Bakery_20250720.pdf
2025-07-22 09:28:10,871 - INFO - OrderCoordinator - [Order Update] No existing file at C:\Users\andrew\Desktop\Andrew\Projects\IthacaBakery\RandomStuff\WorkBot\refactor\data\orders\Regional Distributors, Inc.\Regional Distributors, Inc._Bakery_20250721.xlsx. Proceeding with save.
2025-07-22 09:28:12,895 - INFO - OrderCoordinator - Moved downloaded PDF to: C:\Users\andrew\Desktop\Andrew\Projects\IthacaBakery\RandomStuff\WorkBot\refactor\data\orders\Regional Distributors, Inc.\Regional Distributors, Inc._Bakery_20250721.pdf
2025-07-22 09:28:16,433 - INFO - OrderCoordinator - [Order Update] No existing file at C:\Users\andrew\Desktop\Andrew\Projects\IthacaBakery\RandomStuff\WorkBot\refactor\data\orders\Hill & Markes\Hill & Markes_Bakery_20250721.xlsx. Proceeding with save.
2025-07-22 09:28:18,453 - INFO - OrderCoordinator - Moved downloaded PDF to: C:\Users\andrew\Desktop\Andrew\Projects\IthacaBakery\RandomStuff\WorkBot\refactor\data\orders\Hill & Markes\Hill & Markes_Bakery_20250721.pdf
2025-07-22 09:28:22,815 - INFO - OrderCoordinator - [Order Update] No existing file at C:\Users\andrew\Desktop\Andrew\Projects\IthacaBakery\RandomStuff\WorkBot\refactor\data\orders\Hillcrest Foods\Hillcrest Foods_Bakery_20250721.xlsx. Proceeding with save.
2025-07-22 09:28:24,840 - INFO - OrderCoordinator - Moved downloaded PDF to: C:\Users\andrew\Desktop\Andrew\Projects\IthacaBakery\RandomStuff\WorkBot\refactor\data\orders\Hillcrest Foods\Hillcrest Foods_Bakery_20250721.pdf
2025-07-22 09:28:28,719 - INFO - OrderCoordinator - [Order Update] No existing file at C:\Users\andrew\Desktop\Andrew\Projects\IthacaBakery\RandomStuff\WorkBot\refactor\data\orders\Lentz\Lentz_Bakery_20250721.xlsx. Proceeding with save.
2025-07-22 09:28:30,739 - INFO - OrderCoordinator - Moved downloaded PDF to: C:\Users\andrew\Desktop\Andrew\Projects\IthacaBakery\RandomStuff\WorkBot\refactor\data\orders\Lentz\Lentz_Bakery_20250721.pdf
2025-07-22 09:28:34,427 - INFO - OrderCoordinator - [Order Update] No existing file at C:\Users\andrew\Desktop\Andrew\Projects\IthacaBakery\RandomStuff\WorkBot\refactor\data\orders\BALKAN BEVERAGE LLC\BALKAN BEVERAGE LLC_Bakery_20250721.xlsx. Proceeding with save.
2025-07-22 09:28:36,447 - INFO - OrderCoordinator - Moved downloaded PDF to: C:\Users\andrew\Desktop\Andrew\Projects\IthacaBakery\RandomStuff\WorkBot\refactor\data\orders\BALKAN BEVERAGE LLC\BALKAN BEVERAGE LLC_Bakery_20250721.pdf
2025-07-22 09:28:40,278 - INFO - OrderCoordinator - [Order Update] No existing file at C:\Users\andrew\Desktop\Andrew\Projects\IthacaBakery\RandomStuff\WorkBot\refactor\data\orders\A.L. George\A.L. George_Bakery_20250721.xlsx. Proceeding with save.
2025-07-22 09:28:42,799 - INFO - OrderCoordinator - Moved downloaded PDF to: C:\Users\andrew\Desktop\Andrew\Projects\IthacaBakery\RandomStuff\WorkBot\refactor\data\orders\A.L. George\A.L. George_Bakery_20250721.pdf
2025-07-22 09:28:45,835 - INFO - OrderCoordinator - [Order Update] No existing file at C:\Users\andrew\Desktop\Andrew\Projects\IthacaBakery\RandomStuff\WorkBot\refactor\data\orders\ACE ENDICO\ACE ENDICO_Bakery_20250721.xlsx. Proceeding with save.
2025-07-22 09:28:47,854 - INFO - OrderCoordinator - Moved downloaded PDF to: C:\Users\andrew\Desktop\Andrew\Projects\IthacaBakery\RandomStuff\WorkBot\refactor\data\orders\ACE ENDICO\ACE ENDICO_Bakery_20250721.pdf
2025-07-22 09:28:51,521 - INFO - OrderCoordinator - [Order Update] No existing file at C:\Users\andrew\Desktop\Andrew\Projects\IthacaBakery\RandomStuff\WorkBot\refactor\data\orders\Dawn\Dawn_Bakery_20250721.xlsx. Proceeding with save.
2025-07-22 09:28:53,542 - INFO - OrderCoordinator - Moved downloaded PDF to: C:\Users\andrew\Desktop\Andrew\Projects\IthacaBakery\RandomStuff\WorkBot\refactor\data\orders\Dawn\Dawn_Bakery_20250721.pdf
2025-07-22 09:28:57,070 - INFO - OrderCoordinator - [Order Update] No existing file at C:\Users\andrew\Desktop\Andrew\Projects\IthacaBakery\RandomStuff\WorkBot\refactor\data\orders\Side Hill Acres\Side Hill Acres_Bakery_20250721.xlsx. Proceeding with save.
2025-07-22 09:28:59,590 - INFO - OrderCoordinator - Moved downloaded PDF to: C:\Users\andrew\Desktop\Andrew\Projects\IthacaBakery\RandomStuff\WorkBot\refactor\data\orders\Side Hill Acres\Side Hill Acres_Bakery_20250721.pdf
2025-07-22 09:29:53,096 - INFO - OrderCoordinator - [Order Update] No existing file at C:\Users\andrew\Desktop\Andrew\Projects\IthacaBakery\RandomStuff\WorkBot\refactor\data\orders\UNFI\UNFI_Bakery_20250719.xlsx. Proceeding with save.
2025-07-22 09:33:51,637 - INFO - OrderCoordinator - [Order Update] No existing file at C:\Users\andrew\Desktop\Andrew\Projects\IthacaBakery\RandomStuff\WorkBot\refactor\data\orders\UNFI\UNFI_Bakery_20250719.xlsx. Proceeding with save.
2025-07-22 09:33:53,663 - INFO - OrderCoordinator - Moved downloaded PDF to: C:\Users\andrew\Desktop\Andrew\Projects\IthacaBakery\RandomStuff\WorkBot\refactor\data\orders\UNFI\UNFI_Bakery_20250719.pdf
2025-07-22 09:33:57,434 - INFO - OrderCoordinator - [Order Update] No existing file at C:\Users\andrew\Desktop\Andrew\Projects\IthacaBakery\RandomStuff\WorkBot\refactor\data\orders\Webstaurant\Webstaurant_Bakery_20250719.xlsx. Proceeding with save.
2025-07-22 09:33:59,446 - INFO - OrderCoordinator - Moved downloaded PDF to: C:\Users\andrew\Desktop\Andrew\Projects\IthacaBakery\RandomStuff\WorkBot\refactor\data\orders\Webstaurant\Webstaurant_Bakery_20250719.pdf
2025-07-22 09:34:03,034 - INFO - OrderCoordinator - [Order Update] No existing file at C:\Users\andrew\Desktop\Andrew\Projects\IthacaBakery\RandomStuff\WorkBot\refactor\data\orders\BJ's\BJ's_Bakery_20250719.xlsx. Proceeding with save.
2025-07-22 09:34:05,546 - INFO - OrderCoordinator - Moved downloaded PDF to: C:\Users\andrew\Desktop\Andrew\Projects\IthacaBakery\RandomStuff\WorkBot\refactor\data\orders\BJ's\BJ's_Bakery_20250719.pdf
2025-07-22 09:34:10,348 - INFO - OrderCoordinator - [Order Update] No existing file at C:\Users\andrew\Desktop\Andrew\Projects\IthacaBakery\RandomStuff\WorkBot\refactor\data\orders\Sysco\Sysco_Bakery_20250719.xlsx. Proceeding with save.
2025-07-22 09:34:12,369 - INFO - OrderCoordinator - Moved downloaded PDF to: C:\Users\andrew\Desktop\Andrew\Projects\IthacaBakery\RandomStuff\WorkBot\refactor\data\orders\Sysco\Sysco_Bakery_20250719.pdf
2025-07-22 09:34:16,248 - INFO - OrderCoordinator - [Order Update] No existing file at C:\Users\andrew\Desktop\Andrew\Projects\IthacaBakery\RandomStuff\WorkBot\refactor\data\orders\FingerLakes Farms\FingerLakes Farms_Bakery_20250719.xlsx. Proceeding with save.
2025-07-22 09:34:18,262 - INFO - OrderCoordinator - Moved downloaded PDF to: C:\Users\andrew\Desktop\Andrew\Projects\IthacaBakery\RandomStuff\WorkBot\refactor\data\orders\FingerLakes Farms\FingerLakes Farms_Bakery_20250719.pdf
2025-07-22 09:34:22,110 - INFO - OrderCoordinator - [Order Update] No existing file at C:\Users\andrew\Desktop\Andrew\Projects\IthacaBakery\RandomStuff\WorkBot\refactor\data\orders\Hillcrest Dairy\Hillcrest Dairy_Bakery_20250719.xlsx. Proceeding with save.
2025-07-22 09:34:24,121 - INFO - OrderCoordinator - Moved downloaded PDF to: C:\Users\andrew\Desktop\Andrew\Projects\IthacaBakery\RandomStuff\WorkBot\refactor\data\orders\Hillcrest Dairy\Hillcrest Dairy_Bakery_20250719.pdf
2025-07-22 09:34:29,342 - INFO - OrderCoordinator - [Order Update] No existing file at C:\Users\andrew\Desktop\Andrew\Projects\IthacaBakery\RandomStuff\WorkBot\refactor\data\orders\Performance Food\Performance Food_Bakery_20250719.xlsx. Proceeding with save.
2025-07-22 09:34:31,367 - INFO - OrderCoordinator - Moved downloaded PDF to: C:\Users\andrew\Desktop\Andrew\Projects\IthacaBakery\RandomStuff\WorkBot\refactor\data\orders\Performance Food\Performance Food_Bakery_20250719.pdf
2025-07-22 09:34:36,716 - INFO - OrderCoordinator - [Order Update] No existing file at C:\Users\andrew\Desktop\Andrew\Projects\IthacaBakery\RandomStuff\WorkBot\refactor\data\orders\US Foods\US Foods_Bakery_20250720.xlsx. Proceeding with save.
2025-07-22 09:34:38,740 - INFO - OrderCoordinator - Moved downloaded PDF to: C:\Users\andrew\Desktop\Andrew\Projects\IthacaBakery\RandomStuff\WorkBot\refactor\data\orders\US Foods\US Foods_Bakery_20250720.pdf
2025-07-22 09:34:42,627 - INFO - OrderCoordinator - [Order Update] No existing file at C:\Users\andrew\Desktop\Andrew\Projects\IthacaBakery\RandomStuff\WorkBot\refactor\data\orders\Keck's Food Service\Keck's Food Service_Bakery_20250720.xlsx. Proceeding with save.
2025-07-22 09:34:45,145 - INFO - OrderCoordinator - Moved downloaded PDF to: C:\Users\andrew\Desktop\Andrew\Projects\IthacaBakery\RandomStuff\WorkBot\refactor\data\orders\Keck's Food Service\Keck's Food Service_Bakery_20250720.pdf
2025-07-22 09:34:48,175 - INFO - OrderCoordinator - [Order Update] No existing file at C:\Users\andrew\Desktop\Andrew\Projects\IthacaBakery\RandomStuff\WorkBot\refactor\data\orders\Jade Leaf Matcha\Jade Leaf Matcha_Bakery_20250720.xlsx. Proceeding with save.
2025-07-22 09:34:50,187 - INFO - OrderCoordinator - Moved downloaded PDF to: C:\Users\andrew\Desktop\Andrew\Projects\IthacaBakery\RandomStuff\WorkBot\refactor\data\orders\Jade Leaf Matcha\Jade Leaf Matcha_Bakery_20250720.pdf
2025-07-22 09:34:54,108 - INFO - OrderCoordinator - [Order Update] No existing file at C:\Users\andrew\Desktop\Andrew\Projects\IthacaBakery\RandomStuff\WorkBot\refactor\data\orders\Equal Exchange\Equal Exchange_Bakery_20250720.xlsx. Proceeding with save.
2025-07-22 09:34:56,121 - INFO - OrderCoordinator - Moved downloaded PDF to: C:\Users\andrew\Desktop\Andrew\Projects\IthacaBakery\RandomStuff\WorkBot\refactor\data\orders\Equal Exchange\Equal Exchange_Bakery_20250720.pdf
2025-07-22 09:34:59,855 - INFO - OrderCoordinator - [Order Update] No existing file at C:\Users\andrew\Desktop\Andrew\Projects\IthacaBakery\RandomStuff\WorkBot\refactor\data\orders\Copper Horse Coffee\Copper Horse Coffee_Bakery_20250720.xlsx. Proceeding with save.
2025-07-22 09:35:01,868 - INFO - OrderCoordinator - Moved downloaded PDF to: C:\Users\andrew\Desktop\Andrew\Projects\IthacaBakery\RandomStuff\WorkBot\refactor\data\orders\Copper Horse Coffee\Copper Horse Coffee_Bakery_20250720.pdf
2025-07-22 09:35:05,434 - INFO - OrderCoordinator - [Order Update] No existing file at C:\Users\andrew\Desktop\Andrew\Projects\IthacaBakery\RandomStuff\WorkBot\refactor\data\orders\Eurocafe Imports\Eurocafe Imports_Bakery_20250720.xlsx. Proceeding with save.
2025-07-22 09:35:07,454 - INFO - OrderCoordinator - Moved downloaded PDF to: C:\Users\andrew\Desktop\Andrew\Projects\IthacaBakery\RandomStuff\WorkBot\refactor\data\orders\Eurocafe Imports\Eurocafe Imports_Bakery_20250720.pdf
2025-07-22 09:35:11,627 - INFO - OrderCoordinator - [Order Update] No existing file at C:\Users\andrew\Desktop\Andrew\Projects\IthacaBakery\RandomStuff\WorkBot\refactor\data\orders\Coca-Cola\Coca-Cola_Bakery_20250720.xlsx. Proceeding with save.
2025-07-22 09:35:14,140 - INFO - OrderCoordinator - Moved downloaded PDF to: C:\Users\andrew\Desktop\Andrew\Projects\IthacaBakery\RandomStuff\WorkBot\refactor\data\orders\Coca-Cola\Coca-Cola_Bakery_20250720.pdf
2025-07-22 09:35:17,853 - INFO - OrderCoordinator - [Order Update] No existing file at C:\Users\andrew\Desktop\Andrew\Projects\IthacaBakery\RandomStuff\WorkBot\refactor\data\orders\Regional Distributors, Inc.\Regional Distributors, Inc._Bakery_20250721.xlsx. Proceeding with save.
2025-07-22 09:35:19,865 - INFO - OrderCoordinator - Moved downloaded PDF to: C:\Users\andrew\Desktop\Andrew\Projects\IthacaBakery\RandomStuff\WorkBot\refactor\data\orders\Regional Distributors, Inc.\Regional Distributors, Inc._Bakery_20250721.pdf
2025-07-22 09:35:23,384 - INFO - OrderCoordinator - [Order Update] No existing file at C:\Users\andrew\Desktop\Andrew\Projects\IthacaBakery\RandomStuff\WorkBot\refactor\data\orders\Hill & Markes\Hill & Markes_Bakery_20250721.xlsx. Proceeding with save.
2025-07-22 09:35:25,396 - INFO - OrderCoordinator - Moved downloaded PDF to: C:\Users\andrew\Desktop\Andrew\Projects\IthacaBakery\RandomStuff\WorkBot\refactor\data\orders\Hill & Markes\Hill & Markes_Bakery_20250721.pdf
2025-07-22 09:35:29,812 - INFO - OrderCoordinator - [Order Update] No existing file at C:\Users\andrew\Desktop\Andrew\Projects\IthacaBakery\RandomStuff\WorkBot\refactor\data\orders\Hillcrest Foods\Hillcrest Foods_Bakery_20250721.xlsx. Proceeding with save.
2025-07-22 09:35:31,825 - INFO - OrderCoordinator - Moved downloaded PDF to: C:\Users\andrew\Desktop\Andrew\Projects\IthacaBakery\RandomStuff\WorkBot\refactor\data\orders\Hillcrest Foods\Hillcrest Foods_Bakery_20250721.pdf
2025-07-22 09:35:35,716 - INFO - OrderCoordinator - [Order Update] No existing file at C:\Users\andrew\Desktop\Andrew\Projects\IthacaBakery\RandomStuff\WorkBot\refactor\data\orders\Lentz\Lentz_Bakery_20250721.xlsx. Proceeding with save.
2025-07-22 09:35:37,729 - INFO - OrderCoordinator - Moved downloaded PDF to: C:\Users\andrew\Desktop\Andrew\Projects\IthacaBakery\RandomStuff\WorkBot\refactor\data\orders\Lentz\Lentz_Bakery_20250721.pdf
2025-07-22 09:35:41,060 - INFO - OrderCoordinator - [Order Update] No existing file at C:\Users\andrew\Desktop\Andrew\Projects\IthacaBakery\RandomStuff\WorkBot\refactor\data\orders\BALKAN BEVERAGE LLC\BALKAN BEVERAGE LLC_Bakery_20250721.xlsx. Proceeding with save.
2025-07-22 09:35:43,572 - INFO - OrderCoordinator - Moved downloaded PDF to: C:\Users\andrew\Desktop\Andrew\Projects\IthacaBakery\RandomStuff\WorkBot\refactor\data\orders\BALKAN BEVERAGE LLC\BALKAN BEVERAGE LLC_Bakery_20250721.pdf
2025-07-22 09:35:46,942 - INFO - OrderCoordinator - [Order Update] No existing file at C:\Users\andrew\Desktop\Andrew\Projects\IthacaBakery\RandomStuff\WorkBot\refactor\data\orders\A.L. George\A.L. George_Bakery_20250721.xlsx. Proceeding with save.
2025-07-22 09:35:48,956 - INFO - OrderCoordinator - Moved downloaded PDF to: C:\Users\andrew\Desktop\Andrew\Projects\IthacaBakery\RandomStuff\WorkBot\refactor\data\orders\A.L. George\A.L. George_Bakery_20250721.pdf
2025-07-22 09:35:52,484 - INFO - OrderCoordinator - [Order Update] No existing file at C:\Users\andrew\Desktop\Andrew\Projects\IthacaBakery\RandomStuff\WorkBot\refactor\data\orders\ACE ENDICO\ACE ENDICO_Bakery_20250721.xlsx. Proceeding with save.
2025-07-22 09:35:54,498 - INFO - OrderCoordinator - Moved downloaded PDF to: C:\Users\andrew\Desktop\Andrew\Projects\IthacaBakery\RandomStuff\WorkBot\refactor\data\orders\ACE ENDICO\ACE ENDICO_Bakery_20250721.pdf
2025-07-22 09:35:58,181 - INFO - OrderCoordinator - [Order Update] No existing file at C:\Users\andrew\Desktop\Andrew\Projects\IthacaBakery\RandomStuff\WorkBot\refactor\data\orders\Dawn\Dawn_Bakery_20250721.xlsx. Proceeding with save.
2025-07-22 09:36:00,192 - INFO - OrderCoordinator - Moved downloaded PDF to: C:\Users\andrew\Desktop\Andrew\Projects\IthacaBakery\RandomStuff\WorkBot\refactor\data\orders\Dawn\Dawn_Bakery_20250721.pdf
2025-07-22 09:36:03,719 - INFO - OrderCoordinator - [Order Update] No existing file at C:\Users\andrew\Desktop\Andrew\Projects\IthacaBakery\RandomStuff\WorkBot\refactor\data\orders\Side Hill Acres\Side Hill Acres_Bakery_20250721.xlsx. Proceeding with save.
2025-07-22 09:36:05,732 - INFO - OrderCoordinator - Moved downloaded PDF to: C:\Users\andrew\Desktop\Andrew\Projects\IthacaBakery\RandomStuff\WorkBot\refactor\data\orders\Side Hill Acres\Side Hill Acres_Bakery_20250721.pdf
2025-07-22 09:36:17,664 - INFO - OrderCoordinator - [Order Update] No existing file at C:\Users\andrew\Desktop\Andrew\Projects\IthacaBakery\RandomStuff\WorkBot\refactor\data\orders\Sysco\Sysco_Triphammer_20250718.xlsx. Proceeding with save.
2025-07-22 09:36:19,690 - INFO - OrderCoordinator - Moved downloaded PDF to: C:\Users\andrew\Desktop\Andrew\Projects\IthacaBakery\RandomStuff\WorkBot\refactor\data\orders\Sysco\Sysco_Triphammer_20250718.pdf
2025-07-22 09:36:25,604 - INFO - OrderCoordinator - [Order Update] No existing file at C:\Users\andrew\Desktop\Andrew\Projects\IthacaBakery\RandomStuff\WorkBot\refactor\data\orders\Performance Food\Performance Food_Triphammer_20250718.xlsx. Proceeding with save.
2025-07-22 09:36:27,643 - INFO - OrderCoordinator - Moved downloaded PDF to: C:\Users\andrew\Desktop\Andrew\Projects\IthacaBakery\RandomStuff\WorkBot\refactor\data\orders\Performance Food\Performance Food_Triphammer_20250718.pdf
2025-07-22 09:36:31,743 - INFO - OrderCoordinator - [Order Update] No existing file at C:\Users\andrew\Desktop\Andrew\Projects\IthacaBakery\RandomStuff\WorkBot\refactor\data\orders\FingerLakes Farms\FingerLakes Farms_Triphammer_20250718.xlsx. Proceeding with save.
2025-07-22 09:36:33,766 - INFO - OrderCoordinator - Moved downloaded PDF to: C:\Users\andrew\Desktop\Andrew\Projects\IthacaBakery\RandomStuff\WorkBot\refactor\data\orders\FingerLakes Farms\FingerLakes Farms_Triphammer_20250718.pdf
2025-07-22 09:36:37,546 - INFO - OrderCoordinator - [Order Update] No existing file at C:\Users\andrew\Desktop\Andrew\Projects\IthacaBakery\RandomStuff\WorkBot\refactor\data\orders\Hillcrest Dairy\Hillcrest Dairy_Triphammer_20250718.xlsx. Proceeding with save.
2025-07-22 09:36:39,569 - INFO - OrderCoordinator - Moved downloaded PDF to: C:\Users\andrew\Desktop\Andrew\Projects\IthacaBakery\RandomStuff\WorkBot\refactor\data\orders\Hillcrest Dairy\Hillcrest Dairy_Triphammer_20250718.pdf
2025-07-22 09:36:43,804 - INFO - OrderCoordinator - [Order Update] No existing file at C:\Users\andrew\Desktop\Andrew\Projects\IthacaBakery\RandomStuff\WorkBot\refactor\data\orders\UNFI\UNFI_Triphammer_20250718.xlsx. Proceeding with save.
2025-07-22 09:36:45,832 - INFO - OrderCoordinator - Moved downloaded PDF to: C:\Users\andrew\Desktop\Andrew\Projects\IthacaBakery\RandomStuff\WorkBot\refactor\data\orders\UNFI\UNFI_Triphammer_20250718.pdf
2025-07-22 09:36:51,200 - INFO - OrderCoordinator - [Order Update] No existing file at C:\Users\andrew\Desktop\Andrew\Projects\IthacaBakery\RandomStuff\WorkBot\refactor\data\orders\Ithaca Bakery\Ithaca Bakery_Triphammer_20250718.xlsx. Proceeding with save.
2025-07-22 09:36:53,726 - INFO - OrderCoordinator - Moved downloaded PDF to: C:\Users\andrew\Desktop\Andrew\Projects\IthacaBakery\RandomStuff\WorkBot\refactor\data\orders\Ithaca Bakery\Ithaca Bakery_Triphammer_20250718.pdf
2025-07-22 09:36:57,005 - INFO - OrderCoordinator - [Order Update] No existing file at C:\Users\andrew\Desktop\Andrew\Projects\IthacaBakery\RandomStuff\WorkBot\refactor\data\orders\Peters Supply\Peters Supply_Triphammer_20250718.xlsx. Proceeding with save.
2025-07-22 09:36:59,027 - INFO - OrderCoordinator - Moved downloaded PDF to: C:\Users\andrew\Desktop\Andrew\Projects\IthacaBakery\RandomStuff\WorkBot\refactor\data\orders\Peters Supply\Peters Supply_Triphammer_20250718.pdf
2025-07-22 09:37:03,073 - INFO - OrderCoordinator - [Order Update] No existing file at C:\Users\andrew\Desktop\Andrew\Projects\IthacaBakery\RandomStuff\WorkBot\refactor\data\orders\Regional Distributors, Inc.\Regional Distributors, Inc._Triphammer_20250718.xlsx. Proceeding with save.
2025-07-22 09:37:05,099 - INFO - OrderCoordinator - Moved downloaded PDF to: C:\Users\andrew\Desktop\Andrew\Projects\IthacaBakery\RandomStuff\WorkBot\refactor\data\orders\Regional Distributors, Inc.\Regional Distributors, Inc._Triphammer_20250718.pdf
2025-07-22 09:37:09,401 - INFO - OrderCoordinator - [Order Update] No existing file at C:\Users\andrew\Desktop\Andrew\Projects\IthacaBakery\RandomStuff\WorkBot\refactor\data\orders\Hill & Markes\Hill & Markes_Triphammer_20250718.xlsx. Proceeding with save.
2025-07-22 09:37:11,424 - INFO - OrderCoordinator - Moved downloaded PDF to: C:\Users\andrew\Desktop\Andrew\Projects\IthacaBakery\RandomStuff\WorkBot\refactor\data\orders\Hill & Markes\Hill & Markes_Triphammer_20250718.pdf
2025-07-22 09:37:15,169 - INFO - OrderCoordinator - [Order Update] No existing file at C:\Users\andrew\Desktop\Andrew\Projects\IthacaBakery\RandomStuff\WorkBot\refactor\data\orders\Copper Horse Coffee\Copper Horse Coffee_Triphammer_20250718.xlsx. Proceeding with save.
2025-07-22 09:37:17,194 - INFO - OrderCoordinator - Moved downloaded PDF to: C:\Users\andrew\Desktop\Andrew\Projects\IthacaBakery\RandomStuff\WorkBot\refactor\data\orders\Copper Horse Coffee\Copper Horse Coffee_Triphammer_20250718.pdf
2025-07-22 09:37:22,453 - INFO - OrderCoordinator - [Order Update] No existing file at C:\Users\andrew\Desktop\Andrew\Projects\IthacaBakery\RandomStuff\WorkBot\refactor\data\orders\US Foods\US Foods_Triphammer_20250718.xlsx. Proceeding with save.
2025-07-22 09:37:24,976 - INFO - OrderCoordinator - Moved downloaded PDF to: C:\Users\andrew\Desktop\Andrew\Projects\IthacaBakery\RandomStuff\WorkBot\refactor\data\orders\US Foods\US Foods_Triphammer_20250718.pdf
2025-07-22 09:37:28,148 - INFO - OrderCoordinator - [Order Update] No existing file at C:\Users\andrew\Desktop\Andrew\Projects\IthacaBakery\RandomStuff\WorkBot\refactor\data\orders\Equal Exchange\Equal Exchange_Triphammer_20250718.xlsx. Proceeding with save.
2025-07-22 09:37:30,181 - INFO - OrderCoordinator - Moved downloaded PDF to: C:\Users\andrew\Desktop\Andrew\Projects\IthacaBakery\RandomStuff\WorkBot\refactor\data\orders\Equal Exchange\Equal Exchange_Triphammer_20250718.pdf
2025-07-22 09:37:33,854 - INFO - OrderCoordinator - [Order Update] No existing file at C:\Users\andrew\Desktop\Andrew\Projects\IthacaBakery\RandomStuff\WorkBot\refactor\data\orders\Johnston Paper\Johnston Paper_Triphammer_20250718.xlsx. Proceeding with save.
2025-07-22 09:37:36,379 - INFO - OrderCoordinator - Moved downloaded PDF to: C:\Users\andrew\Desktop\Andrew\Projects\IthacaBakery\RandomStuff\WorkBot\refactor\data\orders\Johnston Paper\Johnston Paper_Triphammer_20250718.pdf
2025-07-22 09:37:39,855 - INFO - OrderCoordinator - [Order Update] No existing file at C:\Users\andrew\Desktop\Andrew\Projects\IthacaBakery\RandomStuff\WorkBot\refactor\data\orders\Coca-Cola\Coca-Cola_Triphammer_20250718.xlsx. Proceeding with save.
2025-07-22 09:37:41,881 - INFO - OrderCoordinator - Moved downloaded PDF to: C:\Users\andrew\Desktop\Andrew\Projects\IthacaBakery\RandomStuff\WorkBot\refactor\data\orders\Coca-Cola\Coca-Cola_Triphammer_20250718.pdf
2025-07-22 09:37:45,489 - INFO - OrderCoordinator - [Order Update] No existing file at C:\Users\andrew\Desktop\Andrew\Projects\IthacaBakery\RandomStuff\WorkBot\refactor\data\orders\A.L. George\A.L. George_Triphammer_20250718.xlsx. Proceeding with save.
2025-07-22 09:37:47,515 - INFO - OrderCoordinator - Moved downloaded PDF to: C:\Users\andrew\Desktop\Andrew\Projects\IthacaBakery\RandomStuff\WorkBot\refactor\data\orders\A.L. George\A.L. George_Triphammer_20250718.pdf
2025-07-22 09:37:51,969 - INFO - OrderCoordinator - [Order Update] No existing file at C:\Users\andrew\Desktop\Andrew\Projects\IthacaBakery\RandomStuff\WorkBot\refactor\data\orders\Russo Produce\Russo Produce_Triphammer_20250720.xlsx. Proceeding with save.
2025-07-22 09:37:53,999 - INFO - OrderCoordinator - Moved downloaded PDF to: C:\Users\andrew\Desktop\Andrew\Projects\IthacaBakery\RandomStuff\WorkBot\refactor\data\orders\Russo Produce\Russo Produce_Triphammer_20250720.pdf
2025-07-22 09:37:57,531 - INFO - OrderCoordinator - [Order Update] No existing file at C:\Users\andrew\Desktop\Andrew\Projects\IthacaBakery\RandomStuff\WorkBot\refactor\data\orders\Webstaurant\Webstaurant_Triphammer_20250721.xlsx. Proceeding with save.
2025-07-22 09:37:59,557 - INFO - OrderCoordinator - Moved downloaded PDF to: C:\Users\andrew\Desktop\Andrew\Projects\IthacaBakery\RandomStuff\WorkBot\refactor\data\orders\Webstaurant\Webstaurant_Triphammer_20250721.pdf
2025-07-22 09:38:09,745 - INFO - OrderCoordinator - [Order Update] No existing file at C:\Users\andrew\Desktop\Andrew\Projects\IthacaBakery\RandomStuff\WorkBot\refactor\data\orders\Equal Exchange\Equal Exchange_Easthill_20250717.xlsx. Proceeding with save.
2025-07-22 09:38:11,766 - INFO - OrderCoordinator - Moved downloaded PDF to: C:\Users\andrew\Desktop\Andrew\Projects\IthacaBakery\RandomStuff\WorkBot\refactor\data\orders\Equal Exchange\Equal Exchange_Easthill_20250717.pdf
2025-07-22 09:38:16,119 - INFO - OrderCoordinator - [Order Update] No existing file at C:\Users\andrew\Desktop\Andrew\Projects\IthacaBakery\RandomStuff\WorkBot\refactor\data\orders\Performance Food\Performance Food_Easthill_20250717.xlsx. Proceeding with save.
2025-07-22 09:38:18,144 - INFO - OrderCoordinator - Moved downloaded PDF to: C:\Users\andrew\Desktop\Andrew\Projects\IthacaBakery\RandomStuff\WorkBot\refactor\data\orders\Performance Food\Performance Food_Easthill_20250717.pdf
2025-07-22 09:38:22,694 - INFO - OrderCoordinator - [Order Update] No existing file at C:\Users\andrew\Desktop\Andrew\Projects\IthacaBakery\RandomStuff\WorkBot\refactor\data\orders\Sysco\Sysco_Easthill_20250717.xlsx. Proceeding with save.
2025-07-22 09:38:24,717 - INFO - OrderCoordinator - Moved downloaded PDF to: C:\Users\andrew\Desktop\Andrew\Projects\IthacaBakery\RandomStuff\WorkBot\refactor\data\orders\Sysco\Sysco_Easthill_20250717.pdf
2025-07-22 09:38:28,389 - INFO - OrderCoordinator - [Order Update] No existing file at C:\Users\andrew\Desktop\Andrew\Projects\IthacaBakery\RandomStuff\WorkBot\refactor\data\orders\Peters Supply\Peters Supply_Easthill_20250717.xlsx. Proceeding with save.
2025-07-22 09:38:30,416 - INFO - OrderCoordinator - Moved downloaded PDF to: C:\Users\andrew\Desktop\Andrew\Projects\IthacaBakery\RandomStuff\WorkBot\refactor\data\orders\Peters Supply\Peters Supply_Easthill_20250717.pdf
2025-07-22 09:38:36,293 - INFO - OrderCoordinator - [Order Update] No existing file at C:\Users\andrew\Desktop\Andrew\Projects\IthacaBakery\RandomStuff\WorkBot\refactor\data\orders\Ithaca Bakery\Ithaca Bakery_Easthill_20250717.xlsx. Proceeding with save.
2025-07-22 09:38:38,322 - INFO - OrderCoordinator - Moved downloaded PDF to: C:\Users\andrew\Desktop\Andrew\Projects\IthacaBakery\RandomStuff\WorkBot\refactor\data\orders\Ithaca Bakery\Ithaca Bakery_Easthill_20250717.pdf
2025-07-22 09:38:42,191 - INFO - OrderCoordinator - [Order Update] No existing file at C:\Users\andrew\Desktop\Andrew\Projects\IthacaBakery\RandomStuff\WorkBot\refactor\data\orders\Regional Distributors, Inc.\Regional Distributors, Inc._Easthill_20250717.xlsx. Proceeding with save.
2025-07-22 09:38:44,214 - INFO - OrderCoordinator - Moved downloaded PDF to: C:\Users\andrew\Desktop\Andrew\Projects\IthacaBakery\RandomStuff\WorkBot\refactor\data\orders\Regional Distributors, Inc.\Regional Distributors, Inc._Easthill_20250717.pdf
2025-07-22 09:38:47,882 - INFO - OrderCoordinator - [Order Update] No existing file at C:\Users\andrew\Desktop\Andrew\Projects\IthacaBakery\RandomStuff\WorkBot\refactor\data\orders\Bo's Bones\Bo's Bones_Easthill_20250717.xlsx. Proceeding with save.
2025-07-22 09:38:49,904 - INFO - OrderCoordinator - Moved downloaded PDF to: C:\Users\andrew\Desktop\Andrew\Projects\IthacaBakery\RandomStuff\WorkBot\refactor\data\orders\Bo's Bones\Bo's Bones_Easthill_20250717.pdf
2025-07-22 09:38:53,639 - INFO - OrderCoordinator - [Order Update] No existing file at C:\Users\andrew\Desktop\Andrew\Projects\IthacaBakery\RandomStuff\WorkBot\refactor\data\orders\Copper Horse Coffee\Copper Horse Coffee_Easthill_20250717.xlsx. Proceeding with save.
2025-07-22 09:38:55,662 - INFO - OrderCoordinator - Moved downloaded PDF to: C:\Users\andrew\Desktop\Andrew\Projects\IthacaBakery\RandomStuff\WorkBot\refactor\data\orders\Copper Horse Coffee\Copper Horse Coffee_Easthill_20250717.pdf
2025-07-22 09:38:59,437 - INFO - OrderCoordinator - [Order Update] No existing file at C:\Users\andrew\Desktop\Andrew\Projects\IthacaBakery\RandomStuff\WorkBot\refactor\data\orders\Hill & Markes\Hill & Markes_Easthill_20250717.xlsx. Proceeding with save.
2025-07-22 09:39:01,461 - INFO - OrderCoordinator - Moved downloaded PDF to: C:\Users\andrew\Desktop\Andrew\Projects\IthacaBakery\RandomStuff\WorkBot\refactor\data\orders\Hill & Markes\Hill & Markes_Easthill_20250717.pdf
2025-07-22 09:39:05,804 - INFO - OrderCoordinator - [Order Update] No existing file at C:\Users\andrew\Desktop\Andrew\Projects\IthacaBakery\RandomStuff\WorkBot\refactor\data\orders\US Foods\US Foods_Easthill_20250717.xlsx. Proceeding with save.
2025-07-22 09:39:07,840 - INFO - OrderCoordinator - Moved downloaded PDF to: C:\Users\andrew\Desktop\Andrew\Projects\IthacaBakery\RandomStuff\WorkBot\refactor\data\orders\US Foods\US Foods_Easthill_20250717.pdf
2025-07-22 09:39:11,565 - INFO - OrderCoordinator - [Order Update] No existing file at C:\Users\andrew\Desktop\Andrew\Projects\IthacaBakery\RandomStuff\WorkBot\refactor\data\orders\Hillcrest Dairy\Hillcrest Dairy_Easthill_20250717.xlsx. Proceeding with save.
2025-07-22 09:39:13,587 - INFO - OrderCoordinator - Moved downloaded PDF to: C:\Users\andrew\Desktop\Andrew\Projects\IthacaBakery\RandomStuff\WorkBot\refactor\data\orders\Hillcrest Dairy\Hillcrest Dairy_Easthill_20250717.pdf
2025-07-22 09:39:17,629 - INFO - OrderCoordinator - [Order Update] No existing file at C:\Users\andrew\Desktop\Andrew\Projects\IthacaBakery\RandomStuff\WorkBot\refactor\data\orders\FingerLakes Farms\FingerLakes Farms_Easthill_20250717.xlsx. Proceeding with save.
2025-07-22 09:39:19,652 - INFO - OrderCoordinator - Moved downloaded PDF to: C:\Users\andrew\Desktop\Andrew\Projects\IthacaBakery\RandomStuff\WorkBot\refactor\data\orders\FingerLakes Farms\FingerLakes Farms_Easthill_20250717.pdf
2025-07-22 09:39:24,623 - INFO - OrderCoordinator - [Order Update] No existing file at C:\Users\andrew\Desktop\Andrew\Projects\IthacaBakery\RandomStuff\WorkBot\refactor\data\orders\UNFI\UNFI_Easthill_20250717.xlsx. Proceeding with save.
2025-07-22 09:39:26,646 - INFO - OrderCoordinator - Moved downloaded PDF to: C:\Users\andrew\Desktop\Andrew\Projects\IthacaBakery\RandomStuff\WorkBot\refactor\data\orders\UNFI\UNFI_Easthill_20250717.pdf
2025-07-22 09:39:30,477 - INFO - OrderCoordinator - [Order Update] No existing file at C:\Users\andrew\Desktop\Andrew\Projects\IthacaBakery\RandomStuff\WorkBot\refactor\data\orders\Coca-Cola\Coca-Cola_Easthill_20250718.xlsx. Proceeding with save.
2025-07-22 09:39:32,498 - INFO - OrderCoordinator - Moved downloaded PDF to: C:\Users\andrew\Desktop\Andrew\Projects\IthacaBakery\RandomStuff\WorkBot\refactor\data\orders\Coca-Cola\Coca-Cola_Easthill_20250718.pdf
2025-07-22 09:39:36,020 - INFO - OrderCoordinator - [Order Update] No existing file at C:\Users\andrew\Desktop\Andrew\Projects\IthacaBakery\RandomStuff\WorkBot\refactor\data\orders\Johnston Paper\Johnston Paper_Easthill_20250718.xlsx. Proceeding with save.
2025-07-22 09:39:38,042 - INFO - OrderCoordinator - Moved downloaded PDF to: C:\Users\andrew\Desktop\Andrew\Projects\IthacaBakery\RandomStuff\WorkBot\refactor\data\orders\Johnston Paper\Johnston Paper_Easthill_20250718.pdf
2025-07-22 09:39:41,572 - INFO - OrderCoordinator - [Order Update] No existing file at C:\Users\andrew\Desktop\Andrew\Projects\IthacaBakery\RandomStuff\WorkBot\refactor\data\orders\BALKAN BEVERAGE LLC\BALKAN BEVERAGE LLC_Easthill_20250718.xlsx. Proceeding with save.
2025-07-22 09:39:43,593 - INFO - OrderCoordinator - Moved downloaded PDF to: C:\Users\andrew\Desktop\Andrew\Projects\IthacaBakery\RandomStuff\WorkBot\refactor\data\orders\BALKAN BEVERAGE LLC\BALKAN BEVERAGE LLC_Easthill_20250718.pdf
2025-07-22 09:39:47,213 - INFO - OrderCoordinator - [Order Update] No existing file at C:\Users\andrew\Desktop\Andrew\Projects\IthacaBakery\RandomStuff\WorkBot\refactor\data\orders\Stonewall Kitchen\Stonewall Kitchen_Easthill_20250718.xlsx. Proceeding with save.
2025-07-22 09:39:49,740 - INFO - OrderCoordinator - Moved downloaded PDF to: C:\Users\andrew\Desktop\Andrew\Projects\IthacaBakery\RandomStuff\WorkBot\refactor\data\orders\Stonewall Kitchen\Stonewall Kitchen_Easthill_20250718.pdf
2025-07-22 09:39:52,784 - INFO - OrderCoordinator - [Order Update] No existing file at C:\Users\andrew\Desktop\Andrew\Projects\IthacaBakery\RandomStuff\WorkBot\refactor\data\orders\Sauce Crafters Inc\Sauce Crafters Inc_Easthill_20250718.xlsx. Proceeding with save.
2025-07-22 09:39:54,806 - INFO - OrderCoordinator - Moved downloaded PDF to: C:\Users\andrew\Desktop\Andrew\Projects\IthacaBakery\RandomStuff\WorkBot\refactor\data\orders\Sauce Crafters Inc\Sauce Crafters Inc_Easthill_20250718.pdf
2025-07-22 09:40:04,940 - INFO - OrderCoordinator - [Order Update] No existing file at C:\Users\andrew\Desktop\Andrew\Projects\IthacaBakery\RandomStuff\WorkBot\refactor\data\orders\Hillcrest Dairy\Hillcrest Dairy_Downtown_20250718.xlsx. Proceeding with save.
2025-07-22 09:40:06,964 - INFO - OrderCoordinator - Moved downloaded PDF to: C:\Users\andrew\Desktop\Andrew\Projects\IthacaBakery\RandomStuff\WorkBot\refactor\data\orders\Hillcrest Dairy\Hillcrest Dairy_Downtown_20250718.pdf
2025-07-22 09:40:11,003 - INFO - OrderCoordinator - [Order Update] No existing file at C:\Users\andrew\Desktop\Andrew\Projects\IthacaBakery\RandomStuff\WorkBot\refactor\data\orders\Performance Food\Performance Food_Downtown_20250718.xlsx. Proceeding with save.
2025-07-22 09:40:13,024 - INFO - OrderCoordinator - Moved downloaded PDF to: C:\Users\andrew\Desktop\Andrew\Projects\IthacaBakery\RandomStuff\WorkBot\refactor\data\orders\Performance Food\Performance Food_Downtown_20250718.pdf
2025-07-22 09:40:18,686 - INFO - OrderCoordinator - [Order Update] No existing file at C:\Users\andrew\Desktop\Andrew\Projects\IthacaBakery\RandomStuff\WorkBot\refactor\data\orders\Ithaca Bakery\Ithaca Bakery_Downtown_20250718.xlsx. Proceeding with save.
2025-07-22 09:40:20,713 - INFO - OrderCoordinator - Moved downloaded PDF to: C:\Users\andrew\Desktop\Andrew\Projects\IthacaBakery\RandomStuff\WorkBot\refactor\data\orders\Ithaca Bakery\Ithaca Bakery_Downtown_20250718.pdf
2025-07-22 09:40:24,636 - INFO - OrderCoordinator - [Order Update] No existing file at C:\Users\andrew\Desktop\Andrew\Projects\IthacaBakery\RandomStuff\WorkBot\refactor\data\orders\Equal Exchange\Equal Exchange_Downtown_20250718.xlsx. Proceeding with save.
2025-07-22 09:40:27,171 - INFO - OrderCoordinator - Moved downloaded PDF to: C:\Users\andrew\Desktop\Andrew\Projects\IthacaBakery\RandomStuff\WorkBot\refactor\data\orders\Equal Exchange\Equal Exchange_Downtown_20250718.pdf
2025-07-22 09:40:30,868 - INFO - OrderCoordinator - [Order Update] No existing file at C:\Users\andrew\Desktop\Andrew\Projects\IthacaBakery\RandomStuff\WorkBot\refactor\data\orders\FingerLakes Farms\FingerLakes Farms_Downtown_20250718.xlsx. Proceeding with save.
2025-07-22 09:40:33,396 - INFO - OrderCoordinator - Moved downloaded PDF to: C:\Users\andrew\Desktop\Andrew\Projects\IthacaBakery\RandomStuff\WorkBot\refactor\data\orders\FingerLakes Farms\FingerLakes Farms_Downtown_20250718.pdf
2025-07-22 09:40:37,047 - INFO - OrderCoordinator - [Order Update] No existing file at C:\Users\andrew\Desktop\Andrew\Projects\IthacaBakery\RandomStuff\WorkBot\refactor\data\orders\US Foods\US Foods_Downtown_20250718.xlsx. Proceeding with save.
2025-07-22 09:40:39,071 - INFO - OrderCoordinator - Moved downloaded PDF to: C:\Users\andrew\Desktop\Andrew\Projects\IthacaBakery\RandomStuff\WorkBot\refactor\data\orders\US Foods\US Foods_Downtown_20250718.pdf
2025-07-22 09:40:43,116 - INFO - OrderCoordinator - [Order Update] No existing file at C:\Users\andrew\Desktop\Andrew\Projects\IthacaBakery\RandomStuff\WorkBot\refactor\data\orders\Regional Distributors, Inc.\Regional Distributors, Inc._Downtown_20250718.xlsx. Proceeding with save.
2025-07-22 09:40:45,638 - INFO - OrderCoordinator - Moved downloaded PDF to: C:\Users\andrew\Desktop\Andrew\Projects\IthacaBakery\RandomStuff\WorkBot\refactor\data\orders\Regional Distributors, Inc.\Regional Distributors, Inc._Downtown_20250718.pdf
2025-07-22 09:40:49,538 - INFO - OrderCoordinator - [Order Update] No existing file at C:\Users\andrew\Desktop\Andrew\Projects\IthacaBakery\RandomStuff\WorkBot\refactor\data\orders\Sysco\Sysco_Downtown_20250718.xlsx. Proceeding with save.
2025-07-22 09:40:51,573 - INFO - OrderCoordinator - Moved downloaded PDF to: C:\Users\andrew\Desktop\Andrew\Projects\IthacaBakery\RandomStuff\WorkBot\refactor\data\orders\Sysco\Sysco_Downtown_20250718.pdf
2025-07-22 09:40:55,143 - INFO - OrderCoordinator - [Order Update] No existing file at C:\Users\andrew\Desktop\Andrew\Projects\IthacaBakery\RandomStuff\WorkBot\refactor\data\orders\SANICO\SANICO_Downtown_20250718.xlsx. Proceeding with save.
2025-07-22 09:40:57,663 - INFO - OrderCoordinator - Moved downloaded PDF to: C:\Users\andrew\Desktop\Andrew\Projects\IthacaBakery\RandomStuff\WorkBot\refactor\data\orders\SANICO\SANICO_Downtown_20250718.pdf
2025-07-22 09:41:01,112 - INFO - OrderCoordinator - [Order Update] No existing file at C:\Users\andrew\Desktop\Andrew\Projects\IthacaBakery\RandomStuff\WorkBot\refactor\data\orders\Coca-Cola\Coca-Cola_Downtown_20250718.xlsx. Proceeding with save.
2025-07-22 09:41:03,137 - INFO - OrderCoordinator - Moved downloaded PDF to: C:\Users\andrew\Desktop\Andrew\Projects\IthacaBakery\RandomStuff\WorkBot\refactor\data\orders\Coca-Cola\Coca-Cola_Downtown_20250718.pdf
2025-07-22 09:41:06,964 - INFO - OrderCoordinator - [Order Update] No existing file at C:\Users\andrew\Desktop\Andrew\Projects\IthacaBakery\RandomStuff\WorkBot\refactor\data\orders\Peters Supply\Peters Supply_Downtown_20250718.xlsx. Proceeding with save.
2025-07-22 09:41:08,992 - INFO - OrderCoordinator - Moved downloaded PDF to: C:\Users\andrew\Desktop\Andrew\Projects\IthacaBakery\RandomStuff\WorkBot\refactor\data\orders\Peters Supply\Peters Supply_Downtown_20250718.pdf
2025-07-22 09:41:12,719 - INFO - OrderCoordinator - [Order Update] No existing file at C:\Users\andrew\Desktop\Andrew\Projects\IthacaBakery\RandomStuff\WorkBot\refactor\data\orders\Hill & Markes\Hill & Markes_Downtown_20250718.xlsx. Proceeding with save.
2025-07-22 09:41:14,749 - INFO - OrderCoordinator - Moved downloaded PDF to: C:\Users\andrew\Desktop\Andrew\Projects\IthacaBakery\RandomStuff\WorkBot\refactor\data\orders\Hill & Markes\Hill & Markes_Downtown_20250718.pdf
2025-07-22 09:41:18,260 - INFO - OrderCoordinator - [Order Update] No existing file at C:\Users\andrew\Desktop\Andrew\Projects\IthacaBakery\RandomStuff\WorkBot\refactor\data\orders\Johnston Paper\Johnston Paper_Downtown_20250718.xlsx. Proceeding with save.
2025-07-22 09:41:20,280 - INFO - OrderCoordinator - Moved downloaded PDF to: C:\Users\andrew\Desktop\Andrew\Projects\IthacaBakery\RandomStuff\WorkBot\refactor\data\orders\Johnston Paper\Johnston Paper_Downtown_20250718.pdf
2025-07-22 09:41:25,584 - INFO - OrderCoordinator - [Order Update] No existing file at C:\Users\andrew\Desktop\Andrew\Projects\IthacaBakery\RandomStuff\WorkBot\refactor\data\orders\UNFI\UNFI_Downtown_20250718.xlsx. Proceeding with save.
2025-07-22 09:41:27,611 - INFO - OrderCoordinator - Moved downloaded PDF to: C:\Users\andrew\Desktop\Andrew\Projects\IthacaBakery\RandomStuff\WorkBot\refactor\data\orders\UNFI\UNFI_Downtown_20250718.pdf
2025-07-22 09:41:31,146 - INFO - OrderCoordinator - [Order Update] No existing file at C:\Users\andrew\Desktop\Andrew\Projects\IthacaBakery\RandomStuff\WorkBot\refactor\data\orders\Copper Horse Coffee\Copper Horse Coffee_Downtown_20250718.xlsx. Proceeding with save.
2025-07-22 09:41:33,167 - INFO - OrderCoordinator - Moved downloaded PDF to: C:\Users\andrew\Desktop\Andrew\Projects\IthacaBakery\RandomStuff\WorkBot\refactor\data\orders\Copper Horse Coffee\Copper Horse Coffee_Downtown_20250718.pdf
2025-07-22 09:41:36,771 - INFO - OrderCoordinator - [Order Update] No existing file at C:\Users\andrew\Desktop\Andrew\Projects\IthacaBakery\RandomStuff\WorkBot\refactor\data\orders\BALKAN BEVERAGE LLC\BALKAN BEVERAGE LLC_Downtown_20250718.xlsx. Proceeding with save.
2025-07-22 09:41:38,800 - INFO - OrderCoordinator - Moved downloaded PDF to: C:\Users\andrew\Desktop\Andrew\Projects\IthacaBakery\RandomStuff\WorkBot\refactor\data\orders\BALKAN BEVERAGE LLC\BALKAN BEVERAGE LLC_Downtown_20250718.pdf
2025-07-22 09:41:42,401 - INFO - OrderCoordinator - [Order Update] No existing file at C:\Users\andrew\Desktop\Andrew\Projects\IthacaBakery\RandomStuff\WorkBot\refactor\data\orders\Worlds Best Cheeses\Worlds Best Cheeses_Downtown_20250719.xlsx. Proceeding with save.
2025-07-22 09:41:44,443 - INFO - OrderCoordinator - Moved downloaded PDF to: C:\Users\andrew\Desktop\Andrew\Projects\IthacaBakery\RandomStuff\WorkBot\refactor\data\orders\Worlds Best Cheeses\Worlds Best Cheeses_Downtown_20250719.pdf
2025-07-22 09:41:48,078 - INFO - OrderCoordinator - [Order Update] No existing file at C:\Users\andrew\Desktop\Andrew\Projects\IthacaBakery\RandomStuff\WorkBot\refactor\data\orders\Wegmans\Wegmans_Downtown_20250719.xlsx. Proceeding with save.
2025-07-22 09:41:50,601 - INFO - OrderCoordinator - Moved downloaded PDF to: C:\Users\andrew\Desktop\Andrew\Projects\IthacaBakery\RandomStuff\WorkBot\refactor\data\orders\Wegmans\Wegmans_Downtown_20250719.pdf
2025-07-22 09:41:53,795 - INFO - OrderCoordinator - [Order Update] No existing file at C:\Users\andrew\Desktop\Andrew\Projects\IthacaBakery\RandomStuff\WorkBot\refactor\data\orders\DUTCH VALLEY FOOD DIST\DUTCH VALLEY FOOD DIST_Downtown_20250719.xlsx. Proceeding with save.
2025-07-22 09:41:56,319 - INFO - OrderCoordinator - Moved downloaded PDF to: C:\Users\andrew\Desktop\Andrew\Projects\IthacaBakery\RandomStuff\WorkBot\refactor\data\orders\DUTCH VALLEY FOOD DIST\DUTCH VALLEY FOOD DIST_Downtown_20250719.pdf
2025-07-22 09:42:06,679 - INFO - OrderCoordinator - [Order Update] No existing file at C:\Users\andrew\Desktop\Andrew\Projects\IthacaBakery\RandomStuff\WorkBot\refactor\data\orders\Sysco\Sysco_Collegetown_20250718.xlsx. Proceeding with save.
2025-07-22 09:42:08,701 - INFO - OrderCoordinator - Moved downloaded PDF to: C:\Users\andrew\Desktop\Andrew\Projects\IthacaBakery\RandomStuff\WorkBot\refactor\data\orders\Sysco\Sysco_Collegetown_20250718.pdf
2025-07-22 09:42:15,131 - INFO - OrderCoordinator - [Order Update] No existing file at C:\Users\andrew\Desktop\Andrew\Projects\IthacaBakery\RandomStuff\WorkBot\refactor\data\orders\Ithaca Bakery\Ithaca Bakery_Collegetown_20250718.xlsx. Proceeding with save.
2025-07-22 09:42:17,656 - INFO - OrderCoordinator - Moved downloaded PDF to: C:\Users\andrew\Desktop\Andrew\Projects\IthacaBakery\RandomStuff\WorkBot\refactor\data\orders\Ithaca Bakery\Ithaca Bakery_Collegetown_20250718.pdf
2025-07-22 09:42:21,289 - INFO - OrderCoordinator - [Order Update] No existing file at C:\Users\andrew\Desktop\Andrew\Projects\IthacaBakery\RandomStuff\WorkBot\refactor\data\orders\Regional Distributors, Inc.\Regional Distributors, Inc._Collegetown_20250718.xlsx. Proceeding with save.
2025-07-22 09:42:23,317 - INFO - OrderCoordinator - Moved downloaded PDF to: C:\Users\andrew\Desktop\Andrew\Projects\IthacaBakery\RandomStuff\WorkBot\refactor\data\orders\Regional Distributors, Inc.\Regional Distributors, Inc._Collegetown_20250718.pdf
2025-07-22 09:42:27,057 - INFO - OrderCoordinator - [Order Update] No existing file at C:\Users\andrew\Desktop\Andrew\Projects\IthacaBakery\RandomStuff\WorkBot\refactor\data\orders\Hill & Markes\Hill & Markes_Collegetown_20250718.xlsx. Proceeding with save.
2025-07-22 09:42:29,079 - INFO - OrderCoordinator - Moved downloaded PDF to: C:\Users\andrew\Desktop\Andrew\Projects\IthacaBakery\RandomStuff\WorkBot\refactor\data\orders\Hill & Markes\Hill & Markes_Collegetown_20250718.pdf
2025-07-22 09:42:32,874 - INFO - OrderCoordinator - [Order Update] No existing file at C:\Users\andrew\Desktop\Andrew\Projects\IthacaBakery\RandomStuff\WorkBot\refactor\data\orders\Peters Supply\Peters Supply_Collegetown_20250718.xlsx. Proceeding with save.
2025-07-22 09:42:34,897 - INFO - OrderCoordinator - Moved downloaded PDF to: C:\Users\andrew\Desktop\Andrew\Projects\IthacaBakery\RandomStuff\WorkBot\refactor\data\orders\Peters Supply\Peters Supply_Collegetown_20250718.pdf
2025-07-22 09:42:38,573 - INFO - OrderCoordinator - [Order Update] No existing file at C:\Users\andrew\Desktop\Andrew\Projects\IthacaBakery\RandomStuff\WorkBot\refactor\data\orders\Coca-Cola\Coca-Cola_Collegetown_20250718.xlsx. Proceeding with save.
2025-07-22 09:42:40,599 - INFO - OrderCoordinator - Moved downloaded PDF to: C:\Users\andrew\Desktop\Andrew\Projects\IthacaBakery\RandomStuff\WorkBot\refactor\data\orders\Coca-Cola\Coca-Cola_Collegetown_20250718.pdf
2025-07-22 09:42:44,127 - INFO - OrderCoordinator - [Order Update] No existing file at C:\Users\andrew\Desktop\Andrew\Projects\IthacaBakery\RandomStuff\WorkBot\refactor\data\orders\Johnston Paper\Johnston Paper_Collegetown_20250718.xlsx. Proceeding with save.
2025-07-22 09:42:46,138 - INFO - OrderCoordinator - Moved downloaded PDF to: C:\Users\andrew\Desktop\Andrew\Projects\IthacaBakery\RandomStuff\WorkBot\refactor\data\orders\Johnston Paper\Johnston Paper_Collegetown_20250718.pdf
2025-07-22 09:42:49,860 - INFO - OrderCoordinator - [Order Update] No existing file at C:\Users\andrew\Desktop\Andrew\Projects\IthacaBakery\RandomStuff\WorkBot\refactor\data\orders\Equal Exchange\Equal Exchange_Collegetown_20250718.xlsx. Proceeding with save.
2025-07-22 09:42:51,898 - INFO - OrderCoordinator - Moved downloaded PDF to: C:\Users\andrew\Desktop\Andrew\Projects\IthacaBakery\RandomStuff\WorkBot\refactor\data\orders\Equal Exchange\Equal Exchange_Collegetown_20250718.pdf
2025-07-22 09:42:56,102 - INFO - OrderCoordinator - [Order Update] No existing file at C:\Users\andrew\Desktop\Andrew\Projects\IthacaBakery\RandomStuff\WorkBot\refactor\data\orders\US Foods\US Foods_Collegetown_20250718.xlsx. Proceeding with save.
2025-07-22 09:42:58,129 - INFO - OrderCoordinator - Moved downloaded PDF to: C:\Users\andrew\Desktop\Andrew\Projects\IthacaBakery\RandomStuff\WorkBot\refactor\data\orders\US Foods\US Foods_Collegetown_20250718.pdf
2025-07-22 09:43:02,623 - INFO - OrderCoordinator - [Order Update] No existing file at C:\Users\andrew\Desktop\Andrew\Projects\IthacaBakery\RandomStuff\WorkBot\refactor\data\orders\Performance Food\Performance Food_Collegetown_20250718.xlsx. Proceeding with save.
2025-07-22 09:43:04,648 - INFO - OrderCoordinator - Moved downloaded PDF to: C:\Users\andrew\Desktop\Andrew\Projects\IthacaBakery\RandomStuff\WorkBot\refactor\data\orders\Performance Food\Performance Food_Collegetown_20250718.pdf
2025-07-22 09:43:08,442 - INFO - OrderCoordinator - [Order Update] No existing file at C:\Users\andrew\Desktop\Andrew\Projects\IthacaBakery\RandomStuff\WorkBot\refactor\data\orders\Hillcrest Dairy\Hillcrest Dairy_Collegetown_20250718.xlsx. Proceeding with save.
2025-07-22 09:43:10,965 - INFO - OrderCoordinator - Moved downloaded PDF to: C:\Users\andrew\Desktop\Andrew\Projects\IthacaBakery\RandomStuff\WorkBot\refactor\data\orders\Hillcrest Dairy\Hillcrest Dairy_Collegetown_20250718.pdf
2025-07-22 09:43:14,482 - INFO - OrderCoordinator - [Order Update] No existing file at C:\Users\andrew\Desktop\Andrew\Projects\IthacaBakery\RandomStuff\WorkBot\refactor\data\orders\UNFI\UNFI_Collegetown_20250718.xlsx. Proceeding with save.
2025-07-22 09:43:16,521 - INFO - OrderCoordinator - Moved downloaded PDF to: C:\Users\andrew\Desktop\Andrew\Projects\IthacaBakery\RandomStuff\WorkBot\refactor\data\orders\UNFI\UNFI_Collegetown_20250718.pdf
2025-07-22 09:43:20,265 - INFO - OrderCoordinator - [Order Update] No existing file at C:\Users\andrew\Desktop\Andrew\Projects\IthacaBakery\RandomStuff\WorkBot\refactor\data\orders\A.L. George\A.L. George_Collegetown_20250718.xlsx. Proceeding with save.
2025-07-22 09:43:22,286 - INFO - OrderCoordinator - Moved downloaded PDF to: C:\Users\andrew\Desktop\Andrew\Projects\IthacaBakery\RandomStuff\WorkBot\refactor\data\orders\A.L. George\A.L. George_Collegetown_20250718.pdf
2025-07-22 09:43:26,314 - INFO - OrderCoordinator - [Order Update] No existing file at C:\Users\andrew\Desktop\Andrew\Projects\IthacaBakery\RandomStuff\WorkBot\refactor\data\orders\FingerLakes Farms\FingerLakes Farms_Collegetown_20250718.xlsx. Proceeding with save.
2025-07-22 09:43:28,343 - INFO - OrderCoordinator - Moved downloaded PDF to: C:\Users\andrew\Desktop\Andrew\Projects\IthacaBakery\RandomStuff\WorkBot\refactor\data\orders\FingerLakes Farms\FingerLakes Farms_Collegetown_20250718.pdf
2025-07-22 09:43:31,918 - INFO - OrderCoordinator - [Order Update] No existing file at C:\Users\andrew\Desktop\Andrew\Projects\IthacaBakery\RandomStuff\WorkBot\refactor\data\orders\BALKAN BEVERAGE LLC\BALKAN BEVERAGE LLC_Collegetown_20250718.xlsx. Proceeding with save.
2025-07-22 09:43:33,943 - INFO - OrderCoordinator - Moved downloaded PDF to: C:\Users\andrew\Desktop\Andrew\Projects\IthacaBakery\RandomStuff\WorkBot\refactor\data\orders\BALKAN BEVERAGE LLC\BALKAN BEVERAGE LLC_Collegetown_20250718.pdf
2025-07-22 09:50:53,417 - WARNING - OrderCoordinator - [Order Update] Failed to read existing order file: 'OrderFileHandler' object has no attribute 'read_order'. Proceeding with overwrite.
2025-07-22 10:24:15,535 - INFO - OrderCoordinator - [Order Update] Order is unchanged. Skipping overwrite.
2025-07-22 10:34:48,943 - INFO - OrderCoordinator - [Order Update] Order is unchanged. Skipping overwrite.
2025-07-22 10:41:54,832 - INFO - OrderCoordinator - [Order Update] No existing file at C:\Users\andrew\Desktop\Andrew\Projects\IthacaBakery\RandomStuff\WorkBot\refactor\data\orders\Hill & Markes\Hill & Markes_Bakery_20250721.xlsx. Proceeding with save.
2025-07-22 10:41:56,863 - INFO - OrderCoordinator - Moved downloaded PDF to: C:\Users\andrew\Desktop\Andrew\Projects\IthacaBakery\RandomStuff\WorkBot\refactor\data\orders\Hill & Markes\Hill & Markes_Bakery_20250721.pdf
2025-07-22 10:43:17,222 - INFO - OrderCoordinator - [Order Update] Order has changed. Removing old file.
2025-07-22 10:43:57,774 - INFO - OrderCoordinator - [Order Update] Order has changed. Removing old file.
2025-07-22 10:45:36,070 - INFO - OrderCoordinator - [Order Update] Order has changed. Removing old file.
2025-07-22 10:50:20,427 - INFO - OrderCoordinator - [Order Update] No existing file at C:\Users\andrew\Desktop\Andrew\Projects\IthacaBakery\RandomStuff\WorkBot\refactor\data\orders\Hill & Markes\Hill & Markes_Bakery_20250721.xlsx. Proceeding with save.
2025-07-22 10:50:22,451 - INFO - OrderCoordinator - Moved downloaded PDF to: C:\Users\andrew\Desktop\Andrew\Projects\IthacaBakery\RandomStuff\WorkBot\refactor\data\orders\Hill & Markes\Hill & Markes_Bakery_20250721.pdf
2025-07-22 10:51:03,627 - INFO - OrderCoordinator - [Order Update] Order has changed. Removing old file.
2025-07-22 10:51:05,644 - INFO - OrderCoordinator - Moved downloaded PDF to: C:\Users\andrew\Desktop\Andrew\Projects\IthacaBakery\RandomStuff\WorkBot\refactor\data\orders\Hill & Markes\Hill & Markes_Bakery_20250721.pdf
2025-07-22 12:02:07,371 - INFO - OrderCoordinator - [Order Update] Order is unchanged. Skipping overwrite.
2025-07-22 12:02:11,235 - INFO - OrderCoordinator - [Order Update] Order has changed. Removing old file.
2025-07-22 12:02:13,771 - INFO - OrderCoordinator - Moved downloaded PDF to: C:\Users\andrew\Desktop\Andrew\Projects\IthacaBakery\RandomStuff\WorkBot\refactor\data\orders\Webstaurant\Webstaurant_Bakery_20250719.pdf
2025-07-22 12:02:16,866 - INFO - OrderCoordinator - [Order Update] Order has changed. Removing old file.
2025-07-22 12:02:18,895 - INFO - OrderCoordinator - Moved downloaded PDF to: C:\Users\andrew\Desktop\Andrew\Projects\IthacaBakery\RandomStuff\WorkBot\refactor\data\orders\BJ's\BJ's_Bakery_20250719.pdf
2025-07-22 12:02:24,026 - INFO - OrderCoordinator - [Order Update] Order is unchanged. Skipping overwrite.
2025-07-22 12:02:27,883 - INFO - OrderCoordinator - [Order Update] Order is unchanged. Skipping overwrite.
2025-07-22 12:02:31,350 - INFO - OrderCoordinator - [Order Update] Order is unchanged. Skipping overwrite.
2025-07-22 12:02:36,222 - INFO - OrderCoordinator - [Order Update] Order is unchanged. Skipping overwrite.
2025-07-22 12:02:41,198 - INFO - OrderCoordinator - [Order Update] Order is unchanged. Skipping overwrite.
2025-07-22 12:02:44,771 - INFO - OrderCoordinator - [Order Update] Order is unchanged. Skipping overwrite.
2025-07-22 12:02:48,004 - INFO - OrderCoordinator - [Order Update] Order is unchanged. Skipping overwrite.
2025-07-22 12:02:51,651 - INFO - OrderCoordinator - [Order Update] Order is unchanged. Skipping overwrite.
2025-07-22 12:02:55,132 - INFO - OrderCoordinator - [Order Update] Order has changed. Removing old file.
2025-07-22 12:02:57,157 - INFO - OrderCoordinator - Moved downloaded PDF to: C:\Users\andrew\Desktop\Andrew\Projects\IthacaBakery\RandomStuff\WorkBot\refactor\data\orders\Copper Horse Coffee\Copper Horse Coffee_Bakery_20250720.pdf
2025-07-22 12:03:00,736 - INFO - OrderCoordinator - [Order Update] Order is unchanged. Skipping overwrite.
2025-07-22 12:03:04,611 - INFO - OrderCoordinator - [Order Update] Order is unchanged. Skipping overwrite.
2025-07-22 12:03:08,452 - INFO - OrderCoordinator - [Order Update] Order is unchanged. Skipping overwrite.
2025-07-22 12:03:12,855 - INFO - OrderCoordinator - [Order Update] Order has changed. Removing old file.
2025-07-22 12:03:15,379 - INFO - OrderCoordinator - Moved downloaded PDF to: C:\Users\andrew\Desktop\Andrew\Projects\IthacaBakery\RandomStuff\WorkBot\refactor\data\orders\Hill & Markes\Hill & Markes_Bakery_20250721.pdf
2025-07-22 12:03:19,038 - INFO - OrderCoordinator - [Order Update] Order is unchanged. Skipping overwrite.
2025-07-22 12:03:22,637 - INFO - OrderCoordinator - [Order Update] Order is unchanged. Skipping overwrite.
2025-07-22 12:03:26,043 - INFO - OrderCoordinator - [Order Update] Order is unchanged. Skipping overwrite.
2025-07-22 12:03:29,538 - INFO - OrderCoordinator - [Order Update] Order is unchanged. Skipping overwrite.
2025-07-22 12:03:32,778 - INFO - OrderCoordinator - [Order Update] Order is unchanged. Skipping overwrite.
2025-07-22 12:03:36,059 - INFO - OrderCoordinator - [Order Update] Order is unchanged. Skipping overwrite.
2025-07-22 12:03:39,291 - INFO - OrderCoordinator - [Order Update] Order is unchanged. Skipping overwrite.
2025-07-22 12:03:42,575 - INFO - OrderCoordinator - [Order Update] No existing file at C:\Users\andrew\Desktop\Andrew\Projects\IthacaBakery\RandomStuff\WorkBot\refactor\data\orders\Paper Rolls .com\Paper Rolls .com_Bakery_20250722.xlsx. Proceeding with save.
2025-07-22 12:03:44,602 - INFO - OrderCoordinator - Moved downloaded PDF to: C:\Users\andrew\Desktop\Andrew\Projects\IthacaBakery\RandomStuff\WorkBot\refactor\data\orders\Paper Rolls .com\Paper Rolls .com_Bakery_20250722.pdf
2025-07-22 12:03:48,348 - INFO - OrderCoordinator - [Order Update] No existing file at C:\Users\andrew\Desktop\Andrew\Projects\IthacaBakery\RandomStuff\WorkBot\refactor\data\orders\Johnston Paper\Johnston Paper_Bakery_20250722.xlsx. Proceeding with save.
2025-07-22 12:03:50,870 - INFO - OrderCoordinator - Moved downloaded PDF to: C:\Users\andrew\Desktop\Andrew\Projects\IthacaBakery\RandomStuff\WorkBot\refactor\data\orders\Johnston Paper\Johnston Paper_Bakery_20250722.pdf
2025-07-22 12:03:54,182 - INFO - OrderCoordinator - [Order Update] No existing file at C:\Users\andrew\Desktop\Andrew\Projects\IthacaBakery\RandomStuff\WorkBot\refactor\data\orders\Peters Supply\Peters Supply_Bakery_20250722.xlsx. Proceeding with save.
2025-07-22 12:03:56,204 - INFO - OrderCoordinator - Moved downloaded PDF to: C:\Users\andrew\Desktop\Andrew\Projects\IthacaBakery\RandomStuff\WorkBot\refactor\data\orders\Peters Supply\Peters Supply_Bakery_20250722.pdf
2025-07-22 12:03:59,786 - INFO - OrderCoordinator - [Order Update] No existing file at C:\Users\andrew\Desktop\Andrew\Projects\IthacaBakery\RandomStuff\WorkBot\refactor\data\orders\SANICO\SANICO_Bakery_20250722.xlsx. Proceeding with save.
2025-07-22 12:04:01,808 - INFO - OrderCoordinator - Moved downloaded PDF to: C:\Users\andrew\Desktop\Andrew\Projects\IthacaBakery\RandomStuff\WorkBot\refactor\data\orders\SANICO\SANICO_Bakery_20250722.pdf
