2025-07-26 06:57:51,591 - INFO - OrderFileHandler - Archived order file: A.L. George_Bakery_2025-07-21.xlsx
2025-07-26 06:57:51,596 - INFO - OrderFileHandler - Archived order file: ACE ENDICO_Bakery_2025-07-21.xlsx
2025-07-26 06:57:51,601 - INFO - OrderFileHandler - Archived order file: BALKAN BEVERAGE LLC_Bakery_2025-07-21.xlsx
2025-07-26 06:57:51,607 - INFO - OrderFileHandler - Archived order file: BJ's_Bakery_2025-07-19.xlsx
2025-07-26 06:57:51,612 - INFO - OrderFileHandler - Archived order file: Coca-Cola_Bakery_2025-07-20.xlsx
2025-07-26 06:57:51,616 - INFO - OrderFileHandler - Archived order file: Copper Horse Coffee_Bakery_2025-07-20.xlsx
2025-07-26 06:57:51,621 - INFO - OrderFileHandler - Archived order file: Dawn_Bakery_2025-07-21.xlsx
2025-07-26 06:57:51,626 - INFO - OrderFileHandler - Archived order file: DUTCH VALLEY FOOD DIST_Bakery_2025-07-23.xlsx
2025-07-26 06:57:51,631 - INFO - OrderFileHandler - Archived order file: Equal Exchange_Bakery_2025-07-20.xlsx
2025-07-26 06:57:51,635 - INFO - OrderFileHandler - Archived order file: Eurocafe Imports_Bakery_2025-07-20.xlsx
2025-07-26 06:57:51,641 - INFO - OrderFileHandler - Archived order file: FingerLakes Farms_Bakery_2025-07-23.xlsx
2025-07-26 06:57:51,647 - INFO - OrderFileHandler - Archived order file: Hill & Markes_Bakery_2025-07-21.xlsx
2025-07-26 06:57:51,652 - INFO - OrderFileHandler - Archived order file: Hillcrest Dairy_Bakery_2025-07-19.xlsx
2025-07-26 06:57:51,657 - INFO - OrderFileHandler - Archived order file: Hillcrest Foods_Bakery_2025-07-21.xlsx
2025-07-26 06:57:51,662 - INFO - OrderFileHandler - Archived order file: Jade Leaf Matcha_Bakery_2025-07-20.xlsx
2025-07-26 06:57:51,666 - INFO - OrderFileHandler - Archived order file: Johnston Paper_Bakery_2025-07-22.xlsx
2025-07-26 06:57:51,671 - INFO - OrderFileHandler - Archived order file: Keck's Food Service_Bakery_2025-07-20.xlsx
2025-07-26 06:57:51,676 - INFO - OrderFileHandler - Archived order file: Lentz_Bakery_2025-07-21.xlsx
2025-07-26 06:57:51,680 - INFO - OrderFileHandler - Archived order file: Paper Rolls .com_Bakery_2025-07-22.xlsx
2025-07-26 06:57:51,688 - INFO - OrderFileHandler - Archived order file: Performance Food_Bakery_2025-07-23.xlsx
2025-07-26 06:57:51,693 - INFO - OrderFileHandler - Archived order file: Peters Supply_Bakery_2025-07-22.xlsx
2025-07-26 06:57:51,698 - INFO - OrderFileHandler - Archived order file: Regional Distributors, Inc._Bakery_2025-07-21.xlsx
2025-07-26 06:57:51,702 - INFO - OrderFileHandler - Archived order file: SANICO_Bakery_2025-07-22.xlsx
2025-07-26 06:57:51,706 - INFO - OrderFileHandler - Archived order file: Side Hill Acres_Bakery_2025-07-21.xlsx
2025-07-26 06:57:51,713 - INFO - OrderFileHandler - Archived order file: Sysco_Bakery_2025-07-23.xlsx
2025-07-26 06:57:51,720 - INFO - OrderFileHandler - Archived order file: UNFI_Bakery_2025-07-19.xlsx
2025-07-26 06:57:51,725 - INFO - OrderFileHandler - Archived order file: US Foods_Bakery_2025-07-23.xlsx
2025-07-26 06:57:51,730 - INFO - OrderFileHandler - Archived order file: Webstaurant_Bakery_2025-07-19.xlsx
2025-07-26 07:08:29,016 - INFO - OrderFileHandler - Archived order file: Copper Horse Coffee_Bakery_2025-07-20.pdf
2025-07-26 07:08:29,018 - INFO - OrderFileHandler - Archived order file: Copper Horse Coffee_Bakery_2025-07-20.xlsx
2025-07-26 07:08:51,450 - INFO - OrderFileHandler - Archived order file: A.L. George_Bakery_2025-07-21.pdf
2025-07-26 07:08:51,451 - INFO - OrderFileHandler - Archived order file: A.L. George_Bakery_2025-07-21.xlsx
2025-07-26 07:11:37,131 - INFO - OrderFileHandler - Archived order file: ACE ENDICO_Bakery_2025-07-21.pdf
2025-07-26 07:11:37,133 - INFO - OrderFileHandler - Archived order file: ACE ENDICO_Bakery_2025-07-21.xlsx
2025-07-26 07:11:37,139 - INFO - OrderFileHandler - Archived order file: BALKAN BEVERAGE LLC_Bakery_2025-07-21.pdf
2025-07-26 07:11:37,140 - INFO - OrderFileHandler - Archived order file: BALKAN BEVERAGE LLC_Bakery_2025-07-21.xlsx
2025-07-26 07:11:37,145 - INFO - OrderFileHandler - Archived order file: BJ's_Bakery_2025-07-19.pdf
2025-07-26 07:11:37,146 - INFO - OrderFileHandler - Archived order file: BJ's_Bakery_2025-07-19.xlsx
2025-07-26 07:11:37,153 - INFO - OrderFileHandler - Archived order file: Coca-Cola_Bakery_2025-07-20.pdf
2025-07-26 07:11:37,154 - INFO - OrderFileHandler - Archived order file: Coca-Cola_Bakery_2025-07-20.xlsx
2025-07-26 07:11:37,160 - INFO - OrderFileHandler - Archived order file: Dawn_Bakery_2025-07-21.pdf
2025-07-26 07:11:37,161 - INFO - OrderFileHandler - Archived order file: Dawn_Bakery_2025-07-21.xlsx
2025-07-26 07:11:37,166 - INFO - OrderFileHandler - Archived order file: DUTCH VALLEY FOOD DIST_Bakery_2025-07-23.pdf
2025-07-26 07:11:37,168 - INFO - OrderFileHandler - Archived order file: DUTCH VALLEY FOOD DIST_Bakery_2025-07-23.xlsx
2025-07-26 07:11:37,174 - INFO - OrderFileHandler - Archived order file: Equal Exchange_Bakery_2025-07-20.pdf
2025-07-26 07:11:37,175 - INFO - OrderFileHandler - Archived order file: Equal Exchange_Bakery_2025-07-20.xlsx
2025-07-26 07:11:37,180 - INFO - OrderFileHandler - Archived order file: Eurocafe Imports_Bakery_2025-07-20.pdf
2025-07-26 07:11:37,182 - INFO - OrderFileHandler - Archived order file: Eurocafe Imports_Bakery_2025-07-20.xlsx
2025-07-26 07:11:37,188 - INFO - OrderFileHandler - Archived order file: FingerLakes Farms_Bakery_2025-07-23.pdf
2025-07-26 07:11:37,189 - INFO - OrderFileHandler - Archived order file: FingerLakes Farms_Bakery_2025-07-23.xlsx
2025-07-26 07:11:37,199 - INFO - OrderFileHandler - Archived order file: Hill & Markes_Bakery_2025-07-21.pdf
2025-07-26 07:11:37,201 - INFO - OrderFileHandler - Archived order file: Hill & Markes_Bakery_2025-07-21.xlsx
2025-07-26 07:11:37,206 - INFO - OrderFileHandler - Archived order file: Hillcrest Dairy_Bakery_2025-07-19.pdf
2025-07-26 07:11:37,207 - INFO - OrderFileHandler - Archived order file: Hillcrest Dairy_Bakery_2025-07-19.xlsx
2025-07-26 07:11:37,215 - INFO - OrderFileHandler - Archived order file: Hillcrest Foods_Bakery_2025-07-21.pdf
2025-07-26 07:11:37,216 - INFO - OrderFileHandler - Archived order file: Hillcrest Foods_Bakery_2025-07-21.xlsx
2025-07-26 07:11:37,222 - INFO - OrderFileHandler - Archived order file: Jade Leaf Matcha_Bakery_2025-07-20.pdf
2025-07-26 07:11:37,223 - INFO - OrderFileHandler - Archived order file: Jade Leaf Matcha_Bakery_2025-07-20.xlsx
2025-07-26 07:11:37,229 - INFO - OrderFileHandler - Archived order file: Johnston Paper_Bakery_2025-07-22.pdf
2025-07-26 07:11:37,230 - INFO - OrderFileHandler - Archived order file: Johnston Paper_Bakery_2025-07-22.xlsx
2025-07-26 07:11:37,237 - INFO - OrderFileHandler - Archived order file: Keck's Food Service_Bakery_2025-07-20.pdf
2025-07-26 07:11:37,239 - INFO - OrderFileHandler - Archived order file: Keck's Food Service_Bakery_2025-07-20.xlsx
2025-07-26 07:11:37,244 - INFO - OrderFileHandler - Archived order file: Lentz_Bakery_2025-07-21.pdf
2025-07-26 07:11:37,246 - INFO - OrderFileHandler - Archived order file: Lentz_Bakery_2025-07-21.xlsx
2025-07-26 07:11:37,250 - INFO - OrderFileHandler - Archived order file: Paper Rolls .com_Bakery_2025-07-22.pdf
2025-07-26 07:11:37,252 - INFO - OrderFileHandler - Archived order file: Paper Rolls .com_Bakery_2025-07-22.xlsx
2025-07-26 07:11:37,261 - INFO - OrderFileHandler - Archived order file: Performance Food_Bakery_2025-07-23.pdf
2025-07-26 07:11:37,262 - INFO - OrderFileHandler - Archived order file: Performance Food_Bakery_2025-07-23.xlsx
2025-07-26 07:11:37,269 - INFO - OrderFileHandler - Archived order file: Peters Supply_Bakery_2025-07-22.pdf
2025-07-26 07:11:37,270 - INFO - OrderFileHandler - Archived order file: Peters Supply_Bakery_2025-07-22.xlsx
2025-07-26 07:11:37,278 - INFO - OrderFileHandler - Archived order file: Regional Distributors, Inc._Bakery_2025-07-21.pdf
2025-07-26 07:11:37,280 - INFO - OrderFileHandler - Archived order file: Regional Distributors, Inc._Bakery_2025-07-21.xlsx
2025-07-26 07:11:37,285 - INFO - OrderFileHandler - Archived order file: SANICO_Bakery_2025-07-22.pdf
2025-07-26 07:11:37,286 - INFO - OrderFileHandler - Archived order file: SANICO_Bakery_2025-07-22.xlsx
2025-07-26 07:11:37,291 - INFO - OrderFileHandler - Archived order file: Side Hill Acres_Bakery_2025-07-21.pdf
2025-07-26 07:11:37,292 - INFO - OrderFileHandler - Archived order file: Side Hill Acres_Bakery_2025-07-21.xlsx
2025-07-26 07:11:37,300 - INFO - OrderFileHandler - Archived order file: Sysco_Bakery_2025-07-23.pdf
2025-07-26 07:11:37,301 - INFO - OrderFileHandler - Archived order file: Sysco_Bakery_2025-07-23.xlsx
2025-07-26 07:11:37,310 - INFO - OrderFileHandler - Archived order file: UNFI_Bakery_2025-07-19.pdf
2025-07-26 07:11:37,311 - INFO - OrderFileHandler - Archived order file: UNFI_Bakery_2025-07-19.xlsx
2025-07-26 07:11:37,320 - INFO - OrderFileHandler - Archived order file: US Foods_Bakery_2025-07-23.pdf
2025-07-26 07:11:37,321 - INFO - OrderFileHandler - Archived order file: US Foods_Bakery_2025-07-23.xlsx
2025-07-26 07:11:37,328 - INFO - OrderFileHandler - Archived order file: Webstaurant_Bakery_2025-07-19.pdf
2025-07-26 07:11:37,329 - INFO - OrderFileHandler - Archived order file: Webstaurant_Bakery_2025-07-19.xlsx
2025-07-26 07:11:52,023 - INFO - OrderFileHandler - Archived order file: FingerLakes Farms_Collegetown_2025-07-23.pdf
2025-07-26 07:11:52,025 - INFO - OrderFileHandler - Archived order file: FingerLakes Farms_Collegetown_2025-07-23.xlsx
2025-07-26 07:11:52,044 - INFO - OrderFileHandler - Archived order file: Hillcrest Foods_Triphammer_2025-07-23.pdf
2025-07-26 07:11:52,045 - INFO - OrderFileHandler - Archived order file: Hillcrest Foods_Triphammer_2025-07-23.xlsx
2025-07-26 07:11:52,064 - INFO - OrderFileHandler - Archived order file: Ithaca Bakery_Collegetown_2025-07-23.pdf
2025-07-26 07:11:52,066 - INFO - OrderFileHandler - Archived order file: Ithaca Bakery_Collegetown_2025-07-23.xlsx
2025-07-26 07:11:52,085 - INFO - OrderFileHandler - Archived order file: Ithaca Bakery_Triphammer_2025-07-23.pdf
2025-07-26 07:11:52,086 - INFO - OrderFileHandler - Archived order file: Ithaca Bakery_Triphammer_2025-07-23.xlsx
2025-07-26 07:11:52,105 - INFO - OrderFileHandler - Archived order file: Performance Food_Collegetown_2025-07-23.pdf
2025-07-26 07:11:52,106 - INFO - OrderFileHandler - Archived order file: Performance Food_Collegetown_2025-07-23.xlsx
2025-07-26 07:11:52,131 - INFO - OrderFileHandler - Archived order file: Performance Food_Triphammer_2025-07-23.pdf
2025-07-26 07:11:52,133 - INFO - OrderFileHandler - Archived order file: Performance Food_Triphammer_2025-07-23.xlsx
2025-07-26 07:11:52,140 - INFO - OrderFileHandler - Archived order file: Russo Produce_Triphammer_2025-07-23.pdf
2025-07-26 07:11:52,141 - INFO - OrderFileHandler - Archived order file: Russo Produce_Triphammer_2025-07-23.xlsx
2025-07-26 07:11:52,159 - INFO - OrderFileHandler - Archived order file: Sysco_Collegetown_2025-07-23.pdf
2025-07-26 07:11:52,160 - INFO - OrderFileHandler - Archived order file: Sysco_Collegetown_2025-07-23.xlsx
2025-07-26 07:11:52,184 - INFO - OrderFileHandler - Archived order file: Sysco_Triphammer_2025-07-23.pdf
2025-07-26 07:11:52,185 - INFO - OrderFileHandler - Archived order file: Sysco_Triphammer_2025-07-23.xlsx
2025-07-26 07:11:52,204 - INFO - OrderFileHandler - Archived order file: US Foods_Collegetown_2025-07-23.pdf
2025-07-26 07:11:52,205 - INFO - OrderFileHandler - Archived order file: US Foods_Collegetown_2025-07-23.xlsx
2025-07-26 07:11:52,225 - INFO - OrderFileHandler - Archived order file: US Foods_Triphammer_2025-07-23.pdf
2025-07-26 07:11:52,226 - INFO - OrderFileHandler - Archived order file: US Foods_Triphammer_2025-07-23.xlsx
