2025-07-22 06:19:06,926 - INFO - WorkBot - Initializing WorkBot...
2025-07-22 06:19:45,116 - INFO - WorkBot - Initializing WorkBot...
2025-07-22 06:19:58,843 - INFO - WorkBot - Initializing WorkBot...
2025-07-22 06:20:28,831 - INFO - WorkBot - Initializing WorkBot...
2025-07-22 06:20:43,305 - INFO - WorkBot - Initializing WorkBot...
2025-07-22 06:21:53,887 - INFO - WorkBot - Initializing WorkBot...
2025-07-22 06:21:53,888 - INFO - WorkBot - WorkBot initialized successfully.
2025-07-22 06:21:53,888 - INFO - WorkBot - WorkBot initialized successfully.
2025-07-22 06:22:56,256 - INFO - WorkBot - Initializing WorkBot...
2025-07-22 06:22:56,257 - INFO - WorkBot - WorkBot initialized successfully.
2025-07-22 06:22:56,257 - INFO - WorkBot - WorkBot initialized successfully.
2025-07-22 06:28:12,053 - INFO - WorkBot - Initializing WorkBot...
2025-07-22 06:28:24,733 - INFO - WorkBot - Initializing WorkBot...
2025-07-22 06:29:02,331 - INFO - WorkBot - Initializing WorkBot...
2025-07-22 06:29:29,515 - INFO - WorkBot - Initializing WorkBot...
2025-07-22 06:29:29,516 - INFO - WorkBot - WorkBot initialized successfully.
2025-07-22 06:29:29,516 - INFO - WorkBot - WorkBot initialized successfully.
2025-07-22 06:29:58,803 - INFO - WorkBot - Initializing WorkBot...
2025-07-22 06:29:58,803 - INFO - WorkBot - WorkBot initialized successfully.
2025-07-22 06:29:58,804 - INFO - WorkBot - WorkBot initialized successfully.
2025-07-22 06:30:54,384 - INFO - WorkBot - Initializing WorkBot...
2025-07-22 06:30:54,385 - INFO - WorkBot - WorkBot initialized successfully.
2025-07-22 06:30:54,385 - INFO - WorkBot - WorkBot initialized successfully.
2025-07-22 07:57:54,591 - INFO - WorkBot - Initializing WorkBot...
2025-07-22 07:57:54,592 - INFO - WorkBot - WorkBot initialized successfully.
2025-07-22 07:57:54,592 - INFO - WorkBot - WorkBot initialized successfully.
2025-07-22 07:58:48,277 - INFO - WorkBot - Initializing WorkBot...
2025-07-22 07:58:48,278 - INFO - WorkBot - WorkBot initialized successfully.
2025-07-22 07:58:48,278 - INFO - WorkBot - WorkBot initialized successfully.
2025-07-22 08:00:33,649 - INFO - WorkBot - Initializing WorkBot...
2025-07-22 08:00:33,650 - INFO - WorkBot - WorkBot initialized successfully.
2025-07-22 08:00:33,650 - INFO - WorkBot - WorkBot initialized successfully.
2025-07-22 08:01:49,017 - INFO - WorkBot - Initializing WorkBot...
2025-07-22 08:01:49,018 - INFO - WorkBot - WorkBot initialized successfully.
2025-07-22 08:01:49,018 - INFO - WorkBot - WorkBot initialized successfully.
2025-07-22 08:11:46,082 - INFO - WorkBot - Initializing WorkBot...
2025-07-22 08:11:46,083 - INFO - WorkBot - WorkBot initialized successfully.
2025-07-22 08:11:46,083 - INFO - WorkBot - WorkBot initialized successfully.
2025-07-22 08:16:41,967 - INFO - WorkBot - Initializing WorkBot...
2025-07-22 08:16:41,968 - INFO - WorkBot - WorkBot initialized successfully.
2025-07-22 08:16:41,968 - INFO - WorkBot - WorkBot initialized successfully.
2025-07-22 08:18:16,196 - INFO - WorkBot - Initializing WorkBot...
2025-07-22 08:18:16,197 - INFO - WorkBot - WorkBot initialized successfully.
2025-07-22 08:18:16,197 - INFO - WorkBot - WorkBot initialized successfully.
2025-07-22 08:24:23,157 - INFO - WorkBot - Initializing WorkBot...
2025-07-22 08:24:23,157 - INFO - WorkBot - WorkBot initialized successfully.
2025-07-22 08:24:23,158 - INFO - WorkBot - WorkBot initialized successfully.
2025-07-22 08:41:06,512 - INFO - WorkBot - Initializing WorkBot...
2025-07-22 08:41:06,522 - INFO - WorkBot - WorkBot initialized successfully.
2025-07-22 08:41:06,522 - INFO - WorkBot - WorkBot initialized successfully.
2025-07-22 08:42:19,498 - INFO - WorkBot - Initializing WorkBot...
2025-07-22 08:42:19,499 - INFO - WorkBot - WorkBot initialized successfully.
2025-07-22 08:42:19,499 - INFO - WorkBot - WorkBot initialized successfully.
2025-07-22 09:25:00,524 - INFO - WorkBot - Initializing WorkBot...
2025-07-22 09:25:56,370 - INFO - WorkBot - Initializing WorkBot...
2025-07-22 09:26:12,812 - INFO - WorkBot - Initializing WorkBot...
2025-07-22 09:26:12,821 - INFO - WorkBot - WorkBot initialized successfully.
2025-07-22 09:26:12,821 - INFO - WorkBot - WorkBot initialized successfully.
2025-07-22 09:29:21,993 - INFO - WorkBot - Initializing WorkBot...
2025-07-22 09:29:21,993 - INFO - WorkBot - WorkBot initialized successfully.
2025-07-22 09:29:21,993 - INFO - WorkBot - WorkBot initialized successfully.
2025-07-22 09:33:20,681 - INFO - WorkBot - Initializing WorkBot...
2025-07-22 09:33:20,681 - INFO - WorkBot - WorkBot initialized successfully.
2025-07-22 09:33:20,682 - INFO - WorkBot - WorkBot initialized successfully.
2025-07-22 10:23:43,657 - INFO - WorkBot - Initializing WorkBot...
2025-07-22 10:23:43,658 - INFO - WorkBot - WorkBot initialized successfully.
2025-07-22 10:23:43,658 - INFO - WorkBot - WorkBot initialized successfully.
2025-07-22 10:33:44,377 - INFO - WorkBot - Initializing WorkBot...
2025-07-22 10:33:44,378 - INFO - WorkBot - WorkBot initialized successfully.
2025-07-22 10:33:44,378 - INFO - WorkBot - WorkBot initialized successfully.
2025-07-22 10:41:15,151 - INFO - WorkBot - Initializing WorkBot...
2025-07-22 10:41:15,160 - INFO - WorkBot - WorkBot initialized successfully.
2025-07-22 10:41:15,160 - INFO - WorkBot - WorkBot initialized successfully.
2025-07-22 10:43:37,055 - INFO - WorkBot - Initializing WorkBot...
2025-07-22 10:43:37,056 - INFO - WorkBot - WorkBot initialized successfully.
2025-07-22 10:43:37,056 - INFO - WorkBot - WorkBot initialized successfully.
2025-07-22 10:45:15,795 - INFO - WorkBot - Initializing WorkBot...
2025-07-22 10:45:15,796 - INFO - WorkBot - WorkBot initialized successfully.
2025-07-22 10:45:15,796 - INFO - WorkBot - WorkBot initialized successfully.
2025-07-22 10:49:58,290 - INFO - WorkBot - Initializing WorkBot...
2025-07-22 10:49:58,291 - INFO - WorkBot - WorkBot initialized successfully.
2025-07-22 10:49:58,291 - INFO - WorkBot - WorkBot initialized successfully.
2025-07-22 12:05:54,500 - INFO - WorkBot - Initializing WorkBot...
2025-07-22 12:05:54,501 - INFO - WorkBot - WorkBot initialized successfully.
2025-07-22 12:05:54,501 - INFO - WorkBot - WorkBot initialized successfully.
2025-07-22 20:37:50,378 - INFO - WorkBot - Initializing WorkBot...
2025-07-23 06:23:19,662 - INFO - WorkBot - Initializing WorkBot...
2025-07-23 06:23:19,672 - INFO - WorkBot - WorkBot initialized successfully.
2025-07-23 06:23:19,673 - INFO - WorkBot - WorkBot initialized successfully.
2025-07-23 06:26:18,314 - INFO - WorkBot - Initializing WorkBot...
2025-07-23 06:26:18,315 - INFO - WorkBot - WorkBot initialized successfully.
2025-07-23 06:26:18,315 - INFO - WorkBot - WorkBot initialized successfully.
2025-07-23 06:35:28,650 - INFO - WorkBot - Initializing WorkBot...
2025-07-23 06:35:28,651 - INFO - WorkBot - WorkBot initialized successfully.
2025-07-23 06:35:28,651 - INFO - WorkBot - WorkBot initialized successfully.
2025-07-23 11:03:23,721 - INFO - WorkBot - Initializing WorkBot...
2025-07-23 11:03:23,722 - INFO - WorkBot - WorkBot initialized successfully.
2025-07-23 11:03:23,722 - INFO - WorkBot - WorkBot initialized successfully.
2025-07-23 11:05:09,921 - INFO - WorkBot - Initializing WorkBot...
2025-07-23 11:05:09,922 - INFO - WorkBot - WorkBot initialized successfully.
2025-07-23 11:05:09,922 - INFO - WorkBot - WorkBot initialized successfully.
2025-07-23 11:06:00,462 - INFO - WorkBot - Initializing WorkBot...
2025-07-23 11:06:00,462 - INFO - WorkBot - WorkBot initialized successfully.
2025-07-23 11:06:00,463 - INFO - WorkBot - WorkBot initialized successfully.
2025-07-23 11:08:56,673 - INFO - WorkBot - Initializing WorkBot...
2025-07-23 11:08:56,674 - INFO - WorkBot - WorkBot initialized successfully.
2025-07-23 11:08:56,674 - INFO - WorkBot - WorkBot initialized successfully.
2025-07-23 11:48:05,214 - INFO - WorkBot - Initializing WorkBot...
2025-07-23 11:48:05,215 - INFO - WorkBot - WorkBot initialized successfully.
2025-07-23 11:48:05,215 - INFO - WorkBot - WorkBot initialized successfully.
2025-07-23 11:51:05,311 - INFO - WorkBot - Initializing WorkBot...
2025-07-23 11:51:05,312 - INFO - WorkBot - WorkBot initialized successfully.
2025-07-23 11:51:05,312 - INFO - WorkBot - WorkBot initialized successfully.
2025-07-23 11:52:39,088 - INFO - WorkBot - Initializing WorkBot...
2025-07-23 11:52:39,089 - INFO - WorkBot - WorkBot initialized successfully.
2025-07-23 11:52:39,089 - INFO - WorkBot - WorkBot initialized successfully.
2025-07-23 12:45:41,041 - INFO - WorkBot - Initializing WorkBot...
2025-07-23 12:45:41,042 - INFO - WorkBot - WorkBot initialized successfully.
2025-07-23 12:45:41,042 - INFO - WorkBot - WorkBot initialized successfully.
2025-07-23 13:33:13,580 - INFO - WorkBot - Initializing WorkBot...
2025-07-23 13:33:13,581 - INFO - WorkBot - WorkBot initialized successfully.
2025-07-23 13:33:13,581 - INFO - WorkBot - WorkBot initialized successfully.
2025-07-23 13:44:31,719 - INFO - WorkBot - Initializing WorkBot...
2025-07-23 13:44:31,720 - INFO - WorkBot - WorkBot initialized successfully.
2025-07-23 13:44:31,720 - INFO - WorkBot - WorkBot initialized successfully.
2025-07-23 13:49:06,103 - INFO - WorkBot - Initializing WorkBot...
2025-07-23 13:49:06,104 - INFO - WorkBot - WorkBot initialized successfully.
2025-07-23 13:49:06,104 - INFO - WorkBot - WorkBot initialized successfully.
2025-07-23 13:52:16,095 - INFO - WorkBot - Initializing WorkBot...
2025-07-23 13:52:16,096 - INFO - WorkBot - WorkBot initialized successfully.
2025-07-23 13:52:16,096 - INFO - WorkBot - WorkBot initialized successfully.
2025-07-23 14:55:32,490 - INFO - WorkBot - Initializing WorkBot...
2025-07-23 14:55:32,491 - INFO - WorkBot - WorkBot initialized successfully.
2025-07-23 14:55:32,491 - INFO - WorkBot - WorkBot initialized successfully.
2025-07-23 14:58:44,935 - INFO - WorkBot - Initializing WorkBot...
2025-07-23 14:58:44,936 - INFO - WorkBot - WorkBot initialized successfully.
2025-07-23 14:58:44,936 - INFO - WorkBot - WorkBot initialized successfully.
2025-07-23 15:05:34,817 - INFO - WorkBot - Initializing WorkBot...
2025-07-23 15:05:34,818 - INFO - WorkBot - WorkBot initialized successfully.
2025-07-23 15:05:34,818 - INFO - WorkBot - WorkBot initialized successfully.
2025-07-23 15:22:19,619 - INFO - WorkBot - Initializing WorkBot...
2025-07-23 15:22:19,619 - INFO - WorkBot - WorkBot initialized successfully.
2025-07-23 15:22:19,619 - INFO - WorkBot - WorkBot initialized successfully.
2025-07-23 15:22:52,040 - INFO - WorkBot - Initializing WorkBot...
2025-07-23 15:22:52,041 - INFO - WorkBot - WorkBot initialized successfully.
2025-07-23 15:22:52,041 - INFO - WorkBot - WorkBot initialized successfully.
2025-07-23 15:38:10,059 - INFO - WorkBot - Initializing WorkBot...
2025-07-23 15:38:10,059 - INFO - WorkBot - WorkBot initialized successfully.
2025-07-23 15:38:10,060 - INFO - WorkBot - WorkBot initialized successfully.
2025-07-23 15:38:44,770 - INFO - WorkBot - Initializing WorkBot...
2025-07-23 15:38:44,771 - INFO - WorkBot - WorkBot initialized successfully.
2025-07-23 15:38:44,771 - INFO - WorkBot - WorkBot initialized successfully.
2025-07-26 06:34:51,577 - INFO - WorkBot - Initializing WorkBot...
2025-07-26 06:34:51,588 - INFO - WorkBot - WorkBot initialized successfully.
2025-07-26 06:34:51,588 - INFO - WorkBot - WorkBot initialized successfully.
2025-07-26 06:50:39,732 - INFO - WorkBot - Initializing WorkBot...
2025-07-26 06:50:39,733 - INFO - WorkBot - WorkBot initialized successfully.
2025-07-26 06:50:39,733 - INFO - WorkBot - WorkBot initialized successfully.
2025-07-26 06:54:04,564 - INFO - WorkBot - Initializing WorkBot...
2025-07-26 06:54:04,565 - INFO - WorkBot - WorkBot initialized successfully.
2025-07-26 06:54:04,565 - INFO - WorkBot - WorkBot initialized successfully.
2025-07-26 06:54:58,841 - INFO - WorkBot - Initializing WorkBot...
2025-07-26 06:54:58,841 - INFO - WorkBot - WorkBot initialized successfully.
2025-07-26 06:54:58,841 - INFO - WorkBot - WorkBot initialized successfully.
2025-07-26 06:55:45,841 - INFO - WorkBot - Initializing WorkBot...
2025-07-26 06:55:45,842 - INFO - WorkBot - WorkBot initialized successfully.
2025-07-26 06:55:45,842 - INFO - WorkBot - WorkBot initialized successfully.
2025-07-26 06:55:56,687 - WARNING - WorkBot - [Archive] Skipped A.L. George_Bakery_2025-07-21.xlsx: 'OrderFileHandler' object has no attribute 'base_path'
2025-07-26 06:55:56,703 - WARNING - WorkBot - [Archive] Skipped ACE ENDICO_Bakery_2025-07-21.xlsx: 'OrderFileHandler' object has no attribute 'base_path'
2025-07-26 06:55:56,718 - WARNING - WorkBot - [Archive] Skipped BALKAN BEVERAGE LLC_Bakery_2025-07-21.xlsx: 'OrderFileHandler' object has no attribute 'base_path'
2025-07-26 06:55:56,735 - WARNING - WorkBot - [Archive] Skipped BJ's_Bakery_2025-07-19.xlsx: 'OrderFileHandler' object has no attribute 'base_path'
2025-07-26 06:55:56,751 - WARNING - WorkBot - [Archive] Skipped Coca-Cola_Bakery_2025-07-20.xlsx: 'OrderFileHandler' object has no attribute 'base_path'
2025-07-26 06:55:56,767 - WARNING - WorkBot - [Archive] Skipped Copper Horse Coffee_Bakery_2025-07-20.xlsx: 'OrderFileHandler' object has no attribute 'base_path'
2025-07-26 06:55:56,783 - WARNING - WorkBot - [Archive] Skipped Dawn_Bakery_2025-07-21.xlsx: 'OrderFileHandler' object has no attribute 'base_path'
2025-07-26 06:55:56,800 - WARNING - WorkBot - [Archive] Skipped DUTCH VALLEY FOOD DIST_Bakery_2025-07-23.xlsx: 'OrderFileHandler' object has no attribute 'base_path'
2025-07-26 06:55:56,816 - WARNING - WorkBot - [Archive] Skipped Equal Exchange_Bakery_2025-07-20.xlsx: 'OrderFileHandler' object has no attribute 'base_path'
2025-07-26 06:55:56,832 - WARNING - WorkBot - [Archive] Skipped Eurocafe Imports_Bakery_2025-07-20.xlsx: 'OrderFileHandler' object has no attribute 'base_path'
2025-07-26 06:55:56,849 - WARNING - WorkBot - [Archive] Skipped FingerLakes Farms_Bakery_2025-07-23.xlsx: 'OrderFileHandler' object has no attribute 'base_path'
2025-07-26 06:55:56,867 - WARNING - WorkBot - [Archive] Skipped Hill & Markes_Bakery_2025-07-21.xlsx: 'OrderFileHandler' object has no attribute 'base_path'
2025-07-26 06:55:56,884 - WARNING - WorkBot - [Archive] Skipped Hillcrest Dairy_Bakery_2025-07-19.xlsx: 'OrderFileHandler' object has no attribute 'base_path'
2025-07-26 06:55:56,902 - WARNING - WorkBot - [Archive] Skipped Hillcrest Foods_Bakery_2025-07-21.xlsx: 'OrderFileHandler' object has no attribute 'base_path'
2025-07-26 06:55:56,918 - WARNING - WorkBot - [Archive] Skipped Jade Leaf Matcha_Bakery_2025-07-20.xlsx: 'OrderFileHandler' object has no attribute 'base_path'
2025-07-26 06:55:56,934 - WARNING - WorkBot - [Archive] Skipped Johnston Paper_Bakery_2025-07-22.xlsx: 'OrderFileHandler' object has no attribute 'base_path'
2025-07-26 06:55:56,951 - WARNING - WorkBot - [Archive] Skipped Keck's Food Service_Bakery_2025-07-20.xlsx: 'OrderFileHandler' object has no attribute 'base_path'
2025-07-26 06:55:56,968 - WARNING - WorkBot - [Archive] Skipped Lentz_Bakery_2025-07-21.xlsx: 'OrderFileHandler' object has no attribute 'base_path'
2025-07-26 06:55:56,984 - WARNING - WorkBot - [Archive] Skipped Paper Rolls .com_Bakery_2025-07-22.xlsx: 'OrderFileHandler' object has no attribute 'base_path'
2025-07-26 06:55:57,004 - WARNING - WorkBot - [Archive] Skipped Performance Food_Bakery_2025-07-23.xlsx: 'OrderFileHandler' object has no attribute 'base_path'
2025-07-26 06:55:57,021 - WARNING - WorkBot - [Archive] Skipped Peters Supply_Bakery_2025-07-22.xlsx: 'OrderFileHandler' object has no attribute 'base_path'
2025-07-26 06:55:57,038 - WARNING - WorkBot - [Archive] Skipped Regional Distributors, Inc._Bakery_2025-07-21.xlsx: 'OrderFileHandler' object has no attribute 'base_path'
2025-07-26 06:55:57,054 - WARNING - WorkBot - [Archive] Skipped SANICO_Bakery_2025-07-22.xlsx: 'OrderFileHandler' object has no attribute 'base_path'
2025-07-26 06:55:57,071 - WARNING - WorkBot - [Archive] Skipped Side Hill Acres_Bakery_2025-07-21.xlsx: 'OrderFileHandler' object has no attribute 'base_path'
2025-07-26 06:55:57,089 - WARNING - WorkBot - [Archive] Skipped Sysco_Bakery_2025-07-23.xlsx: 'OrderFileHandler' object has no attribute 'base_path'
2025-07-26 06:55:57,108 - WARNING - WorkBot - [Archive] Skipped UNFI_Bakery_2025-07-19.xlsx: 'OrderFileHandler' object has no attribute 'base_path'
2025-07-26 06:55:57,126 - WARNING - WorkBot - [Archive] Skipped US Foods_Bakery_2025-07-23.xlsx: 'OrderFileHandler' object has no attribute 'base_path'
2025-07-26 06:55:57,143 - WARNING - WorkBot - [Archive] Skipped Webstaurant_Bakery_2025-07-19.xlsx: 'OrderFileHandler' object has no attribute 'base_path'
2025-07-26 06:57:40,240 - INFO - WorkBot - Initializing WorkBot...
2025-07-26 06:57:40,241 - INFO - WorkBot - WorkBot initialized successfully.
2025-07-26 06:57:40,241 - INFO - WorkBot - WorkBot initialized successfully.
2025-07-26 07:02:10,452 - INFO - WorkBot - Initializing WorkBot...
2025-07-26 07:02:10,453 - INFO - WorkBot - WorkBot initialized successfully.
2025-07-26 07:02:10,453 - INFO - WorkBot - WorkBot initialized successfully.
2025-07-26 07:05:30,602 - INFO - WorkBot - Initializing WorkBot...
2025-07-26 07:05:30,603 - INFO - WorkBot - WorkBot initialized successfully.
2025-07-26 07:05:30,603 - INFO - WorkBot - WorkBot initialized successfully.
2025-07-26 07:07:16,623 - INFO - WorkBot - Initializing WorkBot...
2025-07-26 07:07:16,624 - INFO - WorkBot - WorkBot initialized successfully.
2025-07-26 07:07:16,624 - INFO - WorkBot - WorkBot initialized successfully.
2025-07-26 07:40:05,228 - INFO - WorkBot - Initializing WorkBot...
2025-07-26 07:40:05,229 - INFO - WorkBot - WorkBot initialized successfully.
2025-07-26 07:40:05,229 - INFO - WorkBot - WorkBot initialized successfully.
2025-07-26 07:41:44,855 - INFO - WorkBot - Initializing WorkBot...
2025-07-26 07:41:44,856 - INFO - WorkBot - WorkBot initialized successfully.
2025-07-26 07:41:44,856 - INFO - WorkBot - WorkBot initialized successfully.
2025-07-26 07:43:02,839 - INFO - WorkBot - Initializing WorkBot...
2025-07-26 07:43:02,840 - INFO - WorkBot - WorkBot initialized successfully.
2025-07-26 07:43:02,840 - INFO - WorkBot - WorkBot initialized successfully.
2025-07-26 07:46:09,870 - INFO - WorkBot - Initializing WorkBot...
2025-07-26 07:46:09,871 - INFO - WorkBot - WorkBot initialized successfully.
2025-07-26 07:46:09,871 - INFO - WorkBot - WorkBot initialized successfully.
2025-07-26 09:32:11,733 - INFO - WorkBot - Initializing WorkBot...
2025-07-26 09:32:11,735 - INFO - WorkBot - WorkBot initialized successfully.
2025-07-26 09:32:11,735 - INFO - WorkBot - WorkBot initialized successfully.
2025-07-26 09:33:45,116 - INFO - WorkBot - Initializing WorkBot...
2025-07-26 09:33:45,116 - INFO - WorkBot - WorkBot initialized successfully.
2025-07-26 09:33:45,117 - INFO - WorkBot - WorkBot initialized successfully.
