2025-09-21 13:06:49,703 - INFO - backend.app.application.orders.CheckAndUpdateOrder - (orders.py:144) - [Order Update] No existing file at C:\Users\andrew\Desktop\Andrew\Projects\IthacaBakery\RandomStuff\WorkBot\refactor-experimental\data\orders\Bakery_UNFI_20250920.xlsx. Proceeding with save.
2025-09-21 13:43:38,790 - INFO - backend.app.application.orders.CheckAndUpdateOrder - (orders.py:144) - [Order Update] No existing file at C:\Users\andrew\Desktop\Andrew\Projects\IthacaBakery\RandomStuff\WorkBot\refactor-experimental\data\orders\Bakery_UNFI_20250920.xlsx. Proceeding with save.
2025-09-21 13:43:44,356 - INFO - backend.app.application.orders.CheckAndUpdateOrder - (orders.py:144) - [Order Update] No existing file at C:\Users\andrew\Desktop\Andrew\Projects\IthacaBakery\RandomStuff\WorkBot\refactor-experimental\data\orders\Bakery_Webstaurant_20250920.xlsx. Proceeding with save.
2025-09-21 13:43:51,187 - INFO - backend.app.application.orders.CheckAndUpdateOrder - (orders.py:144) - [Order Update] No existing file at C:\Users\andrew\Desktop\Andrew\Projects\IthacaBakery\RandomStuff\WorkBot\refactor-experimental\data\orders\Bakery_Performance Food_20250920.xlsx. Proceeding with save.
2025-09-21 13:43:57,145 - INFO - backend.app.application.orders.CheckAndUpdateOrder - (orders.py:144) - [Order Update] No existing file at C:\Users\andrew\Desktop\Andrew\Projects\IthacaBakery\RandomStuff\WorkBot\refactor-experimental\data\orders\Bakery_FingerLakes Farms_20250920.xlsx. Proceeding with save.
2025-09-21 13:44:02,745 - INFO - backend.app.application.orders.CheckAndUpdateOrder - (orders.py:144) - [Order Update] No existing file at C:\Users\andrew\Desktop\Andrew\Projects\IthacaBakery\RandomStuff\WorkBot\refactor-experimental\data\orders\Bakery_Hillcrest Dairy_20250920.xlsx. Proceeding with save.
2025-09-21 13:44:09,424 - INFO - backend.app.application.orders.CheckAndUpdateOrder - (orders.py:144) - [Order Update] No existing file at C:\Users\andrew\Desktop\Andrew\Projects\IthacaBakery\RandomStuff\WorkBot\refactor-experimental\data\orders\Bakery_Sysco_20250921.xlsx. Proceeding with save.
2025-09-21 13:44:16,319 - INFO - backend.app.application.orders.CheckAndUpdateOrder - (orders.py:144) - [Order Update] No existing file at C:\Users\andrew\Desktop\Andrew\Projects\IthacaBakery\RandomStuff\WorkBot\refactor-experimental\data\orders\Bakery_US Foods_20250921.xlsx. Proceeding with save.
2025-09-21 13:44:21,878 - INFO - backend.app.application.orders.CheckAndUpdateOrder - (orders.py:144) - [Order Update] No existing file at C:\Users\andrew\Desktop\Andrew\Projects\IthacaBakery\RandomStuff\WorkBot\refactor-experimental\data\orders\Bakery_Keck's Food Service_20250921.xlsx. Proceeding with save.
2025-09-21 13:44:27,463 - INFO - backend.app.application.orders.CheckAndUpdateOrder - (orders.py:144) - [Order Update] No existing file at C:\Users\andrew\Desktop\Andrew\Projects\IthacaBakery\RandomStuff\WorkBot\refactor-experimental\data\orders\Bakery_Eurocafe Imports_20250921.xlsx. Proceeding with save.
2025-09-21 13:44:33,227 - INFO - backend.app.application.orders.CheckAndUpdateOrder - (orders.py:144) - [Order Update] No existing file at C:\Users\andrew\Desktop\Andrew\Projects\IthacaBakery\RandomStuff\WorkBot\refactor-experimental\data\orders\Bakery_Copper Horse Coffee_20250921.xlsx. Proceeding with save.
2025-09-21 13:44:39,082 - INFO - backend.app.application.orders.CheckAndUpdateOrder - (orders.py:144) - [Order Update] No existing file at C:\Users\andrew\Desktop\Andrew\Projects\IthacaBakery\RandomStuff\WorkBot\refactor-experimental\data\orders\Bakery_Equal Exchange_20250921.xlsx. Proceeding with save.
2025-09-21 13:44:44,629 - INFO - backend.app.application.orders.CheckAndUpdateOrder - (orders.py:144) - [Order Update] No existing file at C:\Users\andrew\Desktop\Andrew\Projects\IthacaBakery\RandomStuff\WorkBot\refactor-experimental\data\orders\Bakery_Harney and Sons Tea_20250921.xlsx. Proceeding with save.
2025-09-21 13:44:50,702 - INFO - backend.app.application.orders.CheckAndUpdateOrder - (orders.py:144) - [Order Update] No existing file at C:\Users\andrew\Desktop\Andrew\Projects\IthacaBakery\RandomStuff\WorkBot\refactor-experimental\data\orders\Bakery_Coca-Cola_20250921.xlsx. Proceeding with save.
2025-09-21 13:44:56,241 - INFO - backend.app.application.orders.CheckAndUpdateOrder - (orders.py:144) - [Order Update] No existing file at C:\Users\andrew\Desktop\Andrew\Projects\IthacaBakery\RandomStuff\WorkBot\refactor-experimental\data\orders\Bakery_DUTCH VALLEY FOOD DIST_20250921.xlsx. Proceeding with save.
2025-09-21 13:59:40,750 - INFO - backend.app.application.orders.CheckAndUpdateOrder - (orders.py:144) - [Order Update] No existing file at C:\Users\andrew\Desktop\Andrew\Projects\IthacaBakery\RandomStuff\WorkBot\refactor-experimental\data\orders\Bakery_UNFI_20250920.xlsx. Proceeding with save.
2025-09-21 13:59:46,357 - INFO - backend.app.application.orders.CheckAndUpdateOrder - (orders.py:144) - [Order Update] No existing file at C:\Users\andrew\Desktop\Andrew\Projects\IthacaBakery\RandomStuff\WorkBot\refactor-experimental\data\orders\Bakery_Webstaurant_20250920.xlsx. Proceeding with save.
2025-09-21 13:59:53,443 - INFO - backend.app.application.orders.CheckAndUpdateOrder - (orders.py:144) - [Order Update] No existing file at C:\Users\andrew\Desktop\Andrew\Projects\IthacaBakery\RandomStuff\WorkBot\refactor-experimental\data\orders\Bakery_Performance Food_20250920.xlsx. Proceeding with save.
2025-09-21 13:59:59,514 - INFO - backend.app.application.orders.CheckAndUpdateOrder - (orders.py:144) - [Order Update] No existing file at C:\Users\andrew\Desktop\Andrew\Projects\IthacaBakery\RandomStuff\WorkBot\refactor-experimental\data\orders\Bakery_FingerLakes Farms_20250920.xlsx. Proceeding with save.
2025-09-21 14:00:05,131 - INFO - backend.app.application.orders.CheckAndUpdateOrder - (orders.py:144) - [Order Update] No existing file at C:\Users\andrew\Desktop\Andrew\Projects\IthacaBakery\RandomStuff\WorkBot\refactor-experimental\data\orders\Bakery_Hillcrest Dairy_20250920.xlsx. Proceeding with save.
2025-09-21 14:00:11,966 - INFO - backend.app.application.orders.CheckAndUpdateOrder - (orders.py:144) - [Order Update] No existing file at C:\Users\andrew\Desktop\Andrew\Projects\IthacaBakery\RandomStuff\WorkBot\refactor-experimental\data\orders\Bakery_Sysco_20250921.xlsx. Proceeding with save.
2025-09-21 14:00:18,936 - INFO - backend.app.application.orders.CheckAndUpdateOrder - (orders.py:144) - [Order Update] No existing file at C:\Users\andrew\Desktop\Andrew\Projects\IthacaBakery\RandomStuff\WorkBot\refactor-experimental\data\orders\Bakery_US Foods_20250921.xlsx. Proceeding with save.
2025-09-21 14:00:24,530 - INFO - backend.app.application.orders.CheckAndUpdateOrder - (orders.py:144) - [Order Update] No existing file at C:\Users\andrew\Desktop\Andrew\Projects\IthacaBakery\RandomStuff\WorkBot\refactor-experimental\data\orders\Bakery_Keck's Food Service_20250921.xlsx. Proceeding with save.
2025-09-21 14:00:30,098 - INFO - backend.app.application.orders.CheckAndUpdateOrder - (orders.py:144) - [Order Update] No existing file at C:\Users\andrew\Desktop\Andrew\Projects\IthacaBakery\RandomStuff\WorkBot\refactor-experimental\data\orders\Bakery_Eurocafe Imports_20250921.xlsx. Proceeding with save.
2025-09-21 14:00:35,863 - INFO - backend.app.application.orders.CheckAndUpdateOrder - (orders.py:144) - [Order Update] No existing file at C:\Users\andrew\Desktop\Andrew\Projects\IthacaBakery\RandomStuff\WorkBot\refactor-experimental\data\orders\Bakery_Copper Horse Coffee_20250921.xlsx. Proceeding with save.
2025-09-21 14:00:41,790 - INFO - backend.app.application.orders.CheckAndUpdateOrder - (orders.py:144) - [Order Update] No existing file at C:\Users\andrew\Desktop\Andrew\Projects\IthacaBakery\RandomStuff\WorkBot\refactor-experimental\data\orders\Bakery_Equal Exchange_20250921.xlsx. Proceeding with save.
2025-09-21 14:00:47,410 - INFO - backend.app.application.orders.CheckAndUpdateOrder - (orders.py:144) - [Order Update] No existing file at C:\Users\andrew\Desktop\Andrew\Projects\IthacaBakery\RandomStuff\WorkBot\refactor-experimental\data\orders\Bakery_Harney and Sons Tea_20250921.xlsx. Proceeding with save.
2025-09-21 14:00:53,582 - INFO - backend.app.application.orders.CheckAndUpdateOrder - (orders.py:144) - [Order Update] No existing file at C:\Users\andrew\Desktop\Andrew\Projects\IthacaBakery\RandomStuff\WorkBot\refactor-experimental\data\orders\Bakery_Coca-Cola_20250921.xlsx. Proceeding with save.
2025-09-21 14:00:59,225 - INFO - backend.app.application.orders.CheckAndUpdateOrder - (orders.py:144) - [Order Update] No existing file at C:\Users\andrew\Desktop\Andrew\Projects\IthacaBakery\RandomStuff\WorkBot\refactor-experimental\data\orders\Bakery_DUTCH VALLEY FOOD DIST_20250921.xlsx. Proceeding with save.
2025-09-21 14:07:04,219 - INFO - backend.app.application.orders.CheckAndUpdateOrder - (orders.py:144) - [Order Update] No existing file at C:\Users\andrew\Desktop\Andrew\Projects\IthacaBakery\RandomStuff\WorkBot\refactor-experimental\data\orders\UNFI\Bakery_UNFI_20250920.xlsx. Proceeding with save.
2025-09-21 14:07:09,871 - INFO - backend.app.application.orders.CheckAndUpdateOrder - (orders.py:144) - [Order Update] No existing file at C:\Users\andrew\Desktop\Andrew\Projects\IthacaBakery\RandomStuff\WorkBot\refactor-experimental\data\orders\Webstaurant\Bakery_Webstaurant_20250920.xlsx. Proceeding with save.
2025-09-21 14:07:17,287 - INFO - backend.app.application.orders.CheckAndUpdateOrder - (orders.py:144) - [Order Update] No existing file at C:\Users\andrew\Desktop\Andrew\Projects\IthacaBakery\RandomStuff\WorkBot\refactor-experimental\data\orders\Performance Food\Bakery_Performance Food_20250920.xlsx. Proceeding with save.
2025-09-21 14:07:23,395 - INFO - backend.app.application.orders.CheckAndUpdateOrder - (orders.py:144) - [Order Update] No existing file at C:\Users\andrew\Desktop\Andrew\Projects\IthacaBakery\RandomStuff\WorkBot\refactor-experimental\data\orders\FingerLakes Farms\Bakery_FingerLakes Farms_20250920.xlsx. Proceeding with save.
2025-09-21 14:07:29,055 - INFO - backend.app.application.orders.CheckAndUpdateOrder - (orders.py:144) - [Order Update] No existing file at C:\Users\andrew\Desktop\Andrew\Projects\IthacaBakery\RandomStuff\WorkBot\refactor-experimental\data\orders\Hillcrest Dairy\Bakery_Hillcrest Dairy_20250920.xlsx. Proceeding with save.
2025-09-21 14:07:35,810 - INFO - backend.app.application.orders.CheckAndUpdateOrder - (orders.py:144) - [Order Update] No existing file at C:\Users\andrew\Desktop\Andrew\Projects\IthacaBakery\RandomStuff\WorkBot\refactor-experimental\data\orders\Sysco\Bakery_Sysco_20250921.xlsx. Proceeding with save.
2025-09-21 14:07:42,890 - INFO - backend.app.application.orders.CheckAndUpdateOrder - (orders.py:144) - [Order Update] No existing file at C:\Users\andrew\Desktop\Andrew\Projects\IthacaBakery\RandomStuff\WorkBot\refactor-experimental\data\orders\US Foods\Bakery_US Foods_20250921.xlsx. Proceeding with save.
2025-09-21 14:07:48,534 - INFO - backend.app.application.orders.CheckAndUpdateOrder - (orders.py:144) - [Order Update] No existing file at C:\Users\andrew\Desktop\Andrew\Projects\IthacaBakery\RandomStuff\WorkBot\refactor-experimental\data\orders\Keck's Food Service\Bakery_Keck's Food Service_20250921.xlsx. Proceeding with save.
2025-09-21 14:07:54,134 - INFO - backend.app.application.orders.CheckAndUpdateOrder - (orders.py:144) - [Order Update] No existing file at C:\Users\andrew\Desktop\Andrew\Projects\IthacaBakery\RandomStuff\WorkBot\refactor-experimental\data\orders\Eurocafe Imports\Bakery_Eurocafe Imports_20250921.xlsx. Proceeding with save.
2025-09-21 14:07:59,896 - INFO - backend.app.application.orders.CheckAndUpdateOrder - (orders.py:144) - [Order Update] No existing file at C:\Users\andrew\Desktop\Andrew\Projects\IthacaBakery\RandomStuff\WorkBot\refactor-experimental\data\orders\Copper Horse Coffee\Bakery_Copper Horse Coffee_20250921.xlsx. Proceeding with save.
2025-09-21 14:08:05,764 - INFO - backend.app.application.orders.CheckAndUpdateOrder - (orders.py:144) - [Order Update] No existing file at C:\Users\andrew\Desktop\Andrew\Projects\IthacaBakery\RandomStuff\WorkBot\refactor-experimental\data\orders\Equal Exchange\Bakery_Equal Exchange_20250921.xlsx. Proceeding with save.
2025-09-21 14:08:11,346 - INFO - backend.app.application.orders.CheckAndUpdateOrder - (orders.py:144) - [Order Update] No existing file at C:\Users\andrew\Desktop\Andrew\Projects\IthacaBakery\RandomStuff\WorkBot\refactor-experimental\data\orders\Harney and Sons Tea\Bakery_Harney and Sons Tea_20250921.xlsx. Proceeding with save.
2025-09-21 14:08:17,435 - INFO - backend.app.application.orders.CheckAndUpdateOrder - (orders.py:144) - [Order Update] No existing file at C:\Users\andrew\Desktop\Andrew\Projects\IthacaBakery\RandomStuff\WorkBot\refactor-experimental\data\orders\Coca-Cola\Bakery_Coca-Cola_20250921.xlsx. Proceeding with save.
2025-09-21 14:08:22,980 - INFO - backend.app.application.orders.CheckAndUpdateOrder - (orders.py:144) - [Order Update] No existing file at C:\Users\andrew\Desktop\Andrew\Projects\IthacaBakery\RandomStuff\WorkBot\refactor-experimental\data\orders\DUTCH VALLEY FOOD DIST\Bakery_DUTCH VALLEY FOOD DIST_20250921.xlsx. Proceeding with save.
2025-09-23 08:14:05,950 - INFO - backend.app.application.orders.CheckAndUpdateOrder - (orders.py:144) - [Order Update] No existing file at C:\Users\andrew\Desktop\Andrew\Projects\IthacaBakery\RandomStuff\WorkBot\refactor-experimental\data\orders\UNFI\Bakery_UNFI_20250920.xlsx. Proceeding with save.
2025-09-23 08:14:11,833 - INFO - backend.app.application.orders.CheckAndUpdateOrder - (orders.py:144) - [Order Update] No existing file at C:\Users\andrew\Desktop\Andrew\Projects\IthacaBakery\RandomStuff\WorkBot\refactor-experimental\data\orders\Webstaurant\Bakery_Webstaurant_20250920.xlsx. Proceeding with save.
2025-09-23 08:14:18,634 - INFO - backend.app.application.orders.CheckAndUpdateOrder - (orders.py:144) - [Order Update] No existing file at C:\Users\andrew\Desktop\Andrew\Projects\IthacaBakery\RandomStuff\WorkBot\refactor-experimental\data\orders\Performance Food\Bakery_Performance Food_20250920.xlsx. Proceeding with save.
2025-09-23 08:14:24,549 - INFO - backend.app.application.orders.CheckAndUpdateOrder - (orders.py:144) - [Order Update] No existing file at C:\Users\andrew\Desktop\Andrew\Projects\IthacaBakery\RandomStuff\WorkBot\refactor-experimental\data\orders\FingerLakes Farms\Bakery_FingerLakes Farms_20250920.xlsx. Proceeding with save.
2025-09-23 08:14:30,316 - INFO - backend.app.application.orders.CheckAndUpdateOrder - (orders.py:144) - [Order Update] No existing file at C:\Users\andrew\Desktop\Andrew\Projects\IthacaBakery\RandomStuff\WorkBot\refactor-experimental\data\orders\Hillcrest Dairy\Bakery_Hillcrest Dairy_20250920.xlsx. Proceeding with save.
2025-09-23 08:14:36,922 - INFO - backend.app.application.orders.CheckAndUpdateOrder - (orders.py:144) - [Order Update] No existing file at C:\Users\andrew\Desktop\Andrew\Projects\IthacaBakery\RandomStuff\WorkBot\refactor-experimental\data\orders\Sysco\Bakery_Sysco_20250921.xlsx. Proceeding with save.
2025-09-23 08:14:43,678 - INFO - backend.app.application.orders.CheckAndUpdateOrder - (orders.py:144) - [Order Update] No existing file at C:\Users\andrew\Desktop\Andrew\Projects\IthacaBakery\RandomStuff\WorkBot\refactor-experimental\data\orders\US Foods\Bakery_US Foods_20250921.xlsx. Proceeding with save.
2025-09-23 08:14:49,370 - INFO - backend.app.application.orders.CheckAndUpdateOrder - (orders.py:144) - [Order Update] No existing file at C:\Users\andrew\Desktop\Andrew\Projects\IthacaBakery\RandomStuff\WorkBot\refactor-experimental\data\orders\Keck's Food Service\Bakery_Keck's Food Service_20250921.xlsx. Proceeding with save.
2025-09-23 08:14:54,911 - INFO - backend.app.application.orders.CheckAndUpdateOrder - (orders.py:144) - [Order Update] No existing file at C:\Users\andrew\Desktop\Andrew\Projects\IthacaBakery\RandomStuff\WorkBot\refactor-experimental\data\orders\Eurocafe Imports\Bakery_Eurocafe Imports_20250921.xlsx. Proceeding with save.
2025-09-23 08:15:00,626 - INFO - backend.app.application.orders.CheckAndUpdateOrder - (orders.py:144) - [Order Update] No existing file at C:\Users\andrew\Desktop\Andrew\Projects\IthacaBakery\RandomStuff\WorkBot\refactor-experimental\data\orders\Copper Horse Coffee\Bakery_Copper Horse Coffee_20250921.xlsx. Proceeding with save.
2025-09-23 08:15:06,441 - INFO - backend.app.application.orders.CheckAndUpdateOrder - (orders.py:144) - [Order Update] No existing file at C:\Users\andrew\Desktop\Andrew\Projects\IthacaBakery\RandomStuff\WorkBot\refactor-experimental\data\orders\Equal Exchange\Bakery_Equal Exchange_20250921.xlsx. Proceeding with save.
2025-09-23 08:15:12,051 - INFO - backend.app.application.orders.CheckAndUpdateOrder - (orders.py:144) - [Order Update] No existing file at C:\Users\andrew\Desktop\Andrew\Projects\IthacaBakery\RandomStuff\WorkBot\refactor-experimental\data\orders\Harney and Sons Tea\Bakery_Harney and Sons Tea_20250921.xlsx. Proceeding with save.
2025-09-23 08:15:18,110 - INFO - backend.app.application.orders.CheckAndUpdateOrder - (orders.py:144) - [Order Update] No existing file at C:\Users\andrew\Desktop\Andrew\Projects\IthacaBakery\RandomStuff\WorkBot\refactor-experimental\data\orders\Coca-Cola\Bakery_Coca-Cola_20250921.xlsx. Proceeding with save.
2025-09-23 08:15:23,719 - INFO - backend.app.application.orders.CheckAndUpdateOrder - (orders.py:144) - [Order Update] No existing file at C:\Users\andrew\Desktop\Andrew\Projects\IthacaBakery\RandomStuff\WorkBot\refactor-experimental\data\orders\DUTCH VALLEY FOOD DIST\Bakery_DUTCH VALLEY FOOD DIST_20250921.xlsx. Proceeding with save.
2025-09-23 08:15:30,025 - INFO - backend.app.application.orders.CheckAndUpdateOrder - (orders.py:144) - [Order Update] No existing file at C:\Users\andrew\Desktop\Andrew\Projects\IthacaBakery\RandomStuff\WorkBot\refactor-experimental\data\orders\Regional Distributors, Inc.\Bakery_Regional Distributors, Inc._20250922.xlsx. Proceeding with save.
2025-09-23 08:15:36,578 - INFO - backend.app.application.orders.CheckAndUpdateOrder - (orders.py:144) - [Order Update] No existing file at C:\Users\andrew\Desktop\Andrew\Projects\IthacaBakery\RandomStuff\WorkBot\refactor-experimental\data\orders\Hillcrest Foods\Bakery_Hillcrest Foods_20250922.xlsx. Proceeding with save.
2025-09-23 08:15:42,334 - INFO - backend.app.application.orders.CheckAndUpdateOrder - (orders.py:144) - [Order Update] No existing file at C:\Users\andrew\Desktop\Andrew\Projects\IthacaBakery\RandomStuff\WorkBot\refactor-experimental\data\orders\Lentz\Bakery_Lentz_20250922.xlsx. Proceeding with save.
2025-09-23 08:15:48,149 - INFO - backend.app.application.orders.CheckAndUpdateOrder - (orders.py:144) - [Order Update] No existing file at C:\Users\andrew\Desktop\Andrew\Projects\IthacaBakery\RandomStuff\WorkBot\refactor-experimental\data\orders\A.L. George\Bakery_A.L. George_20250922.xlsx. Proceeding with save.
2025-09-23 08:15:53,679 - INFO - backend.app.application.orders.CheckAndUpdateOrder - (orders.py:144) - [Order Update] No existing file at C:\Users\andrew\Desktop\Andrew\Projects\IthacaBakery\RandomStuff\WorkBot\refactor-experimental\data\orders\BALKAN BEVERAGE LLC\Bakery_BALKAN BEVERAGE LLC_20250922.xlsx. Proceeding with save.
2025-09-23 08:15:59,296 - INFO - backend.app.application.orders.CheckAndUpdateOrder - (orders.py:144) - [Order Update] No existing file at C:\Users\andrew\Desktop\Andrew\Projects\IthacaBakery\RandomStuff\WorkBot\refactor-experimental\data\orders\Casa\Bakery_Casa_20250922.xlsx. Proceeding with save.
2025-09-23 08:16:04,847 - INFO - backend.app.application.orders.CheckAndUpdateOrder - (orders.py:144) - [Order Update] No existing file at C:\Users\andrew\Desktop\Andrew\Projects\IthacaBakery\RandomStuff\WorkBot\refactor-experimental\data\orders\Side Hill Acres\Bakery_Side Hill Acres_20250922.xlsx. Proceeding with save.
2025-09-23 08:16:10,450 - INFO - backend.app.application.orders.CheckAndUpdateOrder - (orders.py:144) - [Order Update] No existing file at C:\Users\andrew\Desktop\Andrew\Projects\IthacaBakery\RandomStuff\WorkBot\refactor-experimental\data\orders\Dawn\Bakery_Dawn_20250922.xlsx. Proceeding with save.
2025-09-23 09:15:40,563 - INFO - backend.app.application.orders.CheckAndUpdateOrder - (orders.py:144) - [Order Update] No existing file at C:\Users\andrew\Desktop\Andrew\Projects\IthacaBakery\RandomStuff\WorkBot\refactor-experimental\data\orders\UNFI\UNFI_Bakery_20250920.xlsx. Proceeding with save.
2025-09-23 09:19:45,044 - INFO - backend.app.application.orders.CheckAndUpdateOrder - (orders.py:144) - [Order Update] No existing file at C:\Users\andrew\Desktop\Andrew\Projects\IthacaBakery\RandomStuff\WorkBot\refactor-experimental\data\orders\UNFI\UNFI_Bakery_20250920.xlsx. Proceeding with save.
2025-09-23 09:21:20,016 - INFO - backend.app.application.orders.CheckAndUpdateOrder - (orders.py:144) - [Order Update] No existing file at C:\Users\andrew\Desktop\Andrew\Projects\IthacaBakery\RandomStuff\WorkBot\refactor-experimental\data\orders\UNFI\UNFI_Bakery_20250920.xlsx. Proceeding with save.
2025-09-23 09:23:07,270 - INFO - backend.app.application.orders.CheckAndUpdateOrder - (orders.py:144) - [Order Update] No existing file at C:\Users\andrew\Desktop\Andrew\Projects\IthacaBakery\RandomStuff\WorkBot\refactor-experimental\data\orders\UNFI\UNFI_Bakery_20250920.xlsx. Proceeding with save.
2025-09-23 09:26:25,794 - INFO - backend.app.application.orders.CheckAndUpdateOrder - (orders.py:144) - [Order Update] No existing file at C:\Users\andrew\Desktop\Andrew\Projects\IthacaBakery\RandomStuff\WorkBot\refactor-experimental\data\orders\UNFI\UNFI_Bakery_20250920.xlsx. Proceeding with save.
2025-09-23 09:26:31,661 - INFO - backend.app.application.orders.CheckAndUpdateOrder - (orders.py:144) - [Order Update] No existing file at C:\Users\andrew\Desktop\Andrew\Projects\IthacaBakery\RandomStuff\WorkBot\refactor-experimental\data\orders\Webstaurant\Webstaurant_Bakery_20250920.xlsx. Proceeding with save.
2025-09-23 09:26:38,458 - INFO - backend.app.application.orders.CheckAndUpdateOrder - (orders.py:144) - [Order Update] No existing file at C:\Users\andrew\Desktop\Andrew\Projects\IthacaBakery\RandomStuff\WorkBot\refactor-experimental\data\orders\Performance Food\Performance Food_Bakery_20250920.xlsx. Proceeding with save.
2025-09-23 09:26:44,393 - INFO - backend.app.application.orders.CheckAndUpdateOrder - (orders.py:144) - [Order Update] No existing file at C:\Users\andrew\Desktop\Andrew\Projects\IthacaBakery\RandomStuff\WorkBot\refactor-experimental\data\orders\FingerLakes Farms\FingerLakes Farms_Bakery_20250920.xlsx. Proceeding with save.
2025-09-23 09:26:50,171 - INFO - backend.app.application.orders.CheckAndUpdateOrder - (orders.py:144) - [Order Update] No existing file at C:\Users\andrew\Desktop\Andrew\Projects\IthacaBakery\RandomStuff\WorkBot\refactor-experimental\data\orders\Hillcrest Dairy\Hillcrest Dairy_Bakery_20250920.xlsx. Proceeding with save.
2025-09-23 09:26:56,749 - INFO - backend.app.application.orders.CheckAndUpdateOrder - (orders.py:144) - [Order Update] No existing file at C:\Users\andrew\Desktop\Andrew\Projects\IthacaBakery\RandomStuff\WorkBot\refactor-experimental\data\orders\Sysco\Sysco_Bakery_20250921.xlsx. Proceeding with save.
2025-09-23 09:27:03,662 - INFO - backend.app.application.orders.CheckAndUpdateOrder - (orders.py:144) - [Order Update] No existing file at C:\Users\andrew\Desktop\Andrew\Projects\IthacaBakery\RandomStuff\WorkBot\refactor-experimental\data\orders\US Foods\US Foods_Bakery_20250921.xlsx. Proceeding with save.
2025-09-23 09:27:09,437 - INFO - backend.app.application.orders.CheckAndUpdateOrder - (orders.py:144) - [Order Update] No existing file at C:\Users\andrew\Desktop\Andrew\Projects\IthacaBakery\RandomStuff\WorkBot\refactor-experimental\data\orders\Keck's Food Service\Keck's Food Service_Bakery_20250921.xlsx. Proceeding with save.
2025-09-23 09:27:14,982 - INFO - backend.app.application.orders.CheckAndUpdateOrder - (orders.py:144) - [Order Update] No existing file at C:\Users\andrew\Desktop\Andrew\Projects\IthacaBakery\RandomStuff\WorkBot\refactor-experimental\data\orders\Eurocafe Imports\Eurocafe Imports_Bakery_20250921.xlsx. Proceeding with save.
2025-09-23 09:27:20,751 - INFO - backend.app.application.orders.CheckAndUpdateOrder - (orders.py:144) - [Order Update] No existing file at C:\Users\andrew\Desktop\Andrew\Projects\IthacaBakery\RandomStuff\WorkBot\refactor-experimental\data\orders\Copper Horse Coffee\Copper Horse Coffee_Bakery_20250921.xlsx. Proceeding with save.
2025-09-23 09:27:26,605 - INFO - backend.app.application.orders.CheckAndUpdateOrder - (orders.py:144) - [Order Update] No existing file at C:\Users\andrew\Desktop\Andrew\Projects\IthacaBakery\RandomStuff\WorkBot\refactor-experimental\data\orders\Equal Exchange\Equal Exchange_Bakery_20250921.xlsx. Proceeding with save.
2025-09-23 09:27:32,165 - INFO - backend.app.application.orders.CheckAndUpdateOrder - (orders.py:144) - [Order Update] No existing file at C:\Users\andrew\Desktop\Andrew\Projects\IthacaBakery\RandomStuff\WorkBot\refactor-experimental\data\orders\Harney and Sons Tea\Harney and Sons Tea_Bakery_20250921.xlsx. Proceeding with save.
2025-09-23 09:27:38,240 - INFO - backend.app.application.orders.CheckAndUpdateOrder - (orders.py:144) - [Order Update] No existing file at C:\Users\andrew\Desktop\Andrew\Projects\IthacaBakery\RandomStuff\WorkBot\refactor-experimental\data\orders\Coca-Cola\Coca-Cola_Bakery_20250921.xlsx. Proceeding with save.
2025-09-23 09:27:43,791 - INFO - backend.app.application.orders.CheckAndUpdateOrder - (orders.py:144) - [Order Update] No existing file at C:\Users\andrew\Desktop\Andrew\Projects\IthacaBakery\RandomStuff\WorkBot\refactor-experimental\data\orders\DUTCH VALLEY FOOD DIST\DUTCH VALLEY FOOD DIST_Bakery_20250921.xlsx. Proceeding with save.
2025-09-23 09:27:50,107 - INFO - backend.app.application.orders.CheckAndUpdateOrder - (orders.py:144) - [Order Update] No existing file at C:\Users\andrew\Desktop\Andrew\Projects\IthacaBakery\RandomStuff\WorkBot\refactor-experimental\data\orders\Regional Distributors, Inc.\Regional Distributors, Inc._Bakery_20250922.xlsx. Proceeding with save.
2025-09-23 09:27:56,625 - INFO - backend.app.application.orders.CheckAndUpdateOrder - (orders.py:144) - [Order Update] No existing file at C:\Users\andrew\Desktop\Andrew\Projects\IthacaBakery\RandomStuff\WorkBot\refactor-experimental\data\orders\Hillcrest Foods\Hillcrest Foods_Bakery_20250922.xlsx. Proceeding with save.
2025-09-23 09:28:02,384 - INFO - backend.app.application.orders.CheckAndUpdateOrder - (orders.py:144) - [Order Update] No existing file at C:\Users\andrew\Desktop\Andrew\Projects\IthacaBakery\RandomStuff\WorkBot\refactor-experimental\data\orders\Lentz\Lentz_Bakery_20250922.xlsx. Proceeding with save.
2025-09-23 09:28:08,189 - INFO - backend.app.application.orders.CheckAndUpdateOrder - (orders.py:144) - [Order Update] No existing file at C:\Users\andrew\Desktop\Andrew\Projects\IthacaBakery\RandomStuff\WorkBot\refactor-experimental\data\orders\A.L. George\A.L. George_Bakery_20250922.xlsx. Proceeding with save.
2025-09-23 09:28:13,733 - INFO - backend.app.application.orders.CheckAndUpdateOrder - (orders.py:144) - [Order Update] No existing file at C:\Users\andrew\Desktop\Andrew\Projects\IthacaBakery\RandomStuff\WorkBot\refactor-experimental\data\orders\BALKAN BEVERAGE LLC\BALKAN BEVERAGE LLC_Bakery_20250922.xlsx. Proceeding with save.
2025-09-23 09:28:19,345 - INFO - backend.app.application.orders.CheckAndUpdateOrder - (orders.py:144) - [Order Update] No existing file at C:\Users\andrew\Desktop\Andrew\Projects\IthacaBakery\RandomStuff\WorkBot\refactor-experimental\data\orders\Casa\Casa_Bakery_20250922.xlsx. Proceeding with save.
2025-09-23 09:28:24,902 - INFO - backend.app.application.orders.CheckAndUpdateOrder - (orders.py:144) - [Order Update] No existing file at C:\Users\andrew\Desktop\Andrew\Projects\IthacaBakery\RandomStuff\WorkBot\refactor-experimental\data\orders\Side Hill Acres\Side Hill Acres_Bakery_20250922.xlsx. Proceeding with save.
2025-09-23 09:28:30,472 - INFO - backend.app.application.orders.CheckAndUpdateOrder - (orders.py:144) - [Order Update] No existing file at C:\Users\andrew\Desktop\Andrew\Projects\IthacaBakery\RandomStuff\WorkBot\refactor-experimental\data\orders\Dawn\Dawn_Bakery_20250922.xlsx. Proceeding with save.
2025-09-23 10:33:41,691 - INFO - backend.app.application.orders.CheckAndUpdateOrder - (orders.py:144) - [Order Update] No existing file at C:\Users\andrew\Desktop\Andrew\Projects\IthacaBakery\RandomStuff\WorkBot\refactor-experimental\data\orders\Sysco\Sysco_Bakery_20250921.xlsx. Proceeding with save.
2025-09-23 10:36:41,306 - WARNING - backend.app.application.orders.CheckAndUpdateOrder - (orders.py:150) - [Order Update] Failed to read existing order file: 'OrderFileAdapter' object has no attribute 'get_order_from_file'. Proceeding with overwrite.
2025-09-23 11:14:49,864 - INFO - backend.app.application.orders.CheckAndUpdateOrder - (orders.py:145) - [Order Update] No existing file at C:\Users\andrew\Desktop\Andrew\Projects\IthacaBakery\RandomStuff\WorkBot\refactor-experimental\data\orders\Sysco\Sysco_Bakery_20250921.xlsx. Proceeding with save.
2025-09-23 11:19:18,680 - INFO - backend.app.application.orders.CheckAndUpdateOrder - (orders.py:145) - [Order Update] No existing file at C:\Users\andrew\Desktop\Andrew\Projects\IthacaBakery\RandomStuff\WorkBot\refactor-experimental\data\orders\Sysco\Sysco_Bakery_20250921.xlsx. Proceeding with save.
2025-09-23 11:20:29,282 - WARNING - backend.app.application.orders.CheckAndUpdateOrder - (orders.py:150) - [Order Update] Failed to read existing order file: 'OrderFileAdapter' object has no attribute 'get_order_from_file'. Proceeding with overwrite.
2025-09-23 11:26:59,886 - INFO - backend.app.application.orders.CheckAndUpdateOrder - (orders.py:145) - [Order Update] No existing file at C:\Users\andrew\Desktop\Andrew\Projects\IthacaBakery\RandomStuff\WorkBot\refactor-experimental\data\orders\Sysco\Sysco_Bakery_20250921.xlsx. Proceeding with save.
2025-09-23 11:32:05,267 - INFO - backend.app.application.orders.CheckAndUpdateOrder - (orders.py:144) - [Order Update] No existing file at C:\Users\andrew\Desktop\Andrew\Projects\IthacaBakery\RandomStuff\WorkBot\refactor-experimental\data\orders\Sysco\Sysco_Bakery_20250921.xlsx. Proceeding with save.
2025-09-23 11:32:55,637 - INFO - backend.app.application.orders.CheckAndUpdateOrder - (orders.py:144) - [Order Update] No existing file at C:\Users\andrew\Desktop\Andrew\Projects\IthacaBakery\RandomStuff\WorkBot\refactor-experimental\data\orders\Sysco\Sysco_Bakery_20250921.xlsx. Proceeding with save.
2025-09-23 11:36:28,512 - WARNING - backend.app.application.orders.CheckAndUpdateOrder - (orders.py:149) - [Order Update] Failed to read existing order file: 'OrderFileAdapter' object has no attribute 'get_order_from_file'. Proceeding with overwrite.
2025-09-23 11:38:42,059 - WARNING - backend.app.application.orders.CheckAndUpdateOrder - (orders.py:149) - [Order Update] Failed to read existing order file: 'OrderFileAdapter' object has no attribute 'get_order_from_file'. Proceeding with overwrite.
2025-09-23 11:40:58,076 - INFO - backend.app.application.orders.CheckAndUpdateOrder - (orders.py:144) - [Order Update] No existing file at C:\Users\andrew\Desktop\Andrew\Projects\IthacaBakery\RandomStuff\WorkBot\refactor-experimental\data\orders\Sysco\Sysco_Bakery_20250921.xlsx. Proceeding with save.
2025-09-23 11:42:43,410 - WARNING - backend.app.application.orders.CheckAndUpdateOrder - (orders.py:149) - [Order Update] Failed to read existing order file: 'store'. Proceeding with overwrite.
2025-09-23 11:44:08,083 - WARNING - backend.app.application.orders.CheckAndUpdateOrder - (orders.py:149) - [Order Update] Failed to read existing order file: 'store'. Proceeding with overwrite.
2025-09-23 11:45:03,622 - WARNING - backend.app.application.orders.CheckAndUpdateOrder - (orders.py:149) - [Order Update] Failed to read existing order file: 'store'. Proceeding with overwrite.
2025-09-23 11:46:38,687 - WARNING - backend.app.application.orders.CheckAndUpdateOrder - (orders.py:149) - [Order Update] Failed to read existing order file: 'store'. Proceeding with overwrite.
2025-09-23 11:52:22,626 - INFO - backend.app.application.orders.CheckAndUpdateOrder - (orders.py:144) - [Order Update] No existing file at C:\Users\andrew\Desktop\Andrew\Projects\IthacaBakery\RandomStuff\WorkBot\refactor-experimental\data\orders\Sysco\Sysco_Bakery_20250921.xlsx. Proceeding with save.
2025-09-23 11:53:06,010 - WARNING - backend.app.application.orders.CheckAndUpdateOrder - (orders.py:149) - [Order Update] Failed to read existing order file: 'store'. Proceeding with overwrite.
2025-09-23 11:53:11,925 - WARNING - backend.app.application.orders.CheckAndUpdateOrder - (orders.py:149) - [Order Update] Failed to read existing order file: 'store'. Proceeding with overwrite.
2025-09-23 11:53:18,869 - WARNING - backend.app.application.orders.CheckAndUpdateOrder - (orders.py:149) - [Order Update] Failed to read existing order file: 'store'. Proceeding with overwrite.
2025-09-23 11:53:24,879 - WARNING - backend.app.application.orders.CheckAndUpdateOrder - (orders.py:149) - [Order Update] Failed to read existing order file: 'store'. Proceeding with overwrite.
2025-09-23 11:53:30,739 - WARNING - backend.app.application.orders.CheckAndUpdateOrder - (orders.py:149) - [Order Update] Failed to read existing order file: 'store'. Proceeding with overwrite.
2025-09-23 11:53:37,488 - WARNING - backend.app.application.orders.CheckAndUpdateOrder - (orders.py:149) - [Order Update] Failed to read existing order file: 'store'. Proceeding with overwrite.
2025-09-23 11:53:44,475 - WARNING - backend.app.application.orders.CheckAndUpdateOrder - (orders.py:149) - [Order Update] Failed to read existing order file: 'store'. Proceeding with overwrite.
2025-09-23 11:53:50,230 - WARNING - backend.app.application.orders.CheckAndUpdateOrder - (orders.py:149) - [Order Update] Failed to read existing order file: 'store'. Proceeding with overwrite.
2025-09-23 11:53:55,813 - WARNING - backend.app.application.orders.CheckAndUpdateOrder - (orders.py:149) - [Order Update] Failed to read existing order file: 'store'. Proceeding with overwrite.
2025-09-23 11:54:01,609 - WARNING - backend.app.application.orders.CheckAndUpdateOrder - (orders.py:149) - [Order Update] Failed to read existing order file: 'store'. Proceeding with overwrite.
2025-09-23 11:54:07,539 - WARNING - backend.app.application.orders.CheckAndUpdateOrder - (orders.py:149) - [Order Update] Failed to read existing order file: 'store'. Proceeding with overwrite.
2025-09-23 11:54:13,137 - WARNING - backend.app.application.orders.CheckAndUpdateOrder - (orders.py:149) - [Order Update] Failed to read existing order file: 'store'. Proceeding with overwrite.
2025-09-23 11:54:19,293 - WARNING - backend.app.application.orders.CheckAndUpdateOrder - (orders.py:149) - [Order Update] Failed to read existing order file: 'store'. Proceeding with overwrite.
2025-09-23 11:54:24,856 - WARNING - backend.app.application.orders.CheckAndUpdateOrder - (orders.py:149) - [Order Update] Failed to read existing order file: 'store'. Proceeding with overwrite.
2025-09-23 11:54:31,244 - WARNING - backend.app.application.orders.CheckAndUpdateOrder - (orders.py:149) - [Order Update] Failed to read existing order file: 'store'. Proceeding with overwrite.
2025-09-23 11:54:37,841 - WARNING - backend.app.application.orders.CheckAndUpdateOrder - (orders.py:149) - [Order Update] Failed to read existing order file: 'store'. Proceeding with overwrite.
2025-09-23 11:54:43,645 - WARNING - backend.app.application.orders.CheckAndUpdateOrder - (orders.py:149) - [Order Update] Failed to read existing order file: 'store'. Proceeding with overwrite.
2025-09-23 11:54:49,548 - WARNING - backend.app.application.orders.CheckAndUpdateOrder - (orders.py:149) - [Order Update] Failed to read existing order file: 'store'. Proceeding with overwrite.
2025-09-23 11:54:55,135 - WARNING - backend.app.application.orders.CheckAndUpdateOrder - (orders.py:149) - [Order Update] Failed to read existing order file: 'store'. Proceeding with overwrite.
2025-09-23 11:55:00,720 - WARNING - backend.app.application.orders.CheckAndUpdateOrder - (orders.py:149) - [Order Update] Failed to read existing order file: 'store'. Proceeding with overwrite.
2025-09-23 11:55:06,381 - WARNING - backend.app.application.orders.CheckAndUpdateOrder - (orders.py:149) - [Order Update] Failed to read existing order file: 'store'. Proceeding with overwrite.
2025-09-23 11:55:12,007 - WARNING - backend.app.application.orders.CheckAndUpdateOrder - (orders.py:149) - [Order Update] Failed to read existing order file: 'store'. Proceeding with overwrite.
2025-09-27 14:08:25,121 - INFO - backend.app.application.orders.CheckAndUpdateOrder - (orders.py:143) - [Order Update] No existing file at C:\Users\andrew\Desktop\Andrew\Projects\IthacaBakery\RandomStuff\WorkBot\refactor-experimental\data\orders\UNFI\UNFI_Bakery_20250927.xlsx. Proceeding with save.
2025-09-27 14:08:39,139 - INFO - backend.app.application.orders.CheckAndUpdateOrder - (orders.py:143) - [Order Update] No existing file at C:\Users\andrew\Desktop\Andrew\Projects\IthacaBakery\RandomStuff\WorkBot\refactor-experimental\data\orders\UNFI\UNFI_Collegetown_20250926.xlsx. Proceeding with save.
2025-09-27 14:08:51,827 - INFO - backend.app.application.orders.CheckAndUpdateOrder - (orders.py:143) - [Order Update] No existing file at C:\Users\andrew\Desktop\Andrew\Projects\IthacaBakery\RandomStuff\WorkBot\refactor-experimental\data\orders\UNFI\UNFI_Triphammer_20250926.xlsx. Proceeding with save.
