2025-09-21 13:43:40,872 - INFO - backend.app.application.orders.ExpectDownloadedPdf - (orders.py:131) - Moved downloaded PDF to: C:\Users\andrew\Desktop\Andrew\Projects\IthacaBakery\RandomStuff\WorkBot\refactor-experimental\data\orders\Bakery_UNFI_20250920.pdf
2025-09-21 13:43:46,396 - INFO - backend.app.application.orders.ExpectDownloadedPdf - (orders.py:131) - Moved downloaded PDF to: C:\Users\andrew\Desktop\Andrew\Projects\IthacaBakery\RandomStuff\WorkBot\refactor-experimental\data\orders\Bakery_Webstaurant_20250920.pdf
2025-09-21 13:43:53,227 - INFO - backend.app.application.orders.ExpectDownloadedPdf - (orders.py:131) - Moved downloaded PDF to: C:\Users\andrew\Desktop\Andrew\Projects\IthacaBakery\RandomStuff\WorkBot\refactor-experimental\data\orders\Bakery_Performance Food_20250920.pdf
2025-09-21 13:43:59,183 - INFO - backend.app.application.orders.ExpectDownloadedPdf - (orders.py:131) - Moved downloaded PDF to: C:\Users\andrew\Desktop\Andrew\Projects\IthacaBakery\RandomStuff\WorkBot\refactor-experimental\data\orders\Bakery_FingerLakes Farms_20250920.pdf
2025-09-21 13:44:04,795 - INFO - backend.app.application.orders.ExpectDownloadedPdf - (orders.py:131) - Moved downloaded PDF to: C:\Users\andrew\Desktop\Andrew\Projects\IthacaBakery\RandomStuff\WorkBot\refactor-experimental\data\orders\Bakery_Hillcrest Dairy_20250920.pdf
2025-09-21 13:44:11,463 - INFO - backend.app.application.orders.ExpectDownloadedPdf - (orders.py:131) - Moved downloaded PDF to: C:\Users\andrew\Desktop\Andrew\Projects\IthacaBakery\RandomStuff\WorkBot\refactor-experimental\data\orders\Bakery_Sysco_20250921.pdf
2025-09-21 13:44:18,353 - INFO - backend.app.application.orders.ExpectDownloadedPdf - (orders.py:131) - Moved downloaded PDF to: C:\Users\andrew\Desktop\Andrew\Projects\IthacaBakery\RandomStuff\WorkBot\refactor-experimental\data\orders\Bakery_US Foods_20250921.pdf
2025-09-21 13:44:23,916 - INFO - backend.app.application.orders.ExpectDownloadedPdf - (orders.py:131) - Moved downloaded PDF to: C:\Users\andrew\Desktop\Andrew\Projects\IthacaBakery\RandomStuff\WorkBot\refactor-experimental\data\orders\Bakery_Keck's Food Service_20250921.pdf
2025-09-21 13:44:29,501 - INFO - backend.app.application.orders.ExpectDownloadedPdf - (orders.py:131) - Moved downloaded PDF to: C:\Users\andrew\Desktop\Andrew\Projects\IthacaBakery\RandomStuff\WorkBot\refactor-experimental\data\orders\Bakery_Eurocafe Imports_20250921.pdf
2025-09-21 13:44:35,269 - INFO - backend.app.application.orders.ExpectDownloadedPdf - (orders.py:131) - Moved downloaded PDF to: C:\Users\andrew\Desktop\Andrew\Projects\IthacaBakery\RandomStuff\WorkBot\refactor-experimental\data\orders\Bakery_Copper Horse Coffee_20250921.pdf
2025-09-21 13:44:41,119 - INFO - backend.app.application.orders.ExpectDownloadedPdf - (orders.py:131) - Moved downloaded PDF to: C:\Users\andrew\Desktop\Andrew\Projects\IthacaBakery\RandomStuff\WorkBot\refactor-experimental\data\orders\Bakery_Equal Exchange_20250921.pdf
2025-09-21 13:44:46,671 - INFO - backend.app.application.orders.ExpectDownloadedPdf - (orders.py:131) - Moved downloaded PDF to: C:\Users\andrew\Desktop\Andrew\Projects\IthacaBakery\RandomStuff\WorkBot\refactor-experimental\data\orders\Bakery_Harney and Sons Tea_20250921.pdf
2025-09-21 13:44:52,742 - INFO - backend.app.application.orders.ExpectDownloadedPdf - (orders.py:131) - Moved downloaded PDF to: C:\Users\andrew\Desktop\Andrew\Projects\IthacaBakery\RandomStuff\WorkBot\refactor-experimental\data\orders\Bakery_Coca-Cola_20250921.pdf
2025-09-21 13:44:58,280 - INFO - backend.app.application.orders.ExpectDownloadedPdf - (orders.py:131) - Moved downloaded PDF to: C:\Users\andrew\Desktop\Andrew\Projects\IthacaBakery\RandomStuff\WorkBot\refactor-experimental\data\orders\Bakery_DUTCH VALLEY FOOD DIST_20250921.pdf
2025-09-21 13:59:43,304 - INFO - backend.app.application.orders.ExpectDownloadedPdf - (orders.py:131) - Moved downloaded PDF to: C:\Users\andrew\Desktop\Andrew\Projects\IthacaBakery\RandomStuff\WorkBot\refactor-experimental\data\orders\Bakery_UNFI_20250920.pdf
2025-09-21 13:59:48,398 - INFO - backend.app.application.orders.ExpectDownloadedPdf - (orders.py:131) - Moved downloaded PDF to: C:\Users\andrew\Desktop\Andrew\Projects\IthacaBakery\RandomStuff\WorkBot\refactor-experimental\data\orders\Bakery_Webstaurant_20250920.pdf
2025-09-21 13:59:55,484 - INFO - backend.app.application.orders.ExpectDownloadedPdf - (orders.py:131) - Moved downloaded PDF to: C:\Users\andrew\Desktop\Andrew\Projects\IthacaBakery\RandomStuff\WorkBot\refactor-experimental\data\orders\Bakery_Performance Food_20250920.pdf
2025-09-21 14:00:01,560 - INFO - backend.app.application.orders.ExpectDownloadedPdf - (orders.py:131) - Moved downloaded PDF to: C:\Users\andrew\Desktop\Andrew\Projects\IthacaBakery\RandomStuff\WorkBot\refactor-experimental\data\orders\Bakery_FingerLakes Farms_20250920.pdf
2025-09-21 14:00:07,674 - INFO - backend.app.application.orders.ExpectDownloadedPdf - (orders.py:131) - Moved downloaded PDF to: C:\Users\andrew\Desktop\Andrew\Projects\IthacaBakery\RandomStuff\WorkBot\refactor-experimental\data\orders\Bakery_Hillcrest Dairy_20250920.pdf
2025-09-21 14:00:14,020 - INFO - backend.app.application.orders.ExpectDownloadedPdf - (orders.py:131) - Moved downloaded PDF to: C:\Users\andrew\Desktop\Andrew\Projects\IthacaBakery\RandomStuff\WorkBot\refactor-experimental\data\orders\Bakery_Sysco_20250921.pdf
2025-09-21 14:00:21,487 - INFO - backend.app.application.orders.ExpectDownloadedPdf - (orders.py:131) - Moved downloaded PDF to: C:\Users\andrew\Desktop\Andrew\Projects\IthacaBakery\RandomStuff\WorkBot\refactor-experimental\data\orders\Bakery_US Foods_20250921.pdf
2025-09-21 14:00:27,102 - INFO - backend.app.application.orders.ExpectDownloadedPdf - (orders.py:131) - Moved downloaded PDF to: C:\Users\andrew\Desktop\Andrew\Projects\IthacaBakery\RandomStuff\WorkBot\refactor-experimental\data\orders\Bakery_Keck's Food Service_20250921.pdf
2025-09-21 14:00:32,154 - INFO - backend.app.application.orders.ExpectDownloadedPdf - (orders.py:131) - Moved downloaded PDF to: C:\Users\andrew\Desktop\Andrew\Projects\IthacaBakery\RandomStuff\WorkBot\refactor-experimental\data\orders\Bakery_Eurocafe Imports_20250921.pdf
2025-09-21 14:00:37,901 - INFO - backend.app.application.orders.ExpectDownloadedPdf - (orders.py:131) - Moved downloaded PDF to: C:\Users\andrew\Desktop\Andrew\Projects\IthacaBakery\RandomStuff\WorkBot\refactor-experimental\data\orders\Bakery_Copper Horse Coffee_20250921.pdf
2025-09-21 14:00:43,847 - INFO - backend.app.application.orders.ExpectDownloadedPdf - (orders.py:131) - Moved downloaded PDF to: C:\Users\andrew\Desktop\Andrew\Projects\IthacaBakery\RandomStuff\WorkBot\refactor-experimental\data\orders\Bakery_Equal Exchange_20250921.pdf
2025-09-21 14:00:49,962 - INFO - backend.app.application.orders.ExpectDownloadedPdf - (orders.py:131) - Moved downloaded PDF to: C:\Users\andrew\Desktop\Andrew\Projects\IthacaBakery\RandomStuff\WorkBot\refactor-experimental\data\orders\Bakery_Harney and Sons Tea_20250921.pdf
2025-09-21 14:00:55,628 - INFO - backend.app.application.orders.ExpectDownloadedPdf - (orders.py:131) - Moved downloaded PDF to: C:\Users\andrew\Desktop\Andrew\Projects\IthacaBakery\RandomStuff\WorkBot\refactor-experimental\data\orders\Bakery_Coca-Cola_20250921.pdf
2025-09-21 14:01:01,273 - INFO - backend.app.application.orders.ExpectDownloadedPdf - (orders.py:131) - Moved downloaded PDF to: C:\Users\andrew\Desktop\Andrew\Projects\IthacaBakery\RandomStuff\WorkBot\refactor-experimental\data\orders\Bakery_DUTCH VALLEY FOOD DIST_20250921.pdf
2025-09-21 14:07:06,771 - INFO - backend.app.application.orders.ExpectDownloadedPdf - (orders.py:131) - Moved downloaded PDF to: C:\Users\andrew\Desktop\Andrew\Projects\IthacaBakery\RandomStuff\WorkBot\refactor-experimental\data\orders\UNFI\Bakery_UNFI_20250920.pdf
2025-09-21 14:07:12,431 - INFO - backend.app.application.orders.ExpectDownloadedPdf - (orders.py:131) - Moved downloaded PDF to: C:\Users\andrew\Desktop\Andrew\Projects\IthacaBakery\RandomStuff\WorkBot\refactor-experimental\data\orders\Webstaurant\Bakery_Webstaurant_20250920.pdf
2025-09-21 14:07:19,837 - INFO - backend.app.application.orders.ExpectDownloadedPdf - (orders.py:131) - Moved downloaded PDF to: C:\Users\andrew\Desktop\Andrew\Projects\IthacaBakery\RandomStuff\WorkBot\refactor-experimental\data\orders\Performance Food\Bakery_Performance Food_20250920.pdf
2025-09-21 14:07:25,435 - INFO - backend.app.application.orders.ExpectDownloadedPdf - (orders.py:131) - Moved downloaded PDF to: C:\Users\andrew\Desktop\Andrew\Projects\IthacaBakery\RandomStuff\WorkBot\refactor-experimental\data\orders\FingerLakes Farms\Bakery_FingerLakes Farms_20250920.pdf
2025-09-21 14:07:31,100 - INFO - backend.app.application.orders.ExpectDownloadedPdf - (orders.py:131) - Moved downloaded PDF to: C:\Users\andrew\Desktop\Andrew\Projects\IthacaBakery\RandomStuff\WorkBot\refactor-experimental\data\orders\Hillcrest Dairy\Bakery_Hillcrest Dairy_20250920.pdf
2025-09-21 14:07:38,372 - INFO - backend.app.application.orders.ExpectDownloadedPdf - (orders.py:131) - Moved downloaded PDF to: C:\Users\andrew\Desktop\Andrew\Projects\IthacaBakery\RandomStuff\WorkBot\refactor-experimental\data\orders\Sysco\Bakery_Sysco_20250921.pdf
2025-09-21 14:07:44,935 - INFO - backend.app.application.orders.ExpectDownloadedPdf - (orders.py:131) - Moved downloaded PDF to: C:\Users\andrew\Desktop\Andrew\Projects\IthacaBakery\RandomStuff\WorkBot\refactor-experimental\data\orders\US Foods\Bakery_US Foods_20250921.pdf
2025-09-21 14:07:50,585 - INFO - backend.app.application.orders.ExpectDownloadedPdf - (orders.py:131) - Moved downloaded PDF to: C:\Users\andrew\Desktop\Andrew\Projects\IthacaBakery\RandomStuff\WorkBot\refactor-experimental\data\orders\Keck's Food Service\Bakery_Keck's Food Service_20250921.pdf
2025-09-21 14:07:56,680 - INFO - backend.app.application.orders.ExpectDownloadedPdf - (orders.py:131) - Moved downloaded PDF to: C:\Users\andrew\Desktop\Andrew\Projects\IthacaBakery\RandomStuff\WorkBot\refactor-experimental\data\orders\Eurocafe Imports\Bakery_Eurocafe Imports_20250921.pdf
2025-09-21 14:08:01,936 - INFO - backend.app.application.orders.ExpectDownloadedPdf - (orders.py:131) - Moved downloaded PDF to: C:\Users\andrew\Desktop\Andrew\Projects\IthacaBakery\RandomStuff\WorkBot\refactor-experimental\data\orders\Copper Horse Coffee\Bakery_Copper Horse Coffee_20250921.pdf
2025-09-21 14:08:07,804 - INFO - backend.app.application.orders.ExpectDownloadedPdf - (orders.py:131) - Moved downloaded PDF to: C:\Users\andrew\Desktop\Andrew\Projects\IthacaBakery\RandomStuff\WorkBot\refactor-experimental\data\orders\Equal Exchange\Bakery_Equal Exchange_20250921.pdf
2025-09-21 14:08:13,393 - INFO - backend.app.application.orders.ExpectDownloadedPdf - (orders.py:131) - Moved downloaded PDF to: C:\Users\andrew\Desktop\Andrew\Projects\IthacaBakery\RandomStuff\WorkBot\refactor-experimental\data\orders\Harney and Sons Tea\Bakery_Harney and Sons Tea_20250921.pdf
2025-09-21 14:08:19,478 - INFO - backend.app.application.orders.ExpectDownloadedPdf - (orders.py:131) - Moved downloaded PDF to: C:\Users\andrew\Desktop\Andrew\Projects\IthacaBakery\RandomStuff\WorkBot\refactor-experimental\data\orders\Coca-Cola\Bakery_Coca-Cola_20250921.pdf
2025-09-21 14:08:25,021 - INFO - backend.app.application.orders.ExpectDownloadedPdf - (orders.py:131) - Moved downloaded PDF to: C:\Users\andrew\Desktop\Andrew\Projects\IthacaBakery\RandomStuff\WorkBot\refactor-experimental\data\orders\DUTCH VALLEY FOOD DIST\Bakery_DUTCH VALLEY FOOD DIST_20250921.pdf
