2025-02-14 12:23:37,352 - INFO - CraftableBot - Starting CraftableBot session.
2025-02-14 12:26:29,058 - INFO - CraftableBot - Starting CraftableBot session.
2025-02-14 12:26:29,058 - INFO - CraftableBot - Logging into Craftable.
2025-02-14 12:26:35,857 - INFO - CraftableBot - Login successful.
2025-02-14 12:26:35,858 - INFO - CraftableBot - Starting transfer protocol for 54 items from BAKERY to TRIPHAMMER on 2025-02-11 00:00:00
2025-02-14 12:26:44,248 - INFO - CraftableBot - Creating new transfer in Craftable.
2025-02-14 12:26:48,299 - INFO - CraftableBot - Entering transfer details: BAKERY to TRIPHAMMER on 2025-02-11 00:00:00
2025-02-14 12:26:48,343 - INFO - CraftableBot - Opening transfer date calendar.
2025-02-14 12:26:48,899 - INFO - CraftableBot - Selecting calendar date: 2025-02-11 00:00:00
2025-02-14 12:26:48,992 - INFO - CraftableBot - Ending CraftableBot session.
2025-02-14 12:26:48,992 - INFO - CraftableBot - Closing WebDriver session.
2025-02-14 12:27:38,707 - INFO - CraftableBot - Starting CraftableBot session.
2025-02-14 12:27:38,708 - INFO - CraftableBot - Logging into Craftable.
2025-02-14 12:27:45,511 - INFO - CraftableBot - Login successful.
2025-02-14 12:27:45,511 - INFO - CraftableBot - Starting transfer protocol for 54 items from BAKERY to TRIPHAMMER on 2025-02-11 00:00:00
2025-02-14 12:27:53,866 - INFO - CraftableBot - Creating new transfer in Craftable.
2025-02-14 12:27:57,928 - INFO - CraftableBot - Entering transfer details: BAKERY to TRIPHAMMER on 2025-02-11 00:00:00
2025-02-14 12:27:57,971 - INFO - CraftableBot - Opening transfer date calendar.
2025-02-14 12:27:58,527 - INFO - CraftableBot - Selecting calendar date: 2025-02-11 00:00:00
2025-02-14 12:28:00,616 - INFO - CraftableBot - Marking transfer as "Out".
2025-02-14 12:28:04,734 - INFO - CraftableBot - Selecting outbound store: TRIPHAMMER
2025-02-14 12:28:11,130 - INFO - CraftableBot - Submitting transfer form.
2025-02-14 12:28:15,286 - INFO - CraftableBot - Ending CraftableBot session.
2025-02-14 12:28:15,286 - INFO - CraftableBot - Closing WebDriver session.
2025-02-14 12:29:25,441 - INFO - CraftableBot - Starting CraftableBot session.
2025-02-14 12:29:25,441 - INFO - CraftableBot - Logging into Craftable.
2025-02-14 12:29:32,261 - INFO - CraftableBot - Login successful.
2025-02-14 12:29:32,261 - INFO - CraftableBot - Starting transfer protocol for 54 items from BAKERY to TRIPHAMMER on 2025-02-11 00:00:00
2025-02-14 12:29:40,690 - INFO - CraftableBot - Creating new transfer in Craftable.
2025-02-14 12:29:44,756 - INFO - CraftableBot - Entering transfer details: BAKERY to TRIPHAMMER on 2025-02-11 00:00:00
2025-02-14 12:29:44,887 - INFO - CraftableBot - Opening transfer date calendar.
2025-02-14 12:29:45,442 - INFO - CraftableBot - Selecting calendar date: 2025-02-11 00:00:00
2025-02-14 12:29:47,536 - INFO - CraftableBot - Marking transfer as "Out".
2025-02-14 12:29:51,647 - INFO - CraftableBot - Selecting outbound store: TRIPHAMMER
2025-02-14 12:29:57,805 - INFO - CraftableBot - Submitting transfer form.
2025-02-14 12:30:01,890 - INFO - CraftableBot - Starting input for 54 transfer items.
2025-02-14 12:33:46,814 - WARNING - CraftableBot - Attempt 1 failed for Grandma's Coffee Cake - Banana Walnut: Message: 
Stacktrace:
#0 0x56203d76cbba <unknown>
#1 0x56203d20a790 <unknown>
#2 0x56203d25bc80 <unknown>
#3 0x56203d25be01 <unknown>
#4 0x56203d2aa944 <unknown>
#5 0x56203d281a7d <unknown>
#6 0x56203d2a7ccc <unknown>
#7 0x56203d281823 <unknown>
#8 0x56203d24da88 <unknown>
#9 0x56203d24ebf1 <unknown>
#10 0x56203d73615b <unknown>
#11 0x56203d73a0e2 <unknown>
#12 0x56203d72301c <unknown>
#13 0x56203d73acd4 <unknown>
#14 0x56203d70748f <unknown>
#15 0x56203d75b4f8 <unknown>
#16 0x56203d75b6c9 <unknown>
#17 0x56203d76ba36 <unknown>
#18 0x7f03b124f609 start_thread

2025-02-14 12:34:36,440 - INFO - CraftableBot - Ending CraftableBot session.
2025-02-14 12:34:36,441 - INFO - CraftableBot - Closing WebDriver session.
2025-02-14 12:34:36,444 - ERROR - CraftableBot - Error closing WebDriver session: HTTPConnectionPool(host='localhost', port=45421): Max retries exceeded with url: /session/9b09dee204f4793c6e7535e448b9e506/window (Caused by NewConnectionError('<urllib3.connection.HTTPConnection object at 0x7fd3eea51e00>: Failed to establish a new connection: [Errno 111] Connection refused'))
2025-02-15 07:32:41,792 - INFO - CraftableBot - Starting CraftableBot session.
2025-02-15 07:32:41,792 - INFO - CraftableBot - Logging into Craftable.
2025-02-15 07:32:49,361 - INFO - CraftableBot - Login successful.
2025-02-15 07:35:32,751 - INFO - CraftableBot - Ending CraftableBot session.
2025-02-15 07:35:32,751 - INFO - CraftableBot - Closing WebDriver session.
2025-02-15 07:45:25,640 - INFO - CraftableBot - Starting CraftableBot session.
2025-02-15 07:45:25,640 - INFO - CraftableBot - Logging into Craftable.
2025-02-15 07:45:33,642 - INFO - CraftableBot - Login successful.
2025-02-15 07:45:33,643 - INFO - CraftableBot - Starting order download protocol.
2025-02-15 07:45:33,643 - INFO - CraftableBot - Accessing order page for TRIPHAMMER.
2025-02-15 07:45:45,878 - INFO - CraftableBot - 17 orders found.
2025-02-15 07:45:45,929 - INFO - CraftableBot - Retrieving order for FingerLakes Farms.
2025-02-15 07:45:47,199 - INFO - CraftableBot - Saving order for FingerLakes Farms.
2025-02-15 07:45:54,638 - INFO - CraftableBot - Retrieving order for Ithaca Bakery.
2025-02-15 07:45:57,840 - INFO - CraftableBot - Saving order for Ithaca Bakery.
2025-02-15 07:46:05,280 - INFO - CraftableBot - Retrieving order for Sysco.
2025-02-15 07:46:06,665 - INFO - CraftableBot - Saving order for Sysco.
2025-02-15 07:46:14,072 - INFO - CraftableBot - Retrieving order for US Foods.
2025-02-15 07:46:15,608 - INFO - CraftableBot - Saving order for US Foods.
2025-02-15 07:46:23,063 - INFO - CraftableBot - Retrieving order for UNFI.
2025-02-15 07:46:24,747 - INFO - CraftableBot - Saving order for UNFI.
2025-02-15 07:46:32,142 - INFO - CraftableBot - Retrieving order for Hillcrest Dairy.
2025-02-15 07:46:33,106 - INFO - CraftableBot - Saving order for Hillcrest Dairy.
2025-02-15 07:46:40,502 - INFO - CraftableBot - Retrieving order for Performance Food.
2025-02-15 07:46:42,009 - INFO - CraftableBot - Saving order for Performance Food.
2025-02-15 07:46:49,401 - INFO - CraftableBot - Retrieving order for Webstaurant.
2025-02-15 07:46:50,586 - INFO - CraftableBot - Saving order for Webstaurant.
2025-02-15 07:46:57,977 - INFO - CraftableBot - Retrieving order for Equal Exchange.
2025-02-15 07:46:59,197 - INFO - CraftableBot - Saving order for Equal Exchange.
2025-02-15 07:47:06,610 - INFO - CraftableBot - Retrieving order for Peters Supply.
2025-02-15 07:47:07,768 - INFO - CraftableBot - Saving order for Peters Supply.
2025-02-15 07:47:15,159 - INFO - CraftableBot - Retrieving order for Hill & Markes.
2025-02-15 07:47:16,948 - INFO - CraftableBot - Saving order for Hill & Markes.
2025-02-15 07:47:24,355 - INFO - CraftableBot - Retrieving order for Regional Distributors, Inc..
2025-02-15 07:47:25,277 - INFO - CraftableBot - Saving order for Regional Distributors, Inc..
2025-02-15 07:47:32,661 - INFO - CraftableBot - Retrieving order for Copper Horse Coffee.
2025-02-15 07:47:34,026 - INFO - CraftableBot - Saving order for Copper Horse Coffee.
2025-02-15 07:47:41,484 - INFO - CraftableBot - Retrieving order for Johnston Paper.
2025-02-15 07:47:42,716 - INFO - CraftableBot - Saving order for Johnston Paper.
2025-02-15 07:47:50,094 - INFO - CraftableBot - Retrieving order for Coca-Cola.
2025-02-15 07:47:52,011 - INFO - CraftableBot - Saving order for Coca-Cola.
2025-02-15 07:47:59,409 - INFO - CraftableBot - Retrieving order for A.L. George.
2025-02-15 07:48:00,717 - INFO - CraftableBot - Saving order for A.L. George.
2025-02-15 07:48:08,117 - INFO - CraftableBot - Retrieving order for Eurocafe Imports.
2025-02-15 07:48:09,285 - INFO - CraftableBot - Saving order for Eurocafe Imports.
2025-02-15 07:48:16,673 - INFO - CraftableBot - Accessing order page for COLLEGETOWN.
2025-02-15 07:48:28,272 - INFO - CraftableBot - 19 orders found.
2025-02-15 07:48:28,313 - INFO - CraftableBot - Retrieving order for US Foods.
2025-02-15 07:48:30,354 - INFO - CraftableBot - Saving order for US Foods.
2025-02-15 07:48:37,768 - INFO - CraftableBot - Retrieving order for Ithaca Bakery.
2025-02-15 07:48:41,448 - INFO - CraftableBot - Saving order for Ithaca Bakery.
2025-02-15 07:48:48,858 - INFO - CraftableBot - Retrieving order for SANICO.
2025-02-15 07:48:50,169 - INFO - CraftableBot - Saving order for SANICO.
2025-02-15 07:48:57,557 - INFO - CraftableBot - Retrieving order for Hill & Markes.
2025-02-15 07:48:59,383 - INFO - CraftableBot - Saving order for Hill & Markes.
2025-02-15 07:49:06,782 - INFO - CraftableBot - Retrieving order for Performance Food.
2025-02-15 07:49:08,407 - INFO - CraftableBot - Saving order for Performance Food.
2025-02-15 07:49:15,826 - INFO - CraftableBot - Retrieving order for Sysco.
2025-02-15 07:49:17,377 - INFO - CraftableBot - Saving order for Sysco.
2025-02-15 07:49:24,773 - INFO - CraftableBot - Retrieving order for Hillcrest Dairy.
2025-02-15 07:49:26,228 - INFO - CraftableBot - Saving order for Hillcrest Dairy.
2025-02-15 07:49:33,622 - INFO - CraftableBot - Retrieving order for FingerLakes Farms.
2025-02-15 07:49:35,049 - INFO - CraftableBot - Saving order for FingerLakes Farms.
2025-02-15 07:49:42,451 - INFO - CraftableBot - Retrieving order for Regional Distributors, Inc..
2025-02-15 07:49:43,960 - INFO - CraftableBot - Saving order for Regional Distributors, Inc..
2025-02-15 07:49:51,401 - INFO - CraftableBot - Retrieving order for Equal Exchange.
2025-02-15 07:49:52,770 - INFO - CraftableBot - Saving order for Equal Exchange.
2025-02-15 07:50:00,165 - INFO - CraftableBot - Retrieving order for Copper Horse Coffee.
2025-02-15 07:50:01,440 - INFO - CraftableBot - Saving order for Copper Horse Coffee.
2025-02-15 07:50:08,846 - INFO - CraftableBot - Retrieving order for Coca-Cola.
2025-02-15 07:50:10,124 - INFO - CraftableBot - Saving order for Coca-Cola.
2025-02-15 07:50:17,513 - INFO - CraftableBot - Retrieving order for Peters Supply.
2025-02-15 07:50:18,730 - INFO - CraftableBot - Saving order for Peters Supply.
2025-02-15 07:50:26,122 - INFO - CraftableBot - Retrieving order for Webstaurant.
2025-02-15 07:50:27,412 - INFO - CraftableBot - Saving order for Webstaurant.
2025-02-15 07:50:34,792 - INFO - CraftableBot - Retrieving order for Johnston Paper.
2025-02-15 07:50:35,961 - INFO - CraftableBot - Saving order for Johnston Paper.
2025-02-15 07:50:43,357 - INFO - CraftableBot - Retrieving order for Renzi.
2025-02-15 07:50:44,599 - INFO - CraftableBot - Saving order for Renzi.
2025-02-15 07:50:52,129 - INFO - CraftableBot - Retrieving order for A.L. George.
2025-02-15 07:50:53,525 - INFO - CraftableBot - Saving order for A.L. George.
2025-02-15 07:51:00,963 - INFO - CraftableBot - Retrieving order for UNFI.
2025-02-15 07:51:02,300 - INFO - CraftableBot - Saving order for UNFI.
2025-02-15 07:51:09,682 - INFO - CraftableBot - Retrieving order for BALKAN BEVERAGE LLC.
2025-02-15 07:51:10,974 - INFO - CraftableBot - Saving order for BALKAN BEVERAGE LLC.
2025-02-15 07:51:18,326 - INFO - CraftableBot - Accessing order page for EASTHILL.
2025-02-15 07:51:29,888 - INFO - CraftableBot - 15 orders found.
2025-02-15 07:51:29,928 - INFO - CraftableBot - Retrieving order for Ithaca Bakery.
2025-02-15 07:51:32,570 - INFO - CraftableBot - Saving order for Ithaca Bakery.
2025-02-15 07:51:39,984 - INFO - CraftableBot - Retrieving order for Hill & Markes.
2025-02-15 07:51:41,561 - INFO - CraftableBot - Saving order for Hill & Markes.
2025-02-15 07:51:48,980 - INFO - CraftableBot - Retrieving order for Johnston Paper.
2025-02-15 07:51:50,198 - INFO - CraftableBot - Saving order for Johnston Paper.
2025-02-15 07:51:57,593 - INFO - CraftableBot - Retrieving order for Performance Food.
2025-02-15 07:51:58,802 - INFO - CraftableBot - Saving order for Performance Food.
2025-02-15 07:52:06,191 - INFO - CraftableBot - Retrieving order for Sysco.
2025-02-15 07:52:07,241 - INFO - CraftableBot - Saving order for Sysco.
2025-02-15 07:52:14,643 - INFO - CraftableBot - Retrieving order for Peters Supply.
2025-02-15 07:52:15,495 - INFO - CraftableBot - Saving order for Peters Supply.
2025-02-15 07:52:22,880 - INFO - CraftableBot - Retrieving order for Coca-Cola.
2025-02-15 07:52:24,415 - INFO - CraftableBot - Saving order for Coca-Cola.
2025-02-15 07:52:31,806 - INFO - CraftableBot - Retrieving order for US Foods.
2025-02-15 07:52:33,565 - INFO - CraftableBot - Saving order for US Foods.
2025-02-15 07:52:40,968 - INFO - CraftableBot - Retrieving order for Copper Horse Coffee.
2025-02-15 07:52:42,134 - INFO - CraftableBot - Saving order for Copper Horse Coffee.
2025-02-15 07:52:49,517 - INFO - CraftableBot - Retrieving order for Regional Distributors, Inc..
2025-02-15 07:52:50,315 - INFO - CraftableBot - Saving order for Regional Distributors, Inc..
2025-02-15 07:52:57,715 - INFO - CraftableBot - Retrieving order for Equal Exchange.
2025-02-15 07:52:59,169 - INFO - CraftableBot - Saving order for Equal Exchange.
2025-02-15 07:53:06,555 - INFO - CraftableBot - Retrieving order for Eurocafe Imports.
2025-02-15 07:53:07,370 - INFO - CraftableBot - Saving order for Eurocafe Imports.
2025-02-15 07:53:14,762 - INFO - CraftableBot - Retrieving order for UNFI.
2025-02-15 07:53:16,523 - INFO - CraftableBot - Saving order for UNFI.
2025-02-15 07:53:23,926 - INFO - CraftableBot - Retrieving order for Hillcrest Dairy.
2025-02-15 07:53:24,933 - INFO - CraftableBot - Saving order for Hillcrest Dairy.
2025-02-15 07:53:32,326 - INFO - CraftableBot - Retrieving order for FingerLakes Farms.
2025-02-15 07:53:33,837 - INFO - CraftableBot - Saving order for FingerLakes Farms.
2025-02-15 07:53:41,197 - INFO - CraftableBot - Accessing order page for DOWNTOWN.
2025-02-15 07:53:52,735 - INFO - CraftableBot - 14 orders found.
2025-02-15 07:53:52,775 - INFO - CraftableBot - Retrieving order for Hillcrest Dairy.
2025-02-15 07:53:54,184 - INFO - CraftableBot - Saving order for Hillcrest Dairy.
2025-02-15 07:54:01,575 - INFO - CraftableBot - Retrieving order for Performance Food.
2025-02-15 07:54:02,958 - INFO - CraftableBot - Saving order for Performance Food.
2025-02-15 07:54:10,345 - INFO - CraftableBot - Retrieving order for Ithaca Bakery.
2025-02-15 07:54:13,030 - INFO - CraftableBot - Saving order for Ithaca Bakery.
2025-02-15 07:54:20,425 - INFO - CraftableBot - Retrieving order for Equal Exchange.
2025-02-15 07:54:21,779 - INFO - CraftableBot - Saving order for Equal Exchange.
2025-02-15 07:54:29,169 - INFO - CraftableBot - Retrieving order for US Foods.
2025-02-15 07:54:30,793 - INFO - CraftableBot - Saving order for US Foods.
2025-02-15 07:54:38,191 - INFO - CraftableBot - Retrieving order for Johnston Paper.
2025-02-15 07:54:39,434 - INFO - CraftableBot - Saving order for Johnston Paper.
2025-02-15 07:54:46,842 - INFO - CraftableBot - Retrieving order for FingerLakes Farms.
2025-02-15 07:54:48,418 - INFO - CraftableBot - Saving order for FingerLakes Farms.
2025-02-15 07:54:55,815 - INFO - CraftableBot - Retrieving order for Sysco.
2025-02-15 07:54:57,587 - INFO - CraftableBot - Saving order for Sysco.
2025-02-15 07:55:04,982 - INFO - CraftableBot - Retrieving order for Hill & Markes.
2025-02-15 07:55:06,416 - INFO - CraftableBot - Saving order for Hill & Markes.
2025-02-15 07:55:13,817 - INFO - CraftableBot - Retrieving order for Peters Supply.
2025-02-15 07:55:15,203 - INFO - CraftableBot - Saving order for Peters Supply.
2025-02-15 07:55:22,598 - INFO - CraftableBot - Retrieving order for UNFI.
2025-02-15 07:55:24,034 - INFO - CraftableBot - Saving order for UNFI.
2025-02-15 07:55:31,416 - INFO - CraftableBot - Retrieving order for Coca-Cola.
2025-02-15 07:55:32,688 - INFO - CraftableBot - Saving order for Coca-Cola.
2025-02-15 07:55:40,083 - INFO - CraftableBot - Retrieving order for Copper Horse Coffee.
2025-02-15 07:55:40,808 - INFO - CraftableBot - Saving order for Copper Horse Coffee.
2025-02-15 07:55:48,218 - INFO - CraftableBot - Retrieving order for Eurocafe Imports.
2025-02-15 07:55:49,510 - INFO - CraftableBot - Saving order for Eurocafe Imports.
2025-02-15 07:55:56,861 - INFO - CraftableBot - Order download complete.
2025-02-15 07:55:57,035 - INFO - CraftableBot - Ending CraftableBot session.
2025-02-15 07:55:57,035 - INFO - CraftableBot - Closing WebDriver session.
2025-02-15 08:49:50,319 - INFO - CraftableBot - Starting CraftableBot session.
2025-02-15 08:49:50,319 - INFO - CraftableBot - Logging into Craftable.
2025-02-15 08:49:57,983 - INFO - CraftableBot - Login successful.
2025-02-15 08:49:57,983 - INFO - CraftableBot - Starting order download protocol.
2025-02-15 08:49:57,984 - INFO - CraftableBot - Accessing order page for BAKERY.
2025-02-15 08:50:09,547 - INFO - CraftableBot - 2 orders found.
2025-02-15 08:50:09,597 - INFO - CraftableBot - Retrieving order for UNFI.
2025-02-15 08:50:11,832 - INFO - CraftableBot - Saving order for UNFI.
2025-02-15 08:50:19,246 - INFO - CraftableBot - Retrieving order for Webstaurant.
2025-02-15 08:50:20,638 - INFO - CraftableBot - Saving order for Webstaurant.
2025-02-15 08:50:27,997 - INFO - CraftableBot - Order download complete.
2025-02-15 08:50:28,006 - INFO - CraftableBot - Ending CraftableBot session.
2025-02-15 08:50:28,006 - INFO - CraftableBot - Closing WebDriver session.
2025-02-15 13:21:15,008 - INFO - CraftableBot - Starting CraftableBot session.
2025-02-15 13:21:15,008 - INFO - CraftableBot - Logging into Craftable.
2025-02-15 13:21:22,989 - INFO - CraftableBot - Login successful.
2025-02-15 13:21:22,989 - INFO - CraftableBot - Starting order deletion for store: BAKERY.
2025-02-15 13:21:29,604 - INFO - CraftableBot - Found 6 orders for deletion.
2025-02-15 13:21:29,637 - INFO - CraftableBot - Deleting order: Casa (02/15/2025)
2025-02-15 13:21:31,569 - INFO - CraftableBot - Order deletion confirmed.
2025-02-15 13:21:36,619 - INFO - CraftableBot - Deleting order: US Foods (02/15/2025)
2025-02-15 13:21:38,384 - INFO - CraftableBot - Order deletion confirmed.
2025-02-15 13:21:43,424 - INFO - CraftableBot - Deleting order: Performance Food (02/15/2025)
2025-02-15 13:21:45,240 - INFO - CraftableBot - Order deletion confirmed.
2025-02-15 13:21:50,281 - INFO - CraftableBot - Deleting order: Sysco (02/15/2025)
2025-02-15 13:21:51,666 - INFO - CraftableBot - Order deletion confirmed.
2025-02-15 13:21:56,726 - INFO - CraftableBot - Finished deleting orders for store: BAKERY.
2025-02-15 13:21:56,726 - INFO - CraftableBot - Ending CraftableBot session.
2025-02-15 13:21:56,726 - INFO - CraftableBot - Closing WebDriver session.
2025-02-15 13:37:34,489 - INFO - CraftableBot - Starting CraftableBot session.
2025-02-15 13:37:34,489 - INFO - CraftableBot - Logging into Craftable.
2025-02-15 13:37:42,844 - INFO - CraftableBot - Login successful.
2025-02-15 13:37:42,844 - INFO - CraftableBot - Starting order download protocol.
2025-02-15 13:37:42,844 - INFO - CraftableBot - Accessing order page for BAKERY.
2025-02-15 13:37:42,849 - INFO - CraftableBot - Ending CraftableBot session.
2025-02-15 13:37:42,849 - INFO - CraftableBot - Closing WebDriver session.
2025-02-15 13:38:51,184 - INFO - CraftableBot - Starting CraftableBot session.
2025-02-15 13:38:51,184 - INFO - CraftableBot - Logging into Craftable.
2025-02-15 13:38:59,003 - INFO - CraftableBot - Login successful.
2025-02-15 13:38:59,003 - INFO - CraftableBot - Starting order download protocol.
2025-02-15 13:38:59,003 - INFO - CraftableBot - Accessing order page for BAKERY.
2025-02-15 13:38:59,008 - INFO - CraftableBot - Ending CraftableBot session.
2025-02-15 13:38:59,008 - INFO - CraftableBot - Closing WebDriver session.
2025-02-15 13:39:30,351 - INFO - CraftableBot - Starting CraftableBot session.
2025-02-15 13:39:30,352 - INFO - CraftableBot - Logging into Craftable.
2025-02-15 13:39:37,555 - INFO - CraftableBot - Login successful.
2025-02-15 13:39:37,555 - INFO - CraftableBot - Starting order download protocol.
2025-02-15 13:39:37,555 - INFO - CraftableBot - Accessing order page for BAKERY.
2025-02-15 13:39:44,125 - INFO - CraftableBot - 2 orders found.
2025-02-15 13:39:44,164 - INFO - CraftableBot - Retrieving order for UNFI (02/15/2025).
2025-02-15 13:39:45,831 - INFO - CraftableBot - Saving order for UNFI.
2025-02-15 13:39:53,210 - INFO - CraftableBot - Ending CraftableBot session.
2025-02-15 13:39:53,210 - INFO - CraftableBot - Closing WebDriver session.
2025-02-15 13:40:22,469 - INFO - CraftableBot - Starting CraftableBot session.
2025-02-15 13:40:22,469 - INFO - CraftableBot - Logging into Craftable.
2025-02-15 13:40:29,658 - INFO - CraftableBot - Login successful.
2025-02-15 13:40:29,658 - INFO - CraftableBot - Starting order download protocol.
2025-02-15 13:40:29,658 - INFO - CraftableBot - Accessing order page for BAKERY.
2025-02-15 13:40:36,221 - INFO - CraftableBot - 2 orders found.
2025-02-15 13:40:36,258 - INFO - CraftableBot - Retrieving order for UNFI (02/15/2025).
2025-02-15 13:40:38,441 - INFO - CraftableBot - Saving order for UNFI.
2025-02-15 13:40:45,815 - INFO - CraftableBot - Ending CraftableBot session.
2025-02-15 13:40:45,815 - INFO - CraftableBot - Closing WebDriver session.
2025-02-15 13:49:33,667 - INFO - CraftableBot - Starting CraftableBot session.
2025-02-15 13:49:33,667 - INFO - CraftableBot - Logging into Craftable.
2025-02-15 13:49:41,125 - INFO - CraftableBot - Login successful.
2025-02-15 13:49:41,125 - INFO - CraftableBot - Starting order download protocol.
2025-02-15 13:49:41,125 - INFO - CraftableBot - Accessing order page for BAKERY.
2025-02-15 13:49:47,699 - INFO - CraftableBot - 2 orders found.
2025-02-15 13:49:47,734 - INFO - CraftableBot - Retrieving order for UNFI (02/15/2025).
2025-02-15 13:49:49,906 - INFO - CraftableBot - Saving order for UNFI.
2025-02-15 13:49:54,234 - INFO - CraftableBot - Ending CraftableBot session.
2025-02-15 13:49:54,235 - INFO - CraftableBot - Closing WebDriver session.
2025-02-15 13:50:24,313 - INFO - CraftableBot - Starting CraftableBot session.
2025-02-15 13:50:24,314 - INFO - CraftableBot - Logging into Craftable.
2025-02-15 13:50:31,554 - INFO - CraftableBot - Login successful.
2025-02-15 13:50:31,554 - INFO - CraftableBot - Starting order download protocol.
2025-02-15 13:50:31,554 - INFO - CraftableBot - Accessing order page for BAKERY.
2025-02-15 13:50:38,131 - INFO - CraftableBot - 2 orders found.
2025-02-15 13:50:38,166 - INFO - CraftableBot - Retrieving order for UNFI (02/15/2025).
2025-02-15 13:50:39,834 - INFO - CraftableBot - Saving order for UNFI.
2025-02-15 13:50:47,196 - INFO - CraftableBot - Ending CraftableBot session.
2025-02-15 13:50:47,196 - INFO - CraftableBot - Closing WebDriver session.
2025-02-15 13:57:42,474 - INFO - CraftableBot - Starting CraftableBot session.
2025-02-15 13:57:42,475 - INFO - CraftableBot - Logging into Craftable.
2025-02-15 13:57:49,763 - INFO - CraftableBot - Login successful.
2025-02-15 13:57:49,763 - INFO - CraftableBot - Starting order download protocol.
2025-02-15 13:57:49,763 - INFO - CraftableBot - Accessing order page for BAKERY.
2025-02-15 13:57:56,366 - INFO - CraftableBot - Retrieving order for UNFI (02/15/2025).
2025-02-15 13:57:58,571 - INFO - CraftableBot - Saving order for UNFI.
2025-02-15 13:58:05,968 - INFO - CraftableBot - Retrieving order for UNFI (02/15/2025).
2025-02-15 13:58:07,878 - INFO - CraftableBot - Saving order for UNFI.
2025-02-15 13:58:12,207 - INFO - CraftableBot - Ending CraftableBot session.
2025-02-15 13:58:12,207 - INFO - CraftableBot - Closing WebDriver session.
2025-02-15 13:58:34,498 - INFO - CraftableBot - Starting CraftableBot session.
2025-02-15 13:58:34,498 - INFO - CraftableBot - Logging into Craftable.
2025-02-15 13:58:42,027 - INFO - CraftableBot - Login successful.
2025-02-15 13:58:42,027 - INFO - CraftableBot - Starting order download protocol.
2025-02-15 13:58:42,028 - INFO - CraftableBot - Accessing order page for BAKERY.
2025-02-15 13:58:48,624 - INFO - CraftableBot - Retrieving order for UNFI (02/15/2025).
2025-02-15 13:58:50,817 - INFO - CraftableBot - Saving order for UNFI.
2025-02-15 13:58:58,285 - INFO - CraftableBot - Retrieving order for UNFI (02/15/2025).
2025-02-15 13:59:00,253 - INFO - CraftableBot - Saving order for UNFI.
2025-02-15 13:59:04,567 - INFO - CraftableBot - Ending CraftableBot session.
2025-02-15 13:59:04,567 - INFO - CraftableBot - Closing WebDriver session.
2025-02-15 13:59:38,478 - INFO - CraftableBot - Starting CraftableBot session.
2025-02-15 13:59:38,478 - INFO - CraftableBot - Logging into Craftable.
2025-02-15 13:59:45,736 - INFO - CraftableBot - Login successful.
2025-02-15 13:59:45,736 - INFO - CraftableBot - Starting order download protocol.
2025-02-15 13:59:45,736 - INFO - CraftableBot - Accessing order page for BAKERY.
2025-02-15 13:59:52,352 - INFO - CraftableBot - Retrieving order for UNFI (02/15/2025).
2025-02-15 13:59:54,513 - INFO - CraftableBot - Saving order for UNFI.
2025-02-15 14:00:01,912 - INFO - CraftableBot - Retrieving order for UNFI (02/15/2025).
2025-02-15 14:00:03,846 - INFO - CraftableBot - Saving order for UNFI.
2025-02-15 14:00:08,163 - INFO - CraftableBot - Ending CraftableBot session.
2025-02-15 14:00:08,163 - INFO - CraftableBot - Closing WebDriver session.
2025-02-15 14:13:57,930 - INFO - CraftableBot - Starting CraftableBot session.
2025-02-15 14:13:57,930 - INFO - CraftableBot - Logging into Craftable.
2025-02-15 14:14:05,254 - INFO - CraftableBot - Login successful.
2025-02-15 14:14:05,254 - INFO - CraftableBot - Starting order download protocol.
2025-02-15 14:14:05,254 - INFO - CraftableBot - Accessing order page for BAKERY.
2025-02-15 14:14:11,968 - INFO - CraftableBot - Retrieving order for UNFI (02/15/2025).
2025-02-15 14:14:14,180 - INFO - CraftableBot - Saving order for UNFI.
2025-02-15 14:14:21,619 - INFO - CraftableBot - Retrieving order for UNFI (02/15/2025).
2025-02-15 14:14:23,740 - INFO - CraftableBot - Saving order for UNFI.
2025-02-15 14:14:28,056 - INFO - CraftableBot - Ending CraftableBot session.
2025-02-15 14:14:28,056 - INFO - CraftableBot - Closing WebDriver session.
2025-02-15 14:15:02,286 - INFO - CraftableBot - Starting CraftableBot session.
2025-02-15 14:15:02,286 - INFO - CraftableBot - Logging into Craftable.
2025-02-15 14:15:09,683 - INFO - CraftableBot - Login successful.
2025-02-15 14:15:09,683 - INFO - CraftableBot - Starting order download protocol.
2025-02-15 14:15:09,683 - INFO - CraftableBot - Accessing order page for BAKERY.
2025-02-15 14:15:16,375 - INFO - CraftableBot - Retrieving order for UNFI (02/15/2025).
2025-02-15 14:15:18,466 - INFO - CraftableBot - Saving order for UNFI.
2025-02-15 14:15:25,877 - INFO - CraftableBot - Retrieving order for UNFI (02/15/2025).
2025-02-15 14:15:27,858 - INFO - CraftableBot - Saving order for UNFI.
2025-02-15 14:15:32,192 - INFO - CraftableBot - Ending CraftableBot session.
2025-02-15 14:15:32,192 - INFO - CraftableBot - Closing WebDriver session.
2025-02-15 14:17:22,895 - INFO - CraftableBot - Starting CraftableBot session.
2025-02-15 14:17:22,895 - INFO - CraftableBot - Logging into Craftable.
2025-02-15 14:17:30,743 - INFO - CraftableBot - Login successful.
2025-02-15 14:17:30,743 - INFO - CraftableBot - Starting order download protocol.
2025-02-15 14:17:30,743 - INFO - CraftableBot - Accessing order page for BAKERY.
2025-02-15 14:17:37,741 - INFO - CraftableBot - Retrieving order for UNFI (02/15/2025).
2025-02-15 14:17:39,502 - INFO - CraftableBot - Saving order for UNFI.
2025-02-15 14:17:46,918 - INFO - CraftableBot - Retrieving order for UNFI (02/15/2025).
2025-02-15 14:17:48,894 - INFO - CraftableBot - Saving order for UNFI.
2025-02-15 14:17:53,212 - INFO - CraftableBot - Ending CraftableBot session.
2025-02-15 14:17:53,212 - INFO - CraftableBot - Closing WebDriver session.
2025-02-15 14:19:38,368 - INFO - CraftableBot - Starting CraftableBot session.
2025-02-15 14:19:38,369 - INFO - CraftableBot - Logging into Craftable.
2025-02-15 14:19:45,549 - INFO - CraftableBot - Login successful.
2025-02-15 14:19:45,549 - INFO - CraftableBot - Starting order download protocol.
2025-02-15 14:19:45,549 - INFO - CraftableBot - Accessing order page for BAKERY.
2025-02-15 14:19:52,170 - INFO - CraftableBot - Ending CraftableBot session.
2025-02-15 14:19:52,170 - INFO - CraftableBot - Closing WebDriver session.
2025-02-15 14:20:23,184 - INFO - CraftableBot - Starting CraftableBot session.
2025-02-15 14:20:23,184 - INFO - CraftableBot - Logging into Craftable.
2025-02-15 14:20:30,476 - INFO - CraftableBot - Login successful.
2025-02-15 14:20:30,476 - INFO - CraftableBot - Starting order download protocol.
2025-02-15 14:20:30,476 - INFO - CraftableBot - Accessing order page for BAKERY.
2025-02-15 14:20:37,118 - INFO - CraftableBot - Retrieving order for UNFI (02/15/2025).
2025-02-15 14:20:38,881 - INFO - CraftableBot - Saving order for UNFI.
2025-02-15 14:20:46,309 - INFO - CraftableBot - Retrieving order for UNFI (02/15/2025).
2025-02-15 14:20:48,319 - INFO - CraftableBot - Saving order for UNFI.
2025-02-15 14:20:52,638 - INFO - CraftableBot - Ending CraftableBot session.
2025-02-15 14:20:52,638 - INFO - CraftableBot - Closing WebDriver session.
2025-02-15 14:21:28,517 - INFO - CraftableBot - Starting CraftableBot session.
2025-02-15 14:21:28,518 - INFO - CraftableBot - Logging into Craftable.
2025-02-15 14:21:35,774 - INFO - CraftableBot - Login successful.
2025-02-15 14:21:35,774 - INFO - CraftableBot - Starting order download protocol.
2025-02-15 14:21:35,774 - INFO - CraftableBot - Accessing order page for BAKERY.
2025-02-15 14:21:42,416 - INFO - CraftableBot - Retrieving order for UNFI (02/15/2025).
2025-02-15 14:21:44,321 - INFO - CraftableBot - Saving order for UNFI.
2025-02-15 14:21:51,751 - INFO - CraftableBot - Retrieving order for UNFI (02/15/2025).
2025-02-15 14:21:53,787 - INFO - CraftableBot - Saving order for UNFI.
2025-02-15 14:21:58,091 - INFO - CraftableBot - Ending CraftableBot session.
2025-02-15 14:21:58,091 - INFO - CraftableBot - Closing WebDriver session.
2025-02-15 14:22:30,146 - INFO - CraftableBot - Starting CraftableBot session.
2025-02-15 14:22:30,146 - INFO - CraftableBot - Logging into Craftable.
2025-02-15 14:22:37,347 - INFO - CraftableBot - Login successful.
2025-02-15 14:22:37,348 - INFO - CraftableBot - Starting order download protocol.
2025-02-15 14:22:37,348 - INFO - CraftableBot - Accessing order page for BAKERY.
2025-02-15 14:22:44,061 - INFO - CraftableBot - Retrieving order for UNFI (02/15/2025).
2025-02-15 14:22:45,798 - INFO - CraftableBot - Saving order for UNFI.
2025-02-15 14:22:53,217 - INFO - CraftableBot - Retrieving order for UNFI (02/15/2025).
2025-02-15 14:22:55,279 - INFO - CraftableBot - Saving order for UNFI.
2025-02-15 14:22:59,592 - INFO - CraftableBot - Ending CraftableBot session.
2025-02-15 14:22:59,592 - INFO - CraftableBot - Closing WebDriver session.
2025-02-15 14:24:05,133 - INFO - CraftableBot - Starting CraftableBot session.
2025-02-15 14:24:05,133 - INFO - CraftableBot - Logging into Craftable.
2025-02-15 14:24:12,623 - INFO - CraftableBot - Login successful.
2025-02-15 14:24:12,623 - INFO - CraftableBot - Starting order download protocol.
2025-02-15 14:24:12,623 - INFO - CraftableBot - Accessing order page for BAKERY.
2025-02-15 14:24:19,264 - INFO - CraftableBot - Retrieving order for UNFI (02/15/2025).
2025-02-15 14:24:20,922 - INFO - CraftableBot - Saving order for UNFI.
2025-02-15 14:24:28,333 - INFO - CraftableBot - Retrieving order for UNFI (02/15/2025).
2025-02-15 14:24:30,392 - INFO - CraftableBot - Saving order for UNFI.
2025-02-15 14:24:34,712 - INFO - CraftableBot - Ending CraftableBot session.
2025-02-15 14:24:34,712 - INFO - CraftableBot - Closing WebDriver session.
2025-02-15 14:27:51,958 - INFO - CraftableBot - Starting CraftableBot session.
2025-02-15 14:27:51,958 - INFO - CraftableBot - Logging into Craftable.
2025-02-15 14:27:59,205 - INFO - CraftableBot - Login successful.
2025-02-15 14:27:59,205 - INFO - CraftableBot - Starting order download protocol.
2025-02-15 14:27:59,205 - INFO - CraftableBot - Accessing order page for BAKERY.
2025-02-15 14:28:05,845 - INFO - CraftableBot - Retrieving order for UNFI (02/15/2025).
2025-02-15 14:28:08,067 - INFO - CraftableBot - Saving order for UNFI.
2025-02-15 14:28:15,469 - INFO - CraftableBot - Retrieving order for UNFI (02/15/2025).
2025-02-15 14:28:17,603 - INFO - CraftableBot - Saving order for UNFI.
2025-02-15 14:28:21,934 - INFO - CraftableBot - Ending CraftableBot session.
2025-02-15 14:28:21,935 - INFO - CraftableBot - Closing WebDriver session.
2025-02-15 14:32:01,114 - INFO - CraftableBot - Starting CraftableBot session.
2025-02-15 14:32:01,114 - INFO - CraftableBot - Logging into Craftable.
2025-02-15 14:32:09,044 - INFO - CraftableBot - Login successful.
2025-02-15 14:32:09,044 - INFO - CraftableBot - Starting order download protocol.
2025-02-15 14:32:09,044 - INFO - CraftableBot - Accessing order page for BAKERY.
2025-02-15 14:32:15,701 - INFO - CraftableBot - Retrieving order for UNFI (02/15/2025).
2025-02-15 14:32:17,374 - INFO - CraftableBot - Saving order for UNFI.
2025-02-15 14:32:24,772 - INFO - CraftableBot - Retrieving order for Webstaurant (02/15/2025).
2025-02-15 14:32:26,127 - INFO - CraftableBot - Saving order for Webstaurant.
2025-02-15 14:32:33,488 - INFO - CraftableBot - Accessing order page for TRIPHAMMER.
2025-02-15 14:32:40,374 - INFO - CraftableBot - Retrieving order for FingerLakes Farms (02/14/2025).
2025-02-15 14:32:41,558 - INFO - CraftableBot - Saving order for FingerLakes Farms.
2025-02-15 14:32:48,980 - INFO - CraftableBot - Retrieving order for Ithaca Bakery (02/14/2025).
2025-02-15 14:32:51,883 - INFO - CraftableBot - Saving order for Ithaca Bakery.
2025-02-15 14:32:59,325 - INFO - CraftableBot - Retrieving order for Sysco (02/14/2025).
2025-02-15 14:33:01,068 - INFO - CraftableBot - Saving order for Sysco.
2025-02-15 14:33:08,451 - INFO - CraftableBot - Retrieving order for US Foods (02/14/2025).
2025-02-15 14:33:10,276 - INFO - CraftableBot - Saving order for US Foods.
2025-02-15 14:33:17,674 - INFO - CraftableBot - Retrieving order for UNFI (02/14/2025).
2025-02-15 14:33:19,179 - INFO - CraftableBot - Saving order for UNFI.
2025-02-15 14:33:26,585 - INFO - CraftableBot - Retrieving order for Hillcrest Dairy (02/14/2025).
2025-02-15 14:33:27,606 - INFO - CraftableBot - Saving order for Hillcrest Dairy.
2025-02-15 14:33:35,075 - INFO - CraftableBot - Retrieving order for Performance Food (02/14/2025).
2025-02-15 14:33:36,153 - INFO - CraftableBot - Saving order for Performance Food.
2025-02-15 14:33:43,546 - INFO - CraftableBot - Retrieving order for Webstaurant (02/14/2025).
2025-02-15 14:33:44,822 - INFO - CraftableBot - Saving order for Webstaurant.
2025-02-15 14:33:52,285 - INFO - CraftableBot - Retrieving order for Equal Exchange (02/14/2025).
2025-02-15 14:33:53,956 - INFO - CraftableBot - Saving order for Equal Exchange.
2025-02-15 14:34:01,415 - INFO - CraftableBot - Retrieving order for Peters Supply (02/14/2025).
2025-02-15 14:34:03,035 - INFO - CraftableBot - Saving order for Peters Supply.
2025-02-15 14:34:10,528 - INFO - CraftableBot - Retrieving order for Hill & Markes (02/14/2025).
2025-02-15 14:34:12,321 - INFO - CraftableBot - Saving order for Hill & Markes.
2025-02-15 14:34:19,728 - INFO - CraftableBot - Retrieving order for Regional Distributors, Inc. (02/14/2025).
2025-02-15 14:34:21,025 - INFO - CraftableBot - Saving order for Regional Distributors, Inc..
2025-02-15 14:34:28,405 - INFO - CraftableBot - Retrieving order for Copper Horse Coffee (02/14/2025).
2025-02-15 14:34:29,673 - INFO - CraftableBot - Saving order for Copper Horse Coffee.
2025-02-15 14:34:37,128 - INFO - CraftableBot - Retrieving order for Johnston Paper (02/14/2025).
2025-02-15 14:34:38,335 - INFO - CraftableBot - Saving order for Johnston Paper.
2025-02-15 14:34:45,721 - INFO - CraftableBot - Retrieving order for Coca-Cola (02/14/2025).
2025-02-15 14:34:47,484 - INFO - CraftableBot - Saving order for Coca-Cola.
2025-02-15 14:34:54,923 - INFO - CraftableBot - Retrieving order for A.L. George (02/14/2025).
2025-02-15 14:34:56,255 - INFO - CraftableBot - Saving order for A.L. George.
2025-02-15 14:35:03,641 - INFO - CraftableBot - Retrieving order for Eurocafe Imports (02/14/2025).
2025-02-15 14:35:04,947 - INFO - CraftableBot - Saving order for Eurocafe Imports.
2025-02-15 14:35:12,286 - INFO - CraftableBot - Accessing order page for COLLEGETOWN.
2025-02-15 14:35:18,844 - INFO - CraftableBot - Retrieving order for US Foods (02/14/2025).
2025-02-15 14:35:20,974 - INFO - CraftableBot - Saving order for US Foods.
2025-02-15 14:35:28,400 - INFO - CraftableBot - Retrieving order for Ithaca Bakery (02/14/2025).
2025-02-15 14:35:31,602 - INFO - CraftableBot - Saving order for Ithaca Bakery.
2025-02-15 14:35:39,028 - INFO - CraftableBot - Retrieving order for SANICO (02/14/2025).
2025-02-15 14:35:40,244 - INFO - CraftableBot - Saving order for SANICO.
2025-02-15 14:35:47,641 - INFO - CraftableBot - Retrieving order for Hill & Markes (02/14/2025).
2025-02-15 14:35:49,343 - INFO - CraftableBot - Saving order for Hill & Markes.
2025-02-15 14:35:56,746 - INFO - CraftableBot - Retrieving order for Performance Food (02/14/2025).
2025-02-15 14:35:58,636 - INFO - CraftableBot - Saving order for Performance Food.
2025-02-15 14:36:06,053 - INFO - CraftableBot - Retrieving order for Sysco (02/14/2025).
2025-02-15 14:36:07,560 - INFO - CraftableBot - Saving order for Sysco.
2025-02-15 14:36:14,944 - INFO - CraftableBot - Retrieving order for Hillcrest Dairy (02/14/2025).
2025-02-15 14:36:16,260 - INFO - CraftableBot - Saving order for Hillcrest Dairy.
2025-02-15 14:36:23,657 - INFO - CraftableBot - Retrieving order for FingerLakes Farms (02/14/2025).
2025-02-15 14:36:25,037 - INFO - CraftableBot - Saving order for FingerLakes Farms.
2025-02-15 14:36:32,434 - INFO - CraftableBot - Retrieving order for Regional Distributors, Inc. (02/14/2025).
2025-02-15 14:36:33,431 - INFO - CraftableBot - Saving order for Regional Distributors, Inc..
2025-02-15 14:36:40,789 - INFO - CraftableBot - Retrieving order for Equal Exchange (02/14/2025).
2025-02-15 14:36:42,167 - INFO - CraftableBot - Saving order for Equal Exchange.
2025-02-15 14:36:49,586 - INFO - CraftableBot - Retrieving order for Copper Horse Coffee (02/14/2025).
2025-02-15 14:36:50,743 - INFO - CraftableBot - Saving order for Copper Horse Coffee.
2025-02-15 14:36:58,139 - INFO - CraftableBot - Retrieving order for Coca-Cola (02/14/2025).
2025-02-15 14:36:59,014 - INFO - CraftableBot - Saving order for Coca-Cola.
2025-02-15 14:37:06,412 - INFO - CraftableBot - Retrieving order for Peters Supply (02/14/2025).
2025-02-15 14:37:07,205 - INFO - CraftableBot - Saving order for Peters Supply.
2025-02-15 14:37:14,592 - INFO - CraftableBot - Retrieving order for Webstaurant (02/14/2025).
2025-02-15 14:37:15,743 - INFO - CraftableBot - Saving order for Webstaurant.
2025-02-15 14:37:23,128 - INFO - CraftableBot - Retrieving order for Johnston Paper (02/14/2025).
2025-02-15 14:37:24,282 - INFO - CraftableBot - Saving order for Johnston Paper.
2025-02-15 14:37:31,677 - INFO - CraftableBot - Retrieving order for Renzi (02/14/2025).
2025-02-15 14:37:32,842 - INFO - CraftableBot - Saving order for Renzi.
2025-02-15 14:37:40,232 - INFO - CraftableBot - Retrieving order for A.L. George (02/14/2025).
2025-02-15 14:37:41,539 - INFO - CraftableBot - Saving order for A.L. George.
2025-02-15 14:37:48,922 - INFO - CraftableBot - Retrieving order for UNFI (02/14/2025).
2025-02-15 14:37:50,299 - INFO - CraftableBot - Saving order for UNFI.
2025-02-15 14:37:57,711 - INFO - CraftableBot - Retrieving order for BALKAN BEVERAGE LLC (02/14/2025).
2025-02-15 14:37:58,918 - INFO - CraftableBot - Saving order for BALKAN BEVERAGE LLC.
2025-02-15 14:38:06,264 - INFO - CraftableBot - Accessing order page for EASTHILL.
2025-02-15 14:38:12,928 - INFO - CraftableBot - Retrieving order for Ithaca Bakery (02/14/2025).
2025-02-15 14:38:15,335 - INFO - CraftableBot - Saving order for Ithaca Bakery.
2025-02-15 14:38:22,739 - INFO - CraftableBot - Retrieving order for Hill & Markes (02/14/2025).
2025-02-15 14:38:24,197 - INFO - CraftableBot - Saving order for Hill & Markes.
2025-02-15 14:38:31,575 - INFO - CraftableBot - Retrieving order for Johnston Paper (02/14/2025).
2025-02-15 14:38:32,773 - INFO - CraftableBot - Saving order for Johnston Paper.
2025-02-15 14:38:40,157 - INFO - CraftableBot - Retrieving order for Performance Food (02/14/2025).
2025-02-15 14:38:41,796 - INFO - CraftableBot - Saving order for Performance Food.
2025-02-15 14:38:49,171 - INFO - CraftableBot - Retrieving order for Sysco (02/14/2025).
2025-02-15 14:38:50,606 - INFO - CraftableBot - Saving order for Sysco.
2025-02-15 14:38:57,985 - INFO - CraftableBot - Retrieving order for Peters Supply (02/14/2025).
2025-02-15 14:38:59,314 - INFO - CraftableBot - Saving order for Peters Supply.
2025-02-15 14:39:06,697 - INFO - CraftableBot - Retrieving order for Coca-Cola (02/14/2025).
2025-02-15 14:39:08,112 - INFO - CraftableBot - Saving order for Coca-Cola.
2025-02-15 14:39:15,512 - INFO - CraftableBot - Retrieving order for US Foods (02/14/2025).
2025-02-15 14:39:17,291 - INFO - CraftableBot - Saving order for US Foods.
2025-02-15 14:39:24,688 - INFO - CraftableBot - Retrieving order for Copper Horse Coffee (02/14/2025).
2025-02-15 14:39:25,845 - INFO - CraftableBot - Saving order for Copper Horse Coffee.
2025-02-15 14:39:33,245 - INFO - CraftableBot - Retrieving order for Regional Distributors, Inc. (02/14/2025).
2025-02-15 14:39:34,469 - INFO - CraftableBot - Saving order for Regional Distributors, Inc..
2025-02-15 14:39:41,850 - INFO - CraftableBot - Retrieving order for Equal Exchange (02/14/2025).
2025-02-15 14:39:43,200 - INFO - CraftableBot - Saving order for Equal Exchange.
2025-02-15 14:39:50,624 - INFO - CraftableBot - Retrieving order for Eurocafe Imports (02/14/2025).
2025-02-15 14:39:51,900 - INFO - CraftableBot - Saving order for Eurocafe Imports.
2025-02-15 14:39:59,286 - INFO - CraftableBot - Retrieving order for UNFI (02/14/2025).
2025-02-15 14:40:00,983 - INFO - CraftableBot - Saving order for UNFI.
2025-02-15 14:40:08,388 - INFO - CraftableBot - Retrieving order for Hillcrest Dairy (02/14/2025).
2025-02-15 14:40:09,824 - INFO - CraftableBot - Saving order for Hillcrest Dairy.
2025-02-15 14:40:17,217 - INFO - CraftableBot - Retrieving order for FingerLakes Farms (02/14/2025).
2025-02-15 14:40:18,629 - INFO - CraftableBot - Saving order for FingerLakes Farms.
2025-02-15 14:40:25,962 - INFO - CraftableBot - Accessing order page for DOWNTOWN.
2025-02-15 14:40:32,533 - INFO - CraftableBot - Retrieving order for Hillcrest Dairy (02/14/2025).
2025-02-15 14:40:33,916 - INFO - CraftableBot - Saving order for Hillcrest Dairy.
2025-02-15 14:40:41,297 - INFO - CraftableBot - Retrieving order for Performance Food (02/14/2025).
2025-02-15 14:40:42,648 - INFO - CraftableBot - Saving order for Performance Food.
2025-02-15 14:40:50,027 - INFO - CraftableBot - Retrieving order for Ithaca Bakery (02/14/2025).
2025-02-15 14:40:52,700 - INFO - CraftableBot - Saving order for Ithaca Bakery.
2025-02-15 14:41:00,088 - INFO - CraftableBot - Retrieving order for Equal Exchange (02/14/2025).
2025-02-15 14:41:01,359 - INFO - CraftableBot - Saving order for Equal Exchange.
2025-02-15 14:41:08,755 - INFO - CraftableBot - Retrieving order for US Foods (02/14/2025).
2025-02-15 14:41:10,363 - INFO - CraftableBot - Saving order for US Foods.
2025-02-15 14:41:17,735 - INFO - CraftableBot - Retrieving order for Johnston Paper (02/14/2025).
2025-02-15 14:41:18,899 - INFO - CraftableBot - Saving order for Johnston Paper.
2025-02-15 14:41:26,282 - INFO - CraftableBot - Retrieving order for FingerLakes Farms (02/14/2025).
2025-02-15 14:41:27,783 - INFO - CraftableBot - Saving order for FingerLakes Farms.
2025-02-15 14:41:35,199 - INFO - CraftableBot - Retrieving order for Sysco (02/14/2025).
2025-02-15 14:41:36,800 - INFO - CraftableBot - Saving order for Sysco.
2025-02-15 14:41:44,207 - INFO - CraftableBot - Retrieving order for Hill & Markes (02/14/2025).
2025-02-15 14:41:45,594 - INFO - CraftableBot - Saving order for Hill & Markes.
2025-02-15 14:41:52,978 - INFO - CraftableBot - Retrieving order for Peters Supply (02/14/2025).
2025-02-15 14:41:54,366 - INFO - CraftableBot - Saving order for Peters Supply.
2025-02-15 14:42:01,753 - INFO - CraftableBot - Retrieving order for UNFI (02/14/2025).
2025-02-15 14:42:03,141 - INFO - CraftableBot - Saving order for UNFI.
2025-02-15 14:42:10,530 - INFO - CraftableBot - Retrieving order for Coca-Cola (02/14/2025).
2025-02-15 14:42:11,774 - INFO - CraftableBot - Saving order for Coca-Cola.
2025-02-15 14:42:19,155 - INFO - CraftableBot - Retrieving order for Copper Horse Coffee (02/14/2025).
2025-02-15 14:42:20,309 - INFO - CraftableBot - Saving order for Copper Horse Coffee.
2025-02-15 14:42:27,695 - INFO - CraftableBot - Retrieving order for Eurocafe Imports (02/14/2025).
2025-02-15 14:42:28,482 - INFO - CraftableBot - Saving order for Eurocafe Imports.
2025-02-15 14:42:35,826 - INFO - CraftableBot - Order download complete.
2025-02-15 14:42:35,963 - INFO - CraftableBot - Ending CraftableBot session.
2025-02-15 14:42:35,964 - INFO - CraftableBot - Closing WebDriver session.
