2025-07-05 08:43:45,358 - INFO - CraftableBot - [Order Update] Removing outdated order file: C:\Users\andrew\Desktop\Andrew\Projects\RandomStuff\WorkBot\main\backend\ordering\OrderFiles\Hill & Markes\Hill & Markes_Triphammer_20250703.xlsx
2025-07-05 08:43:45,365 - INFO - CraftableBot - [File Cleanup] Attempting to remove file: C:\Users\andrew\Desktop\Andrew\Projects\RandomStuff\WorkBot\main\backend\ordering\OrderFiles\Hill & Markes\Hill & Markes_Triphammer_20250703.xlsx
2025-07-05 08:43:45,365 - INFO - CraftableBot - [File Cleanup] Successfully removed file: C:\Users\andrew\Desktop\Andrew\Projects\RandomStuff\WorkBot\main\backend\ordering\OrderFiles\Hill & Markes\Hill & Markes_Triphammer_20250703.xlsx
2025-07-05 08:43:45,366 - INFO - CraftableBot - [File Cleanup] Attempting to remove file: C:\Users\andrew\Desktop\Andrew\Projects\RandomStuff\WorkBot\main\backend\ordering\OrderFiles\Hill & Markes\Hill & Markes_Triphammer_20250703.pdf
2025-07-05 08:43:45,366 - INFO - CraftableBot - [File Cleanup] Successfully removed file: C:\Users\andrew\Desktop\Andrew\Projects\RandomStuff\WorkBot\main\backend\ordering\OrderFiles\Hill & Markes\Hill & Markes_Triphammer_20250703.pdf
2025-07-05 08:43:45,366 - INFO - CraftableBot - Saving order for Hill & Markes.
2025-07-05 08:43:52,776 - INFO - CraftableBot - Retrieving order for Sysco (07/04/2025).
2025-07-05 08:43:54,816 - INFO - CraftableBot - [Order Update] Initiating update protocol for Triphammer for vendor: Sysco, on 20250704.
2025-07-05 08:43:54,816 - INFO - CraftableBot - [Order Update] Checking for pre-existing order file: Sysco_Triphammer_20250704.xlsx
2025-07-05 08:43:54,817 - INFO - CraftableBot - [Order Update] Extracting data from existing order file: Sysco_Triphammer_20250704.xlsx
2025-07-05 08:43:54,835 - INFO - CraftableBot - [Order Update] Comparing new data with the existing file for Triphammer for Sysco on 20250704.
2025-07-05 08:43:54,835 - INFO - CraftableBot - [Order Update] No changes detected for Triphammer for Sysco on 20250704. Skipping update protocol.
2025-07-05 08:43:54,836 - INFO - CraftableBot - Order for Sysco is up-to-date. Skipping.
2025-07-05 08:43:56,899 - INFO - CraftableBot - Retrieving order for UNFI (07/04/2025).
2025-07-05 08:43:59,474 - INFO - CraftableBot - [Order Update] Initiating update protocol for Triphammer for vendor: UNFI, on 20250704.
2025-07-05 08:43:59,474 - INFO - CraftableBot - [Order Update] Checking for pre-existing order file: UNFI_Triphammer_20250704.xlsx
2025-07-05 08:43:59,475 - INFO - CraftableBot - [Order Update] Extracting data from existing order file: UNFI_Triphammer_20250704.xlsx
2025-07-05 08:43:59,481 - INFO - CraftableBot - [Order Update] Comparing new data with the existing file for Triphammer for UNFI on 20250704.
2025-07-05 08:43:59,481 - INFO - CraftableBot - [Order Update] No changes detected for Triphammer for UNFI on 20250704. Skipping update protocol.
2025-07-05 08:43:59,481 - INFO - CraftableBot - Order for UNFI is up-to-date. Skipping.
2025-07-05 08:44:01,551 - INFO - CraftableBot - Retrieving order for Performance Food (07/04/2025).
2025-07-05 08:44:03,430 - INFO - CraftableBot - [Order Update] Initiating update protocol for Triphammer for vendor: Performance Food, on 20250704.
2025-07-05 08:44:03,430 - INFO - CraftableBot - [Order Update] Checking for pre-existing order file: Performance Food_Triphammer_20250704.xlsx
2025-07-05 08:44:03,431 - INFO - CraftableBot - [Order Update] Extracting data from existing order file: Performance Food_Triphammer_20250704.xlsx
2025-07-05 08:44:03,448 - INFO - CraftableBot - [Order Update] Comparing new data with the existing file for Triphammer for Performance Food on 20250704.
2025-07-05 08:44:03,448 - INFO - CraftableBot - [Order Update] No changes detected for Triphammer for Performance Food on 20250704. Skipping update protocol.
2025-07-05 08:44:03,448 - INFO - CraftableBot - Order for Performance Food is up-to-date. Skipping.
2025-07-05 08:44:05,509 - INFO - CraftableBot - Retrieving order for FingerLakes Farms (07/04/2025).
2025-07-05 08:44:07,094 - INFO - CraftableBot - [Order Update] Initiating update protocol for Triphammer for vendor: FingerLakes Farms, on 20250704.
2025-07-05 08:44:07,094 - INFO - CraftableBot - [Order Update] Checking for pre-existing order file: FingerLakes Farms_Triphammer_20250704.xlsx
2025-07-05 08:44:07,095 - INFO - CraftableBot - [Order Update] Extracting data from existing order file: FingerLakes Farms_Triphammer_20250704.xlsx
2025-07-05 08:44:07,110 - INFO - CraftableBot - [Order Update] Comparing new data with the existing file for Triphammer for FingerLakes Farms on 20250704.
2025-07-05 08:44:07,110 - INFO - CraftableBot - [Order Update] No changes detected for Triphammer for FingerLakes Farms on 20250704. Skipping update protocol.
2025-07-05 08:44:07,110 - INFO - CraftableBot - Order for FingerLakes Farms is up-to-date. Skipping.
2025-07-05 08:44:09,168 - INFO - CraftableBot - Retrieving order for Hillcrest Dairy (07/04/2025).
2025-07-05 08:44:10,522 - INFO - CraftableBot - [Order Update] Initiating update protocol for Triphammer for vendor: Hillcrest Dairy, on 20250704.
2025-07-05 08:44:10,522 - INFO - CraftableBot - [Order Update] Checking for pre-existing order file: Hillcrest Dairy_Triphammer_20250704.xlsx
2025-07-05 08:44:10,523 - INFO - CraftableBot - [Order Update] Extracting data from existing order file: Hillcrest Dairy_Triphammer_20250704.xlsx
2025-07-05 08:44:10,540 - INFO - CraftableBot - [Order Update] Comparing new data with the existing file for Triphammer for Hillcrest Dairy on 20250704.
2025-07-05 08:44:10,540 - INFO - CraftableBot - [Order Update] No changes detected for Triphammer for Hillcrest Dairy on 20250704. Skipping update protocol.
2025-07-05 08:44:10,540 - INFO - CraftableBot - Order for Hillcrest Dairy is up-to-date. Skipping.
2025-07-05 08:44:12,597 - INFO - CraftableBot - Retrieving order for Ithaca Bakery (07/04/2025).
2025-07-05 08:44:15,666 - INFO - CraftableBot - [Order Update] Initiating update protocol for Triphammer for vendor: Ithaca Bakery, on 20250704.
2025-07-05 08:44:15,666 - INFO - CraftableBot - [Order Update] Checking for pre-existing order file: Ithaca Bakery_Triphammer_20250704.xlsx
2025-07-05 08:44:15,667 - INFO - CraftableBot - [Order Update] Extracting data from existing order file: Ithaca Bakery_Triphammer_20250704.xlsx
2025-07-05 08:44:15,685 - INFO - CraftableBot - [Order Update] Comparing new data with the existing file for Triphammer for Ithaca Bakery on 20250704.
2025-07-05 08:44:15,685 - INFO - CraftableBot - [Order Update] Removing outdated order file: C:\Users\andrew\Desktop\Andrew\Projects\RandomStuff\WorkBot\main\backend\ordering\OrderFiles\Ithaca Bakery\Ithaca Bakery_Triphammer_20250704.xlsx
2025-07-05 08:44:15,685 - INFO - CraftableBot - [File Cleanup] Attempting to remove file: C:\Users\andrew\Desktop\Andrew\Projects\RandomStuff\WorkBot\main\backend\ordering\OrderFiles\Ithaca Bakery\Ithaca Bakery_Triphammer_20250704.xlsx
2025-07-05 08:44:15,686 - INFO - CraftableBot - [File Cleanup] Successfully removed file: C:\Users\andrew\Desktop\Andrew\Projects\RandomStuff\WorkBot\main\backend\ordering\OrderFiles\Ithaca Bakery\Ithaca Bakery_Triphammer_20250704.xlsx
2025-07-05 08:44:15,686 - INFO - CraftableBot - [File Cleanup] Attempting to remove file: C:\Users\andrew\Desktop\Andrew\Projects\RandomStuff\WorkBot\main\backend\ordering\OrderFiles\Ithaca Bakery\Ithaca Bakery_Triphammer_20250704.pdf
2025-07-05 08:44:15,686 - INFO - CraftableBot - [File Cleanup] Successfully removed file: C:\Users\andrew\Desktop\Andrew\Projects\RandomStuff\WorkBot\main\backend\ordering\OrderFiles\Ithaca Bakery\Ithaca Bakery_Triphammer_20250704.pdf
2025-07-05 08:44:15,686 - INFO - CraftableBot - Saving order for Ithaca Bakery.
2025-07-05 08:44:23,066 - INFO - CraftableBot - Retrieving order for Equal Exchange (07/04/2025).
2025-07-05 08:44:24,673 - INFO - CraftableBot - [Order Update] Initiating update protocol for Triphammer for vendor: Equal Exchange, on 20250704.
2025-07-05 08:44:24,673 - INFO - CraftableBot - [Order Update] Checking for pre-existing order file: Equal Exchange_Triphammer_20250704.xlsx
2025-07-05 08:44:24,674 - INFO - CraftableBot - [Order Update] Extracting data from existing order file: Equal Exchange_Triphammer_20250704.xlsx
2025-07-05 08:44:24,689 - INFO - CraftableBot - [Order Update] Comparing new data with the existing file for Triphammer for Equal Exchange on 20250704.
2025-07-05 08:44:24,689 - INFO - CraftableBot - [Order Update] No changes detected for Triphammer for Equal Exchange on 20250704. Skipping update protocol.
2025-07-05 08:44:24,689 - INFO - CraftableBot - Order for Equal Exchange is up-to-date. Skipping.
2025-07-05 08:44:26,749 - INFO - CraftableBot - Retrieving order for Peters Supply (07/04/2025).
2025-07-05 08:44:28,200 - INFO - CraftableBot - [Order Update] Initiating update protocol for Triphammer for vendor: Peters Supply, on 20250704.
2025-07-05 08:44:28,200 - INFO - CraftableBot - [Order Update] Checking for pre-existing order file: Peters Supply_Triphammer_20250704.xlsx
2025-07-05 08:44:28,201 - INFO - CraftableBot - [Order Update] Extracting data from existing order file: Peters Supply_Triphammer_20250704.xlsx
2025-07-05 08:44:28,218 - INFO - CraftableBot - [Order Update] Comparing new data with the existing file for Triphammer for Peters Supply on 20250704.
2025-07-05 08:44:28,218 - INFO - CraftableBot - [Order Update] No changes detected for Triphammer for Peters Supply on 20250704. Skipping update protocol.
2025-07-05 08:44:28,219 - INFO - CraftableBot - Order for Peters Supply is up-to-date. Skipping.
2025-07-05 08:44:30,362 - INFO - CraftableBot - Retrieving order for Johnston Paper (07/04/2025).
2025-07-05 08:44:31,630 - INFO - CraftableBot - [Order Update] Initiating update protocol for Triphammer for vendor: Johnston Paper, on 20250704.
2025-07-05 08:44:31,630 - INFO - CraftableBot - [Order Update] Checking for pre-existing order file: Johnston Paper_Triphammer_20250704.xlsx
2025-07-05 08:44:31,631 - INFO - CraftableBot - [Order Update] Extracting data from existing order file: Johnston Paper_Triphammer_20250704.xlsx
2025-07-05 08:44:31,647 - INFO - CraftableBot - [Order Update] Comparing new data with the existing file for Triphammer for Johnston Paper on 20250704.
2025-07-05 08:44:31,647 - INFO - CraftableBot - [Order Update] No changes detected for Triphammer for Johnston Paper on 20250704. Skipping update protocol.
2025-07-05 08:44:31,647 - INFO - CraftableBot - Order for Johnston Paper is up-to-date. Skipping.
2025-07-05 08:44:33,707 - INFO - CraftableBot - Retrieving order for Regional Distributors, Inc. (07/04/2025).
2025-07-05 08:44:35,173 - INFO - CraftableBot - [Order Update] Initiating update protocol for Triphammer for vendor: Regional Distributors, Inc., on 20250704.
2025-07-05 08:44:35,173 - INFO - CraftableBot - [Order Update] Checking for pre-existing order file: Regional Distributors, Inc._Triphammer_20250704.xlsx
2025-07-05 08:44:35,174 - INFO - CraftableBot - [Order Update] Extracting data from existing order file: Regional Distributors, Inc._Triphammer_20250704.xlsx
2025-07-05 08:44:35,191 - INFO - CraftableBot - [Order Update] Comparing new data with the existing file for Triphammer for Regional Distributors, Inc. on 20250704.
2025-07-05 08:44:35,191 - INFO - CraftableBot - [Order Update] Removing outdated order file: C:\Users\andrew\Desktop\Andrew\Projects\RandomStuff\WorkBot\main\backend\ordering\OrderFiles\Regional Distributors, Inc.\Regional Distributors, Inc._Triphammer_20250704.xlsx
2025-07-05 08:44:35,191 - INFO - CraftableBot - [File Cleanup] Attempting to remove file: C:\Users\andrew\Desktop\Andrew\Projects\RandomStuff\WorkBot\main\backend\ordering\OrderFiles\Regional Distributors, Inc.\Regional Distributors, Inc._Triphammer_20250704.xlsx
2025-07-05 08:44:35,191 - INFO - CraftableBot - [File Cleanup] Successfully removed file: C:\Users\andrew\Desktop\Andrew\Projects\RandomStuff\WorkBot\main\backend\ordering\OrderFiles\Regional Distributors, Inc.\Regional Distributors, Inc._Triphammer_20250704.xlsx
2025-07-05 08:44:35,192 - INFO - CraftableBot - [File Cleanup] Attempting to remove file: C:\Users\andrew\Desktop\Andrew\Projects\RandomStuff\WorkBot\main\backend\ordering\OrderFiles\Regional Distributors, Inc.\Regional Distributors, Inc._Triphammer_20250704.pdf
2025-07-05 08:44:35,192 - INFO - CraftableBot - [File Cleanup] Successfully removed file: C:\Users\andrew\Desktop\Andrew\Projects\RandomStuff\WorkBot\main\backend\ordering\OrderFiles\Regional Distributors, Inc.\Regional Distributors, Inc._Triphammer_20250704.pdf
2025-07-05 08:44:35,192 - INFO - CraftableBot - Saving order for Regional Distributors, Inc..
2025-07-05 08:44:42,575 - INFO - CraftableBot - Retrieving order for Copper Horse Coffee (07/04/2025).
2025-07-05 08:44:43,928 - INFO - CraftableBot - [Order Update] Initiating update protocol for Triphammer for vendor: Copper Horse Coffee, on 20250704.
2025-07-05 08:44:43,928 - INFO - CraftableBot - [Order Update] Checking for pre-existing order file: Copper Horse Coffee_Triphammer_20250704.xlsx
2025-07-05 08:44:43,929 - INFO - CraftableBot - [Order Update] Extracting data from existing order file: Copper Horse Coffee_Triphammer_20250704.xlsx
2025-07-05 08:44:43,944 - INFO - CraftableBot - [Order Update] Comparing new data with the existing file for Triphammer for Copper Horse Coffee on 20250704.
2025-07-05 08:44:43,944 - INFO - CraftableBot - [Order Update] Removing outdated order file: C:\Users\andrew\Desktop\Andrew\Projects\RandomStuff\WorkBot\main\backend\ordering\OrderFiles\Copper Horse Coffee\Copper Horse Coffee_Triphammer_20250704.xlsx
2025-07-05 08:44:43,944 - INFO - CraftableBot - [File Cleanup] Attempting to remove file: C:\Users\andrew\Desktop\Andrew\Projects\RandomStuff\WorkBot\main\backend\ordering\OrderFiles\Copper Horse Coffee\Copper Horse Coffee_Triphammer_20250704.xlsx
2025-07-05 08:44:43,945 - INFO - CraftableBot - [File Cleanup] Successfully removed file: C:\Users\andrew\Desktop\Andrew\Projects\RandomStuff\WorkBot\main\backend\ordering\OrderFiles\Copper Horse Coffee\Copper Horse Coffee_Triphammer_20250704.xlsx
2025-07-05 08:44:43,945 - INFO - CraftableBot - [File Cleanup] Attempting to remove file: C:\Users\andrew\Desktop\Andrew\Projects\RandomStuff\WorkBot\main\backend\ordering\OrderFiles\Copper Horse Coffee\Copper Horse Coffee_Triphammer_20250704.pdf
2025-07-05 08:44:43,945 - INFO - CraftableBot - [File Cleanup] Successfully removed file: C:\Users\andrew\Desktop\Andrew\Projects\RandomStuff\WorkBot\main\backend\ordering\OrderFiles\Copper Horse Coffee\Copper Horse Coffee_Triphammer_20250704.pdf
2025-07-05 08:44:43,946 - INFO - CraftableBot - Saving order for Copper Horse Coffee.
2025-07-05 08:44:51,332 - INFO - CraftableBot - Retrieving order for US Foods (07/04/2025).
2025-07-05 08:44:53,151 - INFO - CraftableBot - [Order Update] Initiating update protocol for Triphammer for vendor: US Foods, on 20250704.
2025-07-05 08:44:53,151 - INFO - CraftableBot - [Order Update] Checking for pre-existing order file: US Foods_Triphammer_20250704.xlsx
2025-07-05 08:44:53,152 - INFO - CraftableBot - [Order Update] Extracting data from existing order file: US Foods_Triphammer_20250704.xlsx
2025-07-05 08:44:53,172 - INFO - CraftableBot - [Order Update] Comparing new data with the existing file for Triphammer for US Foods on 20250704.
2025-07-05 08:44:53,172 - INFO - CraftableBot - [Order Update] No changes detected for Triphammer for US Foods on 20250704. Skipping update protocol.
2025-07-05 08:44:53,172 - INFO - CraftableBot - Order for US Foods is up-to-date. Skipping.
2025-07-05 08:44:55,234 - INFO - CraftableBot - Retrieving order for Coca-Cola (07/04/2025).
2025-07-05 08:44:56,896 - INFO - CraftableBot - [Order Update] Initiating update protocol for Triphammer for vendor: Coca-Cola, on 20250704.
2025-07-05 08:44:56,896 - INFO - CraftableBot - [Order Update] Checking for pre-existing order file: Coca-Cola_Triphammer_20250704.xlsx
2025-07-05 08:44:56,897 - INFO - CraftableBot - [Order Update] Extracting data from existing order file: Coca-Cola_Triphammer_20250704.xlsx
2025-07-05 08:44:56,912 - INFO - CraftableBot - [Order Update] Comparing new data with the existing file for Triphammer for Coca-Cola on 20250704.
2025-07-05 08:44:56,912 - INFO - CraftableBot - [Order Update] No changes detected for Triphammer for Coca-Cola on 20250704. Skipping update protocol.
2025-07-05 08:44:56,912 - INFO - CraftableBot - Order for Coca-Cola is up-to-date. Skipping.
2025-07-05 08:44:58,975 - INFO - CraftableBot - Retrieving order for A.L. George (07/04/2025).
2025-07-05 08:45:00,332 - INFO - CraftableBot - [Order Update] Initiating update protocol for Triphammer for vendor: A.L. George, on 20250704.
2025-07-05 08:45:00,332 - INFO - CraftableBot - [Order Update] Checking for pre-existing order file: A.L. George_Triphammer_20250704.xlsx
2025-07-05 08:45:00,333 - INFO - CraftableBot - [Order Update] Extracting data from existing order file: A.L. George_Triphammer_20250704.xlsx
2025-07-05 08:45:00,348 - INFO - CraftableBot - [Order Update] Comparing new data with the existing file for Triphammer for A.L. George on 20250704.
2025-07-05 08:45:00,348 - INFO - CraftableBot - [Order Update] No changes detected for Triphammer for A.L. George on 20250704. Skipping update protocol.
2025-07-05 08:45:00,348 - INFO - CraftableBot - Order for A.L. George is up-to-date. Skipping.
2025-07-05 08:45:02,406 - INFO - CraftableBot - Retrieving order for DUTCH VALLEY FOOD DIST (07/04/2025).
2025-07-05 08:45:03,664 - INFO - CraftableBot - [Order Update] Initiating update protocol for Triphammer for vendor: DUTCH VALLEY FOOD DIST, on 20250704.
2025-07-05 08:45:03,665 - INFO - CraftableBot - [Order Update] Checking for pre-existing order file: DUTCH VALLEY FOOD DIST_Triphammer_20250704.xlsx
2025-07-05 08:45:03,665 - INFO - CraftableBot - [Order Update] Extracting data from existing order file: DUTCH VALLEY FOOD DIST_Triphammer_20250704.xlsx
2025-07-05 08:45:03,681 - INFO - CraftableBot - [Order Update] Comparing new data with the existing file for Triphammer for DUTCH VALLEY FOOD DIST on 20250704.
2025-07-05 08:45:03,681 - INFO - CraftableBot - [Order Update] No changes detected for Triphammer for DUTCH VALLEY FOOD DIST on 20250704. Skipping update protocol.
2025-07-05 08:45:03,681 - INFO - CraftableBot - Order for DUTCH VALLEY FOOD DIST is up-to-date. Skipping.
2025-07-05 08:45:05,738 - INFO - CraftableBot - Retrieving order for BALKAN BEVERAGE LLC (07/04/2025).
2025-07-05 08:45:06,893 - INFO - CraftableBot - [Order Update] Initiating update protocol for Triphammer for vendor: BALKAN BEVERAGE LLC, on 20250704.
2025-07-05 08:45:06,893 - INFO - CraftableBot - [Order Update] Checking for pre-existing order file: BALKAN BEVERAGE LLC_Triphammer_20250704.xlsx
2025-07-05 08:45:06,894 - INFO - CraftableBot - [Order Update] Extracting data from existing order file: BALKAN BEVERAGE LLC_Triphammer_20250704.xlsx
2025-07-05 08:45:06,910 - INFO - CraftableBot - [Order Update] Comparing new data with the existing file for Triphammer for BALKAN BEVERAGE LLC on 20250704.
2025-07-05 08:45:06,910 - INFO - CraftableBot - [Order Update] No changes detected for Triphammer for BALKAN BEVERAGE LLC on 20250704. Skipping update protocol.
2025-07-05 08:45:06,910 - INFO - CraftableBot - Order for BALKAN BEVERAGE LLC is up-to-date. Skipping.
2025-07-05 08:45:08,929 - INFO - CraftableBot - Accessing order page for Collegetown.
2025-07-05 08:45:15,586 - INFO - CraftableBot - Retrieving order for Performance Food (07/04/2025).
2025-07-05 08:45:17,459 - INFO - CraftableBot - [Order Update] Initiating update protocol for Collegetown for vendor: Performance Food, on 20250704.
2025-07-05 08:45:17,459 - INFO - CraftableBot - [Order Update] Checking for pre-existing order file: Performance Food_Collegetown_20250704.xlsx
2025-07-05 08:45:17,460 - INFO - CraftableBot - [Order Update] Extracting data from existing order file: Performance Food_Collegetown_20250704.xlsx
2025-07-05 08:45:17,476 - INFO - CraftableBot - [Order Update] Comparing new data with the existing file for Collegetown for Performance Food on 20250704.
2025-07-05 08:45:17,476 - INFO - CraftableBot - [Order Update] No changes detected for Collegetown for Performance Food on 20250704. Skipping update protocol.
2025-07-05 08:45:17,476 - INFO - CraftableBot - Order for Performance Food is up-to-date. Skipping.
2025-07-05 08:45:19,540 - INFO - CraftableBot - Retrieving order for US Foods (07/04/2025).
2025-07-05 08:45:21,493 - INFO - CraftableBot - [Order Update] Initiating update protocol for Collegetown for vendor: US Foods, on 20250704.
2025-07-05 08:45:21,493 - INFO - CraftableBot - [Order Update] Checking for pre-existing order file: US Foods_Collegetown_20250704.xlsx
2025-07-05 08:45:21,494 - INFO - CraftableBot - [Order Update] Extracting data from existing order file: US Foods_Collegetown_20250704.xlsx
2025-07-05 08:45:21,510 - INFO - CraftableBot - [Order Update] Comparing new data with the existing file for Collegetown for US Foods on 20250704.
2025-07-05 08:45:21,510 - INFO - CraftableBot - [Order Update] No changes detected for Collegetown for US Foods on 20250704. Skipping update protocol.
2025-07-05 08:45:21,510 - INFO - CraftableBot - Order for US Foods is up-to-date. Skipping.
2025-07-05 08:45:23,575 - INFO - CraftableBot - Retrieving order for Sysco (07/04/2025).
2025-07-05 08:45:25,307 - INFO - CraftableBot - [Order Update] Initiating update protocol for Collegetown for vendor: Sysco, on 20250704.
2025-07-05 08:45:25,307 - INFO - CraftableBot - [Order Update] Checking for pre-existing order file: Sysco_Collegetown_20250704.xlsx
2025-07-05 08:45:25,308 - INFO - CraftableBot - [Order Update] Extracting data from existing order file: Sysco_Collegetown_20250704.xlsx
2025-07-05 08:45:25,323 - INFO - CraftableBot - [Order Update] Comparing new data with the existing file for Collegetown for Sysco on 20250704.
2025-07-05 08:45:25,324 - INFO - CraftableBot - [Order Update] No changes detected for Collegetown for Sysco on 20250704. Skipping update protocol.
2025-07-05 08:45:25,324 - INFO - CraftableBot - Order for Sysco is up-to-date. Skipping.
2025-07-05 08:45:27,387 - INFO - CraftableBot - Retrieving order for Ithaca Bakery (07/04/2025).
2025-07-05 08:45:30,183 - INFO - CraftableBot - [Order Update] Initiating update protocol for Collegetown for vendor: Ithaca Bakery, on 20250704.
2025-07-05 08:45:30,183 - INFO - CraftableBot - [Order Update] Checking for pre-existing order file: Ithaca Bakery_Collegetown_20250704.xlsx
2025-07-05 08:45:30,184 - INFO - CraftableBot - [Order Update] Extracting data from existing order file: Ithaca Bakery_Collegetown_20250704.xlsx
2025-07-05 08:45:30,201 - INFO - CraftableBot - [Order Update] Comparing new data with the existing file for Collegetown for Ithaca Bakery on 20250704.
2025-07-05 08:45:30,201 - INFO - CraftableBot - [Order Update] Removing outdated order file: C:\Users\andrew\Desktop\Andrew\Projects\RandomStuff\WorkBot\main\backend\ordering\OrderFiles\Ithaca Bakery\Ithaca Bakery_Collegetown_20250704.xlsx
2025-07-05 08:45:30,201 - INFO - CraftableBot - [File Cleanup] Attempting to remove file: C:\Users\andrew\Desktop\Andrew\Projects\RandomStuff\WorkBot\main\backend\ordering\OrderFiles\Ithaca Bakery\Ithaca Bakery_Collegetown_20250704.xlsx
2025-07-05 08:45:30,202 - INFO - CraftableBot - [File Cleanup] Successfully removed file: C:\Users\andrew\Desktop\Andrew\Projects\RandomStuff\WorkBot\main\backend\ordering\OrderFiles\Ithaca Bakery\Ithaca Bakery_Collegetown_20250704.xlsx
2025-07-05 08:45:30,202 - INFO - CraftableBot - [File Cleanup] Attempting to remove file: C:\Users\andrew\Desktop\Andrew\Projects\RandomStuff\WorkBot\main\backend\ordering\OrderFiles\Ithaca Bakery\Ithaca Bakery_Collegetown_20250704.pdf
2025-07-05 08:45:30,202 - INFO - CraftableBot - [File Cleanup] Successfully removed file: C:\Users\andrew\Desktop\Andrew\Projects\RandomStuff\WorkBot\main\backend\ordering\OrderFiles\Ithaca Bakery\Ithaca Bakery_Collegetown_20250704.pdf
2025-07-05 08:45:30,203 - INFO - CraftableBot - Saving order for Ithaca Bakery.
2025-07-05 08:45:37,604 - INFO - CraftableBot - Retrieving order for Hillcrest Dairy (07/04/2025).
2025-07-05 08:45:38,862 - INFO - CraftableBot - [Order Update] Initiating update protocol for Collegetown for vendor: Hillcrest Dairy, on 20250704.
2025-07-05 08:45:38,862 - INFO - CraftableBot - [Order Update] Checking for pre-existing order file: Hillcrest Dairy_Collegetown_20250704.xlsx
2025-07-05 08:45:38,863 - INFO - CraftableBot - [Order Update] Extracting data from existing order file: Hillcrest Dairy_Collegetown_20250704.xlsx
2025-07-05 08:45:38,877 - INFO - CraftableBot - [Order Update] Comparing new data with the existing file for Collegetown for Hillcrest Dairy on 20250704.
2025-07-05 08:45:38,878 - INFO - CraftableBot - [Order Update] No changes detected for Collegetown for Hillcrest Dairy on 20250704. Skipping update protocol.
2025-07-05 08:45:38,878 - INFO - CraftableBot - Order for Hillcrest Dairy is up-to-date. Skipping.
2025-07-05 08:45:40,937 - INFO - CraftableBot - Retrieving order for Equal Exchange (07/04/2025).
2025-07-05 08:45:42,191 - INFO - CraftableBot - [Order Update] Initiating update protocol for Collegetown for vendor: Equal Exchange, on 20250704.
2025-07-05 08:45:42,191 - INFO - CraftableBot - [Order Update] Checking for pre-existing order file: Equal Exchange_Collegetown_20250704.xlsx
2025-07-05 08:45:42,192 - INFO - CraftableBot - [Order Update] Extracting data from existing order file: Equal Exchange_Collegetown_20250704.xlsx
2025-07-05 08:45:42,207 - INFO - CraftableBot - [Order Update] Comparing new data with the existing file for Collegetown for Equal Exchange on 20250704.
2025-07-05 08:45:42,207 - INFO - CraftableBot - [Order Update] No changes detected for Collegetown for Equal Exchange on 20250704. Skipping update protocol.
2025-07-05 08:45:42,207 - INFO - CraftableBot - Order for Equal Exchange is up-to-date. Skipping.
2025-07-05 08:45:44,273 - INFO - CraftableBot - Retrieving order for Copper Horse Coffee (07/04/2025).
2025-07-05 08:45:45,424 - INFO - CraftableBot - [Order Update] Initiating update protocol for Collegetown for vendor: Copper Horse Coffee, on 20250704.
2025-07-05 08:45:45,425 - INFO - CraftableBot - [Order Update] Checking for pre-existing order file: Copper Horse Coffee_Collegetown_20250704.xlsx
2025-07-05 08:45:45,425 - INFO - CraftableBot - [Order Update] Extracting data from existing order file: Copper Horse Coffee_Collegetown_20250704.xlsx
2025-07-05 08:45:45,440 - INFO - CraftableBot - [Order Update] Comparing new data with the existing file for Collegetown for Copper Horse Coffee on 20250704.
2025-07-05 08:45:45,440 - INFO - CraftableBot - [Order Update] Removing outdated order file: C:\Users\andrew\Desktop\Andrew\Projects\RandomStuff\WorkBot\main\backend\ordering\OrderFiles\Copper Horse Coffee\Copper Horse Coffee_Collegetown_20250704.xlsx
2025-07-05 08:45:45,440 - INFO - CraftableBot - [File Cleanup] Attempting to remove file: C:\Users\andrew\Desktop\Andrew\Projects\RandomStuff\WorkBot\main\backend\ordering\OrderFiles\Copper Horse Coffee\Copper Horse Coffee_Collegetown_20250704.xlsx
2025-07-05 08:45:45,441 - INFO - CraftableBot - [File Cleanup] Successfully removed file: C:\Users\andrew\Desktop\Andrew\Projects\RandomStuff\WorkBot\main\backend\ordering\OrderFiles\Copper Horse Coffee\Copper Horse Coffee_Collegetown_20250704.xlsx
2025-07-05 08:45:45,441 - INFO - CraftableBot - [File Cleanup] Attempting to remove file: C:\Users\andrew\Desktop\Andrew\Projects\RandomStuff\WorkBot\main\backend\ordering\OrderFiles\Copper Horse Coffee\Copper Horse Coffee_Collegetown_20250704.pdf
2025-07-05 08:45:45,441 - INFO - CraftableBot - [File Cleanup] Successfully removed file: C:\Users\andrew\Desktop\Andrew\Projects\RandomStuff\WorkBot\main\backend\ordering\OrderFiles\Copper Horse Coffee\Copper Horse Coffee_Collegetown_20250704.pdf
2025-07-05 08:45:45,442 - INFO - CraftableBot - Saving order for Copper Horse Coffee.
2025-07-05 08:45:52,833 - INFO - CraftableBot - Retrieving order for Regional Distributors, Inc. (07/04/2025).
2025-07-05 08:45:54,399 - INFO - CraftableBot - [Order Update] Initiating update protocol for Collegetown for vendor: Regional Distributors, Inc., on 20250704.
2025-07-05 08:45:54,399 - INFO - CraftableBot - [Order Update] Checking for pre-existing order file: Regional Distributors, Inc._Collegetown_20250704.xlsx
2025-07-05 08:45:54,400 - INFO - CraftableBot - [Order Update] Extracting data from existing order file: Regional Distributors, Inc._Collegetown_20250704.xlsx
2025-07-05 08:45:54,417 - INFO - CraftableBot - [Order Update] Comparing new data with the existing file for Collegetown for Regional Distributors, Inc. on 20250704.
2025-07-05 08:45:54,418 - INFO - CraftableBot - [Order Update] Removing outdated order file: C:\Users\andrew\Desktop\Andrew\Projects\RandomStuff\WorkBot\main\backend\ordering\OrderFiles\Regional Distributors, Inc.\Regional Distributors, Inc._Collegetown_20250704.xlsx
2025-07-05 08:45:54,418 - INFO - CraftableBot - [File Cleanup] Attempting to remove file: C:\Users\andrew\Desktop\Andrew\Projects\RandomStuff\WorkBot\main\backend\ordering\OrderFiles\Regional Distributors, Inc.\Regional Distributors, Inc._Collegetown_20250704.xlsx
2025-07-05 08:45:54,418 - INFO - CraftableBot - [File Cleanup] Successfully removed file: C:\Users\andrew\Desktop\Andrew\Projects\RandomStuff\WorkBot\main\backend\ordering\OrderFiles\Regional Distributors, Inc.\Regional Distributors, Inc._Collegetown_20250704.xlsx
2025-07-05 08:45:54,418 - INFO - CraftableBot - [File Cleanup] Attempting to remove file: C:\Users\andrew\Desktop\Andrew\Projects\RandomStuff\WorkBot\main\backend\ordering\OrderFiles\Regional Distributors, Inc.\Regional Distributors, Inc._Collegetown_20250704.pdf
2025-07-05 08:45:54,419 - INFO - CraftableBot - [File Cleanup] Successfully removed file: C:\Users\andrew\Desktop\Andrew\Projects\RandomStuff\WorkBot\main\backend\ordering\OrderFiles\Regional Distributors, Inc.\Regional Distributors, Inc._Collegetown_20250704.pdf
2025-07-05 08:45:54,419 - INFO - CraftableBot - Saving order for Regional Distributors, Inc..
2025-07-05 08:46:01,805 - INFO - CraftableBot - Retrieving order for Johnston Paper (07/04/2025).
2025-07-05 08:46:03,055 - INFO - CraftableBot - [Order Update] Initiating update protocol for Collegetown for vendor: Johnston Paper, on 20250704.
2025-07-05 08:46:03,055 - INFO - CraftableBot - [Order Update] Checking for pre-existing order file: Johnston Paper_Collegetown_20250704.xlsx
2025-07-05 08:46:03,056 - INFO - CraftableBot - [Order Update] Extracting data from existing order file: Johnston Paper_Collegetown_20250704.xlsx
2025-07-05 08:46:03,071 - INFO - CraftableBot - [Order Update] Comparing new data with the existing file for Collegetown for Johnston Paper on 20250704.
2025-07-05 08:46:03,071 - INFO - CraftableBot - [Order Update] No changes detected for Collegetown for Johnston Paper on 20250704. Skipping update protocol.
2025-07-05 08:46:03,071 - INFO - CraftableBot - Order for Johnston Paper is up-to-date. Skipping.
2025-07-05 08:46:05,130 - INFO - CraftableBot - Retrieving order for Hill & Markes (07/04/2025).
2025-07-05 08:46:06,429 - INFO - CraftableBot - [Order Update] Initiating update protocol for Collegetown for vendor: Hill & Markes, on 20250704.
2025-07-05 08:46:06,429 - INFO - CraftableBot - [Order Update] Checking for pre-existing order file: Hill & Markes_Collegetown_20250704.xlsx
2025-07-05 08:46:06,430 - INFO - CraftableBot - [Order Update] Extracting data from existing order file: Hill & Markes_Collegetown_20250704.xlsx
2025-07-05 08:46:06,446 - INFO - CraftableBot - [Order Update] Comparing new data with the existing file for Collegetown for Hill & Markes on 20250704.
2025-07-05 08:46:06,446 - INFO - CraftableBot - [Order Update] Removing outdated order file: C:\Users\andrew\Desktop\Andrew\Projects\RandomStuff\WorkBot\main\backend\ordering\OrderFiles\Hill & Markes\Hill & Markes_Collegetown_20250704.xlsx
2025-07-05 08:46:06,446 - INFO - CraftableBot - [File Cleanup] Attempting to remove file: C:\Users\andrew\Desktop\Andrew\Projects\RandomStuff\WorkBot\main\backend\ordering\OrderFiles\Hill & Markes\Hill & Markes_Collegetown_20250704.xlsx
2025-07-05 08:46:06,446 - INFO - CraftableBot - [File Cleanup] Successfully removed file: C:\Users\andrew\Desktop\Andrew\Projects\RandomStuff\WorkBot\main\backend\ordering\OrderFiles\Hill & Markes\Hill & Markes_Collegetown_20250704.xlsx
2025-07-05 08:46:06,447 - INFO - CraftableBot - [File Cleanup] Attempting to remove file: C:\Users\andrew\Desktop\Andrew\Projects\RandomStuff\WorkBot\main\backend\ordering\OrderFiles\Hill & Markes\Hill & Markes_Collegetown_20250704.pdf
2025-07-05 08:46:06,447 - ERROR - CraftableBot - [File Cleanup] Error removing file: [WinError 32] The process cannot access the file because it is being used by another process: 'C:\\Users\\andrew\\Desktop\\Andrew\\Projects\\RandomStuff\\WorkBot\\main\\backend\\ordering\\OrderFiles\\Hill & Markes\\Hill & Markes_Collegetown_20250704.pdf'
2025-07-05 08:46:06,448 - WARNING - CraftableBot - [File Cleanup] File is in use by another program. Aborting deletion.
2025-07-05 08:46:06,450 - INFO - CraftableBot - Saving order for Hill & Markes.
2025-07-05 08:46:13,830 - INFO - CraftableBot - Retrieving order for Coca-Cola (07/04/2025).
2025-07-05 08:46:15,558 - INFO - CraftableBot - [Order Update] Initiating update protocol for Collegetown for vendor: Coca-Cola, on 20250704.
2025-07-05 08:46:15,558 - INFO - CraftableBot - [Order Update] Checking for pre-existing order file: Coca-Cola_Collegetown_20250704.xlsx
2025-07-05 08:46:15,558 - INFO - CraftableBot - [Order Update] Extracting data from existing order file: Coca-Cola_Collegetown_20250704.xlsx
2025-07-05 08:46:15,574 - INFO - CraftableBot - [Order Update] Comparing new data with the existing file for Collegetown for Coca-Cola on 20250704.
2025-07-05 08:46:15,575 - INFO - CraftableBot - [Order Update] No changes detected for Collegetown for Coca-Cola on 20250704. Skipping update protocol.
2025-07-05 08:46:15,575 - INFO - CraftableBot - Order for Coca-Cola is up-to-date. Skipping.
2025-07-05 08:46:17,683 - INFO - CraftableBot - Retrieving order for Peters Supply (07/04/2025).
2025-07-05 08:46:18,892 - INFO - CraftableBot - [Order Update] Initiating update protocol for Collegetown for vendor: Peters Supply, on 20250704.
2025-07-05 08:46:18,892 - INFO - CraftableBot - [Order Update] Checking for pre-existing order file: Peters Supply_Collegetown_20250704.xlsx
2025-07-05 08:46:18,893 - INFO - CraftableBot - [Order Update] Extracting data from existing order file: Peters Supply_Collegetown_20250704.xlsx
2025-07-05 08:46:18,909 - INFO - CraftableBot - [Order Update] Comparing new data with the existing file for Collegetown for Peters Supply on 20250704.
2025-07-05 08:46:18,909 - INFO - CraftableBot - [Order Update] No changes detected for Collegetown for Peters Supply on 20250704. Skipping update protocol.
2025-07-05 08:46:18,909 - INFO - CraftableBot - Order for Peters Supply is up-to-date. Skipping.
2025-07-05 08:46:20,970 - INFO - CraftableBot - Retrieving order for UNFI (07/04/2025).
2025-07-05 08:46:22,971 - INFO - CraftableBot - [Order Update] Initiating update protocol for Collegetown for vendor: UNFI, on 20250704.
2025-07-05 08:46:22,971 - INFO - CraftableBot - [Order Update] Checking for pre-existing order file: UNFI_Collegetown_20250704.xlsx
2025-07-05 08:46:22,972 - INFO - CraftableBot - [Order Update] Extracting data from existing order file: UNFI_Collegetown_20250704.xlsx
2025-07-05 08:46:22,977 - INFO - CraftableBot - [Order Update] Comparing new data with the existing file for Collegetown for UNFI on 20250704.
2025-07-05 08:46:22,977 - INFO - CraftableBot - [Order Update] No changes detected for Collegetown for UNFI on 20250704. Skipping update protocol.
2025-07-05 08:46:22,977 - INFO - CraftableBot - Order for UNFI is up-to-date. Skipping.
2025-07-05 08:46:25,040 - INFO - CraftableBot - Retrieving order for A.L. George (07/04/2025).
2025-07-05 08:46:26,346 - INFO - CraftableBot - [Order Update] Initiating update protocol for Collegetown for vendor: A.L. George, on 20250704.
2025-07-05 08:46:26,346 - INFO - CraftableBot - [Order Update] Checking for pre-existing order file: A.L. George_Collegetown_20250704.xlsx
2025-07-05 08:46:26,347 - INFO - CraftableBot - [Order Update] Extracting data from existing order file: A.L. George_Collegetown_20250704.xlsx
2025-07-05 08:46:26,363 - INFO - CraftableBot - [Order Update] Comparing new data with the existing file for Collegetown for A.L. George on 20250704.
2025-07-05 08:46:26,363 - INFO - CraftableBot - [Order Update] No changes detected for Collegetown for A.L. George on 20250704. Skipping update protocol.
2025-07-05 08:46:26,364 - INFO - CraftableBot - Order for A.L. George is up-to-date. Skipping.
2025-07-05 08:46:28,423 - INFO - CraftableBot - Retrieving order for FingerLakes Farms (07/04/2025).
2025-07-05 08:46:29,632 - INFO - CraftableBot - [Order Update] Initiating update protocol for Collegetown for vendor: FingerLakes Farms, on 20250704.
2025-07-05 08:46:29,632 - INFO - CraftableBot - [Order Update] Checking for pre-existing order file: FingerLakes Farms_Collegetown_20250704.xlsx
2025-07-05 08:46:29,633 - INFO - CraftableBot - [Order Update] Extracting data from existing order file: FingerLakes Farms_Collegetown_20250704.xlsx
2025-07-05 08:46:29,648 - INFO - CraftableBot - [Order Update] Comparing new data with the existing file for Collegetown for FingerLakes Farms on 20250704.
2025-07-05 08:46:29,648 - INFO - CraftableBot - [Order Update] No changes detected for Collegetown for FingerLakes Farms on 20250704. Skipping update protocol.
2025-07-05 08:46:29,649 - INFO - CraftableBot - Order for FingerLakes Farms is up-to-date. Skipping.
2025-07-05 08:46:31,706 - INFO - CraftableBot - Retrieving order for BALKAN BEVERAGE LLC (07/04/2025).
2025-07-05 08:46:33,109 - INFO - CraftableBot - [Order Update] Initiating update protocol for Collegetown for vendor: BALKAN BEVERAGE LLC, on 20250704.
2025-07-05 08:46:33,109 - INFO - CraftableBot - [Order Update] Checking for pre-existing order file: BALKAN BEVERAGE LLC_Collegetown_20250704.xlsx
2025-07-05 08:46:33,110 - INFO - CraftableBot - [Order Update] Extracting data from existing order file: BALKAN BEVERAGE LLC_Collegetown_20250704.xlsx
2025-07-05 08:46:33,126 - INFO - CraftableBot - [Order Update] Comparing new data with the existing file for Collegetown for BALKAN BEVERAGE LLC on 20250704.
2025-07-05 08:46:33,126 - INFO - CraftableBot - [Order Update] No changes detected for Collegetown for BALKAN BEVERAGE LLC on 20250704. Skipping update protocol.
2025-07-05 08:46:33,126 - INFO - CraftableBot - Order for BALKAN BEVERAGE LLC is up-to-date. Skipping.
2025-07-05 08:46:35,157 - INFO - CraftableBot - Accessing order page for Easthill.
2025-07-05 08:46:41,658 - INFO - CraftableBot - Retrieving order for Performance Food (07/03/2025).
2025-07-05 08:46:43,828 - INFO - CraftableBot - [Order Update] Initiating update protocol for Easthill for vendor: Performance Food, on 20250703.
2025-07-05 08:46:43,829 - INFO - CraftableBot - [Order Update] Checking for pre-existing order file: Performance Food_Easthill_20250703.xlsx
2025-07-05 08:46:43,829 - INFO - CraftableBot - [Order Update] Extracting data from existing order file: Performance Food_Easthill_20250703.xlsx
2025-07-05 08:46:43,847 - INFO - CraftableBot - [Order Update] Comparing new data with the existing file for Easthill for Performance Food on 20250703.
2025-07-05 08:46:43,848 - INFO - CraftableBot - [Order Update] No changes detected for Easthill for Performance Food on 20250703. Skipping update protocol.
2025-07-05 08:46:43,848 - INFO - CraftableBot - Order for Performance Food is up-to-date. Skipping.
2025-07-05 08:46:45,914 - INFO - CraftableBot - Retrieving order for Sysco (07/03/2025).
2025-07-05 08:46:47,515 - INFO - CraftableBot - [Order Update] Initiating update protocol for Easthill for vendor: Sysco, on 20250703.
2025-07-05 08:46:47,515 - INFO - CraftableBot - [Order Update] Checking for pre-existing order file: Sysco_Easthill_20250703.xlsx
2025-07-05 08:46:47,516 - INFO - CraftableBot - [Order Update] Extracting data from existing order file: Sysco_Easthill_20250703.xlsx
2025-07-05 08:46:47,534 - INFO - CraftableBot - [Order Update] Comparing new data with the existing file for Easthill for Sysco on 20250703.
2025-07-05 08:46:47,534 - INFO - CraftableBot - [Order Update] No changes detected for Easthill for Sysco on 20250703. Skipping update protocol.
2025-07-05 08:46:47,534 - INFO - CraftableBot - Order for Sysco is up-to-date. Skipping.
2025-07-05 08:46:49,597 - INFO - CraftableBot - Retrieving order for Peters Supply (07/03/2025).
2025-07-05 08:46:50,949 - INFO - CraftableBot - [Order Update] Initiating update protocol for Easthill for vendor: Peters Supply, on 20250703.
2025-07-05 08:46:50,949 - INFO - CraftableBot - [Order Update] Checking for pre-existing order file: Peters Supply_Easthill_20250703.xlsx
2025-07-05 08:46:50,950 - INFO - CraftableBot - [Order Update] Extracting data from existing order file: Peters Supply_Easthill_20250703.xlsx
2025-07-05 08:46:50,967 - INFO - CraftableBot - [Order Update] Comparing new data with the existing file for Easthill for Peters Supply on 20250703.
2025-07-05 08:46:50,967 - INFO - CraftableBot - [Order Update] No changes detected for Easthill for Peters Supply on 20250703. Skipping update protocol.
2025-07-05 08:46:50,967 - INFO - CraftableBot - Order for Peters Supply is up-to-date. Skipping.
2025-07-05 08:46:53,023 - INFO - CraftableBot - Retrieving order for Regional Distributors, Inc. (07/03/2025).
2025-07-05 08:46:54,492 - INFO - CraftableBot - [Order Update] Initiating update protocol for Easthill for vendor: Regional Distributors, Inc., on 20250703.
2025-07-05 08:46:54,492 - INFO - CraftableBot - [Order Update] Checking for pre-existing order file: Regional Distributors, Inc._Easthill_20250703.xlsx
2025-07-05 08:46:54,493 - INFO - CraftableBot - [Order Update] Extracting data from existing order file: Regional Distributors, Inc._Easthill_20250703.xlsx
2025-07-05 08:46:54,508 - INFO - CraftableBot - [Order Update] Comparing new data with the existing file for Easthill for Regional Distributors, Inc. on 20250703.
2025-07-05 08:46:54,508 - INFO - CraftableBot - [Order Update] Removing outdated order file: C:\Users\andrew\Desktop\Andrew\Projects\RandomStuff\WorkBot\main\backend\ordering\OrderFiles\Regional Distributors, Inc.\Regional Distributors, Inc._Easthill_20250703.xlsx
2025-07-05 08:46:54,508 - INFO - CraftableBot - [File Cleanup] Attempting to remove file: C:\Users\andrew\Desktop\Andrew\Projects\RandomStuff\WorkBot\main\backend\ordering\OrderFiles\Regional Distributors, Inc.\Regional Distributors, Inc._Easthill_20250703.xlsx
2025-07-05 08:46:54,509 - INFO - CraftableBot - [File Cleanup] Successfully removed file: C:\Users\andrew\Desktop\Andrew\Projects\RandomStuff\WorkBot\main\backend\ordering\OrderFiles\Regional Distributors, Inc.\Regional Distributors, Inc._Easthill_20250703.xlsx
2025-07-05 08:46:54,509 - INFO - CraftableBot - [File Cleanup] Attempting to remove file: C:\Users\andrew\Desktop\Andrew\Projects\RandomStuff\WorkBot\main\backend\ordering\OrderFiles\Regional Distributors, Inc.\Regional Distributors, Inc._Easthill_20250703.pdf
2025-07-05 08:46:54,510 - INFO - CraftableBot - [File Cleanup] Successfully removed file: C:\Users\andrew\Desktop\Andrew\Projects\RandomStuff\WorkBot\main\backend\ordering\OrderFiles\Regional Distributors, Inc.\Regional Distributors, Inc._Easthill_20250703.pdf
2025-07-05 08:46:54,510 - INFO - CraftableBot - Saving order for Regional Distributors, Inc..
2025-07-05 08:47:01,882 - INFO - CraftableBot - Retrieving order for US Foods (07/03/2025).
2025-07-05 08:47:03,800 - INFO - CraftableBot - [Order Update] Initiating update protocol for Easthill for vendor: US Foods, on 20250703.
2025-07-05 08:47:03,800 - INFO - CraftableBot - [Order Update] Checking for pre-existing order file: US Foods_Easthill_20250703.xlsx
2025-07-05 08:47:03,801 - INFO - CraftableBot - [Order Update] Extracting data from existing order file: US Foods_Easthill_20250703.xlsx
2025-07-05 08:47:03,819 - INFO - CraftableBot - [Order Update] Comparing new data with the existing file for Easthill for US Foods on 20250703.
2025-07-05 08:47:03,819 - INFO - CraftableBot - [Order Update] No changes detected for Easthill for US Foods on 20250703. Skipping update protocol.
2025-07-05 08:47:03,819 - INFO - CraftableBot - Order for US Foods is up-to-date. Skipping.
2025-07-05 08:47:05,884 - INFO - CraftableBot - Retrieving order for Ithaca Bakery (07/03/2025).
2025-07-05 08:47:09,084 - INFO - CraftableBot - [Order Update] Initiating update protocol for Easthill for vendor: Ithaca Bakery, on 20250703.
2025-07-05 08:47:09,084 - INFO - CraftableBot - [Order Update] Checking for pre-existing order file: Ithaca Bakery_Easthill_20250703.xlsx
2025-07-05 08:47:09,085 - INFO - CraftableBot - [Order Update] Extracting data from existing order file: Ithaca Bakery_Easthill_20250703.xlsx
2025-07-05 08:47:09,104 - INFO - CraftableBot - [Order Update] Comparing new data with the existing file for Easthill for Ithaca Bakery on 20250703.
2025-07-05 08:47:09,104 - INFO - CraftableBot - [Order Update] Removing outdated order file: C:\Users\andrew\Desktop\Andrew\Projects\RandomStuff\WorkBot\main\backend\ordering\OrderFiles\Ithaca Bakery\Ithaca Bakery_Easthill_20250703.xlsx
2025-07-05 08:47:09,104 - INFO - CraftableBot - [File Cleanup] Attempting to remove file: C:\Users\andrew\Desktop\Andrew\Projects\RandomStuff\WorkBot\main\backend\ordering\OrderFiles\Ithaca Bakery\Ithaca Bakery_Easthill_20250703.xlsx
2025-07-05 08:47:09,104 - INFO - CraftableBot - [File Cleanup] Successfully removed file: C:\Users\andrew\Desktop\Andrew\Projects\RandomStuff\WorkBot\main\backend\ordering\OrderFiles\Ithaca Bakery\Ithaca Bakery_Easthill_20250703.xlsx
2025-07-05 08:47:09,105 - INFO - CraftableBot - [File Cleanup] Attempting to remove file: C:\Users\andrew\Desktop\Andrew\Projects\RandomStuff\WorkBot\main\backend\ordering\OrderFiles\Ithaca Bakery\Ithaca Bakery_Easthill_20250703.pdf
2025-07-05 08:47:09,105 - INFO - CraftableBot - [File Cleanup] Successfully removed file: C:\Users\andrew\Desktop\Andrew\Projects\RandomStuff\WorkBot\main\backend\ordering\OrderFiles\Ithaca Bakery\Ithaca Bakery_Easthill_20250703.pdf
2025-07-05 08:47:09,105 - INFO - CraftableBot - Saving order for Ithaca Bakery.
2025-07-05 08:47:16,497 - INFO - CraftableBot - Retrieving order for Copper Horse Coffee (07/03/2025).
2025-07-05 08:47:17,652 - INFO - CraftableBot - [Order Update] Initiating update protocol for Easthill for vendor: Copper Horse Coffee, on 20250703.
2025-07-05 08:47:17,652 - INFO - CraftableBot - [Order Update] Checking for pre-existing order file: Copper Horse Coffee_Easthill_20250703.xlsx
2025-07-05 08:47:17,653 - INFO - CraftableBot - [Order Update] Extracting data from existing order file: Copper Horse Coffee_Easthill_20250703.xlsx
2025-07-05 08:47:17,669 - INFO - CraftableBot - [Order Update] Comparing new data with the existing file for Easthill for Copper Horse Coffee on 20250703.
2025-07-05 08:47:17,669 - INFO - CraftableBot - [Order Update] Removing outdated order file: C:\Users\andrew\Desktop\Andrew\Projects\RandomStuff\WorkBot\main\backend\ordering\OrderFiles\Copper Horse Coffee\Copper Horse Coffee_Easthill_20250703.xlsx
2025-07-05 08:47:17,669 - INFO - CraftableBot - [File Cleanup] Attempting to remove file: C:\Users\andrew\Desktop\Andrew\Projects\RandomStuff\WorkBot\main\backend\ordering\OrderFiles\Copper Horse Coffee\Copper Horse Coffee_Easthill_20250703.xlsx
2025-07-05 08:47:17,670 - INFO - CraftableBot - [File Cleanup] Successfully removed file: C:\Users\andrew\Desktop\Andrew\Projects\RandomStuff\WorkBot\main\backend\ordering\OrderFiles\Copper Horse Coffee\Copper Horse Coffee_Easthill_20250703.xlsx
2025-07-05 08:47:17,670 - INFO - CraftableBot - [File Cleanup] Attempting to remove file: C:\Users\andrew\Desktop\Andrew\Projects\RandomStuff\WorkBot\main\backend\ordering\OrderFiles\Copper Horse Coffee\Copper Horse Coffee_Easthill_20250703.pdf
2025-07-05 08:47:17,670 - INFO - CraftableBot - [File Cleanup] Successfully removed file: C:\Users\andrew\Desktop\Andrew\Projects\RandomStuff\WorkBot\main\backend\ordering\OrderFiles\Copper Horse Coffee\Copper Horse Coffee_Easthill_20250703.pdf
2025-07-05 08:47:17,670 - INFO - CraftableBot - Saving order for Copper Horse Coffee.
2025-07-05 08:47:25,059 - INFO - CraftableBot - Retrieving order for Equal Exchange (07/03/2025).
2025-07-05 08:47:26,509 - INFO - CraftableBot - [Order Update] Initiating update protocol for Easthill for vendor: Equal Exchange, on 20250703.
2025-07-05 08:47:26,509 - INFO - CraftableBot - [Order Update] Checking for pre-existing order file: Equal Exchange_Easthill_20250703.xlsx
2025-07-05 08:47:26,510 - INFO - CraftableBot - [Order Update] Extracting data from existing order file: Equal Exchange_Easthill_20250703.xlsx
2025-07-05 08:47:26,525 - INFO - CraftableBot - [Order Update] Comparing new data with the existing file for Easthill for Equal Exchange on 20250703.
2025-07-05 08:47:26,525 - INFO - CraftableBot - [Order Update] No changes detected for Easthill for Equal Exchange on 20250703. Skipping update protocol.
2025-07-05 08:47:26,525 - INFO - CraftableBot - Order for Equal Exchange is up-to-date. Skipping.
2025-07-05 08:47:28,589 - INFO - CraftableBot - Retrieving order for Hill & Markes (07/03/2025).
2025-07-05 08:47:29,880 - INFO - CraftableBot - [Order Update] Initiating update protocol for Easthill for vendor: Hill & Markes, on 20250703.
2025-07-05 08:47:29,880 - INFO - CraftableBot - [Order Update] Checking for pre-existing order file: Hill & Markes_Easthill_20250703.xlsx
2025-07-05 08:47:29,881 - INFO - CraftableBot - [Order Update] Extracting data from existing order file: Hill & Markes_Easthill_20250703.xlsx
2025-07-05 08:47:29,896 - INFO - CraftableBot - [Order Update] Comparing new data with the existing file for Easthill for Hill & Markes on 20250703.
2025-07-05 08:47:29,896 - INFO - CraftableBot - [Order Update] Removing outdated order file: C:\Users\andrew\Desktop\Andrew\Projects\RandomStuff\WorkBot\main\backend\ordering\OrderFiles\Hill & Markes\Hill & Markes_Easthill_20250703.xlsx
2025-07-05 08:47:29,896 - INFO - CraftableBot - [File Cleanup] Attempting to remove file: C:\Users\andrew\Desktop\Andrew\Projects\RandomStuff\WorkBot\main\backend\ordering\OrderFiles\Hill & Markes\Hill & Markes_Easthill_20250703.xlsx
2025-07-05 08:47:29,896 - INFO - CraftableBot - [File Cleanup] Successfully removed file: C:\Users\andrew\Desktop\Andrew\Projects\RandomStuff\WorkBot\main\backend\ordering\OrderFiles\Hill & Markes\Hill & Markes_Easthill_20250703.xlsx
2025-07-05 08:47:29,896 - INFO - CraftableBot - [File Cleanup] Attempting to remove file: C:\Users\andrew\Desktop\Andrew\Projects\RandomStuff\WorkBot\main\backend\ordering\OrderFiles\Hill & Markes\Hill & Markes_Easthill_20250703.pdf
2025-07-05 08:47:29,897 - INFO - CraftableBot - [File Cleanup] Successfully removed file: C:\Users\andrew\Desktop\Andrew\Projects\RandomStuff\WorkBot\main\backend\ordering\OrderFiles\Hill & Markes\Hill & Markes_Easthill_20250703.pdf
2025-07-05 08:47:29,897 - INFO - CraftableBot - Saving order for Hill & Markes.
2025-07-05 08:47:37,276 - INFO - CraftableBot - Retrieving order for Hillcrest Dairy (07/03/2025).
2025-07-05 08:47:38,685 - INFO - CraftableBot - [Order Update] Initiating update protocol for Easthill for vendor: Hillcrest Dairy, on 20250703.
2025-07-05 08:47:38,685 - INFO - CraftableBot - [Order Update] Checking for pre-existing order file: Hillcrest Dairy_Easthill_20250703.xlsx
2025-07-05 08:47:38,686 - INFO - CraftableBot - [Order Update] Extracting data from existing order file: Hillcrest Dairy_Easthill_20250703.xlsx
2025-07-05 08:47:38,702 - INFO - CraftableBot - [Order Update] Comparing new data with the existing file for Easthill for Hillcrest Dairy on 20250703.
2025-07-05 08:47:38,702 - INFO - CraftableBot - [Order Update] No changes detected for Easthill for Hillcrest Dairy on 20250703. Skipping update protocol.
2025-07-05 08:47:38,702 - INFO - CraftableBot - Order for Hillcrest Dairy is up-to-date. Skipping.
2025-07-05 08:47:40,756 - INFO - CraftableBot - Retrieving order for UNFI (07/03/2025).
2025-07-05 08:47:42,417 - INFO - CraftableBot - [Order Update] Initiating update protocol for Easthill for vendor: UNFI, on 20250703.
2025-07-05 08:47:42,418 - INFO - CraftableBot - [Order Update] Checking for pre-existing order file: UNFI_Easthill_20250703.xlsx
2025-07-05 08:47:42,418 - INFO - CraftableBot - [Order Update] Extracting data from existing order file: UNFI_Easthill_20250703.xlsx
2025-07-05 08:47:42,423 - INFO - CraftableBot - [Order Update] Comparing new data with the existing file for Easthill for UNFI on 20250703.
2025-07-05 08:47:42,423 - INFO - CraftableBot - [Order Update] No changes detected for Easthill for UNFI on 20250703. Skipping update protocol.
2025-07-05 08:47:42,423 - INFO - CraftableBot - Order for UNFI is up-to-date. Skipping.
2025-07-05 08:47:44,485 - INFO - CraftableBot - Retrieving order for DUTCH VALLEY FOOD DIST (07/04/2025).
2025-07-05 08:47:45,692 - INFO - CraftableBot - [Order Update] Initiating update protocol for Easthill for vendor: DUTCH VALLEY FOOD DIST, on 20250704.
2025-07-05 08:47:45,692 - INFO - CraftableBot - [Order Update] Checking for pre-existing order file: DUTCH VALLEY FOOD DIST_Easthill_20250704.xlsx
2025-07-05 08:47:45,693 - INFO - CraftableBot - [Order Update] Extracting data from existing order file: DUTCH VALLEY FOOD DIST_Easthill_20250704.xlsx
2025-07-05 08:47:45,711 - INFO - CraftableBot - [Order Update] Comparing new data with the existing file for Easthill for DUTCH VALLEY FOOD DIST on 20250704.
2025-07-05 08:47:45,711 - INFO - CraftableBot - [Order Update] No changes detected for Easthill for DUTCH VALLEY FOOD DIST on 20250704. Skipping update protocol.
2025-07-05 08:47:45,711 - INFO - CraftableBot - Order for DUTCH VALLEY FOOD DIST is up-to-date. Skipping.
2025-07-05 08:47:47,770 - INFO - CraftableBot - Retrieving order for FingerLakes Farms (07/04/2025).
2025-07-05 08:47:49,070 - INFO - CraftableBot - [Order Update] Initiating update protocol for Easthill for vendor: FingerLakes Farms, on 20250704.
2025-07-05 08:47:49,071 - INFO - CraftableBot - [Order Update] Checking for pre-existing order file: FingerLakes Farms_Easthill_20250704.xlsx
2025-07-05 08:47:49,071 - INFO - CraftableBot - [Order Update] Extracting data from existing order file: FingerLakes Farms_Easthill_20250704.xlsx
2025-07-05 08:47:49,091 - INFO - CraftableBot - [Order Update] Comparing new data with the existing file for Easthill for FingerLakes Farms on 20250704.
2025-07-05 08:47:49,091 - INFO - CraftableBot - [Order Update] No changes detected for Easthill for FingerLakes Farms on 20250704. Skipping update protocol.
2025-07-05 08:47:49,091 - INFO - CraftableBot - Order for FingerLakes Farms is up-to-date. Skipping.
2025-07-05 08:47:51,111 - INFO - CraftableBot - Accessing order page for Downtown.
2025-07-05 08:47:57,616 - INFO - CraftableBot - Retrieving order for Hillcrest Dairy (07/04/2025).
2025-07-05 08:47:58,936 - INFO - CraftableBot - [Order Update] Initiating update protocol for Downtown for vendor: Hillcrest Dairy, on 20250704.
2025-07-05 08:47:58,936 - INFO - CraftableBot - [Order Update] Checking for pre-existing order file: Hillcrest Dairy_Downtown_20250704.xlsx
2025-07-05 08:47:58,937 - INFO - CraftableBot - [Order Update] Extracting data from existing order file: Hillcrest Dairy_Downtown_20250704.xlsx
2025-07-05 08:47:58,960 - INFO - CraftableBot - [Order Update] Comparing new data with the existing file for Downtown for Hillcrest Dairy on 20250704.
2025-07-05 08:47:58,960 - INFO - CraftableBot - [Order Update] No changes detected for Downtown for Hillcrest Dairy on 20250704. Skipping update protocol.
2025-07-05 08:47:58,960 - INFO - CraftableBot - Order for Hillcrest Dairy is up-to-date. Skipping.
2025-07-05 08:48:01,070 - INFO - CraftableBot - Retrieving order for Performance Food (07/04/2025).
2025-07-05 08:48:02,627 - INFO - CraftableBot - [Order Update] Initiating update protocol for Downtown for vendor: Performance Food, on 20250704.
2025-07-05 08:48:02,627 - INFO - CraftableBot - [Order Update] Checking for pre-existing order file: Performance Food_Downtown_20250704.xlsx
2025-07-05 08:48:02,628 - INFO - CraftableBot - [Order Update] Extracting data from existing order file: Performance Food_Downtown_20250704.xlsx
2025-07-05 08:48:02,644 - INFO - CraftableBot - [Order Update] Comparing new data with the existing file for Downtown for Performance Food on 20250704.
2025-07-05 08:48:02,644 - INFO - CraftableBot - [Order Update] No changes detected for Downtown for Performance Food on 20250704. Skipping update protocol.
2025-07-05 08:48:02,644 - INFO - CraftableBot - Order for Performance Food is up-to-date. Skipping.
2025-07-05 08:48:04,714 - INFO - CraftableBot - Retrieving order for Ithaca Bakery (07/04/2025).
2025-07-05 08:48:08,211 - INFO - CraftableBot - [Order Update] Initiating update protocol for Downtown for vendor: Ithaca Bakery, on 20250704.
2025-07-05 08:48:08,211 - INFO - CraftableBot - [Order Update] Checking for pre-existing order file: Ithaca Bakery_Downtown_20250704.xlsx
2025-07-05 08:48:08,212 - INFO - CraftableBot - [Order Update] Extracting data from existing order file: Ithaca Bakery_Downtown_20250704.xlsx
2025-07-05 08:48:08,232 - INFO - CraftableBot - [Order Update] Comparing new data with the existing file for Downtown for Ithaca Bakery on 20250704.
2025-07-05 08:48:08,232 - INFO - CraftableBot - [Order Update] Removing outdated order file: C:\Users\andrew\Desktop\Andrew\Projects\RandomStuff\WorkBot\main\backend\ordering\OrderFiles\Ithaca Bakery\Ithaca Bakery_Downtown_20250704.xlsx
2025-07-05 08:48:08,232 - INFO - CraftableBot - [File Cleanup] Attempting to remove file: C:\Users\andrew\Desktop\Andrew\Projects\RandomStuff\WorkBot\main\backend\ordering\OrderFiles\Ithaca Bakery\Ithaca Bakery_Downtown_20250704.xlsx
2025-07-05 08:48:08,233 - INFO - CraftableBot - [File Cleanup] Successfully removed file: C:\Users\andrew\Desktop\Andrew\Projects\RandomStuff\WorkBot\main\backend\ordering\OrderFiles\Ithaca Bakery\Ithaca Bakery_Downtown_20250704.xlsx
2025-07-05 08:48:08,233 - INFO - CraftableBot - [File Cleanup] Attempting to remove file: C:\Users\andrew\Desktop\Andrew\Projects\RandomStuff\WorkBot\main\backend\ordering\OrderFiles\Ithaca Bakery\Ithaca Bakery_Downtown_20250704.pdf
2025-07-05 08:48:08,233 - INFO - CraftableBot - [File Cleanup] Successfully removed file: C:\Users\andrew\Desktop\Andrew\Projects\RandomStuff\WorkBot\main\backend\ordering\OrderFiles\Ithaca Bakery\Ithaca Bakery_Downtown_20250704.pdf
2025-07-05 08:48:08,234 - INFO - CraftableBot - Saving order for Ithaca Bakery.
2025-07-05 08:48:15,645 - INFO - CraftableBot - Retrieving order for Equal Exchange (07/04/2025).
2025-07-05 08:48:16,897 - INFO - CraftableBot - [Order Update] Initiating update protocol for Downtown for vendor: Equal Exchange, on 20250704.
2025-07-05 08:48:16,897 - INFO - CraftableBot - [Order Update] Checking for pre-existing order file: Equal Exchange_Downtown_20250704.xlsx
2025-07-05 08:48:16,898 - INFO - CraftableBot - [Order Update] Extracting data from existing order file: Equal Exchange_Downtown_20250704.xlsx
2025-07-05 08:48:16,913 - INFO - CraftableBot - [Order Update] Comparing new data with the existing file for Downtown for Equal Exchange on 20250704.
2025-07-05 08:48:16,913 - INFO - CraftableBot - [Order Update] No changes detected for Downtown for Equal Exchange on 20250704. Skipping update protocol.
2025-07-05 08:48:16,914 - INFO - CraftableBot - Order for Equal Exchange is up-to-date. Skipping.
2025-07-05 08:48:18,975 - INFO - CraftableBot - Retrieving order for US Foods (07/04/2025).
2025-07-05 08:48:20,704 - INFO - CraftableBot - [Order Update] Initiating update protocol for Downtown for vendor: US Foods, on 20250704.
2025-07-05 08:48:20,704 - INFO - CraftableBot - [Order Update] Checking for pre-existing order file: US Foods_Downtown_20250704.xlsx
2025-07-05 08:48:20,705 - INFO - CraftableBot - [Order Update] Extracting data from existing order file: US Foods_Downtown_20250704.xlsx
2025-07-05 08:48:20,722 - INFO - CraftableBot - [Order Update] Comparing new data with the existing file for Downtown for US Foods on 20250704.
2025-07-05 08:48:20,722 - INFO - CraftableBot - [Order Update] No changes detected for Downtown for US Foods on 20250704. Skipping update protocol.
2025-07-05 08:48:20,722 - INFO - CraftableBot - Order for US Foods is up-to-date. Skipping.
2025-07-05 08:48:22,785 - INFO - CraftableBot - Retrieving order for Sysco (07/04/2025).
2025-07-05 08:48:24,553 - INFO - CraftableBot - [Order Update] Initiating update protocol for Downtown for vendor: Sysco, on 20250704.
2025-07-05 08:48:24,553 - INFO - CraftableBot - [Order Update] Checking for pre-existing order file: Sysco_Downtown_20250704.xlsx
2025-07-05 08:48:24,554 - INFO - CraftableBot - [Order Update] Extracting data from existing order file: Sysco_Downtown_20250704.xlsx
2025-07-05 08:48:24,570 - INFO - CraftableBot - [Order Update] Comparing new data with the existing file for Downtown for Sysco on 20250704.
2025-07-05 08:48:24,570 - INFO - CraftableBot - [Order Update] No changes detected for Downtown for Sysco on 20250704. Skipping update protocol.
2025-07-05 08:48:24,570 - INFO - CraftableBot - Order for Sysco is up-to-date. Skipping.
2025-07-05 08:48:26,632 - INFO - CraftableBot - Retrieving order for Regional Distributors, Inc. (07/04/2025).
2025-07-05 08:48:27,841 - INFO - CraftableBot - [Order Update] Initiating update protocol for Downtown for vendor: Regional Distributors, Inc., on 20250704.
2025-07-05 08:48:27,841 - INFO - CraftableBot - [Order Update] Checking for pre-existing order file: Regional Distributors, Inc._Downtown_20250704.xlsx
2025-07-05 08:48:27,842 - INFO - CraftableBot - [Order Update] Extracting data from existing order file: Regional Distributors, Inc._Downtown_20250704.xlsx
2025-07-05 08:48:27,868 - INFO - CraftableBot - [Order Update] Comparing new data with the existing file for Downtown for Regional Distributors, Inc. on 20250704.
2025-07-05 08:48:27,868 - INFO - CraftableBot - [Order Update] No changes detected for Downtown for Regional Distributors, Inc. on 20250704. Skipping update protocol.
2025-07-05 08:48:27,868 - INFO - CraftableBot - Order for Regional Distributors, Inc. is up-to-date. Skipping.
2025-07-05 08:48:29,926 - INFO - CraftableBot - Retrieving order for FingerLakes Farms (07/04/2025).
2025-07-05 08:48:31,265 - INFO - CraftableBot - [Order Update] Initiating update protocol for Downtown for vendor: FingerLakes Farms, on 20250704.
2025-07-05 08:48:31,265 - INFO - CraftableBot - [Order Update] Checking for pre-existing order file: FingerLakes Farms_Downtown_20250704.xlsx
2025-07-05 08:48:31,265 - INFO - CraftableBot - [Order Update] Extracting data from existing order file: FingerLakes Farms_Downtown_20250704.xlsx
2025-07-05 08:48:31,281 - INFO - CraftableBot - [Order Update] Comparing new data with the existing file for Downtown for FingerLakes Farms on 20250704.
2025-07-05 08:48:31,281 - INFO - CraftableBot - [Order Update] No changes detected for Downtown for FingerLakes Farms on 20250704. Skipping update protocol.
2025-07-05 08:48:31,282 - INFO - CraftableBot - Order for FingerLakes Farms is up-to-date. Skipping.
2025-07-05 08:48:33,342 - INFO - CraftableBot - Retrieving order for Coca-Cola (07/04/2025).
2025-07-05 08:48:34,690 - INFO - CraftableBot - [Order Update] Initiating update protocol for Downtown for vendor: Coca-Cola, on 20250704.
2025-07-05 08:48:34,690 - INFO - CraftableBot - [Order Update] Checking for pre-existing order file: Coca-Cola_Downtown_20250704.xlsx
2025-07-05 08:48:34,690 - INFO - CraftableBot - [Order Update] Extracting data from existing order file: Coca-Cola_Downtown_20250704.xlsx
2025-07-05 08:48:34,694 - INFO - CraftableBot - [Order Update] Comparing new data with the existing file for Downtown for Coca-Cola on 20250704.
2025-07-05 08:48:34,694 - INFO - CraftableBot - [Order Update] No changes detected for Downtown for Coca-Cola on 20250704. Skipping update protocol.
2025-07-05 08:48:34,694 - INFO - CraftableBot - Order for Coca-Cola is up-to-date. Skipping.
2025-07-05 08:48:36,813 - INFO - CraftableBot - Retrieving order for Peters Supply (07/04/2025).
2025-07-05 08:48:38,114 - INFO - CraftableBot - [Order Update] Initiating update protocol for Downtown for vendor: Peters Supply, on 20250704.
2025-07-05 08:48:38,114 - INFO - CraftableBot - [Order Update] Checking for pre-existing order file: Peters Supply_Downtown_20250704.xlsx
2025-07-05 08:48:38,115 - INFO - CraftableBot - [Order Update] Extracting data from existing order file: Peters Supply_Downtown_20250704.xlsx
2025-07-05 08:48:38,131 - INFO - CraftableBot - [Order Update] Comparing new data with the existing file for Downtown for Peters Supply on 20250704.
2025-07-05 08:48:38,131 - INFO - CraftableBot - [Order Update] No changes detected for Downtown for Peters Supply on 20250704. Skipping update protocol.
2025-07-05 08:48:38,131 - INFO - CraftableBot - Order for Peters Supply is up-to-date. Skipping.
2025-07-05 08:48:40,192 - INFO - CraftableBot - Retrieving order for UNFI (07/04/2025).
2025-07-05 08:48:42,146 - INFO - CraftableBot - [Order Update] Initiating update protocol for Downtown for vendor: UNFI, on 20250704.
2025-07-05 08:48:42,146 - INFO - CraftableBot - [Order Update] Checking for pre-existing order file: UNFI_Downtown_20250704.xlsx
2025-07-05 08:48:42,147 - INFO - CraftableBot - [Order Update] Extracting data from existing order file: UNFI_Downtown_20250704.xlsx
2025-07-05 08:48:42,152 - INFO - CraftableBot - [Order Update] Comparing new data with the existing file for Downtown for UNFI on 20250704.
2025-07-05 08:48:42,152 - INFO - CraftableBot - [Order Update] No changes detected for Downtown for UNFI on 20250704. Skipping update protocol.
2025-07-05 08:48:42,152 - INFO - CraftableBot - Order for UNFI is up-to-date. Skipping.
2025-07-05 08:48:44,213 - INFO - CraftableBot - Retrieving order for Hill & Markes (07/04/2025).
2025-07-05 08:48:45,570 - INFO - CraftableBot - [Order Update] Initiating update protocol for Downtown for vendor: Hill & Markes, on 20250704.
2025-07-05 08:48:45,570 - INFO - CraftableBot - [Order Update] Checking for pre-existing order file: Hill & Markes_Downtown_20250704.xlsx
2025-07-05 08:48:45,571 - INFO - CraftableBot - [Order Update] Extracting data from existing order file: Hill & Markes_Downtown_20250704.xlsx
2025-07-05 08:48:45,586 - INFO - CraftableBot - [Order Update] Comparing new data with the existing file for Downtown for Hill & Markes on 20250704.
2025-07-05 08:48:45,586 - INFO - CraftableBot - [Order Update] No changes detected for Downtown for Hill & Markes on 20250704. Skipping update protocol.
2025-07-05 08:48:45,586 - INFO - CraftableBot - Order for Hill & Markes is up-to-date. Skipping.
2025-07-05 08:48:47,646 - INFO - CraftableBot - Retrieving order for Johnston Paper (07/04/2025).
2025-07-05 08:48:48,922 - INFO - CraftableBot - [Order Update] Initiating update protocol for Downtown for vendor: Johnston Paper, on 20250704.
2025-07-05 08:48:48,922 - INFO - CraftableBot - [Order Update] Checking for pre-existing order file: Johnston Paper_Downtown_20250704.xlsx
2025-07-05 08:48:48,923 - INFO - CraftableBot - [Order Update] Extracting data from existing order file: Johnston Paper_Downtown_20250704.xlsx
2025-07-05 08:48:48,939 - INFO - CraftableBot - [Order Update] Comparing new data with the existing file for Downtown for Johnston Paper on 20250704.
2025-07-05 08:48:48,939 - INFO - CraftableBot - [Order Update] No changes detected for Downtown for Johnston Paper on 20250704. Skipping update protocol.
2025-07-05 08:48:48,939 - INFO - CraftableBot - Order for Johnston Paper is up-to-date. Skipping.
2025-07-05 08:48:51,000 - INFO - CraftableBot - Retrieving order for Copper Horse Coffee (07/04/2025).
2025-07-05 08:48:52,294 - INFO - CraftableBot - [Order Update] Initiating update protocol for Downtown for vendor: Copper Horse Coffee, on 20250704.
2025-07-05 08:48:52,294 - INFO - CraftableBot - [Order Update] Checking for pre-existing order file: Copper Horse Coffee_Downtown_20250704.xlsx
2025-07-05 08:48:52,295 - INFO - CraftableBot - [Order Update] Extracting data from existing order file: Copper Horse Coffee_Downtown_20250704.xlsx
2025-07-05 08:48:52,314 - INFO - CraftableBot - [Order Update] Comparing new data with the existing file for Downtown for Copper Horse Coffee on 20250704.
2025-07-05 08:48:52,315 - INFO - CraftableBot - [Order Update] Removing outdated order file: C:\Users\andrew\Desktop\Andrew\Projects\RandomStuff\WorkBot\main\backend\ordering\OrderFiles\Copper Horse Coffee\Copper Horse Coffee_Downtown_20250704.xlsx
2025-07-05 08:48:52,315 - INFO - CraftableBot - [File Cleanup] Attempting to remove file: C:\Users\andrew\Desktop\Andrew\Projects\RandomStuff\WorkBot\main\backend\ordering\OrderFiles\Copper Horse Coffee\Copper Horse Coffee_Downtown_20250704.xlsx
2025-07-05 08:48:52,315 - INFO - CraftableBot - [File Cleanup] Successfully removed file: C:\Users\andrew\Desktop\Andrew\Projects\RandomStuff\WorkBot\main\backend\ordering\OrderFiles\Copper Horse Coffee\Copper Horse Coffee_Downtown_20250704.xlsx
2025-07-05 08:48:52,315 - INFO - CraftableBot - [File Cleanup] Attempting to remove file: C:\Users\andrew\Desktop\Andrew\Projects\RandomStuff\WorkBot\main\backend\ordering\OrderFiles\Copper Horse Coffee\Copper Horse Coffee_Downtown_20250704.pdf
2025-07-05 08:48:52,316 - INFO - CraftableBot - [File Cleanup] Successfully removed file: C:\Users\andrew\Desktop\Andrew\Projects\RandomStuff\WorkBot\main\backend\ordering\OrderFiles\Copper Horse Coffee\Copper Horse Coffee_Downtown_20250704.pdf
2025-07-05 08:48:52,316 - INFO - CraftableBot - Saving order for Copper Horse Coffee.
2025-07-05 08:48:59,771 - INFO - CraftableBot - Retrieving order for Worlds Best Cheeses (07/05/2025).
2025-07-05 08:49:01,227 - INFO - CraftableBot - [Order Update] Initiating update protocol for Downtown for vendor: Worlds Best Cheeses, on 20250705.
2025-07-05 08:49:01,228 - INFO - CraftableBot - [Order Update] Checking for pre-existing order file: Worlds Best Cheeses_Downtown_20250705.xlsx
2025-07-05 08:49:01,228 - INFO - CraftableBot - [Order Update] No order directory found for vendor: Worlds Best Cheeses. Proceeding with new download.
2025-07-05 08:49:01,228 - INFO - CraftableBot - Saving order for Worlds Best Cheeses.
2025-07-05 08:49:08,622 - INFO - CraftableBot - Retrieving order for Hen of the Woods (07/05/2025).
2025-07-05 08:49:09,827 - INFO - CraftableBot - [Order Update] Initiating update protocol for Downtown for vendor: Hen of the Woods, on 20250705.
2025-07-05 08:49:09,827 - INFO - CraftableBot - [Order Update] Checking for pre-existing order file: Hen of the Woods_Downtown_20250705.xlsx
2025-07-05 08:49:09,828 - INFO - CraftableBot - [Order Update] No order directory found for vendor: Hen of the Woods. Proceeding with new download.
2025-07-05 08:49:09,828 - INFO - CraftableBot - Saving order for Hen of the Woods.
2025-07-05 08:49:17,212 - INFO - CraftableBot - Retrieving order for Katz Specialty Food Group, LLC (07/05/2025).
2025-07-05 08:49:18,503 - INFO - CraftableBot - [Order Update] Initiating update protocol for Downtown for vendor: Katz Specialty Food Group, LLC, on 20250705.
2025-07-05 08:49:18,503 - INFO - CraftableBot - [Order Update] Checking for pre-existing order file: Katz Specialty Food Group, LLC_Downtown_20250705.xlsx
2025-07-05 08:49:18,504 - INFO - CraftableBot - [Order Update] No order directory found for vendor: Katz Specialty Food Group, LLC. Proceeding with new download.
2025-07-05 08:49:18,504 - INFO - CraftableBot - Saving order for Katz Specialty Food Group, LLC.
2025-07-05 08:49:25,878 - INFO - CraftableBot - Retrieving order for Wegmans (07/05/2025).
2025-07-05 08:49:27,034 - INFO - CraftableBot - [Order Update] Initiating update protocol for Downtown for vendor: Wegmans, on 20250705.
2025-07-05 08:49:27,035 - INFO - CraftableBot - [Order Update] Checking for pre-existing order file: Wegmans_Downtown_20250705.xlsx
2025-07-05 08:49:27,035 - INFO - CraftableBot - [Order Update] No order directory found for vendor: Wegmans. Proceeding with new download.
2025-07-05 08:49:27,035 - INFO - CraftableBot - Saving order for Wegmans.
2025-07-05 08:49:34,394 - INFO - CraftableBot - Order download complete.
2025-07-05 13:57:16,749 - INFO - CraftableBot - Closing WebDriver session.
2025-07-05 13:57:16,827 - INFO - CraftableBot - WebDriver session closed.
