2025-03-02 11:37:24,046 - INFO - VendorManager - Initialized Ithaca Bakery bot.
2025-03-02 11:46:07,665 - INFO - WorkBot - Initializing WorkBot...
2025-03-02 11:46:10,628 - INFO - WorkBot - WorkBot initialized successfully.
2025-03-02 11:47:11,438 - INFO - CraftableBot - Logging into Craftable.
2025-03-02 11:47:19,034 - INFO - CraftableBot - Login successful.
2025-03-02 11:47:19,034 - INFO - CraftableBot - Starting order download protocol.
2025-03-02 11:47:19,035 - INFO - CraftableBot - Accessing order page for BAKERY.
2025-03-02 11:47:19,036 - ERROR - backend.craftable_bot.CraftableBot - Error in get_url: type object 'CraftableBot' has no attribute 'logger'
Traceback (most recent call last):
  File "C:\Users\Will\Desktop\Andrew\Projects\RandomStuff\WorkBot\main\backend\logger\Logger.py", line 100, in wrapper
    return func(*args, **kwargs)
  File "C:\Users\Will\Desktop\Andrew\Projects\RandomStuff\WorkBot\main\backend\craftable_bot\CraftableBot.py", line 388, in get_url
    cls.logger.debug('Retrieving URL from site map.')
    ^^^^^^^^^^
AttributeError: type object 'CraftableBot' has no attribute 'logger'
2025-03-02 11:47:19,040 - ERROR - CraftableBot - Error in download_orders: type object 'CraftableBot' has no attribute 'logger'
Traceback (most recent call last):
  File "C:\Users\Will\Desktop\Andrew\Projects\RandomStuff\WorkBot\main\backend\logger\Logger.py", line 100, in wrapper
    return func(*args, **kwargs)
  File "C:\Users\Will\Desktop\Andrew\Projects\RandomStuff\WorkBot\main\backend\craftable_bot\CraftableBot.py", line 214, in download_orders
    store_order_url = self.get_url('orders_page', store=store)
  File "C:\Users\Will\Desktop\Andrew\Projects\RandomStuff\WorkBot\main\backend\logger\Logger.py", line 100, in wrapper
    return func(*args, **kwargs)
  File "C:\Users\Will\Desktop\Andrew\Projects\RandomStuff\WorkBot\main\backend\craftable_bot\CraftableBot.py", line 388, in get_url
    cls.logger.debug('Retrieving URL from site map.')
    ^^^^^^^^^^
AttributeError: type object 'CraftableBot' has no attribute 'logger'
2025-03-02 11:48:08,012 - INFO - WorkBot - Initializing WorkBot...
2025-03-02 11:48:10,193 - INFO - WorkBot - WorkBot initialized successfully.
2025-03-02 11:48:21,421 - INFO - CraftableBot - Logging into Craftable.
2025-03-02 11:48:29,197 - INFO - CraftableBot - Login successful.
2025-03-02 11:48:29,198 - INFO - CraftableBot - Starting order download protocol.
2025-03-02 11:48:29,198 - INFO - CraftableBot - Accessing order page for BAKERY.
2025-03-02 11:48:29,199 - ERROR - backend.craftable_bot.CraftableBot - Error in get_url: type object 'CraftableBot' has no attribute 'logger'
Traceback (most recent call last):
  File "C:\Users\Will\Desktop\Andrew\Projects\RandomStuff\WorkBot\main\backend\logger\Logger.py", line 100, in wrapper
    return func(*args, **kwargs)
  File "C:\Users\Will\Desktop\Andrew\Projects\RandomStuff\WorkBot\main\backend\craftable_bot\CraftableBot.py", line 382, in get_url
    cls.logger.debug('Retrieving URL from site map.')
    ^^^^^^^^^^
AttributeError: type object 'CraftableBot' has no attribute 'logger'
2025-03-02 11:48:29,202 - ERROR - CraftableBot - Error in download_orders: type object 'CraftableBot' has no attribute 'logger'
Traceback (most recent call last):
  File "C:\Users\Will\Desktop\Andrew\Projects\RandomStuff\WorkBot\main\backend\logger\Logger.py", line 100, in wrapper
    return func(*args, **kwargs)
  File "C:\Users\Will\Desktop\Andrew\Projects\RandomStuff\WorkBot\main\backend\craftable_bot\CraftableBot.py", line 208, in download_orders
    store_order_url = self.get_url('orders_page', store=store)
  File "C:\Users\Will\Desktop\Andrew\Projects\RandomStuff\WorkBot\main\backend\logger\Logger.py", line 100, in wrapper
    return func(*args, **kwargs)
  File "C:\Users\Will\Desktop\Andrew\Projects\RandomStuff\WorkBot\main\backend\craftable_bot\CraftableBot.py", line 382, in get_url
    cls.logger.debug('Retrieving URL from site map.')
    ^^^^^^^^^^
AttributeError: type object 'CraftableBot' has no attribute 'logger'
2025-03-02 11:56:37,518 - INFO - WorkBot - Initializing WorkBot...
2025-03-02 11:56:39,792 - INFO - WorkBot - WorkBot initialized successfully.
2025-03-02 11:56:50,840 - INFO - CraftableBot - Logging into Craftable.
2025-03-02 11:56:58,509 - INFO - CraftableBot - Login successful.
2025-03-02 11:56:58,510 - INFO - CraftableBot - Starting order download protocol.
2025-03-02 11:56:58,510 - INFO - CraftableBot - Accessing order page for BAKERY.
2025-03-02 11:57:05,129 - INFO - CraftableBot - Retrieving order for UNFI (03/01/2025).
2025-03-02 11:57:07,123 - INFO - CraftableBot - [Order Update] Initiating update protocol for BAKERY for vendor: UNFI, on 20250301.
2025-03-02 11:57:07,124 - INFO - CraftableBot - [Order Update] Checking for pre-existing order file: UNFI_BAKERY_20250301.xlsx
2025-03-02 11:57:07,124 - INFO - OrderManager - Looking up directory for: UNFI.
2025-03-02 11:57:07,124 - INFO - OrderManager - Directory found: C:\Users\Will\Desktop\Andrew\Projects\RandomStuff\WorkBot\main\backend\orders\OrderFiles\UNFI
2025-03-02 11:57:07,124 - INFO - CraftableBot - [Order Update] Extracting data from existing order file: UNFI_BAKERY_20250301.xlsx
2025-03-02 11:57:07,256 - INFO - CraftableBot - [Order Update] Comparing new data with the existing file for BAKERY for UNFI on 20250301.
2025-03-02 11:57:07,256 - INFO - CraftableBot - [Order Update] No changes detected for BAKERY for UNFI on 20250301. Skipping update protocol.
2025-03-02 11:57:07,256 - INFO - CraftableBot - Order for UNFI is up-to-date. Skipping.
2025-03-02 11:57:09,353 - INFO - CraftableBot - Retrieving order for Webstaurant (03/01/2025).
2025-03-02 11:57:11,072 - INFO - CraftableBot - [Order Update] Initiating update protocol for BAKERY for vendor: Webstaurant, on 20250301.
2025-03-02 11:57:11,072 - INFO - CraftableBot - [Order Update] Checking for pre-existing order file: Webstaurant_BAKERY_20250301.xlsx
2025-03-02 11:57:11,073 - INFO - OrderManager - Looking up directory for: Webstaurant.
2025-03-02 11:57:11,073 - INFO - OrderManager - Directory found: C:\Users\Will\Desktop\Andrew\Projects\RandomStuff\WorkBot\main\backend\orders\OrderFiles\Webstaurant
2025-03-02 11:57:11,073 - INFO - CraftableBot - [Order Update] Extracting data from existing order file: Webstaurant_BAKERY_20250301.xlsx
2025-03-02 11:57:11,091 - INFO - CraftableBot - [Order Update] Comparing new data with the existing file for BAKERY for Webstaurant on 20250301.
2025-03-02 11:57:11,091 - INFO - CraftableBot - [Order Update] Removing outdated order file: C:\Users\Will\Desktop\Andrew\Projects\RandomStuff\WorkBot\main\backend\orders\OrderFiles\Webstaurant\Webstaurant_BAKERY_20250301.xlsx
2025-03-02 11:57:11,091 - INFO - CraftableBot - [File Cleanup] Attempting to remove file: C:\Users\Will\Desktop\Andrew\Projects\RandomStuff\WorkBot\main\backend\orders\OrderFiles\Webstaurant\Webstaurant_BAKERY_20250301.xlsx
2025-03-02 11:57:11,092 - INFO - CraftableBot - [File Cleanup] Successfully removed file: C:\Users\Will\Desktop\Andrew\Projects\RandomStuff\WorkBot\main\backend\orders\OrderFiles\Webstaurant\Webstaurant_BAKERY_20250301.xlsx
2025-03-02 11:57:11,092 - INFO - CraftableBot - [File Cleanup] Attempting to remove file: C:\Users\Will\Desktop\Andrew\Projects\RandomStuff\WorkBot\main\backend\orders\OrderFiles\Webstaurant\Webstaurant_BAKERY_20250301.pdf
2025-03-02 11:57:11,093 - INFO - CraftableBot - [File Cleanup] Successfully removed file: C:\Users\Will\Desktop\Andrew\Projects\RandomStuff\WorkBot\main\backend\orders\OrderFiles\Webstaurant\Webstaurant_BAKERY_20250301.pdf
2025-03-02 11:57:11,093 - INFO - CraftableBot - Saving order for Webstaurant.
2025-03-02 11:57:18,499 - INFO - CraftableBot - Retrieving order for Sysco (03/02/2025).
2025-03-02 11:57:20,516 - INFO - CraftableBot - [Order Update] Initiating update protocol for BAKERY for vendor: Sysco, on 20250302.
2025-03-02 11:57:20,516 - INFO - CraftableBot - [Order Update] Checking for pre-existing order file: Sysco_BAKERY_20250302.xlsx
2025-03-02 11:57:20,516 - INFO - OrderManager - Looking up directory for: Sysco.
2025-03-02 11:57:20,516 - INFO - OrderManager - Directory found: C:\Users\Will\Desktop\Andrew\Projects\RandomStuff\WorkBot\main\backend\orders\OrderFiles\Sysco
2025-03-02 11:57:20,590 - INFO - CraftableBot - [Order Update] No existing order file found for BAKERY for Sysco on 20250302. Proceeding with new download.
2025-03-02 11:57:20,590 - INFO - CraftableBot - Saving order for Sysco.
2025-03-02 11:57:27,985 - INFO - CraftableBot - Retrieving order for Performance Food (03/02/2025).
2025-03-02 11:57:29,969 - INFO - CraftableBot - [Order Update] Initiating update protocol for BAKERY for vendor: Performance Food, on 20250302.
2025-03-02 11:57:29,969 - INFO - CraftableBot - [Order Update] Checking for pre-existing order file: Performance Food_BAKERY_20250302.xlsx
2025-03-02 11:57:29,969 - INFO - OrderManager - Looking up directory for: Performance Food.
2025-03-02 11:57:29,970 - INFO - OrderManager - Directory found: C:\Users\Will\Desktop\Andrew\Projects\RandomStuff\WorkBot\main\backend\orders\OrderFiles\Performance Food
2025-03-02 11:57:29,970 - INFO - CraftableBot - [Order Update] No existing order file found for BAKERY for Performance Food on 20250302. Proceeding with new download.
2025-03-02 11:57:29,970 - INFO - CraftableBot - Saving order for Performance Food.
2025-03-02 11:57:37,402 - INFO - CraftableBot - Retrieving order for US Foods (03/02/2025).
2025-03-02 11:57:40,054 - INFO - CraftableBot - [Order Update] Initiating update protocol for BAKERY for vendor: US Foods, on 20250302.
2025-03-02 11:57:40,055 - INFO - CraftableBot - [Order Update] Checking for pre-existing order file: US Foods_BAKERY_20250302.xlsx
2025-03-02 11:57:40,055 - INFO - OrderManager - Looking up directory for: US Foods.
2025-03-02 11:57:40,055 - INFO - OrderManager - Directory found: C:\Users\Will\Desktop\Andrew\Projects\RandomStuff\WorkBot\main\backend\orders\OrderFiles\US Foods
2025-03-02 11:57:40,055 - INFO - CraftableBot - [Order Update] No existing order file found for BAKERY for US Foods on 20250302. Proceeding with new download.
2025-03-02 11:57:40,055 - INFO - CraftableBot - Saving order for US Foods.
2025-03-02 11:57:47,450 - INFO - CraftableBot - Retrieving order for Equal Exchange (03/02/2025).
2025-03-02 11:57:48,999 - INFO - CraftableBot - [Order Update] Initiating update protocol for BAKERY for vendor: Equal Exchange, on 20250302.
2025-03-02 11:57:48,999 - INFO - CraftableBot - [Order Update] Checking for pre-existing order file: Equal Exchange_BAKERY_20250302.xlsx
2025-03-02 11:57:48,999 - INFO - OrderManager - Looking up directory for: Equal Exchange.
2025-03-02 11:57:48,999 - INFO - OrderManager - Directory found: C:\Users\Will\Desktop\Andrew\Projects\RandomStuff\WorkBot\main\backend\orders\OrderFiles\Equal Exchange
2025-03-02 11:57:49,000 - INFO - CraftableBot - [Order Update] No existing order file found for BAKERY for Equal Exchange on 20250302. Proceeding with new download.
2025-03-02 11:57:49,000 - INFO - CraftableBot - Saving order for Equal Exchange.
2025-03-02 11:57:56,395 - INFO - CraftableBot - Retrieving order for Eurocafe Imports (03/02/2025).
2025-03-02 11:57:57,607 - INFO - CraftableBot - [Order Update] Initiating update protocol for BAKERY for vendor: Eurocafe Imports, on 20250302.
2025-03-02 11:57:57,607 - INFO - CraftableBot - [Order Update] Checking for pre-existing order file: Eurocafe Imports_BAKERY_20250302.xlsx
2025-03-02 11:57:57,607 - INFO - OrderManager - Looking up directory for: Eurocafe Imports.
2025-03-02 11:57:57,608 - INFO - OrderManager - Directory found: C:\Users\Will\Desktop\Andrew\Projects\RandomStuff\WorkBot\main\backend\orders\OrderFiles\Eurocafe Imports
2025-03-02 11:57:57,608 - INFO - CraftableBot - [Order Update] No existing order file found for BAKERY for Eurocafe Imports on 20250302. Proceeding with new download.
2025-03-02 11:57:57,608 - INFO - CraftableBot - Saving order for Eurocafe Imports.
2025-03-02 11:58:04,987 - INFO - CraftableBot - Retrieving order for Copper Horse Coffee (03/02/2025).
2025-03-02 11:58:06,358 - INFO - CraftableBot - [Order Update] Initiating update protocol for BAKERY for vendor: Copper Horse Coffee, on 20250302.
2025-03-02 11:58:06,358 - INFO - CraftableBot - [Order Update] Checking for pre-existing order file: Copper Horse Coffee_BAKERY_20250302.xlsx
2025-03-02 11:58:06,360 - INFO - OrderManager - Looking up directory for: Copper Horse Coffee.
2025-03-02 11:58:06,360 - INFO - OrderManager - Directory found: C:\Users\Will\Desktop\Andrew\Projects\RandomStuff\WorkBot\main\backend\orders\OrderFiles\Copper Horse Coffee
2025-03-02 11:58:06,361 - INFO - CraftableBot - [Order Update] No existing order file found for BAKERY for Copper Horse Coffee on 20250302. Proceeding with new download.
2025-03-02 11:58:06,361 - INFO - CraftableBot - Saving order for Copper Horse Coffee.
2025-03-02 11:58:13,763 - INFO - CraftableBot - Retrieving order for FingerLakes Farms (03/02/2025).
2025-03-02 11:58:15,308 - INFO - CraftableBot - [Order Update] Initiating update protocol for BAKERY for vendor: FingerLakes Farms, on 20250302.
2025-03-02 11:58:15,309 - INFO - CraftableBot - [Order Update] Checking for pre-existing order file: FingerLakes Farms_BAKERY_20250302.xlsx
2025-03-02 11:58:15,309 - INFO - OrderManager - Looking up directory for: FingerLakes Farms.
2025-03-02 11:58:15,309 - INFO - OrderManager - Directory found: C:\Users\Will\Desktop\Andrew\Projects\RandomStuff\WorkBot\main\backend\orders\OrderFiles\FingerLakes Farms
2025-03-02 11:58:15,309 - INFO - CraftableBot - [Order Update] No existing order file found for BAKERY for FingerLakes Farms on 20250302. Proceeding with new download.
2025-03-02 11:58:15,309 - INFO - CraftableBot - Saving order for FingerLakes Farms.
2025-03-02 11:58:22,701 - INFO - CraftableBot - Retrieving order for Coca-Cola (03/02/2025).
2025-03-02 11:58:24,207 - INFO - CraftableBot - [Order Update] Initiating update protocol for BAKERY for vendor: Coca-Cola, on 20250302.
2025-03-02 11:58:24,208 - INFO - CraftableBot - [Order Update] Checking for pre-existing order file: Coca-Cola_BAKERY_20250302.xlsx
2025-03-02 11:58:24,208 - INFO - OrderManager - Looking up directory for: Coca-Cola.
2025-03-02 11:58:24,208 - INFO - OrderManager - Directory found: C:\Users\Will\Desktop\Andrew\Projects\RandomStuff\WorkBot\main\backend\orders\OrderFiles\Coca-Cola
2025-03-02 11:58:24,208 - INFO - CraftableBot - [Order Update] No existing order file found for BAKERY for Coca-Cola on 20250302. Proceeding with new download.
2025-03-02 11:58:24,208 - INFO - CraftableBot - Saving order for Coca-Cola.
2025-03-02 11:58:31,557 - INFO - CraftableBot - Order download complete.
2025-03-02 12:00:46,037 - INFO - WorkBot - Initializing WorkBot...
2025-03-02 12:00:48,218 - INFO - WorkBot - WorkBot initialized successfully.
2025-03-02 12:03:38,717 - INFO - CraftableBot - Closing WebDriver session.
2025-03-02 12:26:11,379 - INFO - WorkBot - Initializing WorkBot...
2025-03-02 12:26:13,603 - INFO - WorkBot - WorkBot initialized successfully.
2025-03-02 12:26:27,386 - INFO - CraftableBot - Logging into Craftable.
2025-03-02 12:26:35,204 - INFO - CraftableBot - Login successful.
2025-03-02 12:26:35,205 - INFO - CraftableBot - Starting order download protocol.
2025-03-02 12:26:35,205 - INFO - CraftableBot - Accessing order page for TRIPHAMMERY.
2025-03-02 12:26:35,205 - ERROR - CraftableBot - Invalid store name: TRIPHAMMERY
2025-03-02 12:26:35,212 - ERROR - CraftableBot - Error in download_orders: Message: invalid argument
  (Session info: chrome=133.0.6943.142)
Stacktrace:
	GetHandleVerifier [0x00BD0B43+25139]
	(No symbol) [0x00B613F4]
	(No symbol) [0x00A40340]
	(No symbol) [0x00A309E6]
	(No symbol) [0x00A2F095]
	(No symbol) [0x00A2F80B]
	(No symbol) [0x00A43FAE]
	(No symbol) [0x00ACF427]
	(No symbol) [0x00AACFCC]
	(No symbol) [0x00ACE778]
	(No symbol) [0x00AACDC6]
	(No symbol) [0x00A7BDE9]
	(No symbol) [0x00A7D124]
	GetHandleVerifier [0x00ED4373+3185251]
	GetHandleVerifier [0x00EF291A+3309578]
	GetHandleVerifier [0x00EECF42+3286578]
	GetHandleVerifier [0x00C67AE0+643536]
	(No symbol) [0x00B6A20D]
	(No symbol) [0x00B670B8]
	(No symbol) [0x00B67257]
	(No symbol) [0x00B59E00]
	BaseThreadInitThunk [0x76B2FCC9+25]
	RtlGetAppContainerNamedObjectPath [0x77BB82AE+286]
	RtlGetAppContainerNamedObjectPath [0x77BB827E+238]
Traceback (most recent call last):
  File "C:\Users\Will\Desktop\Andrew\Projects\RandomStuff\WorkBot\main\backend\logger\Logger.py", line 100, in wrapper
    return func(*args, **kwargs)
  File "C:\Users\Will\Desktop\Andrew\Projects\RandomStuff\WorkBot\main\backend\craftable_bot\CraftableBot.py", line 209, in download_orders
    self.driver.get(store_order_url)
    ~~~~~~~~~~~~~~~^^^^^^^^^^^^^^^^^
  File "C:\Users\Will\Desktop\Andrew\Projects\RandomStuff\venv\Lib\site-packages\undetected_chromedriver\__init__.py", line 665, in get
    return super().get(url)
           ~~~~~~~~~~~^^^^^
  File "C:\Users\Will\Desktop\Andrew\Projects\RandomStuff\venv\Lib\site-packages\selenium\webdriver\remote\webdriver.py", line 454, in get
    self.execute(Command.GET, {"url": url})
    ~~~~~~~~~~~~^^^^^^^^^^^^^^^^^^^^^^^^^^^
  File "C:\Users\Will\Desktop\Andrew\Projects\RandomStuff\venv\Lib\site-packages\selenium\webdriver\remote\webdriver.py", line 429, in execute
    self.error_handler.check_response(response)
    ~~~~~~~~~~~~~~~~~~~~~~~~~~~~~~~~~^^^^^^^^^^
  File "C:\Users\Will\Desktop\Andrew\Projects\RandomStuff\venv\Lib\site-packages\selenium\webdriver\remote\errorhandler.py", line 232, in check_response
    raise exception_class(message, screen, stacktrace)
selenium.common.exceptions.InvalidArgumentException: Message: invalid argument
  (Session info: chrome=133.0.6943.142)
Stacktrace:
	GetHandleVerifier [0x00BD0B43+25139]
	(No symbol) [0x00B613F4]
	(No symbol) [0x00A40340]
	(No symbol) [0x00A309E6]
	(No symbol) [0x00A2F095]
	(No symbol) [0x00A2F80B]
	(No symbol) [0x00A43FAE]
	(No symbol) [0x00ACF427]
	(No symbol) [0x00AACFCC]
	(No symbol) [0x00ACE778]
	(No symbol) [0x00AACDC6]
	(No symbol) [0x00A7BDE9]
	(No symbol) [0x00A7D124]
	GetHandleVerifier [0x00ED4373+3185251]
	GetHandleVerifier [0x00EF291A+3309578]
	GetHandleVerifier [0x00EECF42+3286578]
	GetHandleVerifier [0x00C67AE0+643536]
	(No symbol) [0x00B6A20D]
	(No symbol) [0x00B670B8]
	(No symbol) [0x00B67257]
	(No symbol) [0x00B59E00]
	BaseThreadInitThunk [0x76B2FCC9+25]
	RtlGetAppContainerNamedObjectPath [0x77BB82AE+286]
	RtlGetAppContainerNamedObjectPath [0x77BB827E+238]

2025-03-02 12:26:48,028 - INFO - WorkBot - Initializing WorkBot...
2025-03-02 12:26:50,070 - INFO - WorkBot - WorkBot initialized successfully.
2025-03-02 12:27:03,817 - INFO - CraftableBot - Logging into Craftable.
2025-03-02 12:27:11,056 - INFO - CraftableBot - Login successful.
2025-03-02 12:27:11,057 - INFO - CraftableBot - Starting order download protocol.
2025-03-02 12:27:11,057 - INFO - CraftableBot - Accessing order page for TRIPHAMMER.
2025-03-02 12:27:17,684 - INFO - CraftableBot - Retrieving order for US Foods (02/28/2025).
2025-03-02 12:27:21,626 - INFO - CraftableBot - [Order Update] Initiating update protocol for TRIPHAMMER for vendor: US Foods, on 20250228.
2025-03-02 12:27:21,627 - INFO - CraftableBot - [Order Update] Checking for pre-existing order file: US Foods_TRIPHAMMER_20250228.xlsx
2025-03-02 12:27:21,627 - INFO - OrderManager - Looking up directory for: US Foods.
2025-03-02 12:27:21,627 - INFO - OrderManager - Directory found: C:\Users\Will\Desktop\Andrew\Projects\RandomStuff\WorkBot\main\backend\orders\OrderFiles\US Foods
2025-03-02 12:27:21,627 - INFO - CraftableBot - [Order Update] Extracting data from existing order file: US Foods_TRIPHAMMER_20250228.xlsx
2025-03-02 12:27:21,647 - INFO - CraftableBot - [Order Update] Comparing new data with the existing file for TRIPHAMMER for US Foods on 20250228.
2025-03-02 12:27:21,647 - INFO - CraftableBot - [Order Update] Removing outdated order file: C:\Users\Will\Desktop\Andrew\Projects\RandomStuff\WorkBot\main\backend\orders\OrderFiles\US Foods\US Foods_TRIPHAMMER_20250228.xlsx
2025-03-02 12:27:21,647 - INFO - CraftableBot - [File Cleanup] Attempting to remove file: C:\Users\Will\Desktop\Andrew\Projects\RandomStuff\WorkBot\main\backend\orders\OrderFiles\US Foods\US Foods_TRIPHAMMER_20250228.xlsx
2025-03-02 12:27:21,648 - INFO - CraftableBot - [File Cleanup] Successfully removed file: C:\Users\Will\Desktop\Andrew\Projects\RandomStuff\WorkBot\main\backend\orders\OrderFiles\US Foods\US Foods_TRIPHAMMER_20250228.xlsx
2025-03-02 12:27:21,648 - INFO - CraftableBot - [File Cleanup] Attempting to remove file: C:\Users\Will\Desktop\Andrew\Projects\RandomStuff\WorkBot\main\backend\orders\OrderFiles\US Foods\US Foods_TRIPHAMMER_20250228.pdf
2025-03-02 12:27:21,649 - INFO - CraftableBot - [File Cleanup] Successfully removed file: C:\Users\Will\Desktop\Andrew\Projects\RandomStuff\WorkBot\main\backend\orders\OrderFiles\US Foods\US Foods_TRIPHAMMER_20250228.pdf
2025-03-02 12:27:21,649 - INFO - CraftableBot - Saving order for US Foods.
2025-03-02 12:27:29,070 - INFO - CraftableBot - Retrieving order for UNFI (02/28/2025).
2025-03-02 12:27:31,592 - INFO - CraftableBot - [Order Update] Initiating update protocol for TRIPHAMMER for vendor: UNFI, on 20250228.
2025-03-02 12:27:31,592 - INFO - CraftableBot - [Order Update] Checking for pre-existing order file: UNFI_TRIPHAMMER_20250228.xlsx
2025-03-02 12:27:31,593 - INFO - OrderManager - Looking up directory for: UNFI.
2025-03-02 12:27:31,593 - INFO - OrderManager - Directory found: C:\Users\Will\Desktop\Andrew\Projects\RandomStuff\WorkBot\main\backend\orders\OrderFiles\UNFI
2025-03-02 12:27:31,593 - INFO - CraftableBot - [Order Update] Extracting data from existing order file: UNFI_TRIPHAMMER_20250228.xlsx
2025-03-02 12:27:31,612 - INFO - CraftableBot - [Order Update] Comparing new data with the existing file for TRIPHAMMER for UNFI on 20250228.
2025-03-02 12:27:31,612 - INFO - CraftableBot - [Order Update] No changes detected for TRIPHAMMER for UNFI on 20250228. Skipping update protocol.
2025-03-02 12:27:31,612 - INFO - CraftableBot - Order for UNFI is up-to-date. Skipping.
2025-03-02 12:27:33,683 - INFO - CraftableBot - Retrieving order for Hillcrest Dairy (02/28/2025).
2025-03-02 12:27:35,003 - INFO - CraftableBot - [Order Update] Initiating update protocol for TRIPHAMMER for vendor: Hillcrest Dairy, on 20250228.
2025-03-02 12:27:35,003 - INFO - CraftableBot - [Order Update] Checking for pre-existing order file: Hillcrest Dairy_TRIPHAMMER_20250228.xlsx
2025-03-02 12:27:35,004 - INFO - OrderManager - Looking up directory for: Hillcrest Dairy.
2025-03-02 12:27:35,004 - INFO - OrderManager - Directory found: C:\Users\Will\Desktop\Andrew\Projects\RandomStuff\WorkBot\main\backend\orders\OrderFiles\Hillcrest Dairy
2025-03-02 12:27:35,004 - INFO - CraftableBot - [Order Update] Extracting data from existing order file: Hillcrest Dairy_TRIPHAMMER_20250228.xlsx
2025-03-02 12:27:35,019 - INFO - CraftableBot - [Order Update] Comparing new data with the existing file for TRIPHAMMER for Hillcrest Dairy on 20250228.
2025-03-02 12:27:35,020 - INFO - CraftableBot - [Order Update] No changes detected for TRIPHAMMER for Hillcrest Dairy on 20250228. Skipping update protocol.
2025-03-02 12:27:35,020 - INFO - CraftableBot - Order for Hillcrest Dairy is up-to-date. Skipping.
2025-03-02 12:27:37,080 - INFO - CraftableBot - Retrieving order for FingerLakes Farms (02/28/2025).
2025-03-02 12:27:38,752 - INFO - CraftableBot - [Order Update] Initiating update protocol for TRIPHAMMER for vendor: FingerLakes Farms, on 20250228.
2025-03-02 12:27:38,752 - INFO - CraftableBot - [Order Update] Checking for pre-existing order file: FingerLakes Farms_TRIPHAMMER_20250228.xlsx
2025-03-02 12:27:38,752 - INFO - OrderManager - Looking up directory for: FingerLakes Farms.
2025-03-02 12:27:38,753 - INFO - OrderManager - Directory found: C:\Users\Will\Desktop\Andrew\Projects\RandomStuff\WorkBot\main\backend\orders\OrderFiles\FingerLakes Farms
2025-03-02 12:27:38,753 - INFO - CraftableBot - [Order Update] Extracting data from existing order file: FingerLakes Farms_TRIPHAMMER_20250228.xlsx
2025-03-02 12:27:38,772 - INFO - CraftableBot - [Order Update] Comparing new data with the existing file for TRIPHAMMER for FingerLakes Farms on 20250228.
2025-03-02 12:27:38,772 - INFO - CraftableBot - [Order Update] No changes detected for TRIPHAMMER for FingerLakes Farms on 20250228. Skipping update protocol.
2025-03-02 12:27:38,772 - INFO - CraftableBot - Order for FingerLakes Farms is up-to-date. Skipping.
2025-03-02 12:27:40,832 - INFO - CraftableBot - Retrieving order for Sysco (02/28/2025).
2025-03-02 12:27:43,657 - INFO - CraftableBot - [Order Update] Initiating update protocol for TRIPHAMMER for vendor: Sysco, on 20250228.
2025-03-02 12:27:43,657 - INFO - CraftableBot - [Order Update] Checking for pre-existing order file: Sysco_TRIPHAMMER_20250228.xlsx
2025-03-02 12:27:43,657 - INFO - OrderManager - Looking up directory for: Sysco.
2025-03-02 12:27:43,657 - INFO - OrderManager - Directory found: C:\Users\Will\Desktop\Andrew\Projects\RandomStuff\WorkBot\main\backend\orders\OrderFiles\Sysco
2025-03-02 12:27:43,657 - INFO - CraftableBot - [Order Update] Extracting data from existing order file: Sysco_TRIPHAMMER_20250228.xlsx
2025-03-02 12:27:43,674 - INFO - CraftableBot - [Order Update] Comparing new data with the existing file for TRIPHAMMER for Sysco on 20250228.
2025-03-02 12:27:43,674 - INFO - CraftableBot - [Order Update] Removing outdated order file: C:\Users\Will\Desktop\Andrew\Projects\RandomStuff\WorkBot\main\backend\orders\OrderFiles\Sysco\Sysco_TRIPHAMMER_20250228.xlsx
2025-03-02 12:27:43,674 - INFO - CraftableBot - [File Cleanup] Attempting to remove file: C:\Users\Will\Desktop\Andrew\Projects\RandomStuff\WorkBot\main\backend\orders\OrderFiles\Sysco\Sysco_TRIPHAMMER_20250228.xlsx
2025-03-02 12:27:43,674 - INFO - CraftableBot - [File Cleanup] Successfully removed file: C:\Users\Will\Desktop\Andrew\Projects\RandomStuff\WorkBot\main\backend\orders\OrderFiles\Sysco\Sysco_TRIPHAMMER_20250228.xlsx
2025-03-02 12:27:43,675 - INFO - CraftableBot - [File Cleanup] Attempting to remove file: C:\Users\Will\Desktop\Andrew\Projects\RandomStuff\WorkBot\main\backend\orders\OrderFiles\Sysco\Sysco_TRIPHAMMER_20250228.pdf
2025-03-02 12:27:43,675 - INFO - CraftableBot - [File Cleanup] Successfully removed file: C:\Users\Will\Desktop\Andrew\Projects\RandomStuff\WorkBot\main\backend\orders\OrderFiles\Sysco\Sysco_TRIPHAMMER_20250228.pdf
2025-03-02 12:27:43,675 - INFO - CraftableBot - Saving order for Sysco.
2025-03-02 12:27:51,089 - INFO - CraftableBot - Retrieving order for Performance Food (02/28/2025).
2025-03-02 12:27:54,428 - INFO - CraftableBot - [Order Update] Initiating update protocol for TRIPHAMMER for vendor: Performance Food, on 20250228.
2025-03-02 12:27:54,428 - INFO - CraftableBot - [Order Update] Checking for pre-existing order file: Performance Food_TRIPHAMMER_20250228.xlsx
2025-03-02 12:27:54,428 - INFO - OrderManager - Looking up directory for: Performance Food.
2025-03-02 12:27:54,429 - INFO - OrderManager - Directory found: C:\Users\Will\Desktop\Andrew\Projects\RandomStuff\WorkBot\main\backend\orders\OrderFiles\Performance Food
2025-03-02 12:27:54,429 - INFO - CraftableBot - [Order Update] Extracting data from existing order file: Performance Food_TRIPHAMMER_20250228.xlsx
2025-03-02 12:27:54,444 - INFO - CraftableBot - [Order Update] Comparing new data with the existing file for TRIPHAMMER for Performance Food on 20250228.
2025-03-02 12:27:54,444 - INFO - CraftableBot - [Order Update] Removing outdated order file: C:\Users\Will\Desktop\Andrew\Projects\RandomStuff\WorkBot\main\backend\orders\OrderFiles\Performance Food\Performance Food_TRIPHAMMER_20250228.xlsx
2025-03-02 12:27:54,444 - INFO - CraftableBot - [File Cleanup] Attempting to remove file: C:\Users\Will\Desktop\Andrew\Projects\RandomStuff\WorkBot\main\backend\orders\OrderFiles\Performance Food\Performance Food_TRIPHAMMER_20250228.xlsx
2025-03-02 12:27:54,445 - INFO - CraftableBot - [File Cleanup] Successfully removed file: C:\Users\Will\Desktop\Andrew\Projects\RandomStuff\WorkBot\main\backend\orders\OrderFiles\Performance Food\Performance Food_TRIPHAMMER_20250228.xlsx
2025-03-02 12:27:54,445 - INFO - CraftableBot - [File Cleanup] Attempting to remove file: C:\Users\Will\Desktop\Andrew\Projects\RandomStuff\WorkBot\main\backend\orders\OrderFiles\Performance Food\Performance Food_TRIPHAMMER_20250228.pdf
2025-03-02 12:27:54,445 - INFO - CraftableBot - [File Cleanup] Successfully removed file: C:\Users\Will\Desktop\Andrew\Projects\RandomStuff\WorkBot\main\backend\orders\OrderFiles\Performance Food\Performance Food_TRIPHAMMER_20250228.pdf
2025-03-02 12:27:54,446 - INFO - CraftableBot - Saving order for Performance Food.
2025-03-02 12:28:01,844 - INFO - CraftableBot - Retrieving order for Webstaurant (02/28/2025).
2025-03-02 12:28:03,167 - INFO - CraftableBot - [Order Update] Initiating update protocol for TRIPHAMMER for vendor: Webstaurant, on 20250228.
2025-03-02 12:28:03,167 - INFO - CraftableBot - [Order Update] Checking for pre-existing order file: Webstaurant_TRIPHAMMER_20250228.xlsx
2025-03-02 12:28:03,167 - INFO - OrderManager - Looking up directory for: Webstaurant.
2025-03-02 12:28:03,168 - INFO - OrderManager - Directory found: C:\Users\Will\Desktop\Andrew\Projects\RandomStuff\WorkBot\main\backend\orders\OrderFiles\Webstaurant
2025-03-02 12:28:03,168 - INFO - CraftableBot - [Order Update] Extracting data from existing order file: Webstaurant_TRIPHAMMER_20250228.xlsx
2025-03-02 12:28:03,185 - INFO - CraftableBot - [Order Update] Comparing new data with the existing file for TRIPHAMMER for Webstaurant on 20250228.
2025-03-02 12:28:03,185 - INFO - CraftableBot - [Order Update] No changes detected for TRIPHAMMER for Webstaurant on 20250228. Skipping update protocol.
2025-03-02 12:28:03,185 - INFO - CraftableBot - Order for Webstaurant is up-to-date. Skipping.
2025-03-02 12:28:05,245 - INFO - CraftableBot - Retrieving order for Peters Supply (02/28/2025).
2025-03-02 12:28:06,626 - INFO - CraftableBot - [Order Update] Initiating update protocol for TRIPHAMMER for vendor: Peters Supply, on 20250228.
2025-03-02 12:28:06,627 - INFO - CraftableBot - [Order Update] Checking for pre-existing order file: Peters Supply_TRIPHAMMER_20250228.xlsx
2025-03-02 12:28:06,627 - INFO - OrderManager - Looking up directory for: Peters Supply.
2025-03-02 12:28:06,627 - INFO - OrderManager - Directory found: C:\Users\Will\Desktop\Andrew\Projects\RandomStuff\WorkBot\main\backend\orders\OrderFiles\Peters Supply
2025-03-02 12:28:06,627 - INFO - CraftableBot - [Order Update] Extracting data from existing order file: Peters Supply_TRIPHAMMER_20250228.xlsx
2025-03-02 12:28:06,649 - INFO - CraftableBot - [Order Update] Comparing new data with the existing file for TRIPHAMMER for Peters Supply on 20250228.
2025-03-02 12:28:06,649 - INFO - CraftableBot - [Order Update] No changes detected for TRIPHAMMER for Peters Supply on 20250228. Skipping update protocol.
2025-03-02 12:28:06,649 - INFO - CraftableBot - Order for Peters Supply is up-to-date. Skipping.
2025-03-02 12:28:08,707 - INFO - CraftableBot - Retrieving order for Hill & Markes (02/28/2025).
2025-03-02 12:28:10,294 - INFO - CraftableBot - [Order Update] Initiating update protocol for TRIPHAMMER for vendor: Hill & Markes, on 20250228.
2025-03-02 12:28:10,294 - INFO - CraftableBot - [Order Update] Checking for pre-existing order file: Hill & Markes_TRIPHAMMER_20250228.xlsx
2025-03-02 12:28:10,295 - INFO - OrderManager - Looking up directory for: Hill & Markes.
2025-03-02 12:28:10,295 - INFO - OrderManager - Directory found: C:\Users\Will\Desktop\Andrew\Projects\RandomStuff\WorkBot\main\backend\orders\OrderFiles\Hill & Markes
2025-03-02 12:28:10,295 - INFO - CraftableBot - [Order Update] Extracting data from existing order file: Hill & Markes_TRIPHAMMER_20250228.xlsx
2025-03-02 12:28:10,310 - INFO - CraftableBot - [Order Update] Comparing new data with the existing file for TRIPHAMMER for Hill & Markes on 20250228.
2025-03-02 12:28:10,310 - INFO - CraftableBot - [Order Update] No changes detected for TRIPHAMMER for Hill & Markes on 20250228. Skipping update protocol.
2025-03-02 12:28:10,310 - INFO - CraftableBot - Order for Hill & Markes is up-to-date. Skipping.
2025-03-02 12:28:12,370 - INFO - CraftableBot - Retrieving order for Ithaca Bakery (02/28/2025).
2025-03-02 12:28:15,620 - INFO - CraftableBot - [Order Update] Initiating update protocol for TRIPHAMMER for vendor: Ithaca Bakery, on 20250228.
2025-03-02 12:28:15,620 - INFO - CraftableBot - [Order Update] Checking for pre-existing order file: Ithaca Bakery_TRIPHAMMER_20250228.xlsx
2025-03-02 12:28:15,621 - INFO - OrderManager - Looking up directory for: Ithaca Bakery.
2025-03-02 12:28:15,621 - INFO - OrderManager - Directory found: C:\Users\Will\Desktop\Andrew\Projects\RandomStuff\WorkBot\main\backend\orders\OrderFiles\Ithaca Bakery
2025-03-02 12:28:15,621 - INFO - CraftableBot - [Order Update] Extracting data from existing order file: Ithaca Bakery_TRIPHAMMER_20250228.xlsx
2025-03-02 12:28:15,639 - INFO - CraftableBot - [Order Update] Comparing new data with the existing file for TRIPHAMMER for Ithaca Bakery on 20250228.
2025-03-02 12:28:15,639 - INFO - CraftableBot - [Order Update] Removing outdated order file: C:\Users\Will\Desktop\Andrew\Projects\RandomStuff\WorkBot\main\backend\orders\OrderFiles\Ithaca Bakery\Ithaca Bakery_TRIPHAMMER_20250228.xlsx
2025-03-02 12:28:15,640 - INFO - CraftableBot - [File Cleanup] Attempting to remove file: C:\Users\Will\Desktop\Andrew\Projects\RandomStuff\WorkBot\main\backend\orders\OrderFiles\Ithaca Bakery\Ithaca Bakery_TRIPHAMMER_20250228.xlsx
2025-03-02 12:28:15,640 - INFO - CraftableBot - [File Cleanup] Successfully removed file: C:\Users\Will\Desktop\Andrew\Projects\RandomStuff\WorkBot\main\backend\orders\OrderFiles\Ithaca Bakery\Ithaca Bakery_TRIPHAMMER_20250228.xlsx
2025-03-02 12:28:15,640 - INFO - CraftableBot - [File Cleanup] Attempting to remove file: C:\Users\Will\Desktop\Andrew\Projects\RandomStuff\WorkBot\main\backend\orders\OrderFiles\Ithaca Bakery\Ithaca Bakery_TRIPHAMMER_20250228.pdf
2025-03-02 12:28:15,641 - INFO - CraftableBot - [File Cleanup] Successfully removed file: C:\Users\Will\Desktop\Andrew\Projects\RandomStuff\WorkBot\main\backend\orders\OrderFiles\Ithaca Bakery\Ithaca Bakery_TRIPHAMMER_20250228.pdf
2025-03-02 12:28:15,641 - INFO - CraftableBot - Saving order for Ithaca Bakery.
2025-03-02 12:28:23,041 - INFO - CraftableBot - Retrieving order for Copper Horse Coffee (02/28/2025).
2025-03-02 12:28:24,372 - INFO - CraftableBot - [Order Update] Initiating update protocol for TRIPHAMMER for vendor: Copper Horse Coffee, on 20250228.
2025-03-02 12:28:24,372 - INFO - CraftableBot - [Order Update] Checking for pre-existing order file: Copper Horse Coffee_TRIPHAMMER_20250228.xlsx
2025-03-02 12:28:24,372 - INFO - OrderManager - Looking up directory for: Copper Horse Coffee.
2025-03-02 12:28:24,373 - INFO - OrderManager - Directory found: C:\Users\Will\Desktop\Andrew\Projects\RandomStuff\WorkBot\main\backend\orders\OrderFiles\Copper Horse Coffee
2025-03-02 12:28:24,373 - INFO - CraftableBot - [Order Update] Extracting data from existing order file: Copper Horse Coffee_TRIPHAMMER_20250228.xlsx
2025-03-02 12:28:24,390 - INFO - CraftableBot - [Order Update] Comparing new data with the existing file for TRIPHAMMER for Copper Horse Coffee on 20250228.
2025-03-02 12:28:24,390 - INFO - CraftableBot - [Order Update] Removing outdated order file: C:\Users\Will\Desktop\Andrew\Projects\RandomStuff\WorkBot\main\backend\orders\OrderFiles\Copper Horse Coffee\Copper Horse Coffee_TRIPHAMMER_20250228.xlsx
2025-03-02 12:28:24,390 - INFO - CraftableBot - [File Cleanup] Attempting to remove file: C:\Users\Will\Desktop\Andrew\Projects\RandomStuff\WorkBot\main\backend\orders\OrderFiles\Copper Horse Coffee\Copper Horse Coffee_TRIPHAMMER_20250228.xlsx
2025-03-02 12:28:24,391 - INFO - CraftableBot - [File Cleanup] Successfully removed file: C:\Users\Will\Desktop\Andrew\Projects\RandomStuff\WorkBot\main\backend\orders\OrderFiles\Copper Horse Coffee\Copper Horse Coffee_TRIPHAMMER_20250228.xlsx
2025-03-02 12:28:24,391 - INFO - CraftableBot - [File Cleanup] Attempting to remove file: C:\Users\Will\Desktop\Andrew\Projects\RandomStuff\WorkBot\main\backend\orders\OrderFiles\Copper Horse Coffee\Copper Horse Coffee_TRIPHAMMER_20250228.pdf
2025-03-02 12:28:24,391 - INFO - CraftableBot - [File Cleanup] Successfully removed file: C:\Users\Will\Desktop\Andrew\Projects\RandomStuff\WorkBot\main\backend\orders\OrderFiles\Copper Horse Coffee\Copper Horse Coffee_TRIPHAMMER_20250228.pdf
2025-03-02 12:28:24,391 - INFO - CraftableBot - Saving order for Copper Horse Coffee.
2025-03-02 12:28:31,776 - INFO - CraftableBot - Retrieving order for Regional Distributors, Inc. (02/28/2025).
2025-03-02 12:28:33,090 - INFO - CraftableBot - [Order Update] Initiating update protocol for TRIPHAMMER for vendor: Regional Distributors, Inc., on 20250228.
2025-03-02 12:28:33,090 - INFO - CraftableBot - [Order Update] Checking for pre-existing order file: Regional Distributors, Inc._TRIPHAMMER_20250228.xlsx
2025-03-02 12:28:33,090 - INFO - OrderManager - Looking up directory for: Regional Distributors, Inc..
2025-03-02 12:28:33,090 - INFO - OrderManager - Directory found: C:\Users\Will\Desktop\Andrew\Projects\RandomStuff\WorkBot\main\backend\orders\OrderFiles\Regional Distributors, Inc.
2025-03-02 12:28:33,091 - INFO - CraftableBot - [Order Update] Extracting data from existing order file: Regional Distributors, Inc._TRIPHAMMER_20250228.xlsx
2025-03-02 12:28:33,105 - INFO - CraftableBot - [Order Update] Comparing new data with the existing file for TRIPHAMMER for Regional Distributors, Inc. on 20250228.
2025-03-02 12:28:33,105 - INFO - CraftableBot - [Order Update] No changes detected for TRIPHAMMER for Regional Distributors, Inc. on 20250228. Skipping update protocol.
2025-03-02 12:28:33,105 - INFO - CraftableBot - Order for Regional Distributors, Inc. is up-to-date. Skipping.
2025-03-02 12:28:35,164 - INFO - CraftableBot - Retrieving order for Equal Exchange (02/28/2025).
2025-03-02 12:28:36,433 - INFO - CraftableBot - [Order Update] Initiating update protocol for TRIPHAMMER for vendor: Equal Exchange, on 20250228.
2025-03-02 12:28:36,433 - INFO - CraftableBot - [Order Update] Checking for pre-existing order file: Equal Exchange_TRIPHAMMER_20250228.xlsx
2025-03-02 12:28:36,434 - INFO - OrderManager - Looking up directory for: Equal Exchange.
2025-03-02 12:28:36,434 - INFO - OrderManager - Directory found: C:\Users\Will\Desktop\Andrew\Projects\RandomStuff\WorkBot\main\backend\orders\OrderFiles\Equal Exchange
2025-03-02 12:28:36,434 - INFO - CraftableBot - [Order Update] Extracting data from existing order file: Equal Exchange_TRIPHAMMER_20250228.xlsx
2025-03-02 12:28:36,448 - INFO - CraftableBot - [Order Update] Comparing new data with the existing file for TRIPHAMMER for Equal Exchange on 20250228.
2025-03-02 12:28:36,448 - INFO - CraftableBot - [Order Update] No changes detected for TRIPHAMMER for Equal Exchange on 20250228. Skipping update protocol.
2025-03-02 12:28:36,448 - INFO - CraftableBot - Order for Equal Exchange is up-to-date. Skipping.
2025-03-02 12:28:38,505 - INFO - CraftableBot - Retrieving order for A.L. George (02/28/2025).
2025-03-02 12:28:39,662 - INFO - CraftableBot - [Order Update] Initiating update protocol for TRIPHAMMER for vendor: A.L. George, on 20250228.
2025-03-02 12:28:39,662 - INFO - CraftableBot - [Order Update] Checking for pre-existing order file: A.L. George_TRIPHAMMER_20250228.xlsx
2025-03-02 12:28:39,663 - INFO - OrderManager - Looking up directory for: A.L. George.
2025-03-02 12:28:39,663 - INFO - OrderManager - Directory found: C:\Users\Will\Desktop\Andrew\Projects\RandomStuff\WorkBot\main\backend\orders\OrderFiles\A.L. George
2025-03-02 12:28:39,663 - INFO - CraftableBot - [Order Update] Extracting data from existing order file: A.L. George_TRIPHAMMER_20250228.xlsx
2025-03-02 12:28:39,679 - INFO - CraftableBot - [Order Update] Comparing new data with the existing file for TRIPHAMMER for A.L. George on 20250228.
2025-03-02 12:28:39,679 - INFO - CraftableBot - [Order Update] No changes detected for TRIPHAMMER for A.L. George on 20250228. Skipping update protocol.
2025-03-02 12:28:39,679 - INFO - CraftableBot - Order for A.L. George is up-to-date. Skipping.
2025-03-02 12:28:41,741 - INFO - CraftableBot - Retrieving order for Eurocafe Imports (02/28/2025).
2025-03-02 12:28:42,904 - INFO - CraftableBot - [Order Update] Initiating update protocol for TRIPHAMMER for vendor: Eurocafe Imports, on 20250228.
2025-03-02 12:28:42,904 - INFO - CraftableBot - [Order Update] Checking for pre-existing order file: Eurocafe Imports_TRIPHAMMER_20250228.xlsx
2025-03-02 12:28:42,904 - INFO - OrderManager - Looking up directory for: Eurocafe Imports.
2025-03-02 12:28:42,905 - INFO - OrderManager - Directory found: C:\Users\Will\Desktop\Andrew\Projects\RandomStuff\WorkBot\main\backend\orders\OrderFiles\Eurocafe Imports
2025-03-02 12:28:42,905 - INFO - CraftableBot - [Order Update] Extracting data from existing order file: Eurocafe Imports_TRIPHAMMER_20250228.xlsx
2025-03-02 12:28:42,920 - INFO - CraftableBot - [Order Update] Comparing new data with the existing file for TRIPHAMMER for Eurocafe Imports on 20250228.
2025-03-02 12:28:42,920 - INFO - CraftableBot - [Order Update] No changes detected for TRIPHAMMER for Eurocafe Imports on 20250228. Skipping update protocol.
2025-03-02 12:28:42,920 - INFO - CraftableBot - Order for Eurocafe Imports is up-to-date. Skipping.
2025-03-02 12:28:44,980 - INFO - CraftableBot - Retrieving order for Wegmans (02/28/2025).
2025-03-02 12:28:46,155 - INFO - CraftableBot - [Order Update] Initiating update protocol for TRIPHAMMER for vendor: Wegmans, on 20250228.
2025-03-02 12:28:46,156 - INFO - CraftableBot - [Order Update] Checking for pre-existing order file: Wegmans_TRIPHAMMER_20250228.xlsx
2025-03-02 12:28:46,156 - INFO - OrderManager - Looking up directory for: Wegmans.
2025-03-02 12:28:46,156 - INFO - OrderManager - Directory found: C:\Users\Will\Desktop\Andrew\Projects\RandomStuff\WorkBot\main\backend\orders\OrderFiles\Wegmans
2025-03-02 12:28:46,156 - INFO - CraftableBot - [Order Update] Extracting data from existing order file: Wegmans_TRIPHAMMER_20250228.xlsx
2025-03-02 12:28:46,171 - INFO - CraftableBot - [Order Update] Comparing new data with the existing file for TRIPHAMMER for Wegmans on 20250228.
2025-03-02 12:28:46,171 - INFO - CraftableBot - [Order Update] No changes detected for TRIPHAMMER for Wegmans on 20250228. Skipping update protocol.
2025-03-02 12:28:46,171 - INFO - CraftableBot - Order for Wegmans is up-to-date. Skipping.
2025-03-02 12:28:48,227 - INFO - CraftableBot - Retrieving order for Johnston Paper (03/01/2025).
2025-03-02 12:28:49,495 - INFO - CraftableBot - [Order Update] Initiating update protocol for TRIPHAMMER for vendor: Johnston Paper, on 20250301.
2025-03-02 12:28:49,495 - INFO - CraftableBot - [Order Update] Checking for pre-existing order file: Johnston Paper_TRIPHAMMER_20250301.xlsx
2025-03-02 12:28:49,495 - INFO - OrderManager - Looking up directory for: Johnston Paper.
2025-03-02 12:28:49,495 - INFO - OrderManager - Directory found: C:\Users\Will\Desktop\Andrew\Projects\RandomStuff\WorkBot\main\backend\orders\OrderFiles\Johnston Paper
2025-03-02 12:28:49,495 - INFO - CraftableBot - [Order Update] Extracting data from existing order file: Johnston Paper_TRIPHAMMER_20250301.xlsx
2025-03-02 12:28:49,511 - INFO - CraftableBot - [Order Update] Comparing new data with the existing file for TRIPHAMMER for Johnston Paper on 20250301.
2025-03-02 12:28:49,511 - INFO - CraftableBot - [Order Update] No changes detected for TRIPHAMMER for Johnston Paper on 20250301. Skipping update protocol.
2025-03-02 12:28:49,511 - INFO - CraftableBot - Order for Johnston Paper is up-to-date. Skipping.
2025-03-02 12:28:51,570 - INFO - CraftableBot - Retrieving order for Hillcrest Foods (03/02/2025).
2025-03-02 12:28:52,728 - INFO - CraftableBot - [Order Update] Initiating update protocol for TRIPHAMMER for vendor: Hillcrest Foods, on 20250302.
2025-03-02 12:28:52,728 - INFO - CraftableBot - [Order Update] Checking for pre-existing order file: Hillcrest Foods_TRIPHAMMER_20250302.xlsx
2025-03-02 12:28:52,729 - INFO - OrderManager - Looking up directory for: Hillcrest Foods.
2025-03-02 12:28:52,729 - INFO - OrderManager - Directory not found for: Hillcrest Foods.
2025-03-02 12:28:52,729 - INFO - CraftableBot - [Order Update] No order directory found for vendor: Hillcrest Foods. Proceeding with new download.
2025-03-02 12:28:52,729 - INFO - CraftableBot - Saving order for Hillcrest Foods.
2025-03-02 12:29:00,135 - INFO - CraftableBot - Retrieving order for Russo Produce (03/02/2025).
2025-03-02 12:29:01,917 - INFO - CraftableBot - [Order Update] Initiating update protocol for TRIPHAMMER for vendor: Russo Produce, on 20250302.
2025-03-02 12:29:01,918 - INFO - CraftableBot - [Order Update] Checking for pre-existing order file: Russo Produce_TRIPHAMMER_20250302.xlsx
2025-03-02 12:29:01,918 - INFO - OrderManager - Looking up directory for: Russo Produce.
2025-03-02 12:29:01,918 - INFO - OrderManager - Directory not found for: Russo Produce.
2025-03-02 12:29:01,918 - INFO - CraftableBot - [Order Update] No order directory found for vendor: Russo Produce. Proceeding with new download.
2025-03-02 12:29:01,918 - INFO - CraftableBot - Saving order for Russo Produce.
2025-03-02 12:29:09,303 - INFO - CraftableBot - Retrieving order for BEHLOG & SON, INC. (03/02/2025).
2025-03-02 12:29:10,466 - INFO - CraftableBot - [Order Update] Initiating update protocol for TRIPHAMMER for vendor: BEHLOG & SON, INC., on 20250302.
2025-03-02 12:29:10,466 - INFO - CraftableBot - [Order Update] Checking for pre-existing order file: BEHLOG & SON, INC._TRIPHAMMER_20250302.xlsx
2025-03-02 12:29:10,466 - INFO - OrderManager - Looking up directory for: BEHLOG & SON, INC..
2025-03-02 12:29:10,466 - INFO - OrderManager - Directory not found for: BEHLOG & SON, INC..
2025-03-02 12:29:10,466 - INFO - CraftableBot - [Order Update] No order directory found for vendor: BEHLOG & SON, INC.. Proceeding with new download.
2025-03-02 12:29:10,467 - INFO - CraftableBot - Saving order for BEHLOG & SON, INC..
2025-03-02 12:29:17,819 - INFO - CraftableBot - Accessing order page for BAKERY.
2025-03-02 12:29:24,385 - INFO - CraftableBot - Retrieving order for UNFI (03/01/2025).
2025-03-02 12:29:26,385 - INFO - CraftableBot - [Order Update] Initiating update protocol for BAKERY for vendor: UNFI, on 20250301.
2025-03-02 12:29:26,385 - INFO - CraftableBot - [Order Update] Checking for pre-existing order file: UNFI_BAKERY_20250301.xlsx
2025-03-02 12:29:26,385 - INFO - OrderManager - Looking up directory for: UNFI.
2025-03-02 12:29:26,386 - INFO - OrderManager - Directory found: C:\Users\Will\Desktop\Andrew\Projects\RandomStuff\WorkBot\main\backend\orders\OrderFiles\UNFI
2025-03-02 12:29:26,386 - INFO - CraftableBot - [Order Update] Extracting data from existing order file: UNFI_BAKERY_20250301.xlsx
2025-03-02 12:29:26,403 - INFO - CraftableBot - [Order Update] Comparing new data with the existing file for BAKERY for UNFI on 20250301.
2025-03-02 12:29:26,403 - INFO - CraftableBot - [Order Update] No changes detected for BAKERY for UNFI on 20250301. Skipping update protocol.
2025-03-02 12:29:26,403 - INFO - CraftableBot - Order for UNFI is up-to-date. Skipping.
2025-03-02 12:29:28,465 - INFO - CraftableBot - Retrieving order for Webstaurant (03/01/2025).
2025-03-02 12:29:30,195 - INFO - CraftableBot - [Order Update] Initiating update protocol for BAKERY for vendor: Webstaurant, on 20250301.
2025-03-02 12:29:30,195 - INFO - CraftableBot - [Order Update] Checking for pre-existing order file: Webstaurant_BAKERY_20250301.xlsx
2025-03-02 12:29:30,196 - INFO - OrderManager - Looking up directory for: Webstaurant.
2025-03-02 12:29:30,196 - INFO - OrderManager - Directory found: C:\Users\Will\Desktop\Andrew\Projects\RandomStuff\WorkBot\main\backend\orders\OrderFiles\Webstaurant
2025-03-02 12:29:30,196 - INFO - CraftableBot - [Order Update] Extracting data from existing order file: Webstaurant_BAKERY_20250301.xlsx
2025-03-02 12:29:30,211 - INFO - CraftableBot - [Order Update] Comparing new data with the existing file for BAKERY for Webstaurant on 20250301.
2025-03-02 12:29:30,211 - INFO - CraftableBot - [Order Update] No changes detected for BAKERY for Webstaurant on 20250301. Skipping update protocol.
2025-03-02 12:29:30,211 - INFO - CraftableBot - Order for Webstaurant is up-to-date. Skipping.
2025-03-02 12:29:32,271 - INFO - CraftableBot - Retrieving order for Sysco (03/02/2025).
2025-03-02 12:29:34,213 - INFO - CraftableBot - [Order Update] Initiating update protocol for BAKERY for vendor: Sysco, on 20250302.
2025-03-02 12:29:34,213 - INFO - CraftableBot - [Order Update] Checking for pre-existing order file: Sysco_BAKERY_20250302.xlsx
2025-03-02 12:29:34,213 - INFO - OrderManager - Looking up directory for: Sysco.
2025-03-02 12:29:34,214 - INFO - OrderManager - Directory found: C:\Users\Will\Desktop\Andrew\Projects\RandomStuff\WorkBot\main\backend\orders\OrderFiles\Sysco
2025-03-02 12:29:34,214 - INFO - CraftableBot - [Order Update] Extracting data from existing order file: Sysco_BAKERY_20250302.xlsx
2025-03-02 12:29:34,230 - INFO - CraftableBot - [Order Update] Comparing new data with the existing file for BAKERY for Sysco on 20250302.
2025-03-02 12:29:34,230 - INFO - CraftableBot - [Order Update] No changes detected for BAKERY for Sysco on 20250302. Skipping update protocol.
2025-03-02 12:29:34,231 - INFO - CraftableBot - Order for Sysco is up-to-date. Skipping.
2025-03-02 12:29:36,292 - INFO - CraftableBot - Retrieving order for Performance Food (03/02/2025).
2025-03-02 12:29:38,300 - INFO - CraftableBot - [Order Update] Initiating update protocol for BAKERY for vendor: Performance Food, on 20250302.
2025-03-02 12:29:38,300 - INFO - CraftableBot - [Order Update] Checking for pre-existing order file: Performance Food_BAKERY_20250302.xlsx
2025-03-02 12:29:38,300 - INFO - OrderManager - Looking up directory for: Performance Food.
2025-03-02 12:29:38,301 - INFO - OrderManager - Directory found: C:\Users\Will\Desktop\Andrew\Projects\RandomStuff\WorkBot\main\backend\orders\OrderFiles\Performance Food
2025-03-02 12:29:38,301 - INFO - CraftableBot - [Order Update] Extracting data from existing order file: Performance Food_BAKERY_20250302.xlsx
2025-03-02 12:29:38,317 - INFO - CraftableBot - [Order Update] Comparing new data with the existing file for BAKERY for Performance Food on 20250302.
2025-03-02 12:29:38,317 - INFO - CraftableBot - [Order Update] Removing outdated order file: C:\Users\Will\Desktop\Andrew\Projects\RandomStuff\WorkBot\main\backend\orders\OrderFiles\Performance Food\Performance Food_BAKERY_20250302.xlsx
2025-03-02 12:29:38,317 - INFO - CraftableBot - [File Cleanup] Attempting to remove file: C:\Users\Will\Desktop\Andrew\Projects\RandomStuff\WorkBot\main\backend\orders\OrderFiles\Performance Food\Performance Food_BAKERY_20250302.xlsx
2025-03-02 12:29:38,318 - INFO - CraftableBot - [File Cleanup] Successfully removed file: C:\Users\Will\Desktop\Andrew\Projects\RandomStuff\WorkBot\main\backend\orders\OrderFiles\Performance Food\Performance Food_BAKERY_20250302.xlsx
2025-03-02 12:29:38,318 - INFO - CraftableBot - [File Cleanup] Attempting to remove file: C:\Users\Will\Desktop\Andrew\Projects\RandomStuff\WorkBot\main\backend\orders\OrderFiles\Performance Food\Performance Food_BAKERY_20250302.pdf
2025-03-02 12:29:38,319 - INFO - CraftableBot - [File Cleanup] Successfully removed file: C:\Users\Will\Desktop\Andrew\Projects\RandomStuff\WorkBot\main\backend\orders\OrderFiles\Performance Food\Performance Food_BAKERY_20250302.pdf
2025-03-02 12:29:38,319 - INFO - CraftableBot - Saving order for Performance Food.
2025-03-02 12:29:45,708 - INFO - CraftableBot - Retrieving order for US Foods (03/02/2025).
2025-03-02 12:29:48,273 - INFO - CraftableBot - [Order Update] Initiating update protocol for BAKERY for vendor: US Foods, on 20250302.
2025-03-02 12:29:48,273 - INFO - CraftableBot - [Order Update] Checking for pre-existing order file: US Foods_BAKERY_20250302.xlsx
2025-03-02 12:29:48,273 - INFO - OrderManager - Looking up directory for: US Foods.
2025-03-02 12:29:48,274 - INFO - OrderManager - Directory found: C:\Users\Will\Desktop\Andrew\Projects\RandomStuff\WorkBot\main\backend\orders\OrderFiles\US Foods
2025-03-02 12:29:48,274 - INFO - CraftableBot - [Order Update] Extracting data from existing order file: US Foods_BAKERY_20250302.xlsx
2025-03-02 12:29:48,290 - INFO - CraftableBot - [Order Update] Comparing new data with the existing file for BAKERY for US Foods on 20250302.
2025-03-02 12:29:48,291 - INFO - CraftableBot - [Order Update] No changes detected for BAKERY for US Foods on 20250302. Skipping update protocol.
2025-03-02 12:29:48,291 - INFO - CraftableBot - Order for US Foods is up-to-date. Skipping.
2025-03-02 12:29:50,354 - INFO - CraftableBot - Retrieving order for Equal Exchange (03/02/2025).
2025-03-02 12:29:51,900 - INFO - CraftableBot - [Order Update] Initiating update protocol for BAKERY for vendor: Equal Exchange, on 20250302.
2025-03-02 12:29:51,900 - INFO - CraftableBot - [Order Update] Checking for pre-existing order file: Equal Exchange_BAKERY_20250302.xlsx
2025-03-02 12:29:51,901 - INFO - OrderManager - Looking up directory for: Equal Exchange.
2025-03-02 12:29:51,901 - INFO - OrderManager - Directory found: C:\Users\Will\Desktop\Andrew\Projects\RandomStuff\WorkBot\main\backend\orders\OrderFiles\Equal Exchange
2025-03-02 12:29:51,901 - INFO - CraftableBot - [Order Update] Extracting data from existing order file: Equal Exchange_BAKERY_20250302.xlsx
2025-03-02 12:29:51,915 - INFO - CraftableBot - [Order Update] Comparing new data with the existing file for BAKERY for Equal Exchange on 20250302.
2025-03-02 12:29:51,915 - INFO - CraftableBot - [Order Update] No changes detected for BAKERY for Equal Exchange on 20250302. Skipping update protocol.
2025-03-02 12:29:51,915 - INFO - CraftableBot - Order for Equal Exchange is up-to-date. Skipping.
2025-03-02 12:29:53,974 - INFO - CraftableBot - Retrieving order for Eurocafe Imports (03/02/2025).
2025-03-02 12:29:55,127 - INFO - CraftableBot - [Order Update] Initiating update protocol for BAKERY for vendor: Eurocafe Imports, on 20250302.
2025-03-02 12:29:55,127 - INFO - CraftableBot - [Order Update] Checking for pre-existing order file: Eurocafe Imports_BAKERY_20250302.xlsx
2025-03-02 12:29:55,127 - INFO - OrderManager - Looking up directory for: Eurocafe Imports.
2025-03-02 12:29:55,128 - INFO - OrderManager - Directory found: C:\Users\Will\Desktop\Andrew\Projects\RandomStuff\WorkBot\main\backend\orders\OrderFiles\Eurocafe Imports
2025-03-02 12:29:55,128 - INFO - CraftableBot - [Order Update] Extracting data from existing order file: Eurocafe Imports_BAKERY_20250302.xlsx
2025-03-02 12:29:55,145 - INFO - CraftableBot - [Order Update] Comparing new data with the existing file for BAKERY for Eurocafe Imports on 20250302.
2025-03-02 12:29:55,145 - INFO - CraftableBot - [Order Update] No changes detected for BAKERY for Eurocafe Imports on 20250302. Skipping update protocol.
2025-03-02 12:29:55,145 - INFO - CraftableBot - Order for Eurocafe Imports is up-to-date. Skipping.
2025-03-02 12:29:57,201 - INFO - CraftableBot - Retrieving order for Copper Horse Coffee (03/02/2025).
2025-03-02 12:29:58,582 - INFO - CraftableBot - [Order Update] Initiating update protocol for BAKERY for vendor: Copper Horse Coffee, on 20250302.
2025-03-02 12:29:58,582 - INFO - CraftableBot - [Order Update] Checking for pre-existing order file: Copper Horse Coffee_BAKERY_20250302.xlsx
2025-03-02 12:29:58,583 - INFO - OrderManager - Looking up directory for: Copper Horse Coffee.
2025-03-02 12:29:58,583 - INFO - OrderManager - Directory found: C:\Users\Will\Desktop\Andrew\Projects\RandomStuff\WorkBot\main\backend\orders\OrderFiles\Copper Horse Coffee
2025-03-02 12:29:58,583 - INFO - CraftableBot - [Order Update] Extracting data from existing order file: Copper Horse Coffee_BAKERY_20250302.xlsx
2025-03-02 12:29:58,598 - INFO - CraftableBot - [Order Update] Comparing new data with the existing file for BAKERY for Copper Horse Coffee on 20250302.
2025-03-02 12:29:58,598 - INFO - CraftableBot - [Order Update] Removing outdated order file: C:\Users\Will\Desktop\Andrew\Projects\RandomStuff\WorkBot\main\backend\orders\OrderFiles\Copper Horse Coffee\Copper Horse Coffee_BAKERY_20250302.xlsx
2025-03-02 12:29:58,598 - INFO - CraftableBot - [File Cleanup] Attempting to remove file: C:\Users\Will\Desktop\Andrew\Projects\RandomStuff\WorkBot\main\backend\orders\OrderFiles\Copper Horse Coffee\Copper Horse Coffee_BAKERY_20250302.xlsx
2025-03-02 12:29:58,599 - INFO - CraftableBot - [File Cleanup] Successfully removed file: C:\Users\Will\Desktop\Andrew\Projects\RandomStuff\WorkBot\main\backend\orders\OrderFiles\Copper Horse Coffee\Copper Horse Coffee_BAKERY_20250302.xlsx
2025-03-02 12:29:58,599 - INFO - CraftableBot - [File Cleanup] Attempting to remove file: C:\Users\Will\Desktop\Andrew\Projects\RandomStuff\WorkBot\main\backend\orders\OrderFiles\Copper Horse Coffee\Copper Horse Coffee_BAKERY_20250302.pdf
2025-03-02 12:29:58,600 - INFO - CraftableBot - [File Cleanup] Successfully removed file: C:\Users\Will\Desktop\Andrew\Projects\RandomStuff\WorkBot\main\backend\orders\OrderFiles\Copper Horse Coffee\Copper Horse Coffee_BAKERY_20250302.pdf
2025-03-02 12:29:58,600 - INFO - CraftableBot - Saving order for Copper Horse Coffee.
2025-03-02 12:30:05,973 - INFO - CraftableBot - Retrieving order for FingerLakes Farms (03/02/2025).
2025-03-02 12:30:07,876 - INFO - CraftableBot - [Order Update] Initiating update protocol for BAKERY for vendor: FingerLakes Farms, on 20250302.
2025-03-02 12:30:07,876 - INFO - CraftableBot - [Order Update] Checking for pre-existing order file: FingerLakes Farms_BAKERY_20250302.xlsx
2025-03-02 12:30:07,876 - INFO - OrderManager - Looking up directory for: FingerLakes Farms.
2025-03-02 12:30:07,877 - INFO - OrderManager - Directory found: C:\Users\Will\Desktop\Andrew\Projects\RandomStuff\WorkBot\main\backend\orders\OrderFiles\FingerLakes Farms
2025-03-02 12:30:07,877 - INFO - CraftableBot - [Order Update] Extracting data from existing order file: FingerLakes Farms_BAKERY_20250302.xlsx
2025-03-02 12:30:07,893 - INFO - CraftableBot - [Order Update] Comparing new data with the existing file for BAKERY for FingerLakes Farms on 20250302.
2025-03-02 12:30:07,894 - INFO - CraftableBot - [Order Update] Removing outdated order file: C:\Users\Will\Desktop\Andrew\Projects\RandomStuff\WorkBot\main\backend\orders\OrderFiles\FingerLakes Farms\FingerLakes Farms_BAKERY_20250302.xlsx
2025-03-02 12:30:07,894 - INFO - CraftableBot - [File Cleanup] Attempting to remove file: C:\Users\Will\Desktop\Andrew\Projects\RandomStuff\WorkBot\main\backend\orders\OrderFiles\FingerLakes Farms\FingerLakes Farms_BAKERY_20250302.xlsx
2025-03-02 12:30:07,894 - INFO - CraftableBot - [File Cleanup] Successfully removed file: C:\Users\Will\Desktop\Andrew\Projects\RandomStuff\WorkBot\main\backend\orders\OrderFiles\FingerLakes Farms\FingerLakes Farms_BAKERY_20250302.xlsx
2025-03-02 12:30:07,894 - INFO - CraftableBot - [File Cleanup] Attempting to remove file: C:\Users\Will\Desktop\Andrew\Projects\RandomStuff\WorkBot\main\backend\orders\OrderFiles\FingerLakes Farms\FingerLakes Farms_BAKERY_20250302.pdf
2025-03-02 12:30:07,895 - INFO - CraftableBot - [File Cleanup] Successfully removed file: C:\Users\Will\Desktop\Andrew\Projects\RandomStuff\WorkBot\main\backend\orders\OrderFiles\FingerLakes Farms\FingerLakes Farms_BAKERY_20250302.pdf
2025-03-02 12:30:07,895 - INFO - CraftableBot - Saving order for FingerLakes Farms.
2025-03-02 12:30:15,278 - INFO - CraftableBot - Retrieving order for Coca-Cola (03/02/2025).
2025-03-02 12:30:16,776 - INFO - CraftableBot - [Order Update] Initiating update protocol for BAKERY for vendor: Coca-Cola, on 20250302.
2025-03-02 12:30:16,776 - INFO - CraftableBot - [Order Update] Checking for pre-existing order file: Coca-Cola_BAKERY_20250302.xlsx
2025-03-02 12:30:16,776 - INFO - OrderManager - Looking up directory for: Coca-Cola.
2025-03-02 12:30:16,776 - INFO - OrderManager - Directory found: C:\Users\Will\Desktop\Andrew\Projects\RandomStuff\WorkBot\main\backend\orders\OrderFiles\Coca-Cola
2025-03-02 12:30:16,777 - INFO - CraftableBot - [Order Update] Extracting data from existing order file: Coca-Cola_BAKERY_20250302.xlsx
2025-03-02 12:30:16,792 - INFO - CraftableBot - [Order Update] Comparing new data with the existing file for BAKERY for Coca-Cola on 20250302.
2025-03-02 12:30:16,792 - INFO - CraftableBot - [Order Update] No changes detected for BAKERY for Coca-Cola on 20250302. Skipping update protocol.
2025-03-02 12:30:16,792 - INFO - CraftableBot - Order for Coca-Cola is up-to-date. Skipping.
2025-03-02 12:30:18,812 - INFO - CraftableBot - Order download complete.
2025-03-02 12:33:52,670 - INFO - CraftableBot - Starting order download protocol.
2025-03-02 12:33:52,670 - INFO - CraftableBot - Accessing order page for TRIPHAMMER.
2025-03-02 12:33:59,945 - INFO - CraftableBot - Retrieving order for Equal Exchange (02/28/2025).
2025-03-02 12:34:01,193 - INFO - CraftableBot - [Order Update] Initiating update protocol for TRIPHAMMER for vendor: Equal Exchange, on 20250228.
2025-03-02 12:34:01,193 - INFO - CraftableBot - [Order Update] Checking for pre-existing order file: Equal Exchange_TRIPHAMMER_20250228.xlsx
2025-03-02 12:34:01,193 - INFO - OrderManager - Looking up directory for: Equal Exchange.
2025-03-02 12:34:01,193 - INFO - OrderManager - Directory found: C:\Users\Will\Desktop\Andrew\Projects\RandomStuff\WorkBot\main\backend\orders\OrderFiles\Equal Exchange
2025-03-02 12:34:01,194 - INFO - CraftableBot - [Order Update] Extracting data from existing order file: Equal Exchange_TRIPHAMMER_20250228.xlsx
2025-03-02 12:34:01,197 - INFO - CraftableBot - [Order Update] Comparing new data with the existing file for TRIPHAMMER for Equal Exchange on 20250228.
2025-03-02 12:34:01,197 - INFO - CraftableBot - [Order Update] Removing outdated order file: C:\Users\Will\Desktop\Andrew\Projects\RandomStuff\WorkBot\main\backend\orders\OrderFiles\Equal Exchange\Equal Exchange_TRIPHAMMER_20250228.xlsx
2025-03-02 12:34:01,198 - INFO - CraftableBot - [File Cleanup] Attempting to remove file: C:\Users\Will\Desktop\Andrew\Projects\RandomStuff\WorkBot\main\backend\orders\OrderFiles\Equal Exchange\Equal Exchange_TRIPHAMMER_20250228.xlsx
2025-03-02 12:34:01,198 - INFO - CraftableBot - [File Cleanup] Successfully removed file: C:\Users\Will\Desktop\Andrew\Projects\RandomStuff\WorkBot\main\backend\orders\OrderFiles\Equal Exchange\Equal Exchange_TRIPHAMMER_20250228.xlsx
2025-03-02 12:34:01,198 - INFO - CraftableBot - [File Cleanup] Attempting to remove file: C:\Users\Will\Desktop\Andrew\Projects\RandomStuff\WorkBot\main\backend\orders\OrderFiles\Equal Exchange\Equal Exchange_TRIPHAMMER_20250228.pdf
2025-03-02 12:34:01,199 - ERROR - CraftableBot - [File Cleanup] Error removing file: [WinError 32] The process cannot access the file because it is being used by another process: 'C:\\Users\\Will\\Desktop\\Andrew\\Projects\\RandomStuff\\WorkBot\\main\\backend\\orders\\OrderFiles\\Equal Exchange\\Equal Exchange_TRIPHAMMER_20250228.pdf'
2025-03-02 12:34:01,199 - WARNING - CraftableBot - [File Cleanup] File is in use by another program. Aborting deletion.
2025-03-02 12:34:01,199 - INFO - CraftableBot - Saving order for Equal Exchange.
2025-03-02 12:34:08,862 - INFO - CraftableBot - Accessing order page for EASTHILL.
2025-03-02 12:34:15,437 - INFO - CraftableBot - Retrieving order for Equal Exchange (02/28/2025).
2025-03-02 12:34:16,650 - INFO - CraftableBot - [Order Update] Initiating update protocol for EASTHILL for vendor: Equal Exchange, on 20250228.
2025-03-02 12:34:16,650 - INFO - CraftableBot - [Order Update] Checking for pre-existing order file: Equal Exchange_EASTHILL_20250228.xlsx
2025-03-02 12:34:16,650 - INFO - OrderManager - Looking up directory for: Equal Exchange.
2025-03-02 12:34:16,650 - INFO - OrderManager - Directory found: C:\Users\Will\Desktop\Andrew\Projects\RandomStuff\WorkBot\main\backend\orders\OrderFiles\Equal Exchange
2025-03-02 12:34:16,651 - INFO - CraftableBot - [Order Update] Extracting data from existing order file: Equal Exchange_EASTHILL_20250228.xlsx
2025-03-02 12:34:16,669 - INFO - CraftableBot - [Order Update] Comparing new data with the existing file for EASTHILL for Equal Exchange on 20250228.
2025-03-02 12:34:16,669 - INFO - CraftableBot - [Order Update] No changes detected for EASTHILL for Equal Exchange on 20250228. Skipping update protocol.
2025-03-02 12:34:16,669 - INFO - CraftableBot - Order for Equal Exchange is up-to-date. Skipping.
2025-03-02 12:34:19,063 - INFO - CraftableBot - Order download complete.
2025-03-02 12:34:36,083 - INFO - WorkBot - Initializing WorkBot...
2025-03-02 12:34:38,243 - INFO - WorkBot - WorkBot initialized successfully.
2025-03-02 12:34:58,830 - INFO - CraftableBot - Logging into Craftable.
2025-03-02 12:35:06,497 - INFO - CraftableBot - Login successful.
2025-03-02 12:35:06,497 - INFO - CraftableBot - Starting order download protocol.
2025-03-02 12:35:06,498 - INFO - CraftableBot - Accessing order page for COLLEGETOWN.
2025-03-02 12:35:13,425 - INFO - CraftableBot - Retrieving order for Equal Exchange (02/28/2025).
2025-03-02 12:35:14,711 - INFO - CraftableBot - [Order Update] Initiating update protocol for COLLEGETOWN for vendor: Equal Exchange, on 20250228.
2025-03-02 12:35:14,711 - INFO - CraftableBot - [Order Update] Checking for pre-existing order file: Equal Exchange_COLLEGETOWN_20250228.xlsx
2025-03-02 12:35:14,712 - INFO - OrderManager - Looking up directory for: Equal Exchange.
2025-03-02 12:35:14,712 - INFO - OrderManager - Directory found: C:\Users\Will\Desktop\Andrew\Projects\RandomStuff\WorkBot\main\backend\orders\OrderFiles\Equal Exchange
2025-03-02 12:35:14,712 - INFO - CraftableBot - [Order Update] Extracting data from existing order file: Equal Exchange_COLLEGETOWN_20250228.xlsx
2025-03-02 12:35:14,813 - INFO - CraftableBot - [Order Update] Comparing new data with the existing file for COLLEGETOWN for Equal Exchange on 20250228.
2025-03-02 12:35:14,814 - INFO - CraftableBot - [Order Update] Removing outdated order file: C:\Users\Will\Desktop\Andrew\Projects\RandomStuff\WorkBot\main\backend\orders\OrderFiles\Equal Exchange\Equal Exchange_COLLEGETOWN_20250228.xlsx
2025-03-02 12:35:14,814 - INFO - CraftableBot - [File Cleanup] Attempting to remove file: C:\Users\Will\Desktop\Andrew\Projects\RandomStuff\WorkBot\main\backend\orders\OrderFiles\Equal Exchange\Equal Exchange_COLLEGETOWN_20250228.xlsx
2025-03-02 12:35:14,814 - INFO - CraftableBot - [File Cleanup] Successfully removed file: C:\Users\Will\Desktop\Andrew\Projects\RandomStuff\WorkBot\main\backend\orders\OrderFiles\Equal Exchange\Equal Exchange_COLLEGETOWN_20250228.xlsx
2025-03-02 12:35:14,815 - INFO - CraftableBot - [File Cleanup] Attempting to remove file: C:\Users\Will\Desktop\Andrew\Projects\RandomStuff\WorkBot\main\backend\orders\OrderFiles\Equal Exchange\Equal Exchange_COLLEGETOWN_20250228.pdf
2025-03-02 12:35:14,815 - INFO - CraftableBot - [File Cleanup] Successfully removed file: C:\Users\Will\Desktop\Andrew\Projects\RandomStuff\WorkBot\main\backend\orders\OrderFiles\Equal Exchange\Equal Exchange_COLLEGETOWN_20250228.pdf
2025-03-02 12:35:14,815 - INFO - CraftableBot - Saving order for Equal Exchange.
2025-03-02 12:35:22,595 - INFO - CraftableBot - Accessing order page for TRIPHAMMER.
2025-03-02 12:35:29,404 - INFO - CraftableBot - Retrieving order for Equal Exchange (02/28/2025).
2025-03-02 12:35:30,617 - INFO - CraftableBot - [Order Update] Initiating update protocol for TRIPHAMMER for vendor: Equal Exchange, on 20250228.
2025-03-02 12:35:30,617 - INFO - CraftableBot - [Order Update] Checking for pre-existing order file: Equal Exchange_TRIPHAMMER_20250228.xlsx
2025-03-02 12:35:30,617 - INFO - OrderManager - Looking up directory for: Equal Exchange.
2025-03-02 12:35:30,617 - INFO - OrderManager - Directory found: C:\Users\Will\Desktop\Andrew\Projects\RandomStuff\WorkBot\main\backend\orders\OrderFiles\Equal Exchange
2025-03-02 12:35:30,617 - INFO - CraftableBot - [Order Update] No existing order file found for TRIPHAMMER for Equal Exchange on 20250228. Proceeding with new download.
2025-03-02 12:35:30,617 - INFO - CraftableBot - Saving order for Equal Exchange.
2025-03-02 12:35:38,220 - INFO - CraftableBot - Order download complete.
2025-03-02 12:36:18,068 - INFO - CraftableBot - Closing WebDriver session.
2025-03-02 12:37:08,600 - INFO - VendorManager - Initialized Copper Horse Coffee bot.
2025-03-02 12:39:06,435 - INFO - VendorManager - Initialized Copper Horse Coffee bot.
2025-03-02 12:42:29,778 - INFO - WorkBot - Initializing WorkBot...
2025-03-02 12:42:32,100 - INFO - WorkBot - WorkBot initialized successfully.
2025-03-02 12:49:38,478 - INFO - OrderManager - Looking up directory for: Sysco.
2025-03-02 12:49:38,479 - INFO - OrderManager - Directory found: C:\Users\Will\Desktop\Andrew\Projects\RandomStuff\WorkBot\main\backend\orders\OrderFiles\Sysco
2025-03-02 12:49:39,101 - INFO - VendorManager - Initialized Sysco bot.
2025-03-02 12:49:39,102 - INFO - OrderManager - Looking up directory for: UNFI.
2025-03-02 12:49:39,102 - INFO - OrderManager - Directory found: C:\Users\Will\Desktop\Andrew\Projects\RandomStuff\WorkBot\main\backend\orders\OrderFiles\UNFI
2025-03-02 12:52:25,505 - INFO - WorkBot - Initializing WorkBot...
2025-03-02 12:52:27,648 - INFO - WorkBot - WorkBot initialized successfully.
2025-03-02 12:53:04,605 - INFO - OrderManager - Looking up directory for: Sysco.
2025-03-02 12:53:04,605 - INFO - OrderManager - Directory found: C:\Users\Will\Desktop\Andrew\Projects\RandomStuff\WorkBot\main\backend\orders\OrderFiles\Sysco
2025-03-02 12:53:05,440 - INFO - VendorManager - Initialized Sysco bot.
2025-03-02 12:53:05,440 - INFO - OrderManager - Looking up directory for: UNFI.
2025-03-02 12:53:05,441 - INFO - OrderManager - Directory found: C:\Users\Will\Desktop\Andrew\Projects\RandomStuff\WorkBot\main\backend\orders\OrderFiles\UNFI
2025-03-02 12:55:33,504 - INFO - WorkBot - Initializing WorkBot...
2025-03-02 12:55:36,071 - INFO - WorkBot - WorkBot initialized successfully.
2025-03-02 12:56:03,379 - INFO - OrderManager - Looking up directory for: Sysco.
2025-03-02 12:56:03,380 - INFO - OrderManager - Directory found: C:\Users\Will\Desktop\Andrew\Projects\RandomStuff\WorkBot\main\backend\orders\OrderFiles\Sysco
2025-03-02 12:56:04,082 - INFO - VendorManager - Initialized Sysco bot.
2025-03-02 12:56:04,082 - INFO - OrderManager - Looking up directory for: UNFI.
2025-03-02 12:56:04,083 - INFO - OrderManager - Directory found: C:\Users\Will\Desktop\Andrew\Projects\RandomStuff\WorkBot\main\backend\orders\OrderFiles\UNFI
2025-03-02 12:56:04,084 - INFO - VendorManager - Sysco bot is already initialized.
2025-03-02 12:56:04,084 - INFO - OrderManager - Looking up directory for: UNFI.
2025-03-02 12:56:04,084 - INFO - OrderManager - Directory found: C:\Users\Will\Desktop\Andrew\Projects\RandomStuff\WorkBot\main\backend\orders\OrderFiles\UNFI
2025-03-02 12:56:04,085 - INFO - VendorManager - Sysco bot is already initialized.
2025-03-02 12:56:04,085 - INFO - OrderManager - Looking up directory for: UNFI.
2025-03-02 12:56:04,085 - INFO - OrderManager - Directory found: C:\Users\Will\Desktop\Andrew\Projects\RandomStuff\WorkBot\main\backend\orders\OrderFiles\UNFI
2025-03-02 12:56:04,086 - INFO - VendorManager - Sysco bot is already initialized.
2025-03-02 12:56:04,086 - INFO - OrderManager - Looking up directory for: UNFI.
2025-03-02 12:56:04,086 - INFO - OrderManager - Directory found: C:\Users\Will\Desktop\Andrew\Projects\RandomStuff\WorkBot\main\backend\orders\OrderFiles\UNFI
2025-03-02 12:56:04,087 - INFO - VendorManager - Sysco bot is already initialized.
2025-03-02 12:56:04,088 - INFO - OrderManager - Looking up directory for: UNFI.
2025-03-02 12:56:04,088 - INFO - OrderManager - Directory found: C:\Users\Will\Desktop\Andrew\Projects\RandomStuff\WorkBot\main\backend\orders\OrderFiles\UNFI
2025-03-02 12:56:04,089 - INFO - OrderManager - Looking up directory for: US Foods.
2025-03-02 12:56:04,089 - INFO - OrderManager - Directory found: C:\Users\Will\Desktop\Andrew\Projects\RandomStuff\WorkBot\main\backend\orders\OrderFiles\US Foods
2025-03-02 12:56:05,450 - INFO - VendorManager - Initialized US Foods bot.
2025-03-02 12:56:05,451 - INFO - OrderManager - Looking up directory for: UNFI.
2025-03-02 12:56:05,451 - INFO - OrderManager - Directory found: C:\Users\Will\Desktop\Andrew\Projects\RandomStuff\WorkBot\main\backend\orders\OrderFiles\UNFI
2025-03-02 12:58:17,523 - INFO - WorkBot - Initializing WorkBot...
2025-03-02 12:58:19,691 - INFO - WorkBot - WorkBot initialized successfully.
2025-03-02 12:58:45,562 - INFO - OrderManager - Looking up directory for: Sysco.
2025-03-02 12:58:45,562 - INFO - OrderManager - Directory found: C:\Users\Will\Desktop\Andrew\Projects\RandomStuff\WorkBot\main\backend\orders\OrderFiles\Sysco
2025-03-02 12:58:45,591 - INFO - VendorManager - Initialized Sysco bot.
2025-03-02 12:58:45,592 - INFO - OrderManager - Looking up directory for: UNFI.
2025-03-02 12:58:45,592 - INFO - OrderManager - Directory found: C:\Users\Will\Desktop\Andrew\Projects\RandomStuff\WorkBot\main\backend\orders\OrderFiles\UNFI
2025-03-02 12:58:45,593 - INFO - VendorManager - Sysco bot is already initialized.
2025-03-02 12:58:45,593 - INFO - OrderManager - Looking up directory for: UNFI.
2025-03-02 12:58:45,593 - INFO - OrderManager - Directory found: C:\Users\Will\Desktop\Andrew\Projects\RandomStuff\WorkBot\main\backend\orders\OrderFiles\UNFI
2025-03-02 12:58:45,594 - INFO - VendorManager - Sysco bot is already initialized.
2025-03-02 12:58:45,594 - INFO - OrderManager - Looking up directory for: UNFI.
2025-03-02 12:58:45,594 - INFO - OrderManager - Directory found: C:\Users\Will\Desktop\Andrew\Projects\RandomStuff\WorkBot\main\backend\orders\OrderFiles\UNFI
2025-03-02 12:58:45,595 - INFO - VendorManager - Sysco bot is already initialized.
2025-03-02 12:58:45,595 - INFO - OrderManager - Looking up directory for: UNFI.
2025-03-02 12:58:45,595 - INFO - OrderManager - Directory found: C:\Users\Will\Desktop\Andrew\Projects\RandomStuff\WorkBot\main\backend\orders\OrderFiles\UNFI
2025-03-02 12:58:45,596 - INFO - VendorManager - Sysco bot is already initialized.
2025-03-02 12:58:45,596 - INFO - OrderManager - Looking up directory for: UNFI.
2025-03-02 12:58:45,596 - INFO - OrderManager - Directory found: C:\Users\Will\Desktop\Andrew\Projects\RandomStuff\WorkBot\main\backend\orders\OrderFiles\UNFI
2025-03-02 12:58:45,597 - INFO - OrderManager - Looking up directory for: US Foods.
2025-03-02 12:58:45,597 - INFO - OrderManager - Directory found: C:\Users\Will\Desktop\Andrew\Projects\RandomStuff\WorkBot\main\backend\orders\OrderFiles\US Foods
2025-03-02 12:58:45,643 - INFO - VendorManager - Initialized US Foods bot.
2025-03-02 12:58:45,643 - INFO - OrderManager - Looking up directory for: UNFI.
2025-03-02 12:58:45,643 - INFO - OrderManager - Directory found: C:\Users\Will\Desktop\Andrew\Projects\RandomStuff\WorkBot\main\backend\orders\OrderFiles\UNFI
2025-03-02 12:58:45,645 - INFO - VendorManager - US Foods bot is already initialized.
2025-03-02 12:58:45,645 - INFO - OrderManager - Looking up directory for: UNFI.
2025-03-02 12:58:45,645 - INFO - OrderManager - Directory found: C:\Users\Will\Desktop\Andrew\Projects\RandomStuff\WorkBot\main\backend\orders\OrderFiles\UNFI
2025-03-02 12:58:45,647 - INFO - VendorManager - US Foods bot is already initialized.
2025-03-02 12:58:45,647 - INFO - OrderManager - Looking up directory for: UNFI.
2025-03-02 12:58:45,647 - INFO - OrderManager - Directory found: C:\Users\Will\Desktop\Andrew\Projects\RandomStuff\WorkBot\main\backend\orders\OrderFiles\UNFI
2025-03-02 12:58:45,649 - INFO - VendorManager - US Foods bot is already initialized.
2025-03-02 12:58:45,649 - INFO - OrderManager - Looking up directory for: UNFI.
2025-03-02 12:58:45,650 - INFO - OrderManager - Directory found: C:\Users\Will\Desktop\Andrew\Projects\RandomStuff\WorkBot\main\backend\orders\OrderFiles\UNFI
2025-03-02 12:58:45,651 - INFO - VendorManager - US Foods bot is already initialized.
2025-03-02 12:58:45,651 - INFO - OrderManager - Looking up directory for: UNFI.
2025-03-02 12:58:45,652 - INFO - OrderManager - Directory found: C:\Users\Will\Desktop\Andrew\Projects\RandomStuff\WorkBot\main\backend\orders\OrderFiles\UNFI
2025-03-02 12:58:45,653 - INFO - OrderManager - Looking up directory for: Performance Food.
2025-03-02 12:58:45,653 - INFO - OrderManager - Directory found: C:\Users\Will\Desktop\Andrew\Projects\RandomStuff\WorkBot\main\backend\orders\OrderFiles\Performance Food
2025-03-02 12:58:45,694 - INFO - VendorManager - Initialized Performance Food bot.
2025-03-02 12:58:45,694 - INFO - OrderManager - Looking up directory for: UNFI.
2025-03-02 12:58:45,694 - INFO - OrderManager - Directory found: C:\Users\Will\Desktop\Andrew\Projects\RandomStuff\WorkBot\main\backend\orders\OrderFiles\UNFI
2025-03-02 12:58:45,695 - INFO - VendorManager - Performance Food bot is already initialized.
2025-03-02 12:58:45,695 - INFO - OrderManager - Looking up directory for: UNFI.
2025-03-02 12:58:45,696 - INFO - OrderManager - Directory found: C:\Users\Will\Desktop\Andrew\Projects\RandomStuff\WorkBot\main\backend\orders\OrderFiles\UNFI
2025-03-02 12:58:45,696 - INFO - VendorManager - Performance Food bot is already initialized.
2025-03-02 12:58:45,697 - INFO - OrderManager - Looking up directory for: UNFI.
2025-03-02 12:58:45,697 - INFO - OrderManager - Directory found: C:\Users\Will\Desktop\Andrew\Projects\RandomStuff\WorkBot\main\backend\orders\OrderFiles\UNFI
2025-03-02 12:58:45,697 - INFO - VendorManager - Performance Food bot is already initialized.
2025-03-02 12:58:45,698 - INFO - OrderManager - Looking up directory for: UNFI.
2025-03-02 12:58:45,698 - INFO - OrderManager - Directory found: C:\Users\Will\Desktop\Andrew\Projects\RandomStuff\WorkBot\main\backend\orders\OrderFiles\UNFI
2025-03-02 12:58:45,699 - INFO - VendorManager - Performance Food bot is already initialized.
2025-03-02 12:58:45,699 - INFO - OrderManager - Looking up directory for: UNFI.
2025-03-02 12:58:45,699 - INFO - OrderManager - Directory found: C:\Users\Will\Desktop\Andrew\Projects\RandomStuff\WorkBot\main\backend\orders\OrderFiles\UNFI
2025-03-02 13:00:37,753 - INFO - OrderManager - Looking up directory for: Sysco.
2025-03-02 13:00:37,753 - INFO - OrderManager - Directory found: C:\Users\Will\Desktop\Andrew\Projects\RandomStuff\WorkBot\main\backend\orders\OrderFiles\Sysco
2025-03-02 13:00:37,777 - INFO - VendorManager - Sysco bot is already initialized.
2025-03-02 13:00:37,777 - INFO - OrderManager - Looking up directory for: UNFI.
2025-03-02 13:00:37,777 - INFO - OrderManager - Directory found: C:\Users\Will\Desktop\Andrew\Projects\RandomStuff\WorkBot\main\backend\orders\OrderFiles\UNFI
2025-03-02 13:00:37,778 - INFO - VendorManager - Sysco bot is already initialized.
2025-03-02 13:00:37,778 - INFO - OrderManager - Looking up directory for: UNFI.
2025-03-02 13:00:37,779 - INFO - OrderManager - Directory found: C:\Users\Will\Desktop\Andrew\Projects\RandomStuff\WorkBot\main\backend\orders\OrderFiles\UNFI
2025-03-02 13:00:37,779 - INFO - VendorManager - Sysco bot is already initialized.
2025-03-02 13:00:37,780 - INFO - OrderManager - Looking up directory for: UNFI.
2025-03-02 13:00:37,780 - INFO - OrderManager - Directory found: C:\Users\Will\Desktop\Andrew\Projects\RandomStuff\WorkBot\main\backend\orders\OrderFiles\UNFI
2025-03-02 13:00:37,781 - INFO - VendorManager - Sysco bot is already initialized.
2025-03-02 13:00:37,781 - INFO - OrderManager - Looking up directory for: UNFI.
2025-03-02 13:00:37,781 - INFO - OrderManager - Directory found: C:\Users\Will\Desktop\Andrew\Projects\RandomStuff\WorkBot\main\backend\orders\OrderFiles\UNFI
2025-03-02 13:00:37,782 - INFO - VendorManager - Sysco bot is already initialized.
2025-03-02 13:00:37,782 - INFO - OrderManager - Looking up directory for: UNFI.
2025-03-02 13:00:37,782 - INFO - OrderManager - Directory found: C:\Users\Will\Desktop\Andrew\Projects\RandomStuff\WorkBot\main\backend\orders\OrderFiles\UNFI
2025-03-02 13:00:37,783 - INFO - OrderManager - Looking up directory for: US Foods.
2025-03-02 13:00:37,783 - INFO - OrderManager - Directory found: C:\Users\Will\Desktop\Andrew\Projects\RandomStuff\WorkBot\main\backend\orders\OrderFiles\US Foods
2025-03-02 13:00:37,810 - INFO - VendorManager - US Foods bot is already initialized.
2025-03-02 13:00:37,810 - INFO - OrderManager - Looking up directory for: UNFI.
2025-03-02 13:00:37,811 - INFO - OrderManager - Directory found: C:\Users\Will\Desktop\Andrew\Projects\RandomStuff\WorkBot\main\backend\orders\OrderFiles\UNFI
2025-03-02 13:00:37,812 - INFO - VendorManager - US Foods bot is already initialized.
2025-03-02 13:00:37,812 - INFO - OrderManager - Looking up directory for: UNFI.
2025-03-02 13:00:37,812 - INFO - OrderManager - Directory found: C:\Users\Will\Desktop\Andrew\Projects\RandomStuff\WorkBot\main\backend\orders\OrderFiles\UNFI
2025-03-02 13:00:37,814 - INFO - VendorManager - US Foods bot is already initialized.
2025-03-02 13:00:37,814 - INFO - OrderManager - Looking up directory for: UNFI.
2025-03-02 13:00:37,814 - INFO - OrderManager - Directory found: C:\Users\Will\Desktop\Andrew\Projects\RandomStuff\WorkBot\main\backend\orders\OrderFiles\UNFI
2025-03-02 13:00:37,816 - INFO - VendorManager - US Foods bot is already initialized.
2025-03-02 13:00:37,816 - INFO - OrderManager - Looking up directory for: UNFI.
2025-03-02 13:00:37,816 - INFO - OrderManager - Directory found: C:\Users\Will\Desktop\Andrew\Projects\RandomStuff\WorkBot\main\backend\orders\OrderFiles\UNFI
2025-03-02 13:00:37,818 - INFO - VendorManager - US Foods bot is already initialized.
2025-03-02 13:00:37,818 - INFO - OrderManager - Looking up directory for: UNFI.
2025-03-02 13:00:37,818 - INFO - OrderManager - Directory found: C:\Users\Will\Desktop\Andrew\Projects\RandomStuff\WorkBot\main\backend\orders\OrderFiles\UNFI
2025-03-02 13:00:37,820 - INFO - OrderManager - Looking up directory for: Performance Food.
2025-03-02 13:00:37,820 - INFO - OrderManager - Directory found: C:\Users\Will\Desktop\Andrew\Projects\RandomStuff\WorkBot\main\backend\orders\OrderFiles\Performance Food
2025-03-02 13:00:37,842 - INFO - VendorManager - Performance Food bot is already initialized.
2025-03-02 13:00:37,842 - INFO - OrderManager - Looking up directory for: UNFI.
2025-03-02 13:00:37,842 - INFO - OrderManager - Directory found: C:\Users\Will\Desktop\Andrew\Projects\RandomStuff\WorkBot\main\backend\orders\OrderFiles\UNFI
2025-03-02 13:00:37,843 - INFO - VendorManager - Performance Food bot is already initialized.
2025-03-02 13:00:37,843 - INFO - OrderManager - Looking up directory for: UNFI.
2025-03-02 13:00:37,844 - INFO - OrderManager - Directory found: C:\Users\Will\Desktop\Andrew\Projects\RandomStuff\WorkBot\main\backend\orders\OrderFiles\UNFI
2025-03-02 13:00:37,844 - INFO - VendorManager - Performance Food bot is already initialized.
2025-03-02 13:00:37,844 - INFO - OrderManager - Looking up directory for: UNFI.
2025-03-02 13:00:37,845 - INFO - OrderManager - Directory found: C:\Users\Will\Desktop\Andrew\Projects\RandomStuff\WorkBot\main\backend\orders\OrderFiles\UNFI
2025-03-02 13:00:37,845 - INFO - VendorManager - Performance Food bot is already initialized.
2025-03-02 13:00:37,846 - INFO - OrderManager - Looking up directory for: UNFI.
2025-03-02 13:00:37,846 - INFO - OrderManager - Directory found: C:\Users\Will\Desktop\Andrew\Projects\RandomStuff\WorkBot\main\backend\orders\OrderFiles\UNFI
2025-03-02 13:00:37,847 - INFO - VendorManager - Performance Food bot is already initialized.
2025-03-02 13:00:37,847 - INFO - OrderManager - Looking up directory for: UNFI.
2025-03-02 13:00:37,847 - INFO - OrderManager - Directory found: C:\Users\Will\Desktop\Andrew\Projects\RandomStuff\WorkBot\main\backend\orders\OrderFiles\UNFI
2025-03-02 13:00:45,488 - INFO - CraftableBot - Closing WebDriver session.
2025-03-02 13:00:59,106 - INFO - WorkBot - Initializing WorkBot...
2025-03-02 13:01:01,250 - INFO - WorkBot - WorkBot initialized successfully.
2025-03-02 13:01:04,905 - INFO - OrderManager - Looking up directory for: Sysco.
2025-03-02 13:01:04,906 - INFO - OrderManager - Directory found: C:\Users\Will\Desktop\Andrew\Projects\RandomStuff\WorkBot\main\backend\orders\OrderFiles\Sysco
2025-03-02 13:01:04,934 - INFO - VendorManager - Initialized Sysco bot.
2025-03-02 13:01:04,934 - INFO - OrderManager - Looking up directory for: Sysco.
2025-03-02 13:01:04,935 - INFO - OrderManager - Directory found: C:\Users\Will\Desktop\Andrew\Projects\RandomStuff\WorkBot\main\backend\orders\OrderFiles\Sysco
2025-03-02 13:01:04,935 - INFO - VendorManager - Sysco bot is already initialized.
2025-03-02 13:01:04,936 - INFO - OrderManager - Looking up directory for: Sysco.
2025-03-02 13:01:04,936 - INFO - OrderManager - Directory found: C:\Users\Will\Desktop\Andrew\Projects\RandomStuff\WorkBot\main\backend\orders\OrderFiles\Sysco
2025-03-02 13:01:04,937 - INFO - VendorManager - Sysco bot is already initialized.
2025-03-02 13:01:04,937 - INFO - OrderManager - Looking up directory for: Sysco.
2025-03-02 13:01:04,937 - INFO - OrderManager - Directory found: C:\Users\Will\Desktop\Andrew\Projects\RandomStuff\WorkBot\main\backend\orders\OrderFiles\Sysco
2025-03-02 13:01:04,938 - INFO - VendorManager - Sysco bot is already initialized.
2025-03-02 13:01:04,938 - INFO - OrderManager - Looking up directory for: Sysco.
2025-03-02 13:01:04,939 - INFO - OrderManager - Directory found: C:\Users\Will\Desktop\Andrew\Projects\RandomStuff\WorkBot\main\backend\orders\OrderFiles\Sysco
2025-03-02 13:01:04,940 - INFO - VendorManager - Sysco bot is already initialized.
2025-03-02 13:01:04,940 - INFO - OrderManager - Looking up directory for: Sysco.
2025-03-02 13:01:04,940 - INFO - OrderManager - Directory found: C:\Users\Will\Desktop\Andrew\Projects\RandomStuff\WorkBot\main\backend\orders\OrderFiles\Sysco
2025-03-02 13:01:04,941 - INFO - OrderManager - Looking up directory for: US Foods.
2025-03-02 13:01:04,941 - INFO - OrderManager - Directory found: C:\Users\Will\Desktop\Andrew\Projects\RandomStuff\WorkBot\main\backend\orders\OrderFiles\US Foods
2025-03-02 13:01:04,976 - INFO - VendorManager - Initialized US Foods bot.
2025-03-02 13:01:04,976 - INFO - OrderManager - Looking up directory for: US Foods.
2025-03-02 13:01:04,977 - INFO - OrderManager - Directory found: C:\Users\Will\Desktop\Andrew\Projects\RandomStuff\WorkBot\main\backend\orders\OrderFiles\US Foods
2025-03-02 13:01:04,979 - INFO - VendorManager - US Foods bot is already initialized.
2025-03-02 13:01:04,979 - INFO - OrderManager - Looking up directory for: US Foods.
2025-03-02 13:01:04,980 - INFO - OrderManager - Directory found: C:\Users\Will\Desktop\Andrew\Projects\RandomStuff\WorkBot\main\backend\orders\OrderFiles\US Foods
2025-03-02 13:01:04,982 - INFO - VendorManager - US Foods bot is already initialized.
2025-03-02 13:01:04,982 - INFO - OrderManager - Looking up directory for: US Foods.
2025-03-02 13:01:04,982 - INFO - OrderManager - Directory found: C:\Users\Will\Desktop\Andrew\Projects\RandomStuff\WorkBot\main\backend\orders\OrderFiles\US Foods
2025-03-02 13:01:04,984 - INFO - VendorManager - US Foods bot is already initialized.
2025-03-02 13:01:04,985 - INFO - OrderManager - Looking up directory for: US Foods.
2025-03-02 13:01:04,985 - INFO - OrderManager - Directory found: C:\Users\Will\Desktop\Andrew\Projects\RandomStuff\WorkBot\main\backend\orders\OrderFiles\US Foods
2025-03-02 13:01:04,987 - INFO - VendorManager - US Foods bot is already initialized.
2025-03-02 13:01:04,987 - INFO - OrderManager - Looking up directory for: US Foods.
2025-03-02 13:01:04,987 - INFO - OrderManager - Directory found: C:\Users\Will\Desktop\Andrew\Projects\RandomStuff\WorkBot\main\backend\orders\OrderFiles\US Foods
2025-03-02 13:01:04,990 - INFO - OrderManager - Looking up directory for: Performance Food.
2025-03-02 13:01:04,991 - INFO - OrderManager - Directory found: C:\Users\Will\Desktop\Andrew\Projects\RandomStuff\WorkBot\main\backend\orders\OrderFiles\Performance Food
2025-03-02 13:01:05,016 - INFO - VendorManager - Initialized Performance Food bot.
2025-03-02 13:01:05,017 - INFO - OrderManager - Looking up directory for: Performance Food.
2025-03-02 13:01:05,017 - INFO - OrderManager - Directory found: C:\Users\Will\Desktop\Andrew\Projects\RandomStuff\WorkBot\main\backend\orders\OrderFiles\Performance Food
2025-03-02 13:01:05,018 - INFO - VendorManager - Performance Food bot is already initialized.
2025-03-02 13:01:05,018 - INFO - OrderManager - Looking up directory for: Performance Food.
2025-03-02 13:01:05,018 - INFO - OrderManager - Directory found: C:\Users\Will\Desktop\Andrew\Projects\RandomStuff\WorkBot\main\backend\orders\OrderFiles\Performance Food
2025-03-02 13:01:05,019 - INFO - VendorManager - Performance Food bot is already initialized.
2025-03-02 13:01:05,019 - INFO - OrderManager - Looking up directory for: Performance Food.
2025-03-02 13:01:05,020 - INFO - OrderManager - Directory found: C:\Users\Will\Desktop\Andrew\Projects\RandomStuff\WorkBot\main\backend\orders\OrderFiles\Performance Food
2025-03-02 13:01:05,020 - INFO - VendorManager - Performance Food bot is already initialized.
2025-03-02 13:01:05,021 - INFO - OrderManager - Looking up directory for: Performance Food.
2025-03-02 13:01:05,021 - INFO - OrderManager - Directory found: C:\Users\Will\Desktop\Andrew\Projects\RandomStuff\WorkBot\main\backend\orders\OrderFiles\Performance Food
2025-03-02 13:01:05,022 - INFO - VendorManager - Performance Food bot is already initialized.
2025-03-02 13:01:05,022 - INFO - OrderManager - Looking up directory for: Performance Food.
2025-03-02 13:01:05,022 - INFO - OrderManager - Directory found: C:\Users\Will\Desktop\Andrew\Projects\RandomStuff\WorkBot\main\backend\orders\OrderFiles\Performance Food
2025-03-02 14:28:39,747 - INFO - CraftableBot - Closing WebDriver session.
