2025-02-21 16:07:20,378 - INFO - OrderManager - Checking for directory for: UNFI.
2025-02-21 16:07:20,378 - INFO - OrderManager - Directory found: /home/anigold/projects/IthacaBakery/RandomStuff/WorkBot/main/backend/orders/OrderFiles/UNFI
2025-02-23 06:50:58,203 - INFO - OrderManager - Checking for directory for: Ithaca Bakery.
2025-02-23 06:50:58,203 - INFO - OrderManager - Directory found: C:\Users\Will\Desktop\Andrew\Projects\RandomStuff\WorkBot\main\backend\orders\OrderFiles\Ithaca Bakery
2025-02-23 06:51:07,378 - INFO - OrderManager - Checking for directory for: US Foods.
2025-02-23 06:51:07,378 - INFO - OrderManager - Directory found: C:\Users\Will\Desktop\Andrew\Projects\RandomStuff\WorkBot\main\backend\orders\OrderFiles\US Foods
2025-02-23 06:51:11,463 - INFO - OrderManager - Checking for directory for: UNFI.
2025-02-23 06:51:11,463 - INFO - OrderManager - Directory found: C:\Users\Will\Desktop\Andrew\Projects\RandomStuff\WorkBot\main\backend\orders\OrderFiles\UNFI
2025-02-23 06:51:15,141 - INFO - OrderManager - Checking for directory for: FingerLakes Farms.
2025-02-23 06:51:15,141 - INFO - OrderManager - Directory found: C:\Users\Will\Desktop\Andrew\Projects\RandomStuff\WorkBot\main\backend\orders\OrderFiles\FingerLakes Farms
2025-02-23 06:51:18,757 - INFO - OrderManager - Checking for directory for: Performance Food.
2025-02-23 06:51:18,757 - INFO - OrderManager - Directory found: C:\Users\Will\Desktop\Andrew\Projects\RandomStuff\WorkBot\main\backend\orders\OrderFiles\Performance Food
2025-02-23 06:51:22,179 - INFO - OrderManager - Checking for directory for: Hillcrest Dairy.
2025-02-23 06:51:22,179 - INFO - OrderManager - Directory found: C:\Users\Will\Desktop\Andrew\Projects\RandomStuff\WorkBot\main\backend\orders\OrderFiles\Hillcrest Dairy
2025-02-23 06:51:25,643 - INFO - OrderManager - Checking for directory for: Sysco.
2025-02-23 06:51:25,644 - INFO - OrderManager - Directory found: C:\Users\Will\Desktop\Andrew\Projects\RandomStuff\WorkBot\main\backend\orders\OrderFiles\Sysco
2025-02-23 06:51:28,874 - INFO - OrderManager - Checking for directory for: Webstaurant.
2025-02-23 06:51:28,874 - INFO - OrderManager - Directory found: C:\Users\Will\Desktop\Andrew\Projects\RandomStuff\WorkBot\main\backend\orders\OrderFiles\Webstaurant
2025-02-23 06:51:32,253 - INFO - OrderManager - Checking for directory for: Peters Supply.
2025-02-23 06:51:32,253 - INFO - OrderManager - Directory found: C:\Users\Will\Desktop\Andrew\Projects\RandomStuff\WorkBot\main\backend\orders\OrderFiles\Peters Supply
2025-02-23 06:51:35,783 - INFO - OrderManager - Checking for directory for: Hill & Markes.
2025-02-23 06:51:35,784 - INFO - OrderManager - Directory found: C:\Users\Will\Desktop\Andrew\Projects\RandomStuff\WorkBot\main\backend\orders\OrderFiles\Hill & Markes
2025-02-23 06:51:39,066 - INFO - OrderManager - Checking for directory for: Johnston Paper.
2025-02-23 06:51:39,066 - INFO - OrderManager - Directory found: C:\Users\Will\Desktop\Andrew\Projects\RandomStuff\WorkBot\main\backend\orders\OrderFiles\Johnston Paper
2025-02-23 06:51:42,454 - INFO - OrderManager - Checking for directory for: Equal Exchange.
2025-02-23 06:51:42,454 - INFO - OrderManager - Directory found: C:\Users\Will\Desktop\Andrew\Projects\RandomStuff\WorkBot\main\backend\orders\OrderFiles\Equal Exchange
2025-02-23 06:51:46,127 - INFO - OrderManager - Checking for directory for: Coca-Cola.
2025-02-23 06:51:46,127 - INFO - OrderManager - Directory found: C:\Users\Will\Desktop\Andrew\Projects\RandomStuff\WorkBot\main\backend\orders\OrderFiles\Coca-Cola
2025-02-23 06:51:49,618 - INFO - OrderManager - Checking for directory for: A.L. George.
2025-02-23 06:51:49,618 - INFO - OrderManager - Directory found: C:\Users\Will\Desktop\Andrew\Projects\RandomStuff\WorkBot\main\backend\orders\OrderFiles\A.L. George
2025-02-23 06:51:52,907 - INFO - OrderManager - Checking for directory for: Eurocafe Imports.
2025-02-23 06:51:52,908 - INFO - OrderManager - Directory found: C:\Users\Will\Desktop\Andrew\Projects\RandomStuff\WorkBot\main\backend\orders\OrderFiles\Eurocafe Imports
2025-02-23 06:52:02,953 - INFO - OrderManager - Checking for directory for: Hillcrest Dairy.
2025-02-23 06:52:02,953 - INFO - OrderManager - Directory found: C:\Users\Will\Desktop\Andrew\Projects\RandomStuff\WorkBot\main\backend\orders\OrderFiles\Hillcrest Dairy
2025-02-23 06:52:11,893 - INFO - OrderManager - Checking for directory for: Performance Food.
2025-02-23 06:52:11,893 - INFO - OrderManager - Directory found: C:\Users\Will\Desktop\Andrew\Projects\RandomStuff\WorkBot\main\backend\orders\OrderFiles\Performance Food
2025-02-23 06:52:21,137 - INFO - OrderManager - Checking for directory for: Sysco.
2025-02-23 06:52:21,138 - INFO - OrderManager - Directory found: C:\Users\Will\Desktop\Andrew\Projects\RandomStuff\WorkBot\main\backend\orders\OrderFiles\Sysco
2025-02-23 06:53:54,583 - INFO - OrderManager - Checking for directory for: Ithaca Bakery.
2025-02-23 06:53:54,583 - INFO - OrderManager - Directory not found for: Ithaca Bakery
2025-02-23 06:54:03,719 - INFO - OrderManager - Checking for directory for: Performance Food.
2025-02-23 06:54:03,719 - INFO - OrderManager - Directory not found for: Performance Food
2025-02-23 06:54:12,857 - INFO - OrderManager - Checking for directory for: Sysco.
2025-02-23 06:54:12,857 - INFO - OrderManager - Directory not found for: Sysco
2025-02-23 06:54:21,734 - INFO - OrderManager - Checking for directory for: Hillcrest Dairy.
2025-02-23 06:54:21,734 - INFO - OrderManager - Directory not found for: Hillcrest Dairy
2025-02-23 06:54:30,651 - INFO - OrderManager - Checking for directory for: FingerLakes Farms.
2025-02-23 06:54:30,652 - INFO - OrderManager - Directory not found for: FingerLakes Farms
2025-02-23 06:54:40,223 - INFO - OrderManager - Checking for directory for: US Foods.
2025-02-23 06:54:40,223 - INFO - OrderManager - Directory not found for: US Foods
2025-02-23 06:54:49,114 - INFO - OrderManager - Checking for directory for: Equal Exchange.
2025-02-23 06:54:49,114 - INFO - OrderManager - Directory not found for: Equal Exchange
2025-02-23 06:54:57,287 - INFO - OrderManager - Checking for directory for: Copper Horse Coffee.
2025-02-23 06:54:57,288 - INFO - OrderManager - Directory not found for: Copper Horse Coffee
2025-02-23 06:55:05,888 - INFO - OrderManager - Checking for directory for: Regional Distributors, Inc..
2025-02-23 06:55:05,888 - INFO - OrderManager - Directory not found for: Regional Distributors, Inc.
2025-02-23 06:55:14,719 - INFO - OrderManager - Checking for directory for: Hill & Markes.
2025-02-23 06:55:14,719 - INFO - OrderManager - Directory not found for: Hill & Markes
2025-02-23 06:55:23,580 - INFO - OrderManager - Checking for directory for: Peters Supply.
2025-02-23 06:55:23,580 - INFO - OrderManager - Directory not found for: Peters Supply
2025-02-23 06:55:31,737 - INFO - OrderManager - Checking for directory for: Webstaurant.
2025-02-23 06:55:31,737 - INFO - OrderManager - Directory not found for: Webstaurant
2025-02-23 06:55:40,378 - INFO - OrderManager - Checking for directory for: BJ's.
2025-02-23 06:55:40,378 - INFO - OrderManager - Directory not found for: BJ's
2025-02-23 06:55:48,958 - INFO - OrderManager - Checking for directory for: A.L. George.
2025-02-23 06:55:48,958 - INFO - OrderManager - Directory not found for: A.L. George
2025-02-23 06:55:57,955 - INFO - OrderManager - Checking for directory for: UNFI.
2025-02-23 06:55:57,956 - INFO - OrderManager - Directory not found for: UNFI
2025-02-23 06:56:06,510 - INFO - OrderManager - Checking for directory for: Eurocafe Imports.
2025-02-23 06:56:06,510 - INFO - OrderManager - Directory not found for: Eurocafe Imports
2025-02-23 06:56:15,125 - INFO - OrderManager - Checking for directory for: Coca-Cola.
2025-02-23 06:56:15,125 - INFO - OrderManager - Directory not found for: Coca-Cola
2025-02-23 06:56:23,316 - INFO - OrderManager - Checking for directory for: BALKAN BEVERAGE LLC.
2025-02-23 06:56:23,316 - INFO - OrderManager - Directory not found for: BALKAN BEVERAGE LLC
2025-02-23 06:56:38,378 - INFO - OrderManager - Checking for directory for: Hill & Markes.
2025-02-23 06:56:38,378 - INFO - OrderManager - Directory not found for: Hill & Markes
2025-02-23 06:56:47,019 - INFO - OrderManager - Checking for directory for: Peters Supply.
2025-02-23 06:56:47,020 - INFO - OrderManager - Directory not found for: Peters Supply
2025-02-23 06:56:57,620 - INFO - OrderManager - Checking for directory for: Ithaca Bakery.
2025-02-23 06:56:57,620 - INFO - OrderManager - Directory not found for: Ithaca Bakery
2025-02-23 06:57:06,909 - INFO - OrderManager - Checking for directory for: US Foods.
2025-02-23 06:57:06,909 - INFO - OrderManager - Directory not found for: US Foods
2025-02-23 06:57:15,359 - INFO - OrderManager - Checking for directory for: UNFI.
2025-02-23 06:57:15,359 - INFO - OrderManager - Directory not found for: UNFI
2025-02-23 06:57:23,982 - INFO - OrderManager - Checking for directory for: Webstaurant.
2025-02-23 06:57:23,983 - INFO - OrderManager - Directory not found for: Webstaurant
2025-02-23 06:57:32,480 - INFO - OrderManager - Checking for directory for: Sysco.
2025-02-23 06:57:32,481 - INFO - OrderManager - Directory not found for: Sysco
2025-02-23 06:57:41,186 - INFO - OrderManager - Checking for directory for: Coca-Cola.
2025-02-23 06:57:41,186 - INFO - OrderManager - Directory not found for: Coca-Cola
2025-02-23 06:57:50,141 - INFO - OrderManager - Checking for directory for: Performance Food.
2025-02-23 06:57:50,141 - INFO - OrderManager - Directory not found for: Performance Food
2025-02-23 06:57:58,280 - INFO - OrderManager - Checking for directory for: Copper Horse Coffee.
2025-02-23 06:57:58,280 - INFO - OrderManager - Directory not found for: Copper Horse Coffee
2025-02-23 06:58:06,944 - INFO - OrderManager - Checking for directory for: Regional Distributors, Inc..
2025-02-23 06:58:06,944 - INFO - OrderManager - Directory not found for: Regional Distributors, Inc.
2025-02-23 06:58:15,682 - INFO - OrderManager - Checking for directory for: Equal Exchange.
2025-02-23 06:58:15,682 - INFO - OrderManager - Directory not found for: Equal Exchange
2025-02-23 06:58:24,280 - INFO - OrderManager - Checking for directory for: Eurocafe Imports.
2025-02-23 06:58:24,280 - INFO - OrderManager - Directory not found for: Eurocafe Imports
2025-02-23 06:58:32,817 - INFO - OrderManager - Checking for directory for: SANICO.
2025-02-23 06:58:32,818 - INFO - OrderManager - Directory not found for: SANICO
2025-02-23 06:58:41,532 - INFO - OrderManager - Checking for directory for: Hillcrest Dairy.
2025-02-23 06:58:41,532 - INFO - OrderManager - Directory not found for: Hillcrest Dairy
2025-02-23 06:58:50,342 - INFO - OrderManager - Checking for directory for: FingerLakes Farms.
2025-02-23 06:58:50,342 - INFO - OrderManager - Directory not found for: FingerLakes Farms
2025-02-23 06:58:58,901 - INFO - OrderManager - Checking for directory for: Johnston Paper.
2025-02-23 06:58:58,902 - INFO - OrderManager - Directory not found for: Johnston Paper
2025-02-23 06:59:15,288 - INFO - OrderManager - Checking for directory for: Ithaca Bakery.
2025-02-23 06:59:15,288 - INFO - OrderManager - Directory not found for: Ithaca Bakery
2025-02-23 06:59:24,399 - INFO - OrderManager - Checking for directory for: US Foods.
2025-02-23 06:59:24,399 - INFO - OrderManager - Directory not found for: US Foods
2025-02-23 06:59:33,398 - INFO - OrderManager - Checking for directory for: UNFI.
2025-02-23 06:59:33,399 - INFO - OrderManager - Directory not found for: UNFI
2025-02-23 06:59:42,456 - INFO - OrderManager - Checking for directory for: FingerLakes Farms.
2025-02-23 06:59:42,456 - INFO - OrderManager - Directory not found for: FingerLakes Farms
2025-02-23 06:59:51,528 - INFO - OrderManager - Checking for directory for: Performance Food.
2025-02-23 06:59:51,528 - INFO - OrderManager - Directory not found for: Performance Food
2025-02-23 07:00:00,287 - INFO - OrderManager - Checking for directory for: Hillcrest Dairy.
2025-02-23 07:00:00,287 - INFO - OrderManager - Directory not found for: Hillcrest Dairy
2025-02-23 07:00:08,996 - INFO - OrderManager - Checking for directory for: Sysco.
2025-02-23 07:00:08,996 - INFO - OrderManager - Directory not found for: Sysco
2025-02-23 07:00:17,661 - INFO - OrderManager - Checking for directory for: Webstaurant.
2025-02-23 07:00:17,662 - INFO - OrderManager - Directory not found for: Webstaurant
2025-02-23 07:00:26,359 - INFO - OrderManager - Checking for directory for: Peters Supply.
2025-02-23 07:00:26,359 - INFO - OrderManager - Directory not found for: Peters Supply
2025-02-23 07:00:35,231 - INFO - OrderManager - Checking for directory for: Hill & Markes.
2025-02-23 07:00:35,231 - INFO - OrderManager - Directory not found for: Hill & Markes
2025-02-23 07:00:43,869 - INFO - OrderManager - Checking for directory for: Johnston Paper.
2025-02-23 07:00:43,869 - INFO - OrderManager - Directory not found for: Johnston Paper
2025-02-23 07:00:52,641 - INFO - OrderManager - Checking for directory for: Equal Exchange.
2025-02-23 07:00:52,641 - INFO - OrderManager - Directory not found for: Equal Exchange
2025-02-23 07:01:01,635 - INFO - OrderManager - Checking for directory for: Coca-Cola.
2025-02-23 07:01:01,636 - INFO - OrderManager - Directory not found for: Coca-Cola
2025-02-23 07:01:10,473 - INFO - OrderManager - Checking for directory for: A.L. George.
2025-02-23 07:01:10,473 - INFO - OrderManager - Directory not found for: A.L. George
2025-02-23 07:01:19,032 - INFO - OrderManager - Checking for directory for: Eurocafe Imports.
2025-02-23 07:01:19,032 - INFO - OrderManager - Directory not found for: Eurocafe Imports
2025-02-23 07:01:34,321 - INFO - OrderManager - Checking for directory for: Hillcrest Dairy.
2025-02-23 07:01:34,321 - INFO - OrderManager - Directory not found for: Hillcrest Dairy
2025-02-23 07:01:43,225 - INFO - OrderManager - Checking for directory for: Performance Food.
2025-02-23 07:01:43,225 - INFO - OrderManager - Directory not found for: Performance Food
2025-02-23 07:01:52,417 - INFO - OrderManager - Checking for directory for: Sysco.
2025-02-23 07:01:52,417 - INFO - OrderManager - Directory not found for: Sysco
2025-02-23 07:02:02,779 - INFO - OrderManager - Checking for directory for: Ithaca Bakery.
2025-02-23 07:02:02,780 - INFO - OrderManager - Directory not found for: Ithaca Bakery
2025-02-23 07:02:11,632 - INFO - OrderManager - Checking for directory for: Equal Exchange.
2025-02-23 07:02:11,632 - INFO - OrderManager - Directory not found for: Equal Exchange
2025-02-23 07:02:20,531 - INFO - OrderManager - Checking for directory for: US Foods.
2025-02-23 07:02:20,532 - INFO - OrderManager - Directory not found for: US Foods
2025-02-23 07:02:29,392 - INFO - OrderManager - Checking for directory for: FingerLakes Farms.
2025-02-23 07:02:29,392 - INFO - OrderManager - Directory not found for: FingerLakes Farms
2025-02-23 07:02:38,190 - INFO - OrderManager - Checking for directory for: Hill & Markes.
2025-02-23 07:02:38,190 - INFO - OrderManager - Directory not found for: Hill & Markes
2025-02-23 07:02:46,993 - INFO - OrderManager - Checking for directory for: Peters Supply.
2025-02-23 07:02:46,993 - INFO - OrderManager - Directory not found for: Peters Supply
2025-02-23 07:02:55,733 - INFO - OrderManager - Checking for directory for: Coca-Cola.
2025-02-23 07:02:55,734 - INFO - OrderManager - Directory not found for: Coca-Cola
2025-02-23 07:03:04,332 - INFO - OrderManager - Checking for directory for: Regional Distributors, Inc..
2025-02-23 07:03:04,333 - INFO - OrderManager - Directory not found for: Regional Distributors, Inc.
2025-02-23 07:03:13,684 - INFO - OrderManager - Checking for directory for: UNFI.
2025-02-23 07:03:13,684 - INFO - OrderManager - Directory not found for: UNFI
2025-02-23 07:03:21,876 - INFO - OrderManager - Checking for directory for: Eurocafe Imports.
2025-02-23 07:03:21,876 - INFO - OrderManager - Directory not found for: Eurocafe Imports
2025-02-23 07:03:30,530 - INFO - OrderManager - Checking for directory for: Worlds Best Cheeses.
2025-02-23 07:03:30,530 - INFO - OrderManager - Directory not found for: Worlds Best Cheeses
2025-02-23 07:12:57,196 - INFO - OrderManager - Checking for directory for: Sysco.
2025-02-23 07:12:57,196 - INFO - OrderManager - Directory found: C:\Users\Will\Desktop\Andrew\Projects\RandomStuff\WorkBot\main\backend\orders\OrderFiles\Sysco
2025-02-23 07:13:06,752 - INFO - OrderManager - Checking for directory for: Performance Food.
2025-02-23 07:13:06,752 - INFO - OrderManager - Directory found: C:\Users\Will\Desktop\Andrew\Projects\RandomStuff\WorkBot\main\backend\orders\OrderFiles\Performance Food
2025-02-23 07:13:16,602 - INFO - OrderManager - Checking for directory for: US Foods.
2025-02-23 07:13:16,602 - INFO - OrderManager - Directory found: C:\Users\Will\Desktop\Andrew\Projects\RandomStuff\WorkBot\main\backend\orders\OrderFiles\US Foods
2025-02-23 07:13:25,359 - INFO - OrderManager - Checking for directory for: Palmer.
2025-02-23 07:13:25,359 - INFO - OrderManager - Directory not found for: Palmer
2025-02-23 07:13:34,347 - INFO - OrderManager - Checking for directory for: UNFI.
2025-02-23 07:13:34,347 - INFO - OrderManager - Directory found: C:\Users\Will\Desktop\Andrew\Projects\RandomStuff\WorkBot\main\backend\orders\OrderFiles\UNFI
2025-02-23 07:13:42,975 - INFO - OrderManager - Checking for directory for: Webstaurant.
2025-02-23 07:13:42,975 - INFO - OrderManager - Directory found: C:\Users\Will\Desktop\Andrew\Projects\RandomStuff\WorkBot\main\backend\orders\OrderFiles\Webstaurant
2025-02-23 07:15:20,565 - INFO - OrderManager - Checking for directory for: Sysco.
2025-02-23 07:15:20,565 - INFO - OrderManager - Directory found: C:\Users\Will\Desktop\Andrew\Projects\RandomStuff\WorkBot\main\backend\orders\OrderFiles\Sysco
2025-02-23 07:15:30,202 - INFO - OrderManager - Checking for directory for: Performance Food.
2025-02-23 07:15:30,202 - INFO - OrderManager - Directory found: C:\Users\Will\Desktop\Andrew\Projects\RandomStuff\WorkBot\main\backend\orders\OrderFiles\Performance Food
2025-02-23 07:15:40,099 - INFO - OrderManager - Checking for directory for: US Foods.
2025-02-23 07:15:40,099 - INFO - OrderManager - Directory found: C:\Users\Will\Desktop\Andrew\Projects\RandomStuff\WorkBot\main\backend\orders\OrderFiles\US Foods
2025-02-23 07:15:48,469 - INFO - OrderManager - Checking for directory for: Palmer.
2025-02-23 07:15:48,469 - INFO - OrderManager - Directory not found for: Palmer
2025-02-23 07:15:57,526 - INFO - OrderManager - Checking for directory for: UNFI.
2025-02-23 07:15:57,527 - INFO - OrderManager - Directory found: C:\Users\Will\Desktop\Andrew\Projects\RandomStuff\WorkBot\main\backend\orders\OrderFiles\UNFI
2025-02-23 07:16:06,213 - INFO - OrderManager - Checking for directory for: Webstaurant.
2025-02-23 07:16:06,213 - INFO - OrderManager - Directory found: C:\Users\Will\Desktop\Andrew\Projects\RandomStuff\WorkBot\main\backend\orders\OrderFiles\Webstaurant
2025-02-23 08:42:28,210 - INFO - OrderManager - Checking for directory for: UNFI.
2025-02-23 08:42:28,210 - INFO - OrderManager - Directory found: C:\Users\Will\Desktop\Andrew\Projects\RandomStuff\WorkBot\main\backend\orders\OrderFiles\UNFI
2025-02-23 08:42:31,838 - INFO - OrderManager - Checking for directory for: Webstaurant.
2025-02-23 08:42:31,838 - INFO - OrderManager - Directory found: C:\Users\Will\Desktop\Andrew\Projects\RandomStuff\WorkBot\main\backend\orders\OrderFiles\Webstaurant
2025-02-23 08:42:41,850 - INFO - OrderManager - Checking for directory for: Sysco.
2025-02-23 08:42:41,850 - INFO - OrderManager - Directory found: C:\Users\Will\Desktop\Andrew\Projects\RandomStuff\WorkBot\main\backend\orders\OrderFiles\Sysco
2025-02-23 08:42:51,541 - INFO - OrderManager - Checking for directory for: Performance Food.
2025-02-23 08:42:51,541 - INFO - OrderManager - Directory found: C:\Users\Will\Desktop\Andrew\Projects\RandomStuff\WorkBot\main\backend\orders\OrderFiles\Performance Food
2025-02-23 08:43:01,588 - INFO - OrderManager - Checking for directory for: US Foods.
2025-02-23 08:43:01,589 - INFO - OrderManager - Directory found: C:\Users\Will\Desktop\Andrew\Projects\RandomStuff\WorkBot\main\backend\orders\OrderFiles\US Foods
2025-02-23 08:43:10,997 - INFO - OrderManager - Checking for directory for: FingerLakes Farms.
2025-02-23 08:43:10,997 - INFO - OrderManager - Directory found: C:\Users\Will\Desktop\Andrew\Projects\RandomStuff\WorkBot\main\backend\orders\OrderFiles\FingerLakes Farms
2025-02-23 08:43:19,719 - INFO - OrderManager - Checking for directory for: Equal Exchange.
2025-02-23 08:43:19,719 - INFO - OrderManager - Directory found: C:\Users\Will\Desktop\Andrew\Projects\RandomStuff\WorkBot\main\backend\orders\OrderFiles\Equal Exchange
2025-02-23 08:43:28,324 - INFO - OrderManager - Checking for directory for: Copper Horse Coffee.
2025-02-23 08:43:28,324 - INFO - OrderManager - Directory found: C:\Users\Will\Desktop\Andrew\Projects\RandomStuff\WorkBot\main\backend\orders\OrderFiles\Copper Horse Coffee
2025-02-23 08:43:37,243 - INFO - OrderManager - Checking for directory for: Coca-Cola.
2025-02-23 08:43:37,243 - INFO - OrderManager - Directory found: C:\Users\Will\Desktop\Andrew\Projects\RandomStuff\WorkBot\main\backend\orders\OrderFiles\Coca-Cola
2025-02-23 09:03:12,334 - INFO - OrderManager - Checking for directory for: Ithaca Bakery.
2025-02-23 09:03:12,335 - INFO - OrderManager - Directory found: C:\Users\Will\Desktop\Andrew\Projects\RandomStuff\WorkBot\main\backend\orders\OrderFiles\Ithaca Bakery
2025-02-23 09:03:21,496 - INFO - OrderManager - Checking for directory for: US Foods.
2025-02-23 09:03:21,497 - INFO - OrderManager - Directory found: C:\Users\Will\Desktop\Andrew\Projects\RandomStuff\WorkBot\main\backend\orders\OrderFiles\US Foods
2025-02-23 09:03:25,571 - INFO - OrderManager - Checking for directory for: UNFI.
2025-02-23 09:03:25,571 - INFO - OrderManager - Directory found: C:\Users\Will\Desktop\Andrew\Projects\RandomStuff\WorkBot\main\backend\orders\OrderFiles\UNFI
2025-02-23 09:03:29,249 - INFO - OrderManager - Checking for directory for: FingerLakes Farms.
2025-02-23 09:03:29,249 - INFO - OrderManager - Directory found: C:\Users\Will\Desktop\Andrew\Projects\RandomStuff\WorkBot\main\backend\orders\OrderFiles\FingerLakes Farms
2025-02-23 09:03:32,938 - INFO - OrderManager - Checking for directory for: Performance Food.
2025-02-23 09:03:32,938 - INFO - OrderManager - Directory found: C:\Users\Will\Desktop\Andrew\Projects\RandomStuff\WorkBot\main\backend\orders\OrderFiles\Performance Food
2025-02-23 09:03:36,342 - INFO - OrderManager - Checking for directory for: Hillcrest Dairy.
2025-02-23 09:03:36,342 - INFO - OrderManager - Directory found: C:\Users\Will\Desktop\Andrew\Projects\RandomStuff\WorkBot\main\backend\orders\OrderFiles\Hillcrest Dairy
2025-02-23 09:03:39,719 - INFO - OrderManager - Checking for directory for: Sysco.
2025-02-23 09:03:39,720 - INFO - OrderManager - Directory found: C:\Users\Will\Desktop\Andrew\Projects\RandomStuff\WorkBot\main\backend\orders\OrderFiles\Sysco
2025-02-23 09:03:42,928 - INFO - OrderManager - Checking for directory for: Webstaurant.
2025-02-23 09:03:42,928 - INFO - OrderManager - Directory found: C:\Users\Will\Desktop\Andrew\Projects\RandomStuff\WorkBot\main\backend\orders\OrderFiles\Webstaurant
2025-02-23 09:03:46,289 - INFO - OrderManager - Checking for directory for: Peters Supply.
2025-02-23 09:03:46,289 - INFO - OrderManager - Directory found: C:\Users\Will\Desktop\Andrew\Projects\RandomStuff\WorkBot\main\backend\orders\OrderFiles\Peters Supply
2025-02-23 09:03:49,794 - INFO - OrderManager - Checking for directory for: Hill & Markes.
2025-02-23 09:03:49,795 - INFO - OrderManager - Directory found: C:\Users\Will\Desktop\Andrew\Projects\RandomStuff\WorkBot\main\backend\orders\OrderFiles\Hill & Markes
2025-02-23 09:03:52,679 - INFO - OrderManager - Checking for directory for: Johnston Paper.
2025-02-23 09:03:52,679 - INFO - OrderManager - Directory found: C:\Users\Will\Desktop\Andrew\Projects\RandomStuff\WorkBot\main\backend\orders\OrderFiles\Johnston Paper
2025-02-23 09:03:56,041 - INFO - OrderManager - Checking for directory for: Equal Exchange.
2025-02-23 09:03:56,042 - INFO - OrderManager - Directory found: C:\Users\Will\Desktop\Andrew\Projects\RandomStuff\WorkBot\main\backend\orders\OrderFiles\Equal Exchange
2025-02-23 09:03:59,264 - INFO - OrderManager - Checking for directory for: Coca-Cola.
2025-02-23 09:03:59,264 - INFO - OrderManager - Directory found: C:\Users\Will\Desktop\Andrew\Projects\RandomStuff\WorkBot\main\backend\orders\OrderFiles\Coca-Cola
2025-02-23 09:04:02,700 - INFO - OrderManager - Checking for directory for: A.L. George.
2025-02-23 09:04:02,700 - INFO - OrderManager - Directory found: C:\Users\Will\Desktop\Andrew\Projects\RandomStuff\WorkBot\main\backend\orders\OrderFiles\A.L. George
2025-02-23 09:04:05,918 - INFO - OrderManager - Checking for directory for: Eurocafe Imports.
2025-02-23 09:04:05,918 - INFO - OrderManager - Directory found: C:\Users\Will\Desktop\Andrew\Projects\RandomStuff\WorkBot\main\backend\orders\OrderFiles\Eurocafe Imports
2025-02-23 09:04:16,196 - INFO - OrderManager - Checking for directory for: UNFI.
2025-02-23 09:04:16,196 - INFO - OrderManager - Directory found: C:\Users\Will\Desktop\Andrew\Projects\RandomStuff\WorkBot\main\backend\orders\OrderFiles\UNFI
2025-02-23 09:04:19,830 - INFO - OrderManager - Checking for directory for: Webstaurant.
2025-02-23 09:04:19,831 - INFO - OrderManager - Directory found: C:\Users\Will\Desktop\Andrew\Projects\RandomStuff\WorkBot\main\backend\orders\OrderFiles\Webstaurant
2025-02-23 09:04:29,680 - INFO - OrderManager - Checking for directory for: Sysco.
2025-02-23 09:04:29,680 - INFO - OrderManager - Directory found: C:\Users\Will\Desktop\Andrew\Projects\RandomStuff\WorkBot\main\backend\orders\OrderFiles\Sysco
2025-02-23 09:04:33,940 - INFO - OrderManager - Checking for directory for: Performance Food.
2025-02-23 09:04:33,940 - INFO - OrderManager - Directory found: C:\Users\Will\Desktop\Andrew\Projects\RandomStuff\WorkBot\main\backend\orders\OrderFiles\Performance Food
2025-02-23 09:04:38,520 - INFO - OrderManager - Checking for directory for: US Foods.
2025-02-23 09:04:38,520 - INFO - OrderManager - Directory found: C:\Users\Will\Desktop\Andrew\Projects\RandomStuff\WorkBot\main\backend\orders\OrderFiles\US Foods
2025-02-23 09:04:42,532 - INFO - OrderManager - Checking for directory for: FingerLakes Farms.
2025-02-23 09:04:42,532 - INFO - OrderManager - Directory found: C:\Users\Will\Desktop\Andrew\Projects\RandomStuff\WorkBot\main\backend\orders\OrderFiles\FingerLakes Farms
2025-02-23 09:04:46,251 - INFO - OrderManager - Checking for directory for: Equal Exchange.
2025-02-23 09:04:46,252 - INFO - OrderManager - Directory found: C:\Users\Will\Desktop\Andrew\Projects\RandomStuff\WorkBot\main\backend\orders\OrderFiles\Equal Exchange
2025-02-23 09:04:49,510 - INFO - OrderManager - Checking for directory for: Copper Horse Coffee.
2025-02-23 09:04:49,511 - INFO - OrderManager - Directory found: C:\Users\Will\Desktop\Andrew\Projects\RandomStuff\WorkBot\main\backend\orders\OrderFiles\Copper Horse Coffee
2025-02-23 09:04:58,644 - INFO - OrderManager - Checking for directory for: Coca-Cola.
2025-02-23 09:04:58,644 - INFO - OrderManager - Directory found: C:\Users\Will\Desktop\Andrew\Projects\RandomStuff\WorkBot\main\backend\orders\OrderFiles\Coca-Cola
2025-02-23 09:05:09,949 - INFO - OrderManager - Checking for directory for: Ithaca Bakery.
2025-02-23 09:05:09,950 - INFO - OrderManager - Directory found: C:\Users\Will\Desktop\Andrew\Projects\RandomStuff\WorkBot\main\backend\orders\OrderFiles\Ithaca Bakery
2025-02-23 09:05:19,072 - INFO - OrderManager - Checking for directory for: Performance Food.
2025-02-23 09:05:19,072 - INFO - OrderManager - Directory found: C:\Users\Will\Desktop\Andrew\Projects\RandomStuff\WorkBot\main\backend\orders\OrderFiles\Performance Food
2025-02-23 09:05:22,866 - INFO - OrderManager - Checking for directory for: Sysco.
2025-02-23 09:05:22,867 - INFO - OrderManager - Directory found: C:\Users\Will\Desktop\Andrew\Projects\RandomStuff\WorkBot\main\backend\orders\OrderFiles\Sysco
2025-02-23 09:05:26,286 - INFO - OrderManager - Checking for directory for: Hillcrest Dairy.
2025-02-23 09:05:26,286 - INFO - OrderManager - Directory found: C:\Users\Will\Desktop\Andrew\Projects\RandomStuff\WorkBot\main\backend\orders\OrderFiles\Hillcrest Dairy
2025-02-23 09:05:29,815 - INFO - OrderManager - Checking for directory for: FingerLakes Farms.
2025-02-23 09:05:29,815 - INFO - OrderManager - Directory found: C:\Users\Will\Desktop\Andrew\Projects\RandomStuff\WorkBot\main\backend\orders\OrderFiles\FingerLakes Farms
2025-02-23 09:05:34,005 - INFO - OrderManager - Checking for directory for: US Foods.
2025-02-23 09:05:34,005 - INFO - OrderManager - Directory found: C:\Users\Will\Desktop\Andrew\Projects\RandomStuff\WorkBot\main\backend\orders\OrderFiles\US Foods
2025-02-23 09:05:37,424 - INFO - OrderManager - Checking for directory for: Equal Exchange.
2025-02-23 09:05:37,424 - INFO - OrderManager - Directory found: C:\Users\Will\Desktop\Andrew\Projects\RandomStuff\WorkBot\main\backend\orders\OrderFiles\Equal Exchange
2025-02-23 09:05:40,637 - INFO - OrderManager - Checking for directory for: Copper Horse Coffee.
2025-02-23 09:05:40,637 - INFO - OrderManager - Directory found: C:\Users\Will\Desktop\Andrew\Projects\RandomStuff\WorkBot\main\backend\orders\OrderFiles\Copper Horse Coffee
2025-02-23 09:05:49,290 - INFO - OrderManager - Checking for directory for: Regional Distributors, Inc..
2025-02-23 09:05:49,290 - INFO - OrderManager - Directory found: C:\Users\Will\Desktop\Andrew\Projects\RandomStuff\WorkBot\main\backend\orders\OrderFiles\Regional Distributors, Inc.
2025-02-23 09:05:52,408 - INFO - OrderManager - Checking for directory for: Hill & Markes.
2025-02-23 09:05:52,408 - INFO - OrderManager - Directory found: C:\Users\Will\Desktop\Andrew\Projects\RandomStuff\WorkBot\main\backend\orders\OrderFiles\Hill & Markes
2025-02-23 09:05:55,833 - INFO - OrderManager - Checking for directory for: Peters Supply.
2025-02-23 09:05:55,833 - INFO - OrderManager - Directory found: C:\Users\Will\Desktop\Andrew\Projects\RandomStuff\WorkBot\main\backend\orders\OrderFiles\Peters Supply
2025-02-23 09:05:59,048 - INFO - OrderManager - Checking for directory for: Webstaurant.
2025-02-23 09:05:59,048 - INFO - OrderManager - Directory found: C:\Users\Will\Desktop\Andrew\Projects\RandomStuff\WorkBot\main\backend\orders\OrderFiles\Webstaurant
2025-02-23 09:06:02,265 - INFO - OrderManager - Checking for directory for: BJ's.
2025-02-23 09:06:02,265 - INFO - OrderManager - Directory found: C:\Users\Will\Desktop\Andrew\Projects\RandomStuff\WorkBot\main\backend\orders\OrderFiles\BJ's
2025-02-23 09:06:05,543 - INFO - OrderManager - Checking for directory for: A.L. George.
2025-02-23 09:06:05,543 - INFO - OrderManager - Directory found: C:\Users\Will\Desktop\Andrew\Projects\RandomStuff\WorkBot\main\backend\orders\OrderFiles\A.L. George
2025-02-23 09:06:09,105 - INFO - OrderManager - Checking for directory for: UNFI.
2025-02-23 09:06:09,106 - INFO - OrderManager - Directory found: C:\Users\Will\Desktop\Andrew\Projects\RandomStuff\WorkBot\main\backend\orders\OrderFiles\UNFI
2025-02-23 09:06:12,322 - INFO - OrderManager - Checking for directory for: Eurocafe Imports.
2025-02-23 09:06:12,323 - INFO - OrderManager - Directory found: C:\Users\Will\Desktop\Andrew\Projects\RandomStuff\WorkBot\main\backend\orders\OrderFiles\Eurocafe Imports
2025-02-23 09:06:15,586 - INFO - OrderManager - Checking for directory for: Coca-Cola.
2025-02-23 09:06:15,586 - INFO - OrderManager - Directory found: C:\Users\Will\Desktop\Andrew\Projects\RandomStuff\WorkBot\main\backend\orders\OrderFiles\Coca-Cola
2025-02-23 09:06:18,862 - INFO - OrderManager - Checking for directory for: BALKAN BEVERAGE LLC.
2025-02-23 09:06:18,862 - INFO - OrderManager - Directory found: C:\Users\Will\Desktop\Andrew\Projects\RandomStuff\WorkBot\main\backend\orders\OrderFiles\BALKAN BEVERAGE LLC
2025-02-23 09:06:28,955 - INFO - OrderManager - Checking for directory for: Hill & Markes.
2025-02-23 09:06:28,955 - INFO - OrderManager - Directory found: C:\Users\Will\Desktop\Andrew\Projects\RandomStuff\WorkBot\main\backend\orders\OrderFiles\Hill & Markes
2025-02-23 09:06:32,288 - INFO - OrderManager - Checking for directory for: Peters Supply.
2025-02-23 09:06:32,289 - INFO - OrderManager - Directory found: C:\Users\Will\Desktop\Andrew\Projects\RandomStuff\WorkBot\main\backend\orders\OrderFiles\Peters Supply
2025-02-23 09:06:37,277 - INFO - OrderManager - Checking for directory for: Ithaca Bakery.
2025-02-23 09:06:37,277 - INFO - OrderManager - Directory found: C:\Users\Will\Desktop\Andrew\Projects\RandomStuff\WorkBot\main\backend\orders\OrderFiles\Ithaca Bakery
2025-02-23 09:06:46,597 - INFO - OrderManager - Checking for directory for: US Foods.
2025-02-23 09:06:46,597 - INFO - OrderManager - Directory found: C:\Users\Will\Desktop\Andrew\Projects\RandomStuff\WorkBot\main\backend\orders\OrderFiles\US Foods
2025-02-23 09:06:50,013 - INFO - OrderManager - Checking for directory for: UNFI.
2025-02-23 09:06:50,013 - INFO - OrderManager - Directory found: C:\Users\Will\Desktop\Andrew\Projects\RandomStuff\WorkBot\main\backend\orders\OrderFiles\UNFI
2025-02-23 09:06:53,240 - INFO - OrderManager - Checking for directory for: Webstaurant.
2025-02-23 09:06:53,240 - INFO - OrderManager - Directory found: C:\Users\Will\Desktop\Andrew\Projects\RandomStuff\WorkBot\main\backend\orders\OrderFiles\Webstaurant
2025-02-23 09:06:56,306 - INFO - OrderManager - Checking for directory for: Sysco.
2025-02-23 09:06:56,306 - INFO - OrderManager - Directory found: C:\Users\Will\Desktop\Andrew\Projects\RandomStuff\WorkBot\main\backend\orders\OrderFiles\Sysco
2025-02-23 09:06:59,771 - INFO - OrderManager - Checking for directory for: Coca-Cola.
2025-02-23 09:06:59,771 - INFO - OrderManager - Directory found: C:\Users\Will\Desktop\Andrew\Projects\RandomStuff\WorkBot\main\backend\orders\OrderFiles\Coca-Cola
2025-02-23 09:07:03,398 - INFO - OrderManager - Checking for directory for: Performance Food.
2025-02-23 09:07:03,398 - INFO - OrderManager - Directory found: C:\Users\Will\Desktop\Andrew\Projects\RandomStuff\WorkBot\main\backend\orders\OrderFiles\Performance Food
2025-02-23 09:07:06,681 - INFO - OrderManager - Checking for directory for: Copper Horse Coffee.
2025-02-23 09:07:06,682 - INFO - OrderManager - Directory found: C:\Users\Will\Desktop\Andrew\Projects\RandomStuff\WorkBot\main\backend\orders\OrderFiles\Copper Horse Coffee
2025-02-23 09:07:14,962 - INFO - OrderManager - Checking for directory for: Regional Distributors, Inc..
2025-02-23 09:07:14,962 - INFO - OrderManager - Directory found: C:\Users\Will\Desktop\Andrew\Projects\RandomStuff\WorkBot\main\backend\orders\OrderFiles\Regional Distributors, Inc.
2025-02-23 09:07:18,495 - INFO - OrderManager - Checking for directory for: Equal Exchange.
2025-02-23 09:07:18,495 - INFO - OrderManager - Directory found: C:\Users\Will\Desktop\Andrew\Projects\RandomStuff\WorkBot\main\backend\orders\OrderFiles\Equal Exchange
2025-02-23 09:07:21,766 - INFO - OrderManager - Checking for directory for: Eurocafe Imports.
2025-02-23 09:07:21,767 - INFO - OrderManager - Directory found: C:\Users\Will\Desktop\Andrew\Projects\RandomStuff\WorkBot\main\backend\orders\OrderFiles\Eurocafe Imports
2025-02-23 09:07:25,037 - INFO - OrderManager - Checking for directory for: SANICO.
2025-02-23 09:07:25,038 - INFO - OrderManager - Directory found: C:\Users\Will\Desktop\Andrew\Projects\RandomStuff\WorkBot\main\backend\orders\OrderFiles\SANICO
2025-02-23 09:07:28,075 - INFO - OrderManager - Checking for directory for: Hillcrest Dairy.
2025-02-23 09:07:28,075 - INFO - OrderManager - Directory found: C:\Users\Will\Desktop\Andrew\Projects\RandomStuff\WorkBot\main\backend\orders\OrderFiles\Hillcrest Dairy
2025-02-23 09:07:31,565 - INFO - OrderManager - Checking for directory for: FingerLakes Farms.
2025-02-23 09:07:31,565 - INFO - OrderManager - Directory found: C:\Users\Will\Desktop\Andrew\Projects\RandomStuff\WorkBot\main\backend\orders\OrderFiles\FingerLakes Farms
2025-02-23 09:07:34,793 - INFO - OrderManager - Checking for directory for: Johnston Paper.
2025-02-23 09:07:34,793 - INFO - OrderManager - Directory found: C:\Users\Will\Desktop\Andrew\Projects\RandomStuff\WorkBot\main\backend\orders\OrderFiles\Johnston Paper
2025-02-23 09:07:44,695 - INFO - OrderManager - Checking for directory for: Hillcrest Dairy.
2025-02-23 09:07:44,696 - INFO - OrderManager - Directory found: C:\Users\Will\Desktop\Andrew\Projects\RandomStuff\WorkBot\main\backend\orders\OrderFiles\Hillcrest Dairy
2025-02-23 09:07:48,281 - INFO - OrderManager - Checking for directory for: Performance Food.
2025-02-23 09:07:48,281 - INFO - OrderManager - Directory found: C:\Users\Will\Desktop\Andrew\Projects\RandomStuff\WorkBot\main\backend\orders\OrderFiles\Performance Food
2025-02-23 09:07:52,093 - INFO - OrderManager - Checking for directory for: Sysco.
2025-02-23 09:07:52,094 - INFO - OrderManager - Directory found: C:\Users\Will\Desktop\Andrew\Projects\RandomStuff\WorkBot\main\backend\orders\OrderFiles\Sysco
2025-02-23 09:07:57,147 - INFO - OrderManager - Checking for directory for: Ithaca Bakery.
2025-02-23 09:07:57,147 - INFO - OrderManager - Directory found: C:\Users\Will\Desktop\Andrew\Projects\RandomStuff\WorkBot\main\backend\orders\OrderFiles\Ithaca Bakery
2025-02-23 09:08:05,929 - INFO - OrderManager - Checking for directory for: Equal Exchange.
2025-02-23 09:08:05,930 - INFO - OrderManager - Directory found: C:\Users\Will\Desktop\Andrew\Projects\RandomStuff\WorkBot\main\backend\orders\OrderFiles\Equal Exchange
2025-02-23 09:08:09,453 - INFO - OrderManager - Checking for directory for: US Foods.
2025-02-23 09:08:09,453 - INFO - OrderManager - Directory found: C:\Users\Will\Desktop\Andrew\Projects\RandomStuff\WorkBot\main\backend\orders\OrderFiles\US Foods
2025-02-23 09:08:13,018 - INFO - OrderManager - Checking for directory for: FingerLakes Farms.
2025-02-23 09:08:13,018 - INFO - OrderManager - Directory found: C:\Users\Will\Desktop\Andrew\Projects\RandomStuff\WorkBot\main\backend\orders\OrderFiles\FingerLakes Farms
2025-02-23 09:08:16,394 - INFO - OrderManager - Checking for directory for: Hill & Markes.
2025-02-23 09:08:16,394 - INFO - OrderManager - Directory found: C:\Users\Will\Desktop\Andrew\Projects\RandomStuff\WorkBot\main\backend\orders\OrderFiles\Hill & Markes
2025-02-23 09:08:19,812 - INFO - OrderManager - Checking for directory for: Peters Supply.
2025-02-23 09:08:19,812 - INFO - OrderManager - Directory found: C:\Users\Will\Desktop\Andrew\Projects\RandomStuff\WorkBot\main\backend\orders\OrderFiles\Peters Supply
2025-02-23 09:08:23,182 - INFO - OrderManager - Checking for directory for: Coca-Cola.
2025-02-23 09:08:23,182 - INFO - OrderManager - Directory found: C:\Users\Will\Desktop\Andrew\Projects\RandomStuff\WorkBot\main\backend\orders\OrderFiles\Coca-Cola
2025-02-23 09:08:26,455 - INFO - OrderManager - Checking for directory for: Regional Distributors, Inc..
2025-02-23 09:08:26,455 - INFO - OrderManager - Directory found: C:\Users\Will\Desktop\Andrew\Projects\RandomStuff\WorkBot\main\backend\orders\OrderFiles\Regional Distributors, Inc.
2025-02-23 09:08:30,468 - INFO - OrderManager - Checking for directory for: UNFI.
2025-02-23 09:08:30,468 - INFO - OrderManager - Directory found: C:\Users\Will\Desktop\Andrew\Projects\RandomStuff\WorkBot\main\backend\orders\OrderFiles\UNFI
2025-02-23 09:08:33,745 - INFO - OrderManager - Checking for directory for: Eurocafe Imports.
2025-02-23 09:08:33,746 - INFO - OrderManager - Directory found: C:\Users\Will\Desktop\Andrew\Projects\RandomStuff\WorkBot\main\backend\orders\OrderFiles\Eurocafe Imports
2025-02-23 09:08:37,016 - INFO - OrderManager - Checking for directory for: Worlds Best Cheeses.
2025-02-23 09:08:37,016 - INFO - OrderManager - Directory found: C:\Users\Will\Desktop\Andrew\Projects\RandomStuff\WorkBot\main\backend\orders\OrderFiles\Worlds Best Cheeses
2025-02-23 10:02:27,832 - INFO - OrderManager - Checking for directory for: UNFI.
2025-02-23 10:02:27,833 - INFO - OrderManager - Directory not found for: UNFI
2025-02-23 10:02:36,770 - INFO - OrderManager - Checking for directory for: Webstaurant.
2025-02-23 10:02:36,770 - INFO - OrderManager - Directory not found for: Webstaurant
2025-02-23 10:02:46,872 - INFO - OrderManager - Checking for directory for: Sysco.
2025-02-23 10:02:46,873 - INFO - OrderManager - Directory not found for: Sysco
2025-02-23 10:02:56,522 - INFO - OrderManager - Checking for directory for: Performance Food.
2025-02-23 10:02:56,523 - INFO - OrderManager - Directory not found for: Performance Food
2025-02-23 10:03:06,482 - INFO - OrderManager - Checking for directory for: US Foods.
2025-02-23 10:03:06,482 - INFO - OrderManager - Directory not found for: US Foods
2025-02-23 10:03:15,909 - INFO - OrderManager - Checking for directory for: FingerLakes Farms.
2025-02-23 10:03:15,909 - INFO - OrderManager - Directory not found for: FingerLakes Farms
2025-02-23 10:03:24,593 - INFO - OrderManager - Checking for directory for: Equal Exchange.
2025-02-23 10:03:24,593 - INFO - OrderManager - Directory not found for: Equal Exchange
2025-02-23 10:03:33,204 - INFO - OrderManager - Checking for directory for: Copper Horse Coffee.
2025-02-23 10:03:33,204 - INFO - OrderManager - Directory not found for: Copper Horse Coffee
2025-02-23 10:03:42,159 - INFO - OrderManager - Checking for directory for: Coca-Cola.
2025-02-23 10:03:42,160 - INFO - OrderManager - Directory not found for: Coca-Cola
2025-02-23 10:03:58,676 - INFO - OrderManager - Checking for directory for: Ithaca Bakery.
2025-02-23 10:03:58,676 - INFO - OrderManager - Directory not found for: Ithaca Bakery
2025-02-23 10:04:07,940 - INFO - OrderManager - Checking for directory for: US Foods.
2025-02-23 10:04:07,940 - INFO - OrderManager - Directory not found for: US Foods
2025-02-23 10:04:17,342 - INFO - OrderManager - Checking for directory for: UNFI.
2025-02-23 10:04:17,342 - INFO - OrderManager - Directory not found for: UNFI
2025-02-23 10:04:26,382 - INFO - OrderManager - Checking for directory for: FingerLakes Farms.
2025-02-23 10:04:26,382 - INFO - OrderManager - Directory not found for: FingerLakes Farms
2025-02-23 10:04:35,355 - INFO - OrderManager - Checking for directory for: Performance Food.
2025-02-23 10:04:35,355 - INFO - OrderManager - Directory not found for: Performance Food
2025-02-23 10:04:44,229 - INFO - OrderManager - Checking for directory for: Hillcrest Dairy.
2025-02-23 10:04:44,229 - INFO - OrderManager - Directory not found for: Hillcrest Dairy
2025-02-23 10:04:53,061 - INFO - OrderManager - Checking for directory for: Sysco.
2025-02-23 10:04:53,061 - INFO - OrderManager - Directory not found for: Sysco
2025-02-23 10:05:01,727 - INFO - OrderManager - Checking for directory for: Webstaurant.
2025-02-23 10:05:01,727 - INFO - OrderManager - Directory not found for: Webstaurant
2025-02-23 10:05:10,453 - INFO - OrderManager - Checking for directory for: Peters Supply.
2025-02-23 10:05:10,454 - INFO - OrderManager - Directory not found for: Peters Supply
2025-02-23 10:05:19,407 - INFO - OrderManager - Checking for directory for: Hill & Markes.
2025-02-23 10:05:19,408 - INFO - OrderManager - Directory not found for: Hill & Markes
2025-02-23 10:05:28,109 - INFO - OrderManager - Checking for directory for: Johnston Paper.
2025-02-23 10:05:28,109 - INFO - OrderManager - Directory not found for: Johnston Paper
2025-02-23 10:05:36,801 - INFO - OrderManager - Checking for directory for: Equal Exchange.
2025-02-23 10:05:36,801 - INFO - OrderManager - Directory not found for: Equal Exchange
2025-02-23 10:05:45,789 - INFO - OrderManager - Checking for directory for: Coca-Cola.
2025-02-23 10:05:45,789 - INFO - OrderManager - Directory not found for: Coca-Cola
2025-02-23 10:05:54,535 - INFO - OrderManager - Checking for directory for: A.L. George.
2025-02-23 10:05:54,535 - INFO - OrderManager - Directory not found for: A.L. George
2025-02-23 10:06:03,079 - INFO - OrderManager - Checking for directory for: Eurocafe Imports.
2025-02-23 10:06:03,079 - INFO - OrderManager - Directory not found for: Eurocafe Imports
2025-02-23 10:06:18,468 - INFO - OrderManager - Checking for directory for: Hillcrest Dairy.
2025-02-23 10:06:18,469 - INFO - OrderManager - Directory not found for: Hillcrest Dairy
2025-02-23 10:06:27,401 - INFO - OrderManager - Checking for directory for: Performance Food.
2025-02-23 10:06:27,401 - INFO - OrderManager - Directory not found for: Performance Food
2025-02-23 10:06:36,616 - INFO - OrderManager - Checking for directory for: Sysco.
2025-02-23 10:06:36,616 - INFO - OrderManager - Directory not found for: Sysco
2025-02-23 10:06:47,103 - INFO - OrderManager - Checking for directory for: Ithaca Bakery.
2025-02-23 10:06:47,103 - INFO - OrderManager - Directory not found for: Ithaca Bakery
2025-02-23 10:06:55,578 - INFO - OrderManager - Checking for directory for: Equal Exchange.
2025-02-23 10:06:55,578 - INFO - OrderManager - Directory not found for: Equal Exchange
2025-02-23 10:07:04,492 - INFO - OrderManager - Checking for directory for: US Foods.
2025-02-23 10:07:04,492 - INFO - OrderManager - Directory not found for: US Foods
2025-02-23 10:07:13,412 - INFO - OrderManager - Checking for directory for: FingerLakes Farms.
2025-02-23 10:07:13,412 - INFO - OrderManager - Directory not found for: FingerLakes Farms
2025-02-23 10:07:22,122 - INFO - OrderManager - Checking for directory for: Hill & Markes.
2025-02-23 10:07:22,122 - INFO - OrderManager - Directory not found for: Hill & Markes
2025-02-23 10:07:30,914 - INFO - OrderManager - Checking for directory for: Peters Supply.
2025-02-23 10:07:30,915 - INFO - OrderManager - Directory not found for: Peters Supply
2025-02-23 10:07:39,665 - INFO - OrderManager - Checking for directory for: Coca-Cola.
2025-02-23 10:07:39,665 - INFO - OrderManager - Directory not found for: Coca-Cola
2025-02-23 10:07:48,263 - INFO - OrderManager - Checking for directory for: Regional Distributors, Inc..
2025-02-23 10:07:48,263 - INFO - OrderManager - Directory not found for: Regional Distributors, Inc.
2025-02-23 10:07:57,825 - INFO - OrderManager - Checking for directory for: UNFI.
2025-02-23 10:07:57,826 - INFO - OrderManager - Directory not found for: UNFI
2025-02-23 10:08:06,465 - INFO - OrderManager - Checking for directory for: Eurocafe Imports.
2025-02-23 10:08:06,465 - INFO - OrderManager - Directory not found for: Eurocafe Imports
2025-02-23 10:08:15,063 - INFO - OrderManager - Checking for directory for: Worlds Best Cheeses.
2025-02-23 10:08:15,063 - INFO - OrderManager - Directory not found for: Worlds Best Cheeses
2025-02-23 10:08:30,556 - INFO - OrderManager - Checking for directory for: Hill & Markes.
2025-02-23 10:08:30,556 - INFO - OrderManager - Directory not found for: Hill & Markes
2025-02-23 10:08:39,205 - INFO - OrderManager - Checking for directory for: Peters Supply.
2025-02-23 10:08:39,206 - INFO - OrderManager - Directory not found for: Peters Supply
2025-02-23 10:08:49,576 - INFO - OrderManager - Checking for directory for: Ithaca Bakery.
2025-02-23 10:08:49,577 - INFO - OrderManager - Directory not found for: Ithaca Bakery
2025-02-23 10:08:58,647 - INFO - OrderManager - Checking for directory for: US Foods.
2025-02-23 10:08:58,647 - INFO - OrderManager - Directory not found for: US Foods
2025-02-23 10:09:07,502 - INFO - OrderManager - Checking for directory for: UNFI.
2025-02-23 10:09:07,502 - INFO - OrderManager - Directory not found for: UNFI
2025-02-23 10:09:16,045 - INFO - OrderManager - Checking for directory for: Webstaurant.
2025-02-23 10:09:16,045 - INFO - OrderManager - Directory not found for: Webstaurant
2025-02-23 10:09:24,956 - INFO - OrderManager - Checking for directory for: Sysco.
2025-02-23 10:09:24,956 - INFO - OrderManager - Directory not found for: Sysco
2025-02-23 10:09:33,656 - INFO - OrderManager - Checking for directory for: Coca-Cola.
2025-02-23 10:09:33,656 - INFO - OrderManager - Directory not found for: Coca-Cola
2025-02-23 10:09:42,624 - INFO - OrderManager - Checking for directory for: Performance Food.
2025-02-23 10:09:42,624 - INFO - OrderManager - Directory not found for: Performance Food
2025-02-23 10:09:51,235 - INFO - OrderManager - Checking for directory for: Copper Horse Coffee.
2025-02-23 10:09:51,235 - INFO - OrderManager - Directory not found for: Copper Horse Coffee
2025-02-23 10:09:59,892 - INFO - OrderManager - Checking for directory for: Regional Distributors, Inc..
2025-02-23 10:09:59,892 - INFO - OrderManager - Directory not found for: Regional Distributors, Inc.
2025-02-23 10:10:08,694 - INFO - OrderManager - Checking for directory for: Equal Exchange.
2025-02-23 10:10:08,694 - INFO - OrderManager - Directory not found for: Equal Exchange
2025-02-23 10:10:17,309 - INFO - OrderManager - Checking for directory for: Eurocafe Imports.
2025-02-23 10:10:17,309 - INFO - OrderManager - Directory not found for: Eurocafe Imports
2025-02-23 10:10:25,854 - INFO - OrderManager - Checking for directory for: SANICO.
2025-02-23 10:10:25,854 - INFO - OrderManager - Directory not found for: SANICO
2025-02-23 10:10:34,608 - INFO - OrderManager - Checking for directory for: Hillcrest Dairy.
2025-02-23 10:10:34,608 - INFO - OrderManager - Directory not found for: Hillcrest Dairy
2025-02-23 10:10:43,504 - INFO - OrderManager - Checking for directory for: FingerLakes Farms.
2025-02-23 10:10:43,505 - INFO - OrderManager - Directory not found for: FingerLakes Farms
2025-02-23 10:10:52,131 - INFO - OrderManager - Checking for directory for: Johnston Paper.
2025-02-23 10:10:52,131 - INFO - OrderManager - Directory not found for: Johnston Paper
2025-02-23 10:11:08,939 - INFO - OrderManager - Checking for directory for: Ithaca Bakery.
2025-02-23 10:11:08,940 - INFO - OrderManager - Directory not found for: Ithaca Bakery
2025-02-23 10:11:17,958 - INFO - OrderManager - Checking for directory for: Performance Food.
2025-02-23 10:11:17,958 - INFO - OrderManager - Directory not found for: Performance Food
2025-02-23 10:11:27,139 - INFO - OrderManager - Checking for directory for: Sysco.
2025-02-23 10:11:27,140 - INFO - OrderManager - Directory not found for: Sysco
2025-02-23 10:11:35,904 - INFO - OrderManager - Checking for directory for: Hillcrest Dairy.
2025-02-23 10:11:35,904 - INFO - OrderManager - Directory not found for: Hillcrest Dairy
2025-02-23 10:11:44,389 - INFO - OrderManager - Checking for directory for: FingerLakes Farms.
2025-02-23 10:11:44,389 - INFO - OrderManager - Directory not found for: FingerLakes Farms
2025-02-23 10:11:53,525 - INFO - OrderManager - Checking for directory for: US Foods.
2025-02-23 10:11:53,525 - INFO - OrderManager - Directory not found for: US Foods
2025-02-23 10:12:02,356 - INFO - OrderManager - Checking for directory for: Equal Exchange.
2025-02-23 10:12:02,356 - INFO - OrderManager - Directory not found for: Equal Exchange
2025-02-23 10:12:10,921 - INFO - OrderManager - Checking for directory for: Copper Horse Coffee.
2025-02-23 10:12:10,921 - INFO - OrderManager - Directory not found for: Copper Horse Coffee
2025-02-23 10:12:19,506 - INFO - OrderManager - Checking for directory for: Regional Distributors, Inc..
2025-02-23 10:12:19,506 - INFO - OrderManager - Directory not found for: Regional Distributors, Inc.
2025-02-23 10:12:28,901 - INFO - OrderManager - Checking for directory for: Hill & Markes.
2025-02-23 10:12:28,901 - INFO - OrderManager - Directory not found for: Hill & Markes
2025-02-23 10:12:37,638 - INFO - OrderManager - Checking for directory for: Peters Supply.
2025-02-23 10:12:37,638 - INFO - OrderManager - Directory not found for: Peters Supply
2025-02-23 10:12:46,273 - INFO - OrderManager - Checking for directory for: Webstaurant.
2025-02-23 10:12:46,273 - INFO - OrderManager - Directory not found for: Webstaurant
2025-02-23 10:12:54,851 - INFO - OrderManager - Checking for directory for: BJ's.
2025-02-23 10:12:54,851 - INFO - OrderManager - Directory not found for: BJ's
2025-02-23 10:13:03,433 - INFO - OrderManager - Checking for directory for: A.L. George.
2025-02-23 10:13:03,433 - INFO - OrderManager - Directory not found for: A.L. George
2025-02-23 10:13:12,394 - INFO - OrderManager - Checking for directory for: UNFI.
2025-02-23 10:13:12,394 - INFO - OrderManager - Directory not found for: UNFI
2025-02-23 10:13:20,943 - INFO - OrderManager - Checking for directory for: Eurocafe Imports.
2025-02-23 10:13:20,943 - INFO - OrderManager - Directory not found for: Eurocafe Imports
2025-02-23 10:13:29,532 - INFO - OrderManager - Checking for directory for: Coca-Cola.
2025-02-23 10:13:29,532 - INFO - OrderManager - Directory not found for: Coca-Cola
2025-02-23 10:13:38,117 - INFO - OrderManager - Checking for directory for: BALKAN BEVERAGE LLC.
2025-02-23 10:13:38,117 - INFO - OrderManager - Directory not found for: BALKAN BEVERAGE LLC
2025-02-23 10:14:11,002 - INFO - OrderManager - Checking for directory for: UNFI.
2025-02-23 10:14:11,002 - INFO - OrderManager - Directory found: C:\Users\Will\Desktop\Andrew\Projects\RandomStuff\WorkBot\main\backend\orders\OrderFiles\UNFI
2025-02-23 10:14:14,616 - INFO - OrderManager - Checking for directory for: Webstaurant.
2025-02-23 10:14:14,616 - INFO - OrderManager - Directory found: C:\Users\Will\Desktop\Andrew\Projects\RandomStuff\WorkBot\main\backend\orders\OrderFiles\Webstaurant
2025-02-23 10:14:24,470 - INFO - OrderManager - Checking for directory for: Sysco.
2025-02-23 10:14:24,470 - INFO - OrderManager - Directory found: C:\Users\Will\Desktop\Andrew\Projects\RandomStuff\WorkBot\main\backend\orders\OrderFiles\Sysco
2025-02-23 10:14:28,819 - INFO - OrderManager - Checking for directory for: Performance Food.
2025-02-23 10:14:28,819 - INFO - OrderManager - Directory found: C:\Users\Will\Desktop\Andrew\Projects\RandomStuff\WorkBot\main\backend\orders\OrderFiles\Performance Food
2025-02-23 10:14:33,471 - INFO - OrderManager - Checking for directory for: US Foods.
2025-02-23 10:14:33,471 - INFO - OrderManager - Directory found: C:\Users\Will\Desktop\Andrew\Projects\RandomStuff\WorkBot\main\backend\orders\OrderFiles\US Foods
2025-02-23 10:14:37,534 - INFO - OrderManager - Checking for directory for: FingerLakes Farms.
2025-02-23 10:14:37,534 - INFO - OrderManager - Directory found: C:\Users\Will\Desktop\Andrew\Projects\RandomStuff\WorkBot\main\backend\orders\OrderFiles\FingerLakes Farms
2025-02-23 10:14:41,290 - INFO - OrderManager - Checking for directory for: Equal Exchange.
2025-02-23 10:14:41,290 - INFO - OrderManager - Directory found: C:\Users\Will\Desktop\Andrew\Projects\RandomStuff\WorkBot\main\backend\orders\OrderFiles\Equal Exchange
2025-02-23 10:14:44,566 - INFO - OrderManager - Checking for directory for: Copper Horse Coffee.
2025-02-23 10:14:44,566 - INFO - OrderManager - Directory found: C:\Users\Will\Desktop\Andrew\Projects\RandomStuff\WorkBot\main\backend\orders\OrderFiles\Copper Horse Coffee
2025-02-23 10:14:53,497 - INFO - OrderManager - Checking for directory for: Coca-Cola.
2025-02-23 10:14:53,498 - INFO - OrderManager - Directory found: C:\Users\Will\Desktop\Andrew\Projects\RandomStuff\WorkBot\main\backend\orders\OrderFiles\Coca-Cola
2025-02-23 10:21:08,691 - INFO - OrderManager - Checking for directory for: UNFI.
2025-02-23 10:21:08,691 - INFO - OrderManager - Directory found: C:\Users\Will\Desktop\Andrew\Projects\RandomStuff\WorkBot\main\backend\orders\OrderFiles\UNFI
2025-02-23 10:21:12,283 - INFO - OrderManager - Checking for directory for: Webstaurant.
2025-02-23 10:21:12,283 - INFO - OrderManager - Directory found: C:\Users\Will\Desktop\Andrew\Projects\RandomStuff\WorkBot\main\backend\orders\OrderFiles\Webstaurant
2025-02-23 10:21:22,229 - INFO - OrderManager - Checking for directory for: Sysco.
2025-02-23 10:21:22,229 - INFO - OrderManager - Directory found: C:\Users\Will\Desktop\Andrew\Projects\RandomStuff\WorkBot\main\backend\orders\OrderFiles\Sysco
2025-02-23 10:21:26,623 - INFO - OrderManager - Checking for directory for: Performance Food.
2025-02-23 10:21:26,623 - INFO - OrderManager - Directory found: C:\Users\Will\Desktop\Andrew\Projects\RandomStuff\WorkBot\main\backend\orders\OrderFiles\Performance Food
2025-02-23 10:21:31,349 - INFO - OrderManager - Checking for directory for: US Foods.
2025-02-23 10:21:31,350 - INFO - OrderManager - Directory found: C:\Users\Will\Desktop\Andrew\Projects\RandomStuff\WorkBot\main\backend\orders\OrderFiles\US Foods
2025-02-23 10:21:35,379 - INFO - OrderManager - Checking for directory for: FingerLakes Farms.
2025-02-23 10:21:35,379 - INFO - OrderManager - Directory found: C:\Users\Will\Desktop\Andrew\Projects\RandomStuff\WorkBot\main\backend\orders\OrderFiles\FingerLakes Farms
2025-02-23 10:21:39,201 - INFO - OrderManager - Checking for directory for: Equal Exchange.
2025-02-23 10:21:39,202 - INFO - OrderManager - Directory found: C:\Users\Will\Desktop\Andrew\Projects\RandomStuff\WorkBot\main\backend\orders\OrderFiles\Equal Exchange
2025-02-23 10:21:42,483 - INFO - OrderManager - Checking for directory for: Copper Horse Coffee.
2025-02-23 10:21:42,484 - INFO - OrderManager - Directory found: C:\Users\Will\Desktop\Andrew\Projects\RandomStuff\WorkBot\main\backend\orders\OrderFiles\Copper Horse Coffee
2025-02-23 10:21:51,496 - INFO - OrderManager - Checking for directory for: Coca-Cola.
2025-02-23 10:21:51,497 - INFO - OrderManager - Directory found: C:\Users\Will\Desktop\Andrew\Projects\RandomStuff\WorkBot\main\backend\orders\OrderFiles\Coca-Cola
2025-02-23 12:48:13,892 - INFO - OrderManager - Checking for directory for: Ithaca Bakery.
2025-02-23 12:48:13,893 - INFO - OrderManager - Directory found: C:\Users\Will\Desktop\Andrew\Projects\RandomStuff\WorkBot\main\backend\orders\OrderFiles\Ithaca Bakery
2025-02-23 12:48:24,393 - INFO - OrderManager - Checking for directory for: US Foods.
2025-02-23 12:48:24,393 - INFO - OrderManager - Directory found: C:\Users\Will\Desktop\Andrew\Projects\RandomStuff\WorkBot\main\backend\orders\OrderFiles\US Foods
2025-02-23 12:48:33,865 - INFO - OrderManager - Checking for directory for: UNFI.
2025-02-23 12:48:33,865 - INFO - OrderManager - Directory found: C:\Users\Will\Desktop\Andrew\Projects\RandomStuff\WorkBot\main\backend\orders\OrderFiles\UNFI
2025-02-23 12:48:43,031 - INFO - OrderManager - Checking for directory for: FingerLakes Farms.
2025-02-23 12:48:43,031 - INFO - OrderManager - Directory found: C:\Users\Will\Desktop\Andrew\Projects\RandomStuff\WorkBot\main\backend\orders\OrderFiles\FingerLakes Farms
2025-02-23 12:48:48,309 - INFO - OrderManager - Checking for directory for: Performance Food.
2025-02-23 12:48:48,309 - INFO - OrderManager - Directory found: C:\Users\Will\Desktop\Andrew\Projects\RandomStuff\WorkBot\main\backend\orders\OrderFiles\Performance Food
2025-02-23 12:48:57,107 - INFO - OrderManager - Checking for directory for: Hillcrest Dairy.
2025-02-23 12:48:57,107 - INFO - OrderManager - Directory found: C:\Users\Will\Desktop\Andrew\Projects\RandomStuff\WorkBot\main\backend\orders\OrderFiles\Hillcrest Dairy
2025-02-23 12:49:02,038 - INFO - OrderManager - Checking for directory for: Sysco.
2025-02-23 12:49:02,038 - INFO - OrderManager - Directory found: C:\Users\Will\Desktop\Andrew\Projects\RandomStuff\WorkBot\main\backend\orders\OrderFiles\Sysco
2025-02-23 12:49:10,627 - INFO - OrderManager - Checking for directory for: Webstaurant.
2025-02-23 12:49:10,627 - INFO - OrderManager - Directory found: C:\Users\Will\Desktop\Andrew\Projects\RandomStuff\WorkBot\main\backend\orders\OrderFiles\Webstaurant
2025-02-23 12:49:14,020 - INFO - OrderManager - Checking for directory for: Peters Supply.
2025-02-23 12:49:14,020 - INFO - OrderManager - Directory found: C:\Users\Will\Desktop\Andrew\Projects\RandomStuff\WorkBot\main\backend\orders\OrderFiles\Peters Supply
2025-02-23 12:49:17,650 - INFO - OrderManager - Checking for directory for: Hill & Markes.
2025-02-23 12:49:17,650 - INFO - OrderManager - Directory found: C:\Users\Will\Desktop\Andrew\Projects\RandomStuff\WorkBot\main\backend\orders\OrderFiles\Hill & Markes
2025-02-23 12:49:21,005 - INFO - OrderManager - Checking for directory for: Johnston Paper.
2025-02-23 12:49:21,005 - INFO - OrderManager - Directory found: C:\Users\Will\Desktop\Andrew\Projects\RandomStuff\WorkBot\main\backend\orders\OrderFiles\Johnston Paper
2025-02-23 12:49:24,435 - INFO - OrderManager - Checking for directory for: Equal Exchange.
2025-02-23 12:49:24,435 - INFO - OrderManager - Directory found: C:\Users\Will\Desktop\Andrew\Projects\RandomStuff\WorkBot\main\backend\orders\OrderFiles\Equal Exchange
2025-02-23 12:49:28,065 - INFO - OrderManager - Checking for directory for: Coca-Cola.
2025-02-23 12:49:28,065 - INFO - OrderManager - Directory found: C:\Users\Will\Desktop\Andrew\Projects\RandomStuff\WorkBot\main\backend\orders\OrderFiles\Coca-Cola
2025-02-23 12:49:31,517 - INFO - OrderManager - Checking for directory for: A.L. George.
2025-02-23 12:49:31,518 - INFO - OrderManager - Directory found: C:\Users\Will\Desktop\Andrew\Projects\RandomStuff\WorkBot\main\backend\orders\OrderFiles\A.L. George
2025-02-23 12:49:34,325 - INFO - OrderManager - Checking for directory for: Eurocafe Imports.
2025-02-23 12:49:34,325 - INFO - OrderManager - Directory found: C:\Users\Will\Desktop\Andrew\Projects\RandomStuff\WorkBot\main\backend\orders\OrderFiles\Eurocafe Imports
2025-02-23 12:49:37,562 - INFO - OrderManager - Checking for directory for: Hillcrest Foods.
2025-02-23 12:49:37,563 - INFO - OrderManager - Directory not found for: Hillcrest Foods
2025-02-23 12:49:46,131 - INFO - OrderManager - Checking for directory for: Fingerlakes Artisen Foods.
2025-02-23 12:49:46,131 - INFO - OrderManager - Directory not found for: Fingerlakes Artisen Foods
2025-02-23 12:49:55,186 - INFO - OrderManager - Checking for directory for: Russo Produce.
2025-02-23 12:49:55,186 - INFO - OrderManager - Directory not found for: Russo Produce
2025-02-23 12:50:03,815 - INFO - OrderManager - Checking for directory for: Renzi.
2025-02-23 12:50:03,815 - INFO - OrderManager - Directory not found for: Renzi
2025-02-23 12:50:12,513 - INFO - OrderManager - Checking for directory for: BEHLOG & SON, INC..
2025-02-23 12:50:12,513 - INFO - OrderManager - Directory not found for: BEHLOG & SON, INC.
2025-02-23 12:50:21,080 - INFO - OrderManager - Checking for directory for: Hoffmire Farms.
2025-02-23 12:50:21,080 - INFO - OrderManager - Directory not found for: Hoffmire Farms
2025-02-23 20:01:04,978 - INFO - OrderManager - Checking for directory for: UNFI.
2025-02-23 20:01:04,978 - INFO - OrderManager - Directory not found for: UNFI
2025-02-23 20:01:13,921 - INFO - OrderManager - Checking for directory for: Webstaurant.
2025-02-23 20:01:13,921 - INFO - OrderManager - Directory not found for: Webstaurant
2025-02-23 20:01:23,214 - INFO - OrderManager - Checking for directory for: Sysco.
2025-02-23 20:01:23,214 - INFO - OrderManager - Directory not found for: Sysco
2025-02-23 20:01:32,770 - INFO - OrderManager - Checking for directory for: Performance Food.
2025-02-23 20:01:32,770 - INFO - OrderManager - Directory not found for: Performance Food
2025-02-23 20:01:42,009 - INFO - OrderManager - Checking for directory for: US Foods.
2025-02-23 20:01:42,009 - INFO - OrderManager - Directory not found for: US Foods
2025-02-23 20:01:51,082 - INFO - OrderManager - Checking for directory for: FingerLakes Farms.
2025-02-23 20:01:51,082 - INFO - OrderManager - Directory not found for: FingerLakes Farms
2025-02-23 20:01:59,924 - INFO - OrderManager - Checking for directory for: Equal Exchange.
2025-02-23 20:01:59,924 - INFO - OrderManager - Directory not found for: Equal Exchange
2025-02-23 20:02:08,653 - INFO - OrderManager - Checking for directory for: Copper Horse Coffee.
2025-02-23 20:02:08,653 - INFO - OrderManager - Directory not found for: Copper Horse Coffee
2025-02-23 20:02:17,668 - INFO - OrderManager - Checking for directory for: Coca-Cola.
2025-02-23 20:02:17,668 - INFO - OrderManager - Directory not found for: Coca-Cola
2025-02-23 20:04:28,314 - INFO - OrderManager - Checking for directory for: UNFI.
2025-02-23 20:04:28,314 - INFO - OrderManager - Directory not found for: UNFI
2025-02-23 20:06:23,648 - INFO - OrderManager - Checking for directory for: Ithaca Bakery.
2025-02-23 20:06:23,648 - INFO - OrderManager - Directory not found for: Ithaca Bakery
2025-02-23 20:06:32,686 - INFO - OrderManager - Checking for directory for: US Foods.
2025-02-23 20:06:32,686 - INFO - OrderManager - Directory not found for: US Foods
2025-02-23 20:06:41,749 - INFO - OrderManager - Checking for directory for: UNFI.
2025-02-23 20:06:41,749 - INFO - OrderManager - Directory found: /home/anigold/projects/IthacaBakery/RandomStuff/WorkBot/main/backend/orders/OrderFiles/UNFI
2025-02-23 20:06:50,719 - INFO - OrderManager - Checking for directory for: FingerLakes Farms.
2025-02-23 20:06:50,719 - INFO - OrderManager - Directory not found for: FingerLakes Farms
2025-02-23 20:07:00,146 - INFO - OrderManager - Checking for directory for: Performance Food.
2025-02-23 20:07:00,147 - INFO - OrderManager - Directory not found for: Performance Food
2025-02-23 20:07:09,132 - INFO - OrderManager - Checking for directory for: Hillcrest Dairy.
2025-02-23 20:07:09,132 - INFO - OrderManager - Directory not found for: Hillcrest Dairy
2025-02-23 20:07:18,495 - INFO - OrderManager - Checking for directory for: Sysco.
2025-02-23 20:07:18,495 - INFO - OrderManager - Directory not found for: Sysco
2025-02-23 20:07:27,038 - INFO - OrderManager - Checking for directory for: Webstaurant.
2025-02-23 20:07:27,039 - INFO - OrderManager - Directory not found for: Webstaurant
2025-02-23 20:07:35,781 - INFO - OrderManager - Checking for directory for: Peters Supply.
2025-02-23 20:07:35,781 - INFO - OrderManager - Directory not found for: Peters Supply
2025-02-23 20:07:44,632 - INFO - OrderManager - Checking for directory for: Hill & Markes.
2025-02-23 20:07:44,632 - INFO - OrderManager - Directory not found for: Hill & Markes
2025-02-23 20:07:53,319 - INFO - OrderManager - Checking for directory for: Johnston Paper.
2025-02-23 20:07:53,319 - INFO - OrderManager - Directory not found for: Johnston Paper
2025-02-23 20:08:02,166 - INFO - OrderManager - Checking for directory for: Equal Exchange.
2025-02-23 20:08:02,166 - INFO - OrderManager - Directory not found for: Equal Exchange
2025-02-23 20:08:11,167 - INFO - OrderManager - Checking for directory for: Coca-Cola.
2025-02-23 20:08:11,167 - INFO - OrderManager - Directory not found for: Coca-Cola
2025-02-23 20:08:19,867 - INFO - OrderManager - Checking for directory for: A.L. George.
2025-02-23 20:08:19,867 - INFO - OrderManager - Directory not found for: A.L. George
2025-02-23 20:08:28,484 - INFO - OrderManager - Checking for directory for: Eurocafe Imports.
2025-02-23 20:08:28,484 - INFO - OrderManager - Directory not found for: Eurocafe Imports
2025-02-23 20:08:37,164 - INFO - OrderManager - Checking for directory for: Hillcrest Foods.
2025-02-23 20:08:37,165 - INFO - OrderManager - Directory not found for: Hillcrest Foods
2025-02-23 20:08:45,780 - INFO - OrderManager - Checking for directory for: Fingerlakes Artisen Foods.
2025-02-23 20:08:45,780 - INFO - OrderManager - Directory not found for: Fingerlakes Artisen Foods
2025-02-23 20:08:54,403 - INFO - OrderManager - Checking for directory for: Russo Produce.
2025-02-23 20:08:54,403 - INFO - OrderManager - Directory not found for: Russo Produce
2025-02-23 20:09:03,014 - INFO - OrderManager - Checking for directory for: Renzi.
2025-02-23 20:09:03,014 - INFO - OrderManager - Directory not found for: Renzi
2025-02-23 20:09:11,293 - INFO - OrderManager - Checking for directory for: BEHLOG & SON, INC..
2025-02-23 20:09:11,293 - INFO - OrderManager - Directory not found for: BEHLOG & SON, INC.
2025-02-23 20:09:19,803 - INFO - OrderManager - Checking for directory for: Hoffmire Farms.
2025-02-23 20:09:19,803 - INFO - OrderManager - Directory not found for: Hoffmire Farms
2025-02-23 20:09:34,435 - INFO - OrderManager - Checking for directory for: UNFI.
2025-02-23 20:09:34,435 - INFO - OrderManager - Directory found: /home/anigold/projects/IthacaBakery/RandomStuff/WorkBot/main/backend/orders/OrderFiles/UNFI
2025-02-23 20:09:37,923 - INFO - OrderManager - Checking for directory for: Webstaurant.
2025-02-23 20:09:37,923 - INFO - OrderManager - Directory not found for: Webstaurant
2025-02-23 20:09:47,829 - INFO - OrderManager - Checking for directory for: Sysco.
2025-02-23 20:09:47,829 - INFO - OrderManager - Directory not found for: Sysco
2025-02-23 20:09:57,360 - INFO - OrderManager - Checking for directory for: Performance Food.
2025-02-23 20:09:57,360 - INFO - OrderManager - Directory not found for: Performance Food
2025-02-23 20:10:06,725 - INFO - OrderManager - Checking for directory for: US Foods.
2025-02-23 20:10:06,725 - INFO - OrderManager - Directory not found for: US Foods
2025-02-23 20:10:15,181 - INFO - OrderManager - Checking for directory for: FingerLakes Farms.
2025-02-23 20:10:15,181 - INFO - OrderManager - Directory not found for: FingerLakes Farms
2025-02-23 20:10:24,142 - INFO - OrderManager - Checking for directory for: Equal Exchange.
2025-02-23 20:10:24,142 - INFO - OrderManager - Directory not found for: Equal Exchange
2025-02-23 20:10:32,792 - INFO - OrderManager - Checking for directory for: Copper Horse Coffee.
2025-02-23 20:10:32,792 - INFO - OrderManager - Directory not found for: Copper Horse Coffee
2025-02-23 20:10:41,445 - INFO - OrderManager - Checking for directory for: Coca-Cola.
2025-02-23 20:10:41,445 - INFO - OrderManager - Directory not found for: Coca-Cola
2025-02-23 20:10:57,814 - INFO - OrderManager - Checking for directory for: Ithaca Bakery.
2025-02-23 20:10:57,814 - INFO - OrderManager - Directory not found for: Ithaca Bakery
2025-02-23 20:11:06,587 - INFO - OrderManager - Checking for directory for: Performance Food.
2025-02-23 20:11:06,588 - INFO - OrderManager - Directory not found for: Performance Food
2025-02-23 20:11:15,421 - INFO - OrderManager - Checking for directory for: Sysco.
2025-02-23 20:11:15,421 - INFO - OrderManager - Directory not found for: Sysco
2025-02-23 20:11:23,746 - INFO - OrderManager - Checking for directory for: Hillcrest Dairy.
2025-02-23 20:11:23,746 - INFO - OrderManager - Directory not found for: Hillcrest Dairy
2025-02-23 20:11:33,436 - INFO - OrderManager - Checking for directory for: FingerLakes Farms.
2025-02-23 20:11:33,436 - INFO - OrderManager - Directory not found for: FingerLakes Farms
2025-02-23 20:11:42,528 - INFO - OrderManager - Checking for directory for: US Foods.
2025-02-23 20:11:42,528 - INFO - OrderManager - Directory not found for: US Foods
2025-02-23 20:11:51,229 - INFO - OrderManager - Checking for directory for: Equal Exchange.
2025-02-23 20:11:51,229 - INFO - OrderManager - Directory not found for: Equal Exchange
2025-02-23 20:11:59,682 - INFO - OrderManager - Checking for directory for: Copper Horse Coffee.
2025-02-23 20:11:59,682 - INFO - OrderManager - Directory not found for: Copper Horse Coffee
2025-02-23 20:12:08,145 - INFO - OrderManager - Checking for directory for: Regional Distributors, Inc..
2025-02-23 20:12:08,145 - INFO - OrderManager - Directory not found for: Regional Distributors, Inc.
2025-02-23 20:12:16,887 - INFO - OrderManager - Checking for directory for: Hill & Markes.
2025-02-23 20:12:16,887 - INFO - OrderManager - Directory not found for: Hill & Markes
2025-02-23 20:12:25,656 - INFO - OrderManager - Checking for directory for: Peters Supply.
2025-02-23 20:12:25,656 - INFO - OrderManager - Directory not found for: Peters Supply
2025-02-23 20:12:34,381 - INFO - OrderManager - Checking for directory for: Webstaurant.
2025-02-23 20:12:34,381 - INFO - OrderManager - Directory not found for: Webstaurant
2025-02-23 20:12:43,135 - INFO - OrderManager - Checking for directory for: BJ's.
2025-02-23 20:12:43,136 - INFO - OrderManager - Directory not found for: BJ's
2025-02-23 20:12:51,968 - INFO - OrderManager - Checking for directory for: A.L. George.
2025-02-23 20:12:51,968 - INFO - OrderManager - Directory not found for: A.L. George
2025-02-23 20:13:00,722 - INFO - OrderManager - Checking for directory for: UNFI.
2025-02-23 20:13:00,722 - INFO - OrderManager - Directory found: /home/anigold/projects/IthacaBakery/RandomStuff/WorkBot/main/backend/orders/OrderFiles/UNFI
2025-02-23 20:13:09,349 - INFO - OrderManager - Checking for directory for: Eurocafe Imports.
2025-02-23 20:13:09,350 - INFO - OrderManager - Directory not found for: Eurocafe Imports
2025-02-23 20:13:17,550 - INFO - OrderManager - Checking for directory for: Coca-Cola.
2025-02-23 20:13:17,550 - INFO - OrderManager - Directory not found for: Coca-Cola
2025-02-23 20:13:26,500 - INFO - OrderManager - Checking for directory for: BALKAN BEVERAGE LLC.
2025-02-23 20:13:26,500 - INFO - OrderManager - Directory not found for: BALKAN BEVERAGE LLC
2025-02-23 20:13:41,966 - INFO - OrderManager - Checking for directory for: Hill & Markes.
2025-02-23 20:13:41,966 - INFO - OrderManager - Directory not found for: Hill & Markes
2025-02-23 20:13:50,773 - INFO - OrderManager - Checking for directory for: Peters Supply.
2025-02-23 20:13:50,773 - INFO - OrderManager - Directory not found for: Peters Supply
2025-02-23 20:14:00,242 - INFO - OrderManager - Checking for directory for: Ithaca Bakery.
2025-02-23 20:14:00,242 - INFO - OrderManager - Directory not found for: Ithaca Bakery
2025-02-23 20:14:09,191 - INFO - OrderManager - Checking for directory for: US Foods.
2025-02-23 20:14:09,191 - INFO - OrderManager - Directory not found for: US Foods
2025-02-23 20:14:17,467 - INFO - OrderManager - Checking for directory for: UNFI.
2025-02-23 20:14:17,467 - INFO - OrderManager - Directory found: /home/anigold/projects/IthacaBakery/RandomStuff/WorkBot/main/backend/orders/OrderFiles/UNFI
2025-02-23 20:14:26,361 - INFO - OrderManager - Checking for directory for: Webstaurant.
2025-02-23 20:14:26,362 - INFO - OrderManager - Directory not found for: Webstaurant
2025-02-23 20:14:35,707 - INFO - OrderManager - Checking for directory for: Sysco.
2025-02-23 20:14:35,707 - INFO - OrderManager - Directory not found for: Sysco
2025-02-23 20:14:44,401 - INFO - OrderManager - Checking for directory for: Coca-Cola.
2025-02-23 20:14:44,401 - INFO - OrderManager - Directory not found for: Coca-Cola
2025-02-23 20:14:53,126 - INFO - OrderManager - Checking for directory for: Performance Food.
2025-02-23 20:14:53,126 - INFO - OrderManager - Directory not found for: Performance Food
2025-02-23 20:15:01,764 - INFO - OrderManager - Checking for directory for: Copper Horse Coffee.
2025-02-23 20:15:01,764 - INFO - OrderManager - Directory not found for: Copper Horse Coffee
2025-02-23 20:15:10,790 - INFO - OrderManager - Checking for directory for: Regional Distributors, Inc..
2025-02-23 20:15:10,790 - INFO - OrderManager - Directory not found for: Regional Distributors, Inc.
2025-02-23 20:15:19,570 - INFO - OrderManager - Checking for directory for: Equal Exchange.
2025-02-23 20:15:19,570 - INFO - OrderManager - Directory not found for: Equal Exchange
2025-02-23 20:15:28,159 - INFO - OrderManager - Checking for directory for: Eurocafe Imports.
2025-02-23 20:15:28,159 - INFO - OrderManager - Directory not found for: Eurocafe Imports
2025-02-23 20:15:36,997 - INFO - OrderManager - Checking for directory for: SANICO.
2025-02-23 20:15:36,997 - INFO - OrderManager - Directory not found for: SANICO
2025-02-23 20:15:46,181 - INFO - OrderManager - Checking for directory for: Hillcrest Dairy.
2025-02-23 20:15:46,181 - INFO - OrderManager - Directory not found for: Hillcrest Dairy
2025-02-23 20:15:55,002 - INFO - OrderManager - Checking for directory for: FingerLakes Farms.
2025-02-23 20:15:55,002 - INFO - OrderManager - Directory not found for: FingerLakes Farms
2025-02-23 20:16:03,741 - INFO - OrderManager - Checking for directory for: Johnston Paper.
2025-02-23 20:16:03,741 - INFO - OrderManager - Directory not found for: Johnston Paper
2025-02-23 20:16:19,217 - INFO - OrderManager - Checking for directory for: Hillcrest Dairy.
2025-02-23 20:16:19,217 - INFO - OrderManager - Directory not found for: Hillcrest Dairy
2025-02-23 20:16:27,595 - INFO - OrderManager - Checking for directory for: Performance Food.
2025-02-23 20:16:27,596 - INFO - OrderManager - Directory not found for: Performance Food
2025-02-23 20:16:36,636 - INFO - OrderManager - Checking for directory for: Sysco.
2025-02-23 20:16:36,636 - INFO - OrderManager - Directory not found for: Sysco
2025-02-23 20:16:46,620 - INFO - OrderManager - Checking for directory for: Ithaca Bakery.
2025-02-23 20:16:46,620 - INFO - OrderManager - Directory not found for: Ithaca Bakery
2025-02-23 20:16:55,490 - INFO - OrderManager - Checking for directory for: Equal Exchange.
2025-02-23 20:16:55,490 - INFO - OrderManager - Directory not found for: Equal Exchange
2025-02-23 20:17:04,143 - INFO - OrderManager - Checking for directory for: US Foods.
2025-02-23 20:17:04,143 - INFO - OrderManager - Directory not found for: US Foods
2025-02-23 20:17:12,834 - INFO - OrderManager - Checking for directory for: FingerLakes Farms.
2025-02-23 20:17:12,834 - INFO - OrderManager - Directory not found for: FingerLakes Farms
2025-02-23 20:17:21,557 - INFO - OrderManager - Checking for directory for: Hill & Markes.
2025-02-23 20:17:21,557 - INFO - OrderManager - Directory not found for: Hill & Markes
2025-02-23 20:17:30,296 - INFO - OrderManager - Checking for directory for: Peters Supply.
2025-02-23 20:17:30,296 - INFO - OrderManager - Directory not found for: Peters Supply
2025-02-23 20:17:38,959 - INFO - OrderManager - Checking for directory for: Coca-Cola.
2025-02-23 20:17:38,959 - INFO - OrderManager - Directory not found for: Coca-Cola
2025-02-23 20:17:47,553 - INFO - OrderManager - Checking for directory for: Regional Distributors, Inc..
2025-02-23 20:17:47,554 - INFO - OrderManager - Directory not found for: Regional Distributors, Inc.
2025-02-23 20:17:56,644 - INFO - OrderManager - Checking for directory for: UNFI.
2025-02-23 20:17:56,644 - INFO - OrderManager - Directory found: /home/anigold/projects/IthacaBakery/RandomStuff/WorkBot/main/backend/orders/OrderFiles/UNFI
2025-02-23 20:18:05,246 - INFO - OrderManager - Checking for directory for: Eurocafe Imports.
2025-02-23 20:18:05,246 - INFO - OrderManager - Directory not found for: Eurocafe Imports
2025-02-23 20:18:14,062 - INFO - OrderManager - Checking for directory for: Worlds Best Cheeses.
2025-02-23 20:18:14,062 - INFO - OrderManager - Directory not found for: Worlds Best Cheeses
