2025-03-02 11:57:07,124 - INFO - OrderManager - Looking up directory for: UNFI.
2025-03-02 11:57:07,124 - INFO - OrderManager - Directory found: C:\Users\Will\Desktop\Andrew\Projects\RandomStuff\WorkBot\main\backend\orders\OrderFiles\UNFI
2025-03-02 11:57:11,073 - INFO - OrderManager - Looking up directory for: Webstaurant.
2025-03-02 11:57:11,073 - INFO - OrderManager - Directory found: C:\Users\Will\Desktop\Andrew\Projects\RandomStuff\WorkBot\main\backend\orders\OrderFiles\Webstaurant
2025-03-02 11:57:20,516 - INFO - OrderManager - Looking up directory for: Sysco.
2025-03-02 11:57:20,516 - INFO - OrderManager - Directory found: C:\Users\Will\Desktop\Andrew\Projects\RandomStuff\WorkBot\main\backend\orders\OrderFiles\Sysco
2025-03-02 11:57:29,969 - INFO - OrderManager - Looking up directory for: Performance Food.
2025-03-02 11:57:29,970 - INFO - OrderManager - Directory found: C:\Users\Will\Desktop\Andrew\Projects\RandomStuff\WorkBot\main\backend\orders\OrderFiles\Performance Food
2025-03-02 11:57:40,055 - INFO - OrderManager - Looking up directory for: US Foods.
2025-03-02 11:57:40,055 - INFO - OrderManager - Directory found: C:\Users\Will\Desktop\Andrew\Projects\RandomStuff\WorkBot\main\backend\orders\OrderFiles\US Foods
2025-03-02 11:57:48,999 - INFO - OrderManager - Looking up directory for: Equal Exchange.
2025-03-02 11:57:48,999 - INFO - OrderManager - Directory found: C:\Users\Will\Desktop\Andrew\Projects\RandomStuff\WorkBot\main\backend\orders\OrderFiles\Equal Exchange
2025-03-02 11:57:57,607 - INFO - OrderManager - Looking up directory for: Eurocafe Imports.
2025-03-02 11:57:57,608 - INFO - OrderManager - Directory found: C:\Users\Will\Desktop\Andrew\Projects\RandomStuff\WorkBot\main\backend\orders\OrderFiles\Eurocafe Imports
2025-03-02 11:58:06,360 - INFO - OrderManager - Looking up directory for: Copper Horse Coffee.
2025-03-02 11:58:06,360 - INFO - OrderManager - Directory found: C:\Users\Will\Desktop\Andrew\Projects\RandomStuff\WorkBot\main\backend\orders\OrderFiles\Copper Horse Coffee
2025-03-02 11:58:15,309 - INFO - OrderManager - Looking up directory for: FingerLakes Farms.
2025-03-02 11:58:15,309 - INFO - OrderManager - Directory found: C:\Users\Will\Desktop\Andrew\Projects\RandomStuff\WorkBot\main\backend\orders\OrderFiles\FingerLakes Farms
2025-03-02 11:58:24,208 - INFO - OrderManager - Looking up directory for: Coca-Cola.
2025-03-02 11:58:24,208 - INFO - OrderManager - Directory found: C:\Users\Will\Desktop\Andrew\Projects\RandomStuff\WorkBot\main\backend\orders\OrderFiles\Coca-Cola
2025-03-02 12:27:21,627 - INFO - OrderManager - Looking up directory for: US Foods.
2025-03-02 12:27:21,627 - INFO - OrderManager - Directory found: C:\Users\Will\Desktop\Andrew\Projects\RandomStuff\WorkBot\main\backend\orders\OrderFiles\US Foods
2025-03-02 12:27:31,593 - INFO - OrderManager - Looking up directory for: UNFI.
2025-03-02 12:27:31,593 - INFO - OrderManager - Directory found: C:\Users\Will\Desktop\Andrew\Projects\RandomStuff\WorkBot\main\backend\orders\OrderFiles\UNFI
2025-03-02 12:27:35,004 - INFO - OrderManager - Looking up directory for: Hillcrest Dairy.
2025-03-02 12:27:35,004 - INFO - OrderManager - Directory found: C:\Users\Will\Desktop\Andrew\Projects\RandomStuff\WorkBot\main\backend\orders\OrderFiles\Hillcrest Dairy
2025-03-02 12:27:38,752 - INFO - OrderManager - Looking up directory for: FingerLakes Farms.
2025-03-02 12:27:38,753 - INFO - OrderManager - Directory found: C:\Users\Will\Desktop\Andrew\Projects\RandomStuff\WorkBot\main\backend\orders\OrderFiles\FingerLakes Farms
2025-03-02 12:27:43,657 - INFO - OrderManager - Looking up directory for: Sysco.
2025-03-02 12:27:43,657 - INFO - OrderManager - Directory found: C:\Users\Will\Desktop\Andrew\Projects\RandomStuff\WorkBot\main\backend\orders\OrderFiles\Sysco
2025-03-02 12:27:54,428 - INFO - OrderManager - Looking up directory for: Performance Food.
2025-03-02 12:27:54,429 - INFO - OrderManager - Directory found: C:\Users\Will\Desktop\Andrew\Projects\RandomStuff\WorkBot\main\backend\orders\OrderFiles\Performance Food
2025-03-02 12:28:03,167 - INFO - OrderManager - Looking up directory for: Webstaurant.
2025-03-02 12:28:03,168 - INFO - OrderManager - Directory found: C:\Users\Will\Desktop\Andrew\Projects\RandomStuff\WorkBot\main\backend\orders\OrderFiles\Webstaurant
2025-03-02 12:28:06,627 - INFO - OrderManager - Looking up directory for: Peters Supply.
2025-03-02 12:28:06,627 - INFO - OrderManager - Directory found: C:\Users\Will\Desktop\Andrew\Projects\RandomStuff\WorkBot\main\backend\orders\OrderFiles\Peters Supply
2025-03-02 12:28:10,295 - INFO - OrderManager - Looking up directory for: Hill & Markes.
2025-03-02 12:28:10,295 - INFO - OrderManager - Directory found: C:\Users\Will\Desktop\Andrew\Projects\RandomStuff\WorkBot\main\backend\orders\OrderFiles\Hill & Markes
2025-03-02 12:28:15,621 - INFO - OrderManager - Looking up directory for: Ithaca Bakery.
2025-03-02 12:28:15,621 - INFO - OrderManager - Directory found: C:\Users\Will\Desktop\Andrew\Projects\RandomStuff\WorkBot\main\backend\orders\OrderFiles\Ithaca Bakery
2025-03-02 12:28:24,372 - INFO - OrderManager - Looking up directory for: Copper Horse Coffee.
2025-03-02 12:28:24,373 - INFO - OrderManager - Directory found: C:\Users\Will\Desktop\Andrew\Projects\RandomStuff\WorkBot\main\backend\orders\OrderFiles\Copper Horse Coffee
2025-03-02 12:28:33,090 - INFO - OrderManager - Looking up directory for: Regional Distributors, Inc..
2025-03-02 12:28:33,090 - INFO - OrderManager - Directory found: C:\Users\Will\Desktop\Andrew\Projects\RandomStuff\WorkBot\main\backend\orders\OrderFiles\Regional Distributors, Inc.
2025-03-02 12:28:36,434 - INFO - OrderManager - Looking up directory for: Equal Exchange.
2025-03-02 12:28:36,434 - INFO - OrderManager - Directory found: C:\Users\Will\Desktop\Andrew\Projects\RandomStuff\WorkBot\main\backend\orders\OrderFiles\Equal Exchange
2025-03-02 12:28:39,663 - INFO - OrderManager - Looking up directory for: A.L. George.
2025-03-02 12:28:39,663 - INFO - OrderManager - Directory found: C:\Users\Will\Desktop\Andrew\Projects\RandomStuff\WorkBot\main\backend\orders\OrderFiles\A.L. George
2025-03-02 12:28:42,904 - INFO - OrderManager - Looking up directory for: Eurocafe Imports.
2025-03-02 12:28:42,905 - INFO - OrderManager - Directory found: C:\Users\Will\Desktop\Andrew\Projects\RandomStuff\WorkBot\main\backend\orders\OrderFiles\Eurocafe Imports
2025-03-02 12:28:46,156 - INFO - OrderManager - Looking up directory for: Wegmans.
2025-03-02 12:28:46,156 - INFO - OrderManager - Directory found: C:\Users\Will\Desktop\Andrew\Projects\RandomStuff\WorkBot\main\backend\orders\OrderFiles\Wegmans
2025-03-02 12:28:49,495 - INFO - OrderManager - Looking up directory for: Johnston Paper.
2025-03-02 12:28:49,495 - INFO - OrderManager - Directory found: C:\Users\Will\Desktop\Andrew\Projects\RandomStuff\WorkBot\main\backend\orders\OrderFiles\Johnston Paper
2025-03-02 12:28:52,729 - INFO - OrderManager - Looking up directory for: Hillcrest Foods.
2025-03-02 12:28:52,729 - INFO - OrderManager - Directory not found for: Hillcrest Foods.
2025-03-02 12:29:01,918 - INFO - OrderManager - Looking up directory for: Russo Produce.
2025-03-02 12:29:01,918 - INFO - OrderManager - Directory not found for: Russo Produce.
2025-03-02 12:29:10,466 - INFO - OrderManager - Looking up directory for: BEHLOG & SON, INC..
2025-03-02 12:29:10,466 - INFO - OrderManager - Directory not found for: BEHLOG & SON, INC..
2025-03-02 12:29:26,385 - INFO - OrderManager - Looking up directory for: UNFI.
2025-03-02 12:29:26,386 - INFO - OrderManager - Directory found: C:\Users\Will\Desktop\Andrew\Projects\RandomStuff\WorkBot\main\backend\orders\OrderFiles\UNFI
2025-03-02 12:29:30,196 - INFO - OrderManager - Looking up directory for: Webstaurant.
2025-03-02 12:29:30,196 - INFO - OrderManager - Directory found: C:\Users\Will\Desktop\Andrew\Projects\RandomStuff\WorkBot\main\backend\orders\OrderFiles\Webstaurant
2025-03-02 12:29:34,213 - INFO - OrderManager - Looking up directory for: Sysco.
2025-03-02 12:29:34,214 - INFO - OrderManager - Directory found: C:\Users\Will\Desktop\Andrew\Projects\RandomStuff\WorkBot\main\backend\orders\OrderFiles\Sysco
2025-03-02 12:29:38,300 - INFO - OrderManager - Looking up directory for: Performance Food.
2025-03-02 12:29:38,301 - INFO - OrderManager - Directory found: C:\Users\Will\Desktop\Andrew\Projects\RandomStuff\WorkBot\main\backend\orders\OrderFiles\Performance Food
2025-03-02 12:29:48,273 - INFO - OrderManager - Looking up directory for: US Foods.
2025-03-02 12:29:48,274 - INFO - OrderManager - Directory found: C:\Users\Will\Desktop\Andrew\Projects\RandomStuff\WorkBot\main\backend\orders\OrderFiles\US Foods
2025-03-02 12:29:51,901 - INFO - OrderManager - Looking up directory for: Equal Exchange.
2025-03-02 12:29:51,901 - INFO - OrderManager - Directory found: C:\Users\Will\Desktop\Andrew\Projects\RandomStuff\WorkBot\main\backend\orders\OrderFiles\Equal Exchange
2025-03-02 12:29:55,127 - INFO - OrderManager - Looking up directory for: Eurocafe Imports.
2025-03-02 12:29:55,128 - INFO - OrderManager - Directory found: C:\Users\Will\Desktop\Andrew\Projects\RandomStuff\WorkBot\main\backend\orders\OrderFiles\Eurocafe Imports
2025-03-02 12:29:58,583 - INFO - OrderManager - Looking up directory for: Copper Horse Coffee.
2025-03-02 12:29:58,583 - INFO - OrderManager - Directory found: C:\Users\Will\Desktop\Andrew\Projects\RandomStuff\WorkBot\main\backend\orders\OrderFiles\Copper Horse Coffee
2025-03-02 12:30:07,876 - INFO - OrderManager - Looking up directory for: FingerLakes Farms.
2025-03-02 12:30:07,877 - INFO - OrderManager - Directory found: C:\Users\Will\Desktop\Andrew\Projects\RandomStuff\WorkBot\main\backend\orders\OrderFiles\FingerLakes Farms
2025-03-02 12:30:16,776 - INFO - OrderManager - Looking up directory for: Coca-Cola.
2025-03-02 12:30:16,776 - INFO - OrderManager - Directory found: C:\Users\Will\Desktop\Andrew\Projects\RandomStuff\WorkBot\main\backend\orders\OrderFiles\Coca-Cola
2025-03-02 12:34:01,193 - INFO - OrderManager - Looking up directory for: Equal Exchange.
2025-03-02 12:34:01,193 - INFO - OrderManager - Directory found: C:\Users\Will\Desktop\Andrew\Projects\RandomStuff\WorkBot\main\backend\orders\OrderFiles\Equal Exchange
2025-03-02 12:34:16,650 - INFO - OrderManager - Looking up directory for: Equal Exchange.
2025-03-02 12:34:16,650 - INFO - OrderManager - Directory found: C:\Users\Will\Desktop\Andrew\Projects\RandomStuff\WorkBot\main\backend\orders\OrderFiles\Equal Exchange
2025-03-02 12:35:14,712 - INFO - OrderManager - Looking up directory for: Equal Exchange.
2025-03-02 12:35:14,712 - INFO - OrderManager - Directory found: C:\Users\Will\Desktop\Andrew\Projects\RandomStuff\WorkBot\main\backend\orders\OrderFiles\Equal Exchange
2025-03-02 12:35:30,617 - INFO - OrderManager - Looking up directory for: Equal Exchange.
2025-03-02 12:35:30,617 - INFO - OrderManager - Directory found: C:\Users\Will\Desktop\Andrew\Projects\RandomStuff\WorkBot\main\backend\orders\OrderFiles\Equal Exchange
2025-03-02 12:49:38,478 - INFO - OrderManager - Looking up directory for: Sysco.
2025-03-02 12:49:38,479 - INFO - OrderManager - Directory found: C:\Users\Will\Desktop\Andrew\Projects\RandomStuff\WorkBot\main\backend\orders\OrderFiles\Sysco
2025-03-02 12:49:39,102 - INFO - OrderManager - Looking up directory for: UNFI.
2025-03-02 12:49:39,102 - INFO - OrderManager - Directory found: C:\Users\Will\Desktop\Andrew\Projects\RandomStuff\WorkBot\main\backend\orders\OrderFiles\UNFI
2025-03-02 12:53:04,605 - INFO - OrderManager - Looking up directory for: Sysco.
2025-03-02 12:53:04,605 - INFO - OrderManager - Directory found: C:\Users\Will\Desktop\Andrew\Projects\RandomStuff\WorkBot\main\backend\orders\OrderFiles\Sysco
2025-03-02 12:53:05,440 - INFO - OrderManager - Looking up directory for: UNFI.
2025-03-02 12:53:05,441 - INFO - OrderManager - Directory found: C:\Users\Will\Desktop\Andrew\Projects\RandomStuff\WorkBot\main\backend\orders\OrderFiles\UNFI
2025-03-02 12:56:03,379 - INFO - OrderManager - Looking up directory for: Sysco.
2025-03-02 12:56:03,380 - INFO - OrderManager - Directory found: C:\Users\Will\Desktop\Andrew\Projects\RandomStuff\WorkBot\main\backend\orders\OrderFiles\Sysco
2025-03-02 12:56:04,082 - INFO - OrderManager - Looking up directory for: UNFI.
2025-03-02 12:56:04,083 - INFO - OrderManager - Directory found: C:\Users\Will\Desktop\Andrew\Projects\RandomStuff\WorkBot\main\backend\orders\OrderFiles\UNFI
2025-03-02 12:56:04,084 - INFO - OrderManager - Looking up directory for: UNFI.
2025-03-02 12:56:04,084 - INFO - OrderManager - Directory found: C:\Users\Will\Desktop\Andrew\Projects\RandomStuff\WorkBot\main\backend\orders\OrderFiles\UNFI
2025-03-02 12:56:04,085 - INFO - OrderManager - Looking up directory for: UNFI.
2025-03-02 12:56:04,085 - INFO - OrderManager - Directory found: C:\Users\Will\Desktop\Andrew\Projects\RandomStuff\WorkBot\main\backend\orders\OrderFiles\UNFI
2025-03-02 12:56:04,086 - INFO - OrderManager - Looking up directory for: UNFI.
2025-03-02 12:56:04,086 - INFO - OrderManager - Directory found: C:\Users\Will\Desktop\Andrew\Projects\RandomStuff\WorkBot\main\backend\orders\OrderFiles\UNFI
2025-03-02 12:56:04,088 - INFO - OrderManager - Looking up directory for: UNFI.
2025-03-02 12:56:04,088 - INFO - OrderManager - Directory found: C:\Users\Will\Desktop\Andrew\Projects\RandomStuff\WorkBot\main\backend\orders\OrderFiles\UNFI
2025-03-02 12:56:04,089 - INFO - OrderManager - Looking up directory for: US Foods.
2025-03-02 12:56:04,089 - INFO - OrderManager - Directory found: C:\Users\Will\Desktop\Andrew\Projects\RandomStuff\WorkBot\main\backend\orders\OrderFiles\US Foods
2025-03-02 12:56:05,451 - INFO - OrderManager - Looking up directory for: UNFI.
2025-03-02 12:56:05,451 - INFO - OrderManager - Directory found: C:\Users\Will\Desktop\Andrew\Projects\RandomStuff\WorkBot\main\backend\orders\OrderFiles\UNFI
2025-03-02 12:58:45,562 - INFO - OrderManager - Looking up directory for: Sysco.
2025-03-02 12:58:45,562 - INFO - OrderManager - Directory found: C:\Users\Will\Desktop\Andrew\Projects\RandomStuff\WorkBot\main\backend\orders\OrderFiles\Sysco
2025-03-02 12:58:45,592 - INFO - OrderManager - Looking up directory for: UNFI.
2025-03-02 12:58:45,592 - INFO - OrderManager - Directory found: C:\Users\Will\Desktop\Andrew\Projects\RandomStuff\WorkBot\main\backend\orders\OrderFiles\UNFI
2025-03-02 12:58:45,593 - INFO - OrderManager - Looking up directory for: UNFI.
2025-03-02 12:58:45,593 - INFO - OrderManager - Directory found: C:\Users\Will\Desktop\Andrew\Projects\RandomStuff\WorkBot\main\backend\orders\OrderFiles\UNFI
2025-03-02 12:58:45,594 - INFO - OrderManager - Looking up directory for: UNFI.
2025-03-02 12:58:45,594 - INFO - OrderManager - Directory found: C:\Users\Will\Desktop\Andrew\Projects\RandomStuff\WorkBot\main\backend\orders\OrderFiles\UNFI
2025-03-02 12:58:45,595 - INFO - OrderManager - Looking up directory for: UNFI.
2025-03-02 12:58:45,595 - INFO - OrderManager - Directory found: C:\Users\Will\Desktop\Andrew\Projects\RandomStuff\WorkBot\main\backend\orders\OrderFiles\UNFI
2025-03-02 12:58:45,596 - INFO - OrderManager - Looking up directory for: UNFI.
2025-03-02 12:58:45,596 - INFO - OrderManager - Directory found: C:\Users\Will\Desktop\Andrew\Projects\RandomStuff\WorkBot\main\backend\orders\OrderFiles\UNFI
2025-03-02 12:58:45,597 - INFO - OrderManager - Looking up directory for: US Foods.
2025-03-02 12:58:45,597 - INFO - OrderManager - Directory found: C:\Users\Will\Desktop\Andrew\Projects\RandomStuff\WorkBot\main\backend\orders\OrderFiles\US Foods
2025-03-02 12:58:45,643 - INFO - OrderManager - Looking up directory for: UNFI.
2025-03-02 12:58:45,643 - INFO - OrderManager - Directory found: C:\Users\Will\Desktop\Andrew\Projects\RandomStuff\WorkBot\main\backend\orders\OrderFiles\UNFI
2025-03-02 12:58:45,645 - INFO - OrderManager - Looking up directory for: UNFI.
2025-03-02 12:58:45,645 - INFO - OrderManager - Directory found: C:\Users\Will\Desktop\Andrew\Projects\RandomStuff\WorkBot\main\backend\orders\OrderFiles\UNFI
2025-03-02 12:58:45,647 - INFO - OrderManager - Looking up directory for: UNFI.
2025-03-02 12:58:45,647 - INFO - OrderManager - Directory found: C:\Users\Will\Desktop\Andrew\Projects\RandomStuff\WorkBot\main\backend\orders\OrderFiles\UNFI
2025-03-02 12:58:45,649 - INFO - OrderManager - Looking up directory for: UNFI.
2025-03-02 12:58:45,650 - INFO - OrderManager - Directory found: C:\Users\Will\Desktop\Andrew\Projects\RandomStuff\WorkBot\main\backend\orders\OrderFiles\UNFI
2025-03-02 12:58:45,651 - INFO - OrderManager - Looking up directory for: UNFI.
2025-03-02 12:58:45,652 - INFO - OrderManager - Directory found: C:\Users\Will\Desktop\Andrew\Projects\RandomStuff\WorkBot\main\backend\orders\OrderFiles\UNFI
2025-03-02 12:58:45,653 - INFO - OrderManager - Looking up directory for: Performance Food.
2025-03-02 12:58:45,653 - INFO - OrderManager - Directory found: C:\Users\Will\Desktop\Andrew\Projects\RandomStuff\WorkBot\main\backend\orders\OrderFiles\Performance Food
2025-03-02 12:58:45,694 - INFO - OrderManager - Looking up directory for: UNFI.
2025-03-02 12:58:45,694 - INFO - OrderManager - Directory found: C:\Users\Will\Desktop\Andrew\Projects\RandomStuff\WorkBot\main\backend\orders\OrderFiles\UNFI
2025-03-02 12:58:45,695 - INFO - OrderManager - Looking up directory for: UNFI.
2025-03-02 12:58:45,696 - INFO - OrderManager - Directory found: C:\Users\Will\Desktop\Andrew\Projects\RandomStuff\WorkBot\main\backend\orders\OrderFiles\UNFI
2025-03-02 12:58:45,697 - INFO - OrderManager - Looking up directory for: UNFI.
2025-03-02 12:58:45,697 - INFO - OrderManager - Directory found: C:\Users\Will\Desktop\Andrew\Projects\RandomStuff\WorkBot\main\backend\orders\OrderFiles\UNFI
2025-03-02 12:58:45,698 - INFO - OrderManager - Looking up directory for: UNFI.
2025-03-02 12:58:45,698 - INFO - OrderManager - Directory found: C:\Users\Will\Desktop\Andrew\Projects\RandomStuff\WorkBot\main\backend\orders\OrderFiles\UNFI
2025-03-02 12:58:45,699 - INFO - OrderManager - Looking up directory for: UNFI.
2025-03-02 12:58:45,699 - INFO - OrderManager - Directory found: C:\Users\Will\Desktop\Andrew\Projects\RandomStuff\WorkBot\main\backend\orders\OrderFiles\UNFI
2025-03-02 13:00:37,753 - INFO - OrderManager - Looking up directory for: Sysco.
2025-03-02 13:00:37,753 - INFO - OrderManager - Directory found: C:\Users\Will\Desktop\Andrew\Projects\RandomStuff\WorkBot\main\backend\orders\OrderFiles\Sysco
2025-03-02 13:00:37,777 - INFO - OrderManager - Looking up directory for: UNFI.
2025-03-02 13:00:37,777 - INFO - OrderManager - Directory found: C:\Users\Will\Desktop\Andrew\Projects\RandomStuff\WorkBot\main\backend\orders\OrderFiles\UNFI
2025-03-02 13:00:37,778 - INFO - OrderManager - Looking up directory for: UNFI.
2025-03-02 13:00:37,779 - INFO - OrderManager - Directory found: C:\Users\Will\Desktop\Andrew\Projects\RandomStuff\WorkBot\main\backend\orders\OrderFiles\UNFI
2025-03-02 13:00:37,780 - INFO - OrderManager - Looking up directory for: UNFI.
2025-03-02 13:00:37,780 - INFO - OrderManager - Directory found: C:\Users\Will\Desktop\Andrew\Projects\RandomStuff\WorkBot\main\backend\orders\OrderFiles\UNFI
2025-03-02 13:00:37,781 - INFO - OrderManager - Looking up directory for: UNFI.
2025-03-02 13:00:37,781 - INFO - OrderManager - Directory found: C:\Users\Will\Desktop\Andrew\Projects\RandomStuff\WorkBot\main\backend\orders\OrderFiles\UNFI
2025-03-02 13:00:37,782 - INFO - OrderManager - Looking up directory for: UNFI.
2025-03-02 13:00:37,782 - INFO - OrderManager - Directory found: C:\Users\Will\Desktop\Andrew\Projects\RandomStuff\WorkBot\main\backend\orders\OrderFiles\UNFI
2025-03-02 13:00:37,783 - INFO - OrderManager - Looking up directory for: US Foods.
2025-03-02 13:00:37,783 - INFO - OrderManager - Directory found: C:\Users\Will\Desktop\Andrew\Projects\RandomStuff\WorkBot\main\backend\orders\OrderFiles\US Foods
2025-03-02 13:00:37,810 - INFO - OrderManager - Looking up directory for: UNFI.
2025-03-02 13:00:37,811 - INFO - OrderManager - Directory found: C:\Users\Will\Desktop\Andrew\Projects\RandomStuff\WorkBot\main\backend\orders\OrderFiles\UNFI
2025-03-02 13:00:37,812 - INFO - OrderManager - Looking up directory for: UNFI.
2025-03-02 13:00:37,812 - INFO - OrderManager - Directory found: C:\Users\Will\Desktop\Andrew\Projects\RandomStuff\WorkBot\main\backend\orders\OrderFiles\UNFI
2025-03-02 13:00:37,814 - INFO - OrderManager - Looking up directory for: UNFI.
2025-03-02 13:00:37,814 - INFO - OrderManager - Directory found: C:\Users\Will\Desktop\Andrew\Projects\RandomStuff\WorkBot\main\backend\orders\OrderFiles\UNFI
2025-03-02 13:00:37,816 - INFO - OrderManager - Looking up directory for: UNFI.
2025-03-02 13:00:37,816 - INFO - OrderManager - Directory found: C:\Users\Will\Desktop\Andrew\Projects\RandomStuff\WorkBot\main\backend\orders\OrderFiles\UNFI
2025-03-02 13:00:37,818 - INFO - OrderManager - Looking up directory for: UNFI.
2025-03-02 13:00:37,818 - INFO - OrderManager - Directory found: C:\Users\Will\Desktop\Andrew\Projects\RandomStuff\WorkBot\main\backend\orders\OrderFiles\UNFI
2025-03-02 13:00:37,820 - INFO - OrderManager - Looking up directory for: Performance Food.
2025-03-02 13:00:37,820 - INFO - OrderManager - Directory found: C:\Users\Will\Desktop\Andrew\Projects\RandomStuff\WorkBot\main\backend\orders\OrderFiles\Performance Food
2025-03-02 13:00:37,842 - INFO - OrderManager - Looking up directory for: UNFI.
2025-03-02 13:00:37,842 - INFO - OrderManager - Directory found: C:\Users\Will\Desktop\Andrew\Projects\RandomStuff\WorkBot\main\backend\orders\OrderFiles\UNFI
2025-03-02 13:00:37,843 - INFO - OrderManager - Looking up directory for: UNFI.
2025-03-02 13:00:37,844 - INFO - OrderManager - Directory found: C:\Users\Will\Desktop\Andrew\Projects\RandomStuff\WorkBot\main\backend\orders\OrderFiles\UNFI
2025-03-02 13:00:37,844 - INFO - OrderManager - Looking up directory for: UNFI.
2025-03-02 13:00:37,845 - INFO - OrderManager - Directory found: C:\Users\Will\Desktop\Andrew\Projects\RandomStuff\WorkBot\main\backend\orders\OrderFiles\UNFI
2025-03-02 13:00:37,846 - INFO - OrderManager - Looking up directory for: UNFI.
2025-03-02 13:00:37,846 - INFO - OrderManager - Directory found: C:\Users\Will\Desktop\Andrew\Projects\RandomStuff\WorkBot\main\backend\orders\OrderFiles\UNFI
2025-03-02 13:00:37,847 - INFO - OrderManager - Looking up directory for: UNFI.
2025-03-02 13:00:37,847 - INFO - OrderManager - Directory found: C:\Users\Will\Desktop\Andrew\Projects\RandomStuff\WorkBot\main\backend\orders\OrderFiles\UNFI
2025-03-02 13:01:04,905 - INFO - OrderManager - Looking up directory for: Sysco.
2025-03-02 13:01:04,906 - INFO - OrderManager - Directory found: C:\Users\Will\Desktop\Andrew\Projects\RandomStuff\WorkBot\main\backend\orders\OrderFiles\Sysco
2025-03-02 13:01:04,934 - INFO - OrderManager - Looking up directory for: Sysco.
2025-03-02 13:01:04,935 - INFO - OrderManager - Directory found: C:\Users\Will\Desktop\Andrew\Projects\RandomStuff\WorkBot\main\backend\orders\OrderFiles\Sysco
2025-03-02 13:01:04,936 - INFO - OrderManager - Looking up directory for: Sysco.
2025-03-02 13:01:04,936 - INFO - OrderManager - Directory found: C:\Users\Will\Desktop\Andrew\Projects\RandomStuff\WorkBot\main\backend\orders\OrderFiles\Sysco
2025-03-02 13:01:04,937 - INFO - OrderManager - Looking up directory for: Sysco.
2025-03-02 13:01:04,937 - INFO - OrderManager - Directory found: C:\Users\Will\Desktop\Andrew\Projects\RandomStuff\WorkBot\main\backend\orders\OrderFiles\Sysco
2025-03-02 13:01:04,938 - INFO - OrderManager - Looking up directory for: Sysco.
2025-03-02 13:01:04,939 - INFO - OrderManager - Directory found: C:\Users\Will\Desktop\Andrew\Projects\RandomStuff\WorkBot\main\backend\orders\OrderFiles\Sysco
2025-03-02 13:01:04,940 - INFO - OrderManager - Looking up directory for: Sysco.
2025-03-02 13:01:04,940 - INFO - OrderManager - Directory found: C:\Users\Will\Desktop\Andrew\Projects\RandomStuff\WorkBot\main\backend\orders\OrderFiles\Sysco
2025-03-02 13:01:04,941 - INFO - OrderManager - Looking up directory for: US Foods.
2025-03-02 13:01:04,941 - INFO - OrderManager - Directory found: C:\Users\Will\Desktop\Andrew\Projects\RandomStuff\WorkBot\main\backend\orders\OrderFiles\US Foods
2025-03-02 13:01:04,976 - INFO - OrderManager - Looking up directory for: US Foods.
2025-03-02 13:01:04,977 - INFO - OrderManager - Directory found: C:\Users\Will\Desktop\Andrew\Projects\RandomStuff\WorkBot\main\backend\orders\OrderFiles\US Foods
2025-03-02 13:01:04,979 - INFO - OrderManager - Looking up directory for: US Foods.
2025-03-02 13:01:04,980 - INFO - OrderManager - Directory found: C:\Users\Will\Desktop\Andrew\Projects\RandomStuff\WorkBot\main\backend\orders\OrderFiles\US Foods
2025-03-02 13:01:04,982 - INFO - OrderManager - Looking up directory for: US Foods.
2025-03-02 13:01:04,982 - INFO - OrderManager - Directory found: C:\Users\Will\Desktop\Andrew\Projects\RandomStuff\WorkBot\main\backend\orders\OrderFiles\US Foods
2025-03-02 13:01:04,985 - INFO - OrderManager - Looking up directory for: US Foods.
2025-03-02 13:01:04,985 - INFO - OrderManager - Directory found: C:\Users\Will\Desktop\Andrew\Projects\RandomStuff\WorkBot\main\backend\orders\OrderFiles\US Foods
2025-03-02 13:01:04,987 - INFO - OrderManager - Looking up directory for: US Foods.
2025-03-02 13:01:04,987 - INFO - OrderManager - Directory found: C:\Users\Will\Desktop\Andrew\Projects\RandomStuff\WorkBot\main\backend\orders\OrderFiles\US Foods
2025-03-02 13:01:04,990 - INFO - OrderManager - Looking up directory for: Performance Food.
2025-03-02 13:01:04,991 - INFO - OrderManager - Directory found: C:\Users\Will\Desktop\Andrew\Projects\RandomStuff\WorkBot\main\backend\orders\OrderFiles\Performance Food
2025-03-02 13:01:05,017 - INFO - OrderManager - Looking up directory for: Performance Food.
2025-03-02 13:01:05,017 - INFO - OrderManager - Directory found: C:\Users\Will\Desktop\Andrew\Projects\RandomStuff\WorkBot\main\backend\orders\OrderFiles\Performance Food
2025-03-02 13:01:05,018 - INFO - OrderManager - Looking up directory for: Performance Food.
2025-03-02 13:01:05,018 - INFO - OrderManager - Directory found: C:\Users\Will\Desktop\Andrew\Projects\RandomStuff\WorkBot\main\backend\orders\OrderFiles\Performance Food
2025-03-02 13:01:05,019 - INFO - OrderManager - Looking up directory for: Performance Food.
2025-03-02 13:01:05,020 - INFO - OrderManager - Directory found: C:\Users\Will\Desktop\Andrew\Projects\RandomStuff\WorkBot\main\backend\orders\OrderFiles\Performance Food
2025-03-02 13:01:05,021 - INFO - OrderManager - Looking up directory for: Performance Food.
2025-03-02 13:01:05,021 - INFO - OrderManager - Directory found: C:\Users\Will\Desktop\Andrew\Projects\RandomStuff\WorkBot\main\backend\orders\OrderFiles\Performance Food
2025-03-02 13:01:05,022 - INFO - OrderManager - Looking up directory for: Performance Food.
2025-03-02 13:01:05,022 - INFO - OrderManager - Directory found: C:\Users\Will\Desktop\Andrew\Projects\RandomStuff\WorkBot\main\backend\orders\OrderFiles\Performance Food
