2025-03-02 11:37:24,046 - INFO - VendorManager - Initialized Ithaca Bakery bot.
2025-03-02 12:37:08,600 - INFO - VendorManager - Initialized Copper Horse Coffee bot.
2025-03-02 12:39:06,435 - INFO - VendorManager - Initialized Copper Horse Coffee bot.
2025-03-02 12:49:39,101 - INFO - VendorManager - Initialized Sysco bot.
2025-03-02 12:53:05,440 - INFO - VendorManager - Initialized Sysco bot.
2025-03-02 12:56:04,082 - INFO - VendorManager - Initialized Sysco bot.
2025-03-02 12:56:04,084 - INFO - VendorManager - Sysco bot is already initialized.
2025-03-02 12:56:04,085 - INFO - VendorManager - Sysco bot is already initialized.
2025-03-02 12:56:04,086 - INFO - VendorManager - Sysco bot is already initialized.
2025-03-02 12:56:04,087 - INFO - VendorManager - Sysco bot is already initialized.
2025-03-02 12:56:05,450 - INFO - VendorManager - Initialized US Foods bot.
2025-03-02 12:58:45,591 - INFO - VendorManager - Initialized Sysco bot.
2025-03-02 12:58:45,593 - INFO - VendorManager - Sysco bot is already initialized.
2025-03-02 12:58:45,594 - INFO - VendorManager - Sysco bot is already initialized.
2025-03-02 12:58:45,595 - INFO - VendorManager - Sysco bot is already initialized.
2025-03-02 12:58:45,596 - INFO - VendorManager - Sysco bot is already initialized.
2025-03-02 12:58:45,643 - INFO - VendorManager - Initialized US Foods bot.
2025-03-02 12:58:45,645 - INFO - VendorManager - US Foods bot is already initialized.
2025-03-02 12:58:45,647 - INFO - VendorManager - US Foods bot is already initialized.
2025-03-02 12:58:45,649 - INFO - VendorManager - US Foods bot is already initialized.
2025-03-02 12:58:45,651 - INFO - VendorManager - US Foods bot is already initialized.
2025-03-02 12:58:45,694 - INFO - VendorManager - Initialized Performance Food bot.
2025-03-02 12:58:45,695 - INFO - VendorManager - Performance Food bot is already initialized.
2025-03-02 12:58:45,696 - INFO - VendorManager - Performance Food bot is already initialized.
2025-03-02 12:58:45,697 - INFO - VendorManager - Performance Food bot is already initialized.
2025-03-02 12:58:45,699 - INFO - VendorManager - Performance Food bot is already initialized.
2025-03-02 13:00:37,777 - INFO - VendorManager - Sysco bot is already initialized.
2025-03-02 13:00:37,778 - INFO - VendorManager - Sysco bot is already initialized.
2025-03-02 13:00:37,779 - INFO - VendorManager - Sysco bot is already initialized.
2025-03-02 13:00:37,781 - INFO - VendorManager - Sysco bot is already initialized.
2025-03-02 13:00:37,782 - INFO - VendorManager - Sysco bot is already initialized.
2025-03-02 13:00:37,810 - INFO - VendorManager - US Foods bot is already initialized.
2025-03-02 13:00:37,812 - INFO - VendorManager - US Foods bot is already initialized.
2025-03-02 13:00:37,814 - INFO - VendorManager - US Foods bot is already initialized.
2025-03-02 13:00:37,816 - INFO - VendorManager - US Foods bot is already initialized.
2025-03-02 13:00:37,818 - INFO - VendorManager - US Foods bot is already initialized.
2025-03-02 13:00:37,842 - INFO - VendorManager - Performance Food bot is already initialized.
2025-03-02 13:00:37,843 - INFO - VendorManager - Performance Food bot is already initialized.
2025-03-02 13:00:37,844 - INFO - VendorManager - Performance Food bot is already initialized.
2025-03-02 13:00:37,845 - INFO - VendorManager - Performance Food bot is already initialized.
2025-03-02 13:00:37,847 - INFO - VendorManager - Performance Food bot is already initialized.
2025-03-02 13:01:04,934 - INFO - VendorManager - Initialized Sysco bot.
2025-03-02 13:01:04,935 - INFO - VendorManager - Sysco bot is already initialized.
2025-03-02 13:01:04,937 - INFO - VendorManager - Sysco bot is already initialized.
2025-03-02 13:01:04,938 - INFO - VendorManager - Sysco bot is already initialized.
2025-03-02 13:01:04,940 - INFO - VendorManager - Sysco bot is already initialized.
2025-03-02 13:01:04,976 - INFO - VendorManager - Initialized US Foods bot.
2025-03-02 13:01:04,979 - INFO - VendorManager - US Foods bot is already initialized.
2025-03-02 13:01:04,982 - INFO - VendorManager - US Foods bot is already initialized.
2025-03-02 13:01:04,984 - INFO - VendorManager - US Foods bot is already initialized.
2025-03-02 13:01:04,987 - INFO - VendorManager - US Foods bot is already initialized.
2025-03-02 13:01:05,016 - INFO - VendorManager - Initialized Performance Food bot.
2025-03-02 13:01:05,018 - INFO - VendorManager - Performance Food bot is already initialized.
2025-03-02 13:01:05,019 - INFO - VendorManager - Performance Food bot is already initialized.
2025-03-02 13:01:05,020 - INFO - VendorManager - Performance Food bot is already initialized.
2025-03-02 13:01:05,022 - INFO - VendorManager - Performance Food bot is already initialized.
