2025-03-09 06:55:48,290 - INFO - WorkBotCLI - Attempting to open directory for: Ithaca Bakery
2025-03-09 06:55:48,296 - INFO - WorkBotCLI - Directory opened.
2025-03-09 07:24:44,882 - INFO - WorkBotCLI - Attempting to open directory for: Coca-Cola
2025-03-09 07:24:44,888 - INFO - WorkBotCLI - Directory opened.
2025-03-09 11:44:30,457 - INFO - WorkBotCLI - Attempting to open directory for: Sysco
2025-03-09 11:44:30,463 - INFO - WorkBotCLI - Directory opened.
2025-03-09 11:44:30,464 - INFO - WorkBotCLI - Attempting to open directory for: Performance Food
2025-03-09 11:44:30,470 - INFO - WorkBotCLI - Directory opened.
2025-03-09 11:44:30,471 - INFO - WorkBotCLI - Attempting to open directory for: US Foods
2025-03-09 11:44:30,477 - INFO - WorkBotCLI - Directory opened.
2025-03-10 06:59:18,296 - INFO - WorkBotCLI - Attempting to open directory for: Hillcrest Foods
2025-03-10 06:59:18,304 - INFO - WorkBotCLI - Directory opened.
2025-03-10 10:13:29,985 - INFO - WorkBotCLI - Attempting to open directory for: Regional Distributors, Inc.
2025-03-10 10:13:29,992 - INFO - WorkBotCLI - Directory opened.
2025-03-11 10:48:15,709 - INFO - WorkBotCLI - Attempting to open directory for: Hill & Markes
2025-03-11 10:48:15,716 - INFO - WorkBotCLI - Directory opened.
2025-03-12 05:55:21,076 - INFO - WorkBotCLI - Using this flag: --stores
2025-03-12 05:55:21,076 - INFO - WorkBotCLI - Using this text: B
2025-03-12 05:55:21,076 - INFO - WorkBotCLI - --stores is in saved flags: True
2025-03-12 05:55:21,077 - INFO - WorkBotCLI - Options: ['BAKERY', 'TRIPHAMMER', 'COLLEGETOWN']
2025-03-12 05:55:21,077 - INFO - WorkBotCLI - Using this flag: --stores
2025-03-12 05:55:21,077 - INFO - WorkBotCLI - Using this text: B
2025-03-12 05:55:21,077 - INFO - WorkBotCLI - --stores is in saved flags: True
2025-03-12 05:55:21,077 - INFO - WorkBotCLI - Options: ['BAKERY', 'TRIPHAMMER', 'COLLEGETOWN']
2025-03-12 05:55:29,140 - INFO - WorkBotCLI - Using this flag: --stores
2025-03-12 05:55:29,140 - INFO - WorkBotCLI - Using this text: B
2025-03-12 05:55:29,140 - INFO - WorkBotCLI - --stores is in saved flags: True
2025-03-12 05:55:29,140 - INFO - WorkBotCLI - Options: ['BAKERY', 'TRIPHAMMER', 'COLLEGETOWN']
2025-03-12 05:55:29,141 - INFO - WorkBotCLI - Using this flag: --stores
2025-03-12 05:55:29,141 - INFO - WorkBotCLI - Using this text: B
2025-03-12 05:55:29,141 - INFO - WorkBotCLI - --stores is in saved flags: True
2025-03-12 05:55:29,141 - INFO - WorkBotCLI - Options: ['BAKERY', 'TRIPHAMMER', 'COLLEGETOWN']
2025-03-12 05:55:30,212 - INFO - WorkBotCLI - Using this flag: --stores
2025-03-12 05:55:30,212 - INFO - WorkBotCLI - Using this text: T
2025-03-12 05:55:30,212 - INFO - WorkBotCLI - --stores is in saved flags: True
2025-03-12 05:55:30,212 - INFO - WorkBotCLI - Options: ['BAKERY', 'TRIPHAMMER', 'COLLEGETOWN']
2025-03-12 05:55:30,213 - INFO - WorkBotCLI - Using this flag: --stores
2025-03-12 05:55:30,213 - INFO - WorkBotCLI - Using this text: T
2025-03-12 05:55:30,213 - INFO - WorkBotCLI - --stores is in saved flags: True
2025-03-12 05:55:30,213 - INFO - WorkBotCLI - Options: ['BAKERY', 'TRIPHAMMER', 'COLLEGETOWN']
2025-03-12 05:55:31,883 - INFO - WorkBotCLI - Using this flag: --stores
2025-03-12 05:55:31,884 - INFO - WorkBotCLI - Using this text: C
2025-03-12 05:55:31,884 - INFO - WorkBotCLI - --stores is in saved flags: True
2025-03-12 05:55:31,884 - INFO - WorkBotCLI - Options: ['BAKERY', 'TRIPHAMMER', 'COLLEGETOWN']
2025-03-12 05:55:31,884 - INFO - WorkBotCLI - Using this flag: --stores
2025-03-12 05:55:31,884 - INFO - WorkBotCLI - Using this text: C
2025-03-12 05:55:31,885 - INFO - WorkBotCLI - --stores is in saved flags: True
2025-03-12 05:55:31,885 - INFO - WorkBotCLI - Options: ['BAKERY', 'TRIPHAMMER', 'COLLEGETOWN']
2025-03-12 05:55:33,292 - INFO - WorkBotCLI - Using this flag: --stores
2025-03-12 05:55:33,292 - INFO - WorkBotCLI - Using this text: E
2025-03-12 05:55:33,292 - INFO - WorkBotCLI - --stores is in saved flags: True
2025-03-12 05:55:33,292 - INFO - WorkBotCLI - Options: ['BAKERY', 'TRIPHAMMER', 'COLLEGETOWN']
2025-03-12 06:09:28,019 - INFO - WorkBotCLI - Typing a new flag.
2025-03-12 06:09:28,020 - INFO - WorkBotCLI - Typing a new flag.
2025-03-12 06:09:29,971 - INFO - WorkBotCLI - Typing a new flag.
2025-03-12 06:09:29,972 - INFO - WorkBotCLI - Typing a new flag.
2025-03-12 06:09:29,972 - INFO - WorkBotCLI - Typing a new flag.
2025-03-12 06:09:29,973 - INFO - WorkBotCLI - Typing a new flag.
2025-03-12 06:09:29,974 - INFO - WorkBotCLI - Typing a new flag.
2025-03-12 06:09:29,974 - INFO - WorkBotCLI - Typing a new flag.
2025-03-12 06:09:30,691 - INFO - WorkBotCLI - Typing in flag value.
2025-03-12 06:09:30,691 - INFO - WorkBotCLI - Inside autocomplete for download orders.
2025-03-12 06:09:34,443 - INFO - WorkBotCLI - Typing in flag value.
2025-03-12 06:09:34,443 - INFO - WorkBotCLI - Inside autocomplete for download orders.
2025-03-12 06:09:34,444 - INFO - WorkBotCLI - Typing in flag value.
2025-03-12 06:09:34,444 - INFO - WorkBotCLI - Inside autocomplete for download orders.
2025-03-12 06:09:36,371 - INFO - WorkBotCLI - Typing a new flag.
2025-03-12 06:09:36,371 - INFO - WorkBotCLI - Typing a new flag.
2025-03-12 06:09:36,372 - INFO - WorkBotCLI - Typing a new flag.
2025-03-12 06:09:36,373 - INFO - WorkBotCLI - Typing a new flag.
2025-03-12 06:09:36,374 - INFO - WorkBotCLI - Typing a new flag.
2025-03-12 06:09:36,375 - INFO - WorkBotCLI - Typing a new flag.
2025-03-12 06:09:37,499 - INFO - WorkBotCLI - Typing a new flag.
2025-03-12 06:09:37,500 - INFO - WorkBotCLI - Typing a new flag.
2025-03-12 06:09:37,500 - INFO - WorkBotCLI - Typing a new flag.
2025-03-12 06:09:37,501 - INFO - WorkBotCLI - Typing a new flag.
2025-03-12 06:09:37,502 - INFO - WorkBotCLI - Typing a new flag.
2025-03-12 06:09:37,503 - INFO - WorkBotCLI - Typing a new flag.
2025-03-12 06:09:39,883 - INFO - WorkBotCLI - Typing a new flag.
2025-03-12 06:09:39,884 - INFO - WorkBotCLI - Typing a new flag.
2025-03-12 06:09:40,371 - INFO - WorkBotCLI - Typing a new flag.
2025-03-12 06:09:40,372 - INFO - WorkBotCLI - Typing a new flag.
2025-03-12 06:09:42,019 - INFO - WorkBotCLI - Typing a new flag.
2025-03-12 06:09:42,020 - INFO - WorkBotCLI - Typing a new flag.
2025-03-12 06:09:42,020 - INFO - WorkBotCLI - Typing a new flag.
2025-03-12 06:09:42,021 - INFO - WorkBotCLI - Typing a new flag.
2025-03-12 06:09:42,022 - INFO - WorkBotCLI - Typing a new flag.
2025-03-12 06:09:42,022 - INFO - WorkBotCLI - Typing a new flag.
2025-03-12 06:09:43,315 - INFO - WorkBotCLI - Typing in flag value.
2025-03-12 06:09:43,315 - INFO - WorkBotCLI - Inside autocomplete for download orders.
2025-03-12 06:09:44,019 - INFO - WorkBotCLI - Typing in flag value.
2025-03-12 06:09:44,019 - INFO - WorkBotCLI - Inside autocomplete for download orders.
2025-03-12 06:09:44,883 - INFO - WorkBotCLI - Typing in flag value.
2025-03-12 06:09:44,883 - INFO - WorkBotCLI - Inside autocomplete for download orders.
2025-03-12 06:12:00,921 - INFO - WorkBotCLI - Typing a new flag.
2025-03-12 06:12:00,922 - INFO - WorkBotCLI - Typing a new flag.
2025-03-12 06:12:00,922 - INFO - WorkBotCLI - Typing a new flag.
2025-03-12 06:12:02,953 - INFO - WorkBotCLI - Typing a new flag.
2025-03-12 06:12:02,953 - INFO - WorkBotCLI - Typing a new flag.
2025-03-12 06:12:04,873 - INFO - WorkBotCLI - Typing a new flag.
2025-03-12 06:12:04,874 - INFO - WorkBotCLI - Typing a new flag.
2025-03-12 06:12:04,875 - INFO - WorkBotCLI - Typing a new flag.
2025-03-12 06:12:04,875 - INFO - WorkBotCLI - Typing a new flag.
2025-03-12 06:12:04,876 - INFO - WorkBotCLI - Typing a new flag.
2025-03-12 06:12:04,876 - INFO - WorkBotCLI - Typing a new flag.
2025-03-12 06:16:21,454 - INFO - WorkBotCLI - Typing a new flag.
2025-03-12 06:16:21,455 - INFO - WorkBotCLI - Typing a new flag.
2025-03-12 06:16:23,126 - INFO - WorkBotCLI - Typing a new flag.
2025-03-12 06:16:23,127 - INFO - WorkBotCLI - Typing a new flag.
2025-03-12 06:16:23,127 - INFO - WorkBotCLI - Typing a new flag.
2025-03-12 06:16:23,128 - INFO - WorkBotCLI - Typing a new flag.
2025-03-12 06:16:23,129 - INFO - WorkBotCLI - Typing a new flag.
2025-03-12 06:16:23,129 - INFO - WorkBotCLI - Typing a new flag.
2025-03-12 06:16:42,182 - INFO - WorkBotCLI - Typing a new flag.
2025-03-12 06:16:42,183 - INFO - WorkBotCLI - Typing a new flag.
2025-03-12 06:16:43,894 - INFO - WorkBotCLI - Typing in flag value.
2025-03-12 06:16:43,894 - INFO - WorkBotCLI - Inside autocomplete for download orders.
2025-03-12 06:16:43,895 - INFO - WorkBotCLI - Typing in flag value.
2025-03-12 06:16:43,895 - INFO - WorkBotCLI - Inside autocomplete for download orders.
2025-03-12 06:16:43,895 - INFO - WorkBotCLI - Typing in flag value.
2025-03-12 06:16:43,895 - INFO - WorkBotCLI - Inside autocomplete for download orders.
2025-03-12 06:16:43,896 - INFO - WorkBotCLI - Typing in flag value.
2025-03-12 06:16:43,896 - INFO - WorkBotCLI - Inside autocomplete for download orders.
2025-03-12 06:16:46,350 - INFO - WorkBotCLI - Typing in flag value.
2025-03-12 06:16:46,350 - INFO - WorkBotCLI - Inside autocomplete for download orders.
2025-03-12 06:16:46,351 - INFO - WorkBotCLI - Typing in flag value.
2025-03-12 06:16:46,351 - INFO - WorkBotCLI - Inside autocomplete for download orders.
2025-03-12 06:16:46,352 - INFO - WorkBotCLI - Typing in flag value.
2025-03-12 06:16:46,352 - INFO - WorkBotCLI - Inside autocomplete for download orders.
2025-03-12 06:16:46,352 - INFO - WorkBotCLI - Typing in flag value.
2025-03-12 06:16:46,352 - INFO - WorkBotCLI - Inside autocomplete for download orders.
2025-03-12 06:16:49,286 - INFO - WorkBotCLI - Typing in flag value.
2025-03-12 06:16:49,286 - INFO - WorkBotCLI - Inside autocomplete for download orders.
2025-03-12 06:16:49,287 - INFO - WorkBotCLI - Typing in flag value.
2025-03-12 06:16:49,287 - INFO - WorkBotCLI - Inside autocomplete for download orders.
2025-03-12 06:16:50,621 - INFO - WorkBotCLI - Typing in flag value.
2025-03-12 06:16:50,622 - INFO - WorkBotCLI - Inside autocomplete for download orders.
2025-03-12 06:16:50,622 - INFO - WorkBotCLI - Typing in flag value.
2025-03-12 06:16:50,622 - INFO - WorkBotCLI - Inside autocomplete for download orders.
2025-03-12 06:16:50,623 - INFO - WorkBotCLI - Typing in flag value.
2025-03-12 06:16:50,623 - INFO - WorkBotCLI - Inside autocomplete for download orders.
2025-03-12 06:16:50,624 - INFO - WorkBotCLI - Typing in flag value.
2025-03-12 06:16:50,624 - INFO - WorkBotCLI - Inside autocomplete for download orders.
2025-03-12 06:16:52,070 - INFO - WorkBotCLI - Typing in flag value.
2025-03-12 06:16:52,070 - INFO - WorkBotCLI - Inside autocomplete for download orders.
2025-03-12 06:16:52,071 - INFO - WorkBotCLI - Typing in flag value.
2025-03-12 06:16:52,071 - INFO - WorkBotCLI - Inside autocomplete for download orders.
2025-03-12 06:16:52,071 - INFO - WorkBotCLI - Typing in flag value.
2025-03-12 06:16:52,072 - INFO - WorkBotCLI - Inside autocomplete for download orders.
2025-03-12 06:16:52,072 - INFO - WorkBotCLI - Typing in flag value.
2025-03-12 06:16:52,072 - INFO - WorkBotCLI - Inside autocomplete for download orders.
2025-03-12 06:16:55,574 - INFO - WorkBotCLI - Typing a new flag.
2025-03-12 06:16:55,574 - INFO - WorkBotCLI - Typing a new flag.
2025-03-12 06:16:55,575 - INFO - WorkBotCLI - Typing a new flag.
2025-03-12 06:16:55,575 - INFO - WorkBotCLI - Typing a new flag.
2025-03-12 06:16:55,576 - INFO - WorkBotCLI - Typing a new flag.
2025-03-12 06:16:56,525 - INFO - WorkBotCLI - Typing a new flag.
2025-03-12 06:16:56,526 - INFO - WorkBotCLI - Typing a new flag.
2025-03-12 06:16:58,501 - INFO - WorkBotCLI - Typing in flag value.
2025-03-12 06:16:58,502 - INFO - WorkBotCLI - Inside autocomplete for download orders.
2025-03-12 06:16:58,502 - INFO - WorkBotCLI - Typing in flag value.
2025-03-12 06:16:58,502 - INFO - WorkBotCLI - Inside autocomplete for download orders.
2025-03-12 06:16:58,503 - INFO - WorkBotCLI - Typing in flag value.
2025-03-12 06:16:58,503 - INFO - WorkBotCLI - Inside autocomplete for download orders.
2025-03-12 06:16:58,504 - INFO - WorkBotCLI - Typing in flag value.
2025-03-12 06:16:58,504 - INFO - WorkBotCLI - Inside autocomplete for download orders.
2025-03-12 06:17:01,013 - INFO - WorkBotCLI - Typing in flag value.
2025-03-12 06:17:01,014 - INFO - WorkBotCLI - Inside autocomplete for download orders.
2025-03-12 06:17:01,014 - INFO - WorkBotCLI - Typing in flag value.
2025-03-12 06:17:01,014 - INFO - WorkBotCLI - Inside autocomplete for download orders.
2025-03-12 06:18:10,581 - INFO - WorkBotCLI - Inside autocomplete for download orders.
2025-03-12 06:18:11,949 - INFO - WorkBotCLI - Inside autocomplete for download orders.
2025-03-12 06:18:11,950 - INFO - WorkBotCLI - Inside autocomplete for download orders.
2025-03-12 06:18:11,950 - INFO - WorkBotCLI - Inside autocomplete for download orders.
2025-03-12 06:18:11,951 - INFO - WorkBotCLI - Inside autocomplete for download orders.
2025-03-12 06:18:13,781 - INFO - WorkBotCLI - Inside autocomplete for download orders.
2025-03-12 06:18:13,782 - INFO - WorkBotCLI - Inside autocomplete for download orders.
2025-03-12 06:19:34,420 - INFO - WorkBotCLI - Inside autocomplete for download orders.
2025-03-12 06:19:34,421 - INFO - WorkBotCLI - Inside autocomplete for download orders.
2025-03-12 06:19:34,422 - INFO - WorkBotCLI - Inside autocomplete for download orders.
2025-03-12 06:19:34,422 - INFO - WorkBotCLI - Inside autocomplete for download orders.
2025-03-12 06:19:36,700 - INFO - WorkBotCLI - Inside autocomplete for download orders.
2025-03-12 06:19:36,700 - INFO - WorkBotCLI - Inside autocomplete for download orders.
2025-03-12 06:19:38,228 - INFO - WorkBotCLI - Inside autocomplete for download orders.
2025-03-12 06:19:38,229 - INFO - WorkBotCLI - Inside autocomplete for download orders.
2025-03-12 06:19:38,230 - INFO - WorkBotCLI - Inside autocomplete for download orders.
2025-03-12 06:19:38,231 - INFO - WorkBotCLI - Inside autocomplete for download orders.
2025-03-12 06:19:41,037 - INFO - WorkBotCLI - Inside autocomplete for download orders.
2025-03-12 06:19:41,037 - INFO - WorkBotCLI - Inside autocomplete for download orders.
2025-03-12 06:19:41,038 - INFO - WorkBotCLI - Inside autocomplete for download orders.
2025-03-12 06:19:41,039 - INFO - WorkBotCLI - Inside autocomplete for download orders.
2025-03-12 06:19:43,388 - INFO - WorkBotCLI - Inside autocomplete for download orders.
2025-03-12 06:19:43,389 - INFO - WorkBotCLI - Inside autocomplete for download orders.
2025-03-12 06:19:47,740 - INFO - WorkBotCLI - Inside autocomplete for download orders.
2025-03-12 06:19:47,741 - INFO - WorkBotCLI - Inside autocomplete for download orders.
2025-03-12 06:19:47,741 - INFO - WorkBotCLI - Inside autocomplete for download orders.
2025-03-12 06:19:47,742 - INFO - WorkBotCLI - Inside autocomplete for download orders.
2025-03-12 12:27:52,585 - INFO - WorkBotCLI - Attempting to open directory for: Palmer
2025-03-12 12:27:52,592 - INFO - WorkBotCLI - Directory opened.
2025-03-15 09:55:53,460 - INFO - WorkBotCLI - Attempting to open directory for: UNFI
2025-03-15 09:55:53,469 - INFO - WorkBotCLI - Directory opened.
2025-03-16 07:49:11,025 - INFO - WorkBotCLI - Attempting to open directory for: UNFI
2025-03-16 07:49:11,031 - INFO - WorkBotCLI - Directory opened.
2025-03-16 13:18:02,513 - INFO - WorkBotCLI - Attempting to open directory for: Performance Food
2025-03-16 13:18:02,520 - INFO - WorkBotCLI - Directory opened.
2025-03-17 07:27:13,573 - INFO - WorkBotCLI - Attempting to open directory for: Ithaca Bakery
2025-03-17 07:27:13,580 - INFO - WorkBotCLI - Directory opened.
2025-03-18 12:04:19,175 - INFO - WorkBotCLI - Attempting to open directory for: Hill & Markes
2025-03-18 12:04:19,182 - INFO - WorkBotCLI - Directory opened.
2025-03-22 09:11:13,508 - INFO - WorkBotCLI - Attempting to open directory for: UNFI
2025-03-22 09:11:13,516 - INFO - WorkBotCLI - Directory opened.
2025-03-23 08:49:40,103 - INFO - WorkBotCLI - Attempting to open directory for: Coca-Cola
2025-03-23 08:49:40,109 - INFO - WorkBotCLI - Directory opened.
2025-03-23 13:44:40,142 - INFO - WorkBotCLI - Attempting to open directory for: Sysco
2025-03-23 13:44:40,150 - INFO - WorkBotCLI - Directory opened.
2025-03-23 13:44:40,150 - INFO - WorkBotCLI - Attempting to open directory for: Performance Food
2025-03-23 13:44:40,156 - INFO - WorkBotCLI - Directory opened.
2025-03-23 13:44:40,157 - INFO - WorkBotCLI - Attempting to open directory for: US Foods
2025-03-23 13:44:40,163 - INFO - WorkBotCLI - Directory opened.
2025-03-24 06:27:31,857 - INFO - WorkBotCLI - Attempting to open directory for: Ithaca Bakery
2025-03-24 06:27:31,864 - INFO - WorkBotCLI - Directory opened.
2025-03-25 10:27:58,806 - INFO - WorkBotCLI - Attempting to open directory for: Hill & Markes
2025-03-25 10:27:58,812 - INFO - WorkBotCLI - Directory opened.
2025-03-25 10:27:58,813 - INFO - WorkBotCLI - Attempting to open directory for: Johnston Paper
2025-03-25 10:27:58,819 - INFO - WorkBotCLI - Directory opened.
2025-03-25 10:27:58,819 - INFO - WorkBotCLI - Attempting to open directory for: Peters Supply
2025-03-25 10:27:58,826 - INFO - WorkBotCLI - Directory opened.
2025-03-29 08:58:13,579 - INFO - WorkBotCLI - Attempting to open directory for: UNFI
2025-03-29 08:58:13,586 - INFO - WorkBotCLI - Directory opened.
2025-03-30 09:58:27,874 - INFO - WorkBotCLI - Attempting to open directory for: Ithaca Bakery
2025-03-30 09:58:27,881 - INFO - WorkBotCLI - Directory opened.
2025-03-31 06:39:41,011 - INFO - WorkBotCLI - Attempting to open directory for: Ithaca Bakery
2025-03-31 06:39:41,018 - INFO - WorkBotCLI - Directory opened.
2025-03-31 14:38:31,568 - INFO - WorkBotCLI - Attempting to open directory for: Russo Produce
2025-03-31 14:38:31,574 - INFO - WorkBotCLI - Directory opened.
2025-03-31 14:38:31,575 - INFO - WorkBotCLI - Attempting to open directory for: BEHLOG & SON, INC.
2025-03-31 14:38:31,582 - INFO - WorkBotCLI - Directory opened.
2025-04-12 07:27:47,668 - INFO - WorkBotCLI - Attempting to open directory for: UNFI
2025-04-12 07:27:47,675 - INFO - WorkBotCLI - Directory opened.
2025-04-14 08:52:32,280 - INFO - WorkBotCLI - Attempting to open directory for: BALKAN BEVERAGE LLC
2025-04-14 08:52:32,286 - INFO - WorkBotCLI - Directory opened.
2025-04-15 11:08:49,551 - INFO - WorkBotCLI - Attempting to open directory for: Hill & Markes
2025-04-15 11:08:49,559 - INFO - WorkBotCLI - Directory opened.
2025-04-19 06:21:35,817 - INFO - WorkBotCLI - Attempting to open directory for: Performance Food
2025-04-19 06:21:35,823 - INFO - WorkBotCLI - Directory opened.
2025-04-20 07:27:41,268 - INFO - WorkBotCLI - Attempting to open directory for: Coca-Cola
2025-04-20 07:27:41,285 - INFO - WorkBotCLI - Directory opened.
2025-04-21 06:24:33,306 - INFO - WorkBotCLI - Attempting to open directory for: Ithaca Bakery
2025-04-21 06:24:33,312 - INFO - WorkBotCLI - Directory opened.
2025-04-22 07:55:19,471 - INFO - WorkBotCLI - Attempting to open directory for: Hill & Markes
2025-04-22 07:55:19,477 - INFO - WorkBotCLI - Directory opened.
2025-04-23 14:03:23,878 - INFO - WorkBotCLI - Attempting to open directory for: Sysco
2025-04-23 14:03:23,885 - INFO - WorkBotCLI - Directory opened.
2025-04-23 14:03:23,885 - INFO - WorkBotCLI - Attempting to open directory for: Performance Food
2025-04-23 14:03:23,892 - INFO - WorkBotCLI - Directory opened.
2025-04-23 14:03:23,892 - INFO - WorkBotCLI - Attempting to open directory for: US Foods
2025-04-23 14:03:23,898 - INFO - WorkBotCLI - Directory opened.
2025-04-28 12:35:54,093 - INFO - WorkBotCLI - Attempting to open directory for: A.L. George
2025-04-28 12:35:54,102 - INFO - WorkBotCLI - Directory opened.
2025-04-28 12:35:54,103 - INFO - WorkBotCLI - Attempting to open directory for: BALKAN BEVERAGE LLC
2025-04-28 12:35:54,109 - INFO - WorkBotCLI - Directory opened.
2025-04-29 11:53:23,456 - INFO - WorkBotCLI - Attempting to open directory for: Hill & Markes
2025-04-29 11:53:23,464 - INFO - WorkBotCLI - Directory opened.
2025-05-03 11:48:15,144 - INFO - WorkBotCLI - Attempting to open directory for: UNFI
2025-05-03 11:48:15,152 - INFO - WorkBotCLI - Directory opened.
2025-05-06 10:01:00,837 - INFO - WorkBotCLI - Attempting to open directory for: Hill & Markes
2025-05-06 10:01:00,844 - INFO - WorkBotCLI - Directory opened.
2025-05-11 06:02:37,352 - INFO - WorkBotCLI - Attempting to open directory for: UNFI
2025-05-11 06:02:37,362 - INFO - WorkBotCLI - Directory opened.
2025-05-13 10:54:55,170 - INFO - WorkBotCLI - Attempting to open directory for: Hill & Markes
2025-05-13 10:54:55,176 - INFO - WorkBotCLI - Directory opened.
2025-05-19 06:55:01,547 - INFO - WorkBotCLI - Attempting to open directory for: Ithaca Bakery
2025-05-19 06:55:01,554 - INFO - WorkBotCLI - Directory opened.
2025-06-01 07:54:07,098 - INFO - WorkBotCLI - Attempting to open directory for: Ithaca Bakery
2025-06-01 07:54:07,106 - INFO - WorkBotCLI - Directory opened.
2025-06-03 07:47:52,028 - INFO - WorkBotCLI - Attempting to open directory for: Ithaca Bakery
2025-06-03 07:47:52,034 - INFO - WorkBotCLI - Directory opened.
2025-06-08 09:53:17,602 - INFO - WorkBotCLI - Attempting to open directory for: Sysco
2025-06-08 09:53:17,609 - INFO - WorkBotCLI - Directory opened.
2025-06-16 06:19:41,716 - INFO - WorkBotCLI - Attempting to open directory for: Ithaca Bakery
2025-06-16 06:19:41,722 - INFO - WorkBotCLI - Directory opened.
2025-06-30 06:29:21,714 - INFO - WorkBotCLI - Attempting to open directory for: Ithaca Bakery
2025-06-30 06:29:21,722 - INFO - WorkBotCLI - Directory opened.
