2025-03-02 11:46:07,665 - INFO - WorkBot - Initializing WorkBot...
2025-03-02 11:46:10,628 - INFO - WorkBot - WorkBot initialized successfully.
2025-03-02 11:48:08,012 - INFO - WorkBot - Initializing WorkBot...
2025-03-02 11:48:10,193 - INFO - WorkBot - WorkBot initialized successfully.
2025-03-02 11:56:37,518 - INFO - WorkBot - Initializing WorkBot...
2025-03-02 11:56:39,792 - INFO - WorkBot - WorkBot initialized successfully.
2025-03-02 12:00:46,037 - INFO - WorkBot - Initializing WorkBot...
2025-03-02 12:00:48,218 - INFO - WorkBot - WorkBot initialized successfully.
2025-03-02 12:26:11,379 - INFO - WorkBot - Initializing WorkBot...
2025-03-02 12:26:13,603 - INFO - WorkBot - WorkBot initialized successfully.
2025-03-02 12:26:48,028 - INFO - WorkBot - Initializing WorkBot...
2025-03-02 12:26:50,070 - INFO - WorkBot - WorkBot initialized successfully.
2025-03-02 12:34:36,083 - INFO - WorkBot - Initializing WorkBot...
2025-03-02 12:34:38,243 - INFO - WorkBot - WorkBot initialized successfully.
2025-03-02 12:42:29,778 - INFO - WorkBot - Initializing WorkBot...
2025-03-02 12:42:32,100 - INFO - WorkBot - WorkBot initialized successfully.
2025-03-02 12:52:25,505 - INFO - WorkBot - Initializing WorkBot...
2025-03-02 12:52:27,648 - INFO - WorkBot - WorkBot initialized successfully.
2025-03-02 12:55:33,504 - INFO - WorkBot - Initializing WorkBot...
2025-03-02 12:55:36,071 - INFO - WorkBot - WorkBot initialized successfully.
2025-03-02 12:58:17,523 - INFO - WorkBot - Initializing WorkBot...
2025-03-02 12:58:19,691 - INFO - WorkBot - WorkBot initialized successfully.
2025-03-02 13:00:59,106 - INFO - WorkBot - Initializing WorkBot...
2025-03-02 13:01:01,250 - INFO - WorkBot - WorkBot initialized successfully.
2025-03-03 07:22:48,925 - INFO - WorkBot - Initializing WorkBot...
2025-03-03 07:22:52,031 - INFO - WorkBot - WorkBot initialized successfully.
2025-03-03 07:23:45,281 - INFO - WorkBot - Initializing WorkBot...
2025-03-03 07:23:47,378 - INFO - WorkBot - WorkBot initialized successfully.
2025-03-03 07:24:32,924 - INFO - WorkBot - Initializing WorkBot...
2025-03-03 07:24:34,982 - INFO - WorkBot - WorkBot initialized successfully.
2025-03-03 07:25:07,964 - INFO - WorkBot - Initializing WorkBot...
2025-03-03 07:25:10,101 - INFO - WorkBot - WorkBot initialized successfully.
2025-03-03 12:45:34,960 - INFO - WorkBot - Initializing WorkBot...
2025-03-03 12:45:37,162 - INFO - WorkBot - WorkBot initialized successfully.
2025-03-03 13:40:00,036 - INFO - WorkBot - Initializing WorkBot...
2025-03-03 13:40:00,776 - INFO - WorkBot - WorkBot initialized successfully.
2025-03-04 12:44:37,745 - INFO - WorkBot - Initializing WorkBot...
2025-03-04 12:44:41,350 - INFO - WorkBot - WorkBot initialized successfully.
2025-03-04 12:45:01,776 - INFO - WorkBot - Initializing WorkBot...
2025-03-04 12:45:03,890 - INFO - WorkBot - WorkBot initialized successfully.
2025-03-04 12:51:32,165 - INFO - WorkBot - Initializing WorkBot...
2025-03-04 12:51:34,269 - INFO - WorkBot - WorkBot initialized successfully.
2025-03-04 12:52:23,344 - INFO - WorkBot - Initializing WorkBot...
2025-03-04 12:52:25,679 - INFO - WorkBot - WorkBot initialized successfully.
2025-03-04 12:53:00,982 - INFO - WorkBot - Initializing WorkBot...
2025-03-04 12:53:03,141 - INFO - WorkBot - WorkBot initialized successfully.
2025-03-04 12:53:43,055 - INFO - WorkBot - Initializing WorkBot...
2025-03-04 12:53:45,494 - INFO - WorkBot - WorkBot initialized successfully.
2025-03-04 15:21:54,797 - INFO - WorkBot - Initializing WorkBot...
2025-03-04 15:21:57,457 - INFO - WorkBot - WorkBot initialized successfully.
2025-03-05 06:45:20,870 - INFO - WorkBot - Initializing WorkBot...
2025-03-05 06:49:37,649 - INFO - WorkBot - Initializing WorkBot...
2025-03-05 07:12:05,509 - INFO - WorkBot - Initializing WorkBot...
2025-03-05 07:12:07,614 - INFO - WorkBot - WorkBot initialized successfully.
2025-03-05 07:43:17,679 - INFO - WorkBot - Initializing WorkBot...
2025-03-05 07:43:19,777 - INFO - WorkBot - WorkBot initialized successfully.
2025-03-05 08:10:00,564 - INFO - WorkBot - Initializing WorkBot...
2025-03-05 08:10:02,896 - INFO - WorkBot - WorkBot initialized successfully.
2025-03-05 08:11:44,611 - INFO - WorkBot - Initializing WorkBot...
2025-03-05 08:11:46,696 - INFO - WorkBot - WorkBot initialized successfully.
2025-03-05 08:12:36,896 - INFO - WorkBot - Initializing WorkBot...
2025-03-05 08:12:39,056 - INFO - WorkBot - WorkBot initialized successfully.
2025-03-05 08:14:06,972 - INFO - WorkBot - Initializing WorkBot...
2025-03-05 08:14:09,041 - INFO - WorkBot - WorkBot initialized successfully.
2025-03-05 08:17:24,152 - INFO - WorkBot - Initializing WorkBot...
2025-03-05 08:17:26,258 - INFO - WorkBot - WorkBot initialized successfully.
2025-03-05 08:18:57,574 - INFO - WorkBot - Initializing WorkBot...
2025-03-05 08:18:59,617 - INFO - WorkBot - WorkBot initialized successfully.
2025-03-05 08:22:25,254 - INFO - WorkBot - Initializing WorkBot...
2025-03-05 08:22:27,316 - INFO - WorkBot - WorkBot initialized successfully.
2025-03-05 08:23:31,199 - INFO - WorkBot - Initializing WorkBot...
2025-03-05 08:23:33,230 - INFO - WorkBot - WorkBot initialized successfully.
2025-03-05 08:23:48,392 - INFO - WorkBot - Initializing WorkBot...
2025-03-05 08:23:50,363 - INFO - WorkBot - WorkBot initialized successfully.
2025-03-05 08:24:37,061 - INFO - WorkBot - Initializing WorkBot...
2025-03-05 08:24:39,056 - INFO - WorkBot - WorkBot initialized successfully.
2025-03-05 08:24:53,782 - INFO - WorkBot - Initializing WorkBot...
2025-03-05 08:24:55,881 - INFO - WorkBot - WorkBot initialized successfully.
2025-03-05 08:25:17,232 - INFO - WorkBot - Initializing WorkBot...
2025-03-05 08:25:19,272 - INFO - WorkBot - WorkBot initialized successfully.
2025-03-05 08:26:59,287 - INFO - WorkBot - Initializing WorkBot...
2025-03-05 08:27:01,294 - INFO - WorkBot - WorkBot initialized successfully.
2025-03-05 08:28:05,650 - INFO - WorkBot - Initializing WorkBot...
2025-03-05 08:28:07,710 - INFO - WorkBot - WorkBot initialized successfully.
2025-03-05 08:28:43,711 - INFO - WorkBot - Initializing WorkBot...
2025-03-05 08:28:45,919 - INFO - WorkBot - WorkBot initialized successfully.
2025-03-05 08:30:32,649 - INFO - WorkBot - Initializing WorkBot...
2025-03-05 08:30:35,017 - INFO - WorkBot - WorkBot initialized successfully.
2025-03-05 09:30:36,682 - INFO - WorkBot - Initializing WorkBot...
2025-03-05 09:30:38,920 - INFO - WorkBot - WorkBot initialized successfully.
2025-03-05 10:12:55,092 - INFO - WorkBot - Initializing WorkBot...
2025-03-05 10:12:57,350 - INFO - WorkBot - WorkBot initialized successfully.
2025-03-05 10:13:50,987 - INFO - WorkBot - Initializing WorkBot...
2025-03-05 10:13:53,067 - INFO - WorkBot - WorkBot initialized successfully.
2025-03-05 10:14:41,191 - INFO - WorkBot - Initializing WorkBot...
2025-03-05 10:14:43,673 - INFO - WorkBot - WorkBot initialized successfully.
2025-03-05 11:48:31,932 - INFO - WorkBot - Initializing WorkBot...
2025-03-05 11:48:34,662 - INFO - WorkBot - WorkBot initialized successfully.
2025-03-05 14:19:38,574 - INFO - WorkBot - Initializing WorkBot...
2025-03-05 14:19:40,966 - INFO - WorkBot - WorkBot initialized successfully.
2025-03-05 16:31:00,518 - INFO - WorkBot - Initializing WorkBot...
2025-03-05 16:31:03,928 - INFO - WorkBot - WorkBot initialized successfully.
2025-03-05 16:32:11,011 - INFO - WorkBot - Initializing WorkBot...
2025-03-05 16:32:13,644 - INFO - WorkBot - WorkBot initialized successfully.
2025-03-05 16:33:07,490 - INFO - WorkBot - Initializing WorkBot...
2025-03-05 16:33:09,537 - INFO - WorkBot - WorkBot initialized successfully.
2025-03-05 16:34:11,253 - INFO - WorkBot - Initializing WorkBot...
2025-03-05 16:34:13,660 - INFO - WorkBot - WorkBot initialized successfully.
2025-03-08 11:03:41,461 - INFO - WorkBot - Initializing WorkBot...
2025-03-08 11:03:44,350 - INFO - WorkBot - WorkBot initialized successfully.
2025-03-08 11:21:47,912 - INFO - WorkBot - Initializing WorkBot...
2025-03-08 11:21:50,176 - INFO - WorkBot - WorkBot initialized successfully.
2025-03-08 11:39:05,022 - INFO - WorkBot - Initializing WorkBot...
2025-03-08 11:39:07,242 - INFO - WorkBot - WorkBot initialized successfully.
2025-03-08 11:40:30,152 - INFO - WorkBot - Initializing WorkBot...
2025-03-08 11:40:32,605 - INFO - WorkBot - WorkBot initialized successfully.
2025-03-08 11:41:35,122 - INFO - WorkBot - Initializing WorkBot...
2025-03-08 11:41:37,466 - INFO - WorkBot - WorkBot initialized successfully.
2025-03-08 11:43:08,460 - INFO - WorkBot - Initializing WorkBot...
2025-03-08 11:43:10,714 - INFO - WorkBot - WorkBot initialized successfully.
2025-03-08 11:45:01,424 - INFO - WorkBot - Initializing WorkBot...
2025-03-08 11:45:03,885 - INFO - WorkBot - WorkBot initialized successfully.
2025-03-08 11:47:24,744 - INFO - WorkBot - Initializing WorkBot...
2025-03-08 11:47:26,949 - INFO - WorkBot - WorkBot initialized successfully.
2025-03-08 12:16:15,627 - INFO - WorkBot - Initializing WorkBot...
2025-03-08 12:16:17,893 - INFO - WorkBot - WorkBot initialized successfully.
2025-03-09 06:55:29,800 - INFO - WorkBot - Initializing WorkBot...
2025-03-09 06:55:32,342 - INFO - WorkBot - WorkBot initialized successfully.
2025-03-09 07:13:50,309 - INFO - WorkBot - Initializing WorkBot...
2025-03-09 07:13:51,258 - INFO - WorkBot - WorkBot initialized successfully.
2025-03-09 07:24:25,956 - INFO - WorkBot - Initializing WorkBot...
2025-03-09 07:24:28,223 - INFO - WorkBot - WorkBot initialized successfully.
2025-03-09 08:48:59,717 - INFO - WorkBot - Initializing WorkBot...
2025-03-09 08:49:02,037 - INFO - WorkBot - WorkBot initialized successfully.
2025-03-09 08:53:22,562 - INFO - WorkBot - Initializing WorkBot...
2025-03-09 08:53:24,790 - INFO - WorkBot - WorkBot initialized successfully.
2025-03-09 08:55:06,037 - INFO - WorkBot - Initializing WorkBot...
2025-03-09 08:55:08,272 - INFO - WorkBot - WorkBot initialized successfully.
2025-03-09 08:58:15,806 - INFO - WorkBot - Initializing WorkBot...
2025-03-09 08:58:17,927 - INFO - WorkBot - WorkBot initialized successfully.
2025-03-09 09:02:02,984 - INFO - WorkBot - Initializing WorkBot...
2025-03-09 09:02:05,193 - INFO - WorkBot - WorkBot initialized successfully.
2025-03-09 09:03:09,293 - INFO - WorkBot - Initializing WorkBot...
2025-03-09 09:03:11,424 - INFO - WorkBot - WorkBot initialized successfully.
2025-03-09 10:49:22,934 - INFO - WorkBot - Initializing WorkBot...
2025-03-09 10:49:25,293 - INFO - WorkBot - WorkBot initialized successfully.
2025-03-09 11:40:45,433 - INFO - WorkBot - Initializing WorkBot...
2025-03-09 11:40:47,936 - INFO - WorkBot - WorkBot initialized successfully.
2025-03-09 11:41:57,355 - INFO - WorkBot - Initializing WorkBot...
2025-03-09 11:41:59,702 - INFO - WorkBot - WorkBot initialized successfully.
2025-03-09 11:44:08,661 - INFO - WorkBot - Initializing WorkBot...
2025-03-09 11:44:10,809 - INFO - WorkBot - WorkBot initialized successfully.
2025-03-09 11:49:13,395 - INFO - WorkBot - Initializing WorkBot...
2025-03-09 11:49:15,997 - INFO - WorkBot - WorkBot initialized successfully.
2025-03-09 14:43:54,132 - INFO - WorkBot - Initializing WorkBot...
2025-03-09 14:43:56,990 - INFO - WorkBot - WorkBot initialized successfully.
2025-03-09 15:38:00,290 - INFO - WorkBot - Initializing WorkBot...
2025-03-09 15:38:06,741 - INFO - WorkBot - WorkBot initialized successfully.
2025-03-09 15:49:01,094 - INFO - WorkBot - Initializing WorkBot...
2025-03-09 15:49:02,311 - INFO - WorkBot - WorkBot initialized successfully.
2025-03-09 15:55:31,917 - INFO - WorkBot - Initializing WorkBot...
2025-03-09 15:55:33,055 - INFO - WorkBot - WorkBot initialized successfully.
2025-03-09 15:57:04,000 - INFO - WorkBot - Initializing WorkBot...
2025-03-09 15:57:05,202 - INFO - WorkBot - WorkBot initialized successfully.
2025-03-09 15:58:45,584 - INFO - WorkBot - Initializing WorkBot...
2025-03-09 15:58:46,680 - INFO - WorkBot - WorkBot initialized successfully.
2025-03-09 15:59:32,792 - INFO - WorkBot - Initializing WorkBot...
2025-03-09 15:59:33,956 - INFO - WorkBot - WorkBot initialized successfully.
2025-03-09 15:59:52,938 - INFO - WorkBot - Initializing WorkBot...
2025-03-09 15:59:54,008 - INFO - WorkBot - WorkBot initialized successfully.
2025-03-09 16:24:29,259 - INFO - WorkBot - Initializing WorkBot...
2025-03-09 16:24:30,506 - INFO - WorkBot - WorkBot initialized successfully.
2025-03-09 16:24:44,450 - INFO - WorkBot - Initializing WorkBot...
2025-03-09 16:24:45,568 - INFO - WorkBot - WorkBot initialized successfully.
2025-03-09 16:27:09,525 - INFO - WorkBot - Initializing WorkBot...
2025-03-09 16:27:11,599 - INFO - WorkBot - WorkBot initialized successfully.
2025-03-09 16:27:22,806 - INFO - WorkBot - Initializing WorkBot...
2025-03-09 16:27:23,915 - INFO - WorkBot - WorkBot initialized successfully.
2025-03-09 19:27:05,530 - INFO - WorkBot - Initializing WorkBot...
2025-03-09 19:27:08,022 - INFO - WorkBot - WorkBot initialized successfully.
2025-03-09 19:29:31,053 - INFO - WorkBot - Initializing WorkBot...
2025-03-09 19:29:32,171 - INFO - WorkBot - WorkBot initialized successfully.
2025-03-09 19:35:15,942 - INFO - WorkBot - Initializing WorkBot...
2025-03-09 19:35:17,321 - INFO - WorkBot - WorkBot initialized successfully.
2025-03-09 19:35:31,044 - INFO - WorkBot - Initializing WorkBot...
2025-03-09 19:35:32,192 - INFO - WorkBot - WorkBot initialized successfully.
2025-03-09 19:36:54,785 - INFO - WorkBot - Initializing WorkBot...
2025-03-09 19:36:55,828 - INFO - WorkBot - WorkBot initialized successfully.
2025-03-09 19:38:27,201 - INFO - WorkBot - Initializing WorkBot...
2025-03-09 19:38:29,531 - INFO - WorkBot - WorkBot initialized successfully.
2025-03-10 06:31:35,790 - INFO - WorkBot - Initializing WorkBot...
2025-03-10 06:31:38,857 - INFO - WorkBot - WorkBot initialized successfully.
2025-03-10 06:34:25,944 - INFO - WorkBot - Initializing WorkBot...
2025-03-10 06:34:28,088 - INFO - WorkBot - WorkBot initialized successfully.
2025-03-10 08:13:01,161 - INFO - WorkBot - Initializing WorkBot...
2025-03-10 08:13:03,617 - INFO - WorkBot - WorkBot initialized successfully.
2025-03-10 08:15:48,491 - INFO - WorkBot - Initializing WorkBot...
2025-03-10 08:15:50,751 - INFO - WorkBot - WorkBot initialized successfully.
2025-03-10 08:17:16,197 - INFO - WorkBot - Initializing WorkBot...
2025-03-10 08:17:18,509 - INFO - WorkBot - WorkBot initialized successfully.
2025-03-10 08:17:56,799 - INFO - WorkBot - Initializing WorkBot...
2025-03-10 08:17:59,159 - INFO - WorkBot - WorkBot initialized successfully.
2025-03-10 08:18:34,988 - INFO - WorkBot - Initializing WorkBot...
2025-03-10 08:18:37,348 - INFO - WorkBot - WorkBot initialized successfully.
2025-03-10 08:19:01,314 - INFO - WorkBot - Initializing WorkBot...
2025-03-10 08:19:03,600 - INFO - WorkBot - WorkBot initialized successfully.
2025-03-10 08:19:50,179 - INFO - WorkBot - Initializing WorkBot...
2025-03-10 08:19:52,389 - INFO - WorkBot - WorkBot initialized successfully.
2025-03-10 09:00:23,364 - INFO - WorkBot - Initializing WorkBot...
2025-03-10 09:00:26,414 - INFO - WorkBot - WorkBot initialized successfully.
2025-03-10 12:14:31,217 - INFO - WorkBot - Initializing WorkBot...
2025-03-10 12:14:33,485 - INFO - WorkBot - WorkBot initialized successfully.
2025-03-10 13:37:47,722 - INFO - WorkBot - Initializing WorkBot...
2025-03-10 13:37:50,091 - INFO - WorkBot - WorkBot initialized successfully.
2025-03-11 06:15:59,972 - INFO - WorkBot - Initializing WorkBot...
2025-03-11 06:16:04,193 - INFO - WorkBot - WorkBot initialized successfully.
2025-03-11 07:10:13,124 - INFO - WorkBot - Initializing WorkBot...
2025-03-11 07:10:15,403 - INFO - WorkBot - WorkBot initialized successfully.
2025-03-11 07:12:25,468 - INFO - WorkBot - Initializing WorkBot...
2025-03-11 07:12:27,605 - INFO - WorkBot - WorkBot initialized successfully.
2025-03-11 07:15:14,062 - INFO - WorkBot - Initializing WorkBot...
2025-03-11 07:15:16,209 - INFO - WorkBot - WorkBot initialized successfully.
2025-03-11 07:27:16,161 - INFO - WorkBot - Initializing WorkBot...
2025-03-11 07:27:18,387 - INFO - WorkBot - WorkBot initialized successfully.
2025-03-11 07:31:53,673 - INFO - WorkBot - Initializing WorkBot...
2025-03-11 07:31:55,829 - INFO - WorkBot - WorkBot initialized successfully.
2025-03-11 07:33:25,516 - INFO - WorkBot - Initializing WorkBot...
2025-03-11 07:33:27,695 - INFO - WorkBot - WorkBot initialized successfully.
2025-03-11 07:35:02,472 - INFO - WorkBot - Initializing WorkBot...
2025-03-11 07:35:04,751 - INFO - WorkBot - WorkBot initialized successfully.
2025-03-11 09:13:08,001 - INFO - WorkBot - Initializing WorkBot...
2025-03-11 09:13:10,639 - INFO - WorkBot - WorkBot initialized successfully.
2025-03-11 10:59:02,170 - INFO - WorkBot - Initializing WorkBot...
2025-03-11 10:59:04,541 - INFO - WorkBot - WorkBot initialized successfully.
2025-03-11 11:00:18,404 - INFO - WorkBot - Initializing WorkBot...
2025-03-11 11:00:20,682 - INFO - WorkBot - WorkBot initialized successfully.
2025-03-11 11:01:14,897 - INFO - WorkBot - Initializing WorkBot...
2025-03-11 11:01:17,105 - INFO - WorkBot - WorkBot initialized successfully.
2025-03-11 11:03:17,072 - INFO - WorkBot - Initializing WorkBot...
2025-03-11 11:03:19,227 - INFO - WorkBot - WorkBot initialized successfully.
2025-03-11 11:04:26,272 - INFO - WorkBot - Initializing WorkBot...
2025-03-11 11:04:28,625 - INFO - WorkBot - WorkBot initialized successfully.
2025-03-11 11:04:58,026 - INFO - WorkBot - Initializing WorkBot...
2025-03-11 11:05:00,545 - INFO - WorkBot - WorkBot initialized successfully.
2025-03-11 11:06:45,920 - INFO - WorkBot - Initializing WorkBot...
2025-03-11 11:06:48,087 - INFO - WorkBot - WorkBot initialized successfully.
2025-03-11 11:13:12,185 - INFO - WorkBot - Initializing WorkBot...
2025-03-11 11:13:14,858 - INFO - WorkBot - WorkBot initialized successfully.
2025-03-11 12:36:33,172 - INFO - WorkBot - Initializing WorkBot...
2025-03-11 12:36:35,469 - INFO - WorkBot - WorkBot initialized successfully.
2025-03-11 12:40:53,131 - INFO - WorkBot - Initializing WorkBot...
2025-03-11 12:40:55,655 - INFO - WorkBot - WorkBot initialized successfully.
2025-03-11 12:42:11,229 - INFO - WorkBot - Initializing WorkBot...
2025-03-11 12:42:13,683 - INFO - WorkBot - WorkBot initialized successfully.
2025-03-12 05:54:37,629 - INFO - WorkBot - Initializing WorkBot...
2025-03-12 05:54:40,794 - INFO - WorkBot - WorkBot initialized successfully.
2025-03-12 06:09:02,985 - INFO - WorkBot - Initializing WorkBot...
2025-03-12 06:09:10,019 - INFO - WorkBot - WorkBot initialized successfully.
2025-03-12 06:16:06,409 - INFO - WorkBot - Initializing WorkBot...
2025-03-12 06:16:08,643 - INFO - WorkBot - WorkBot initialized successfully.
2025-03-12 06:17:47,960 - INFO - WorkBot - Initializing WorkBot...
2025-03-12 06:17:50,142 - INFO - WorkBot - WorkBot initialized successfully.
2025-03-12 06:19:22,968 - INFO - WorkBot - Initializing WorkBot...
2025-03-12 06:19:25,175 - INFO - WorkBot - WorkBot initialized successfully.
2025-03-12 06:20:47,897 - INFO - WorkBot - Initializing WorkBot...
2025-03-12 06:20:50,057 - INFO - WorkBot - WorkBot initialized successfully.
2025-03-12 06:21:39,795 - INFO - WorkBot - Initializing WorkBot...
2025-03-12 06:21:42,172 - INFO - WorkBot - WorkBot initialized successfully.
2025-03-12 06:22:38,518 - INFO - WorkBot - Initializing WorkBot...
2025-03-12 06:22:40,674 - INFO - WorkBot - WorkBot initialized successfully.
2025-03-12 06:23:37,348 - INFO - WorkBot - Initializing WorkBot...
2025-03-12 06:23:39,528 - INFO - WorkBot - WorkBot initialized successfully.
2025-03-12 08:07:12,061 - INFO - WorkBot - Initializing WorkBot...
2025-03-12 08:07:14,342 - INFO - WorkBot - WorkBot initialized successfully.
2025-03-12 08:10:08,950 - INFO - WorkBot - Initializing WorkBot...
2025-03-12 08:10:11,449 - INFO - WorkBot - WorkBot initialized successfully.
2025-03-12 08:12:33,440 - INFO - WorkBot - Initializing WorkBot...
2025-03-12 08:12:35,640 - INFO - WorkBot - WorkBot initialized successfully.
2025-03-12 08:15:20,532 - INFO - WorkBot - Initializing WorkBot...
2025-03-12 08:15:22,680 - INFO - WorkBot - WorkBot initialized successfully.
2025-03-12 08:18:10,481 - INFO - WorkBot - Initializing WorkBot...
2025-03-12 08:18:12,659 - INFO - WorkBot - WorkBot initialized successfully.
2025-03-12 08:19:24,503 - INFO - WorkBot - Initializing WorkBot...
2025-03-12 08:19:26,708 - INFO - WorkBot - WorkBot initialized successfully.
2025-03-12 08:21:53,082 - INFO - WorkBot - Initializing WorkBot...
2025-03-12 08:21:55,432 - INFO - WorkBot - WorkBot initialized successfully.
2025-03-12 08:24:15,215 - INFO - WorkBot - Initializing WorkBot...
2025-03-12 08:24:17,498 - INFO - WorkBot - WorkBot initialized successfully.
2025-03-12 10:19:18,085 - INFO - WorkBot - Initializing WorkBot...
2025-03-12 10:19:20,395 - INFO - WorkBot - WorkBot initialized successfully.
2025-03-12 10:20:24,627 - INFO - WorkBot - Initializing WorkBot...
2025-03-12 10:20:26,881 - INFO - WorkBot - WorkBot initialized successfully.
2025-03-12 13:44:40,382 - INFO - WorkBot - Initializing WorkBot...
2025-03-12 13:44:42,685 - INFO - WorkBot - WorkBot initialized successfully.
2025-03-12 13:46:48,461 - INFO - WorkBot - Initializing WorkBot...
2025-03-12 13:46:50,773 - INFO - WorkBot - WorkBot initialized successfully.
2025-03-12 16:30:19,061 - INFO - WorkBot - Initializing WorkBot...
2025-03-12 16:30:19,715 - INFO - WorkBot - WorkBot initialized successfully.
2025-03-12 16:30:48,094 - INFO - WorkBot - Initializing WorkBot...
2025-03-12 16:30:48,734 - INFO - WorkBot - WorkBot initialized successfully.
2025-03-12 16:33:59,709 - INFO - WorkBot - Initializing WorkBot...
2025-03-12 16:34:00,370 - INFO - WorkBot - WorkBot initialized successfully.
2025-03-15 08:45:35,393 - INFO - WorkBot - Initializing WorkBot...
2025-03-15 08:45:37,634 - INFO - WorkBot - WorkBot initialized successfully.
2025-03-15 10:39:06,994 - INFO - WorkBot - Initializing WorkBot...
2025-03-15 10:39:09,230 - INFO - WorkBot - WorkBot initialized successfully.
2025-03-15 10:45:11,122 - INFO - WorkBot - Initializing WorkBot...
2025-03-15 10:45:13,273 - INFO - WorkBot - WorkBot initialized successfully.
2025-03-15 10:45:59,539 - INFO - WorkBot - Initializing WorkBot...
2025-03-15 10:46:01,732 - INFO - WorkBot - WorkBot initialized successfully.
2025-03-15 10:46:57,964 - INFO - WorkBot - Initializing WorkBot...
2025-03-15 10:47:00,238 - INFO - WorkBot - WorkBot initialized successfully.
2025-03-15 10:48:04,416 - INFO - WorkBot - Initializing WorkBot...
2025-03-15 10:48:06,509 - INFO - WorkBot - WorkBot initialized successfully.
2025-03-15 10:55:44,340 - INFO - WorkBot - Initializing WorkBot...
2025-03-15 10:55:46,687 - INFO - WorkBot - WorkBot initialized successfully.
2025-03-15 10:57:38,706 - INFO - WorkBot - Initializing WorkBot...
2025-03-15 10:57:41,030 - INFO - WorkBot - WorkBot initialized successfully.
2025-03-16 07:46:18,662 - INFO - WorkBot - Initializing WorkBot...
2025-03-16 07:46:21,580 - INFO - WorkBot - WorkBot initialized successfully.
2025-03-16 07:58:35,726 - INFO - WorkBot - Initializing WorkBot...
2025-03-16 07:58:37,878 - INFO - WorkBot - WorkBot initialized successfully.
2025-03-16 08:04:59,853 - INFO - WorkBot - Initializing WorkBot...
2025-03-16 08:05:02,000 - INFO - WorkBot - WorkBot initialized successfully.
2025-03-16 08:08:27,308 - INFO - WorkBot - Initializing WorkBot...
2025-03-16 08:08:29,516 - INFO - WorkBot - WorkBot initialized successfully.
2025-03-16 11:07:37,915 - INFO - WorkBot - Initializing WorkBot...
2025-03-16 11:07:40,402 - INFO - WorkBot - WorkBot initialized successfully.
2025-03-16 11:10:57,799 - INFO - WorkBot - Initializing WorkBot...
2025-03-16 11:10:59,976 - INFO - WorkBot - WorkBot initialized successfully.
2025-03-16 13:04:39,395 - INFO - WorkBot - Initializing WorkBot...
2025-03-16 13:04:41,676 - INFO - WorkBot - WorkBot initialized successfully.
2025-03-17 07:23:11,398 - INFO - WorkBot - Initializing WorkBot...
2025-03-17 07:23:14,415 - INFO - WorkBot - WorkBot initialized successfully.
2025-03-17 07:27:35,071 - INFO - WorkBot - Initializing WorkBot...
2025-03-17 07:27:37,250 - INFO - WorkBot - WorkBot initialized successfully.
2025-03-17 14:25:06,460 - INFO - WorkBot - Initializing WorkBot...
2025-03-17 14:25:08,840 - INFO - WorkBot - WorkBot initialized successfully.
2025-03-18 07:33:36,897 - INFO - WorkBot - Initializing WorkBot...
2025-03-18 07:33:37,580 - INFO - WorkBot - WorkBot initialized successfully.
2025-03-18 11:58:22,707 - INFO - WorkBot - Initializing WorkBot...
2025-03-18 11:58:24,977 - INFO - WorkBot - WorkBot initialized successfully.
2025-03-18 16:03:13,179 - INFO - WorkBot - Initializing WorkBot...
2025-03-18 16:03:15,619 - INFO - WorkBot - WorkBot initialized successfully.
2025-03-18 16:03:28,190 - INFO - WorkBot - Initializing WorkBot...
2025-03-18 16:03:30,450 - INFO - WorkBot - WorkBot initialized successfully.
2025-03-18 16:11:28,248 - INFO - WorkBot - Initializing WorkBot...
2025-03-18 16:11:30,547 - INFO - WorkBot - WorkBot initialized successfully.
2025-03-19 08:00:28,147 - INFO - WorkBot - Initializing WorkBot...
2025-03-19 08:00:31,091 - INFO - WorkBot - WorkBot initialized successfully.
2025-03-19 08:11:31,703 - INFO - WorkBot - Initializing WorkBot...
2025-03-19 08:11:33,942 - INFO - WorkBot - WorkBot initialized successfully.
2025-03-19 09:15:28,128 - INFO - WorkBot - Initializing WorkBot...
2025-03-19 09:15:30,470 - INFO - WorkBot - WorkBot initialized successfully.
2025-03-19 14:02:56,791 - INFO - WorkBot - Initializing WorkBot...
2025-03-19 14:02:59,213 - INFO - WorkBot - WorkBot initialized successfully.
2025-03-19 16:21:18,294 - INFO - WorkBot - Initializing WorkBot...
2025-03-19 16:21:21,229 - INFO - WorkBot - WorkBot initialized successfully.
2025-03-19 16:25:57,707 - INFO - WorkBot - Initializing WorkBot...
2025-03-19 16:25:59,942 - INFO - WorkBot - WorkBot initialized successfully.
2025-03-22 07:20:20,381 - INFO - WorkBot - Initializing WorkBot...
2025-03-22 07:20:25,813 - INFO - WorkBot - WorkBot initialized successfully.
2025-03-22 07:36:15,442 - INFO - WorkBot - Initializing WorkBot...
2025-03-22 07:36:18,843 - INFO - WorkBot - WorkBot initialized successfully.
2025-03-22 07:39:06,704 - INFO - WorkBot - Initializing WorkBot...
2025-03-22 07:39:10,200 - INFO - WorkBot - WorkBot initialized successfully.
2025-03-23 08:41:36,967 - INFO - WorkBot - Initializing WorkBot...
2025-03-23 08:41:41,136 - INFO - WorkBot - WorkBot initialized successfully.
2025-03-23 08:49:18,831 - INFO - WorkBot - Initializing WorkBot...
2025-03-23 08:49:22,005 - INFO - WorkBot - WorkBot initialized successfully.
2025-03-24 06:26:15,177 - INFO - WorkBot - Initializing WorkBot...
2025-03-24 06:26:19,084 - INFO - WorkBot - WorkBot initialized successfully.
2025-03-25 06:57:58,809 - INFO - WorkBot - Initializing WorkBot...
2025-03-25 06:58:01,008 - INFO - WorkBot - WorkBot initialized successfully.
2025-03-25 07:51:32,454 - INFO - WorkBot - Initializing WorkBot...
2025-03-25 07:51:33,313 - INFO - WorkBot - WorkBot initialized successfully.
2025-03-25 08:01:38,927 - INFO - WorkBot - Initializing WorkBot...
2025-03-25 08:01:39,646 - INFO - WorkBot - WorkBot initialized successfully.
2025-03-25 08:20:26,523 - INFO - WorkBot - Initializing WorkBot...
2025-03-25 08:20:27,217 - INFO - WorkBot - WorkBot initialized successfully.
2025-03-25 13:16:06,000 - INFO - WorkBot - Initializing WorkBot...
2025-03-25 13:16:07,237 - INFO - WorkBot - WorkBot initialized successfully.
2025-03-26 06:32:28,217 - INFO - WorkBot - Initializing WorkBot...
2025-03-26 06:32:32,323 - INFO - WorkBot - WorkBot initialized successfully.
2025-03-26 06:44:29,435 - INFO - WorkBot - Initializing WorkBot...
2025-03-26 06:44:32,964 - INFO - WorkBot - WorkBot initialized successfully.
2025-03-26 12:09:04,114 - INFO - WorkBot - Initializing WorkBot...
2025-03-26 12:09:08,088 - INFO - WorkBot - WorkBot initialized successfully.
2025-03-26 13:56:46,981 - INFO - WorkBot - Initializing WorkBot...
2025-03-26 13:56:50,482 - INFO - WorkBot - WorkBot initialized successfully.
2025-03-26 13:58:39,994 - INFO - WorkBot - Initializing WorkBot...
2025-03-26 13:58:43,232 - INFO - WorkBot - WorkBot initialized successfully.
2025-03-26 16:06:06,735 - INFO - WorkBot - Initializing WorkBot...
2025-03-26 16:06:10,727 - INFO - WorkBot - WorkBot initialized successfully.
2025-03-26 16:07:12,792 - INFO - WorkBot - Initializing WorkBot...
2025-03-26 16:07:15,948 - INFO - WorkBot - WorkBot initialized successfully.
2025-03-26 16:28:53,283 - INFO - WorkBot - Initializing WorkBot...
2025-03-26 16:28:56,598 - INFO - WorkBot - WorkBot initialized successfully.
2025-03-29 06:57:13,128 - INFO - WorkBot - Initializing WorkBot...
2025-03-29 06:57:17,027 - INFO - WorkBot - WorkBot initialized successfully.
2025-03-30 08:26:19,494 - INFO - WorkBot - Initializing WorkBot...
2025-03-30 08:26:23,424 - INFO - WorkBot - WorkBot initialized successfully.
2025-03-30 08:50:57,232 - INFO - WorkBot - Initializing WorkBot...
2025-03-30 08:51:00,902 - INFO - WorkBot - WorkBot initialized successfully.
2025-03-30 08:51:35,086 - INFO - WorkBot - Initializing WorkBot...
2025-03-30 08:51:38,249 - INFO - WorkBot - WorkBot initialized successfully.
2025-03-30 08:55:39,344 - INFO - WorkBot - Initializing WorkBot...
2025-03-30 08:55:42,599 - INFO - WorkBot - WorkBot initialized successfully.
2025-03-30 13:11:34,987 - INFO - WorkBot - Initializing WorkBot...
2025-03-30 13:11:39,053 - INFO - WorkBot - WorkBot initialized successfully.
2025-03-30 14:08:08,249 - INFO - WorkBot - Initializing WorkBot...
2025-03-30 14:08:11,667 - INFO - WorkBot - WorkBot initialized successfully.
2025-03-30 14:10:30,967 - INFO - WorkBot - Initializing WorkBot...
2025-03-30 14:10:34,225 - INFO - WorkBot - WorkBot initialized successfully.
2025-03-30 14:14:01,513 - INFO - WorkBot - Initializing WorkBot...
2025-03-30 14:14:04,913 - INFO - WorkBot - WorkBot initialized successfully.
2025-03-31 06:33:34,384 - INFO - WorkBot - Initializing WorkBot...
2025-03-31 06:33:38,801 - INFO - WorkBot - WorkBot initialized successfully.
2025-03-31 10:23:18,153 - INFO - WorkBot - Initializing WorkBot...
2025-03-31 10:23:22,313 - INFO - WorkBot - WorkBot initialized successfully.
2025-03-31 10:24:27,297 - INFO - WorkBot - Initializing WorkBot...
2025-03-31 10:24:30,532 - INFO - WorkBot - WorkBot initialized successfully.
2025-03-31 10:27:23,231 - INFO - WorkBot - Initializing WorkBot...
2025-03-31 10:27:26,777 - INFO - WorkBot - WorkBot initialized successfully.
2025-03-31 10:33:26,177 - INFO - WorkBot - Initializing WorkBot...
2025-03-31 10:33:29,663 - INFO - WorkBot - WorkBot initialized successfully.
2025-03-31 12:14:20,093 - INFO - WorkBot - Initializing WorkBot...
2025-03-31 12:14:23,855 - INFO - WorkBot - WorkBot initialized successfully.
2025-03-31 12:29:06,802 - INFO - WorkBot - Initializing WorkBot...
2025-03-31 12:29:10,792 - INFO - WorkBot - WorkBot initialized successfully.
2025-03-31 12:31:53,904 - INFO - WorkBot - Initializing WorkBot...
2025-03-31 12:31:57,230 - INFO - WorkBot - WorkBot initialized successfully.
2025-03-31 12:32:33,040 - INFO - WorkBot - Initializing WorkBot...
2025-03-31 12:32:36,137 - INFO - WorkBot - WorkBot initialized successfully.
2025-03-31 12:33:30,457 - INFO - WorkBot - Initializing WorkBot...
2025-03-31 12:33:33,769 - INFO - WorkBot - WorkBot initialized successfully.
2025-03-31 12:34:39,330 - INFO - WorkBot - Initializing WorkBot...
2025-03-31 12:34:42,682 - INFO - WorkBot - WorkBot initialized successfully.
2025-03-31 12:34:51,498 - INFO - WorkBot - Initializing WorkBot...
2025-03-31 12:34:54,854 - INFO - WorkBot - WorkBot initialized successfully.
2025-03-31 13:47:31,025 - INFO - WorkBot - Initializing WorkBot...
2025-03-31 13:47:34,555 - INFO - WorkBot - WorkBot initialized successfully.
2025-03-31 14:30:13,464 - INFO - WorkBot - Initializing WorkBot...
2025-03-31 14:30:17,787 - INFO - WorkBot - WorkBot initialized successfully.
2025-03-31 14:42:56,959 - INFO - WorkBot - Initializing WorkBot...
2025-03-31 14:43:00,619 - INFO - WorkBot - WorkBot initialized successfully.
2025-04-08 19:08:45,330 - INFO - WorkBot - Initializing WorkBot...
2025-04-08 19:09:12,902 - INFO - WorkBot - Initializing WorkBot...
2025-04-08 19:13:06,041 - INFO - WorkBot - Initializing WorkBot...
2025-04-08 19:24:31,883 - INFO - WorkBot - Initializing WorkBot...
2025-04-08 19:24:32,992 - INFO - WorkBot - WorkBot initialized successfully.
2025-04-08 19:26:33,213 - INFO - WorkBot - Initializing WorkBot...
2025-04-08 19:26:34,268 - INFO - WorkBot - WorkBot initialized successfully.
2025-04-08 19:32:53,096 - INFO - WorkBot - Initializing WorkBot...
2025-04-08 19:32:54,170 - INFO - WorkBot - WorkBot initialized successfully.
2025-04-08 19:38:16,960 - INFO - WorkBot - Initializing WorkBot...
2025-04-08 19:38:17,957 - INFO - WorkBot - WorkBot initialized successfully.
2025-04-09 06:29:12,169 - INFO - WorkBot - Initializing WorkBot...
2025-04-09 06:29:16,457 - INFO - WorkBot - WorkBot initialized successfully.
2025-04-09 08:47:16,631 - INFO - WorkBot - Initializing WorkBot...
2025-04-09 08:47:18,904 - INFO - WorkBot - WorkBot initialized successfully.
2025-04-09 14:53:06,663 - INFO - WorkBot - Initializing WorkBot...
2025-04-09 14:53:07,746 - INFO - WorkBot - WorkBot initialized successfully.
2025-04-09 15:31:02,952 - INFO - WorkBot - Initializing WorkBot...
2025-04-09 15:31:03,569 - INFO - WorkBot - WorkBot initialized successfully.
2025-04-09 15:31:59,393 - INFO - WorkBot - Initializing WorkBot...
2025-04-09 15:32:00,122 - INFO - WorkBot - WorkBot initialized successfully.
2025-04-09 15:33:02,288 - INFO - WorkBot - Initializing WorkBot...
2025-04-09 15:33:03,006 - INFO - WorkBot - WorkBot initialized successfully.
2025-04-09 15:53:00,782 - INFO - WorkBot - Initializing WorkBot...
2025-04-09 15:53:02,955 - INFO - WorkBot - WorkBot initialized successfully.
2025-04-12 06:31:54,106 - INFO - WorkBot - Initializing WorkBot...
2025-04-12 06:31:56,851 - INFO - WorkBot - WorkBot initialized successfully.
2025-04-12 07:26:31,308 - INFO - WorkBot - Initializing WorkBot...
2025-04-12 07:26:33,489 - INFO - WorkBot - WorkBot initialized successfully.
2025-04-13 10:28:04,590 - INFO - WorkBot - Initializing WorkBot...
2025-04-13 10:28:05,935 - INFO - WorkBot - WorkBot initialized successfully.
2025-04-13 10:28:19,472 - INFO - WorkBot - Initializing WorkBot...
2025-04-13 10:28:20,124 - INFO - WorkBot - WorkBot initialized successfully.
2025-04-13 10:28:26,116 - INFO - WorkBot - Initializing WorkBot...
2025-04-13 10:28:26,732 - INFO - WorkBot - WorkBot initialized successfully.
2025-04-13 10:30:44,088 - INFO - WorkBot - Initializing WorkBot...
2025-04-13 10:30:44,696 - INFO - WorkBot - WorkBot initialized successfully.
2025-04-13 10:35:05,463 - INFO - WorkBot - Initializing WorkBot...
2025-04-13 10:35:06,054 - INFO - WorkBot - WorkBot initialized successfully.
2025-04-13 10:36:07,314 - INFO - WorkBot - Initializing WorkBot...
2025-04-13 10:36:07,896 - INFO - WorkBot - WorkBot initialized successfully.
2025-04-13 10:37:21,835 - INFO - WorkBot - Initializing WorkBot...
2025-04-13 10:37:22,493 - INFO - WorkBot - WorkBot initialized successfully.
2025-04-13 10:39:30,937 - INFO - WorkBot - Initializing WorkBot...
2025-04-13 10:39:31,651 - INFO - WorkBot - WorkBot initialized successfully.
2025-04-13 11:13:13,124 - INFO - WorkBot - Initializing WorkBot...
2025-04-13 11:13:13,822 - INFO - WorkBot - WorkBot initialized successfully.
2025-04-13 11:17:09,863 - INFO - WorkBot - Initializing WorkBot...
2025-04-13 11:17:12,132 - INFO - WorkBot - WorkBot initialized successfully.
2025-04-13 11:36:33,980 - INFO - WorkBot - Initializing WorkBot...
2025-04-13 11:36:36,536 - INFO - WorkBot - WorkBot initialized successfully.
2025-04-13 11:37:35,127 - INFO - WorkBot - Initializing WorkBot...
2025-04-13 11:37:37,286 - INFO - WorkBot - WorkBot initialized successfully.
2025-04-13 11:40:20,763 - INFO - WorkBot - Initializing WorkBot...
2025-04-13 11:40:22,822 - INFO - WorkBot - WorkBot initialized successfully.
2025-04-13 11:41:01,226 - INFO - WorkBot - Initializing WorkBot...
2025-04-13 11:41:03,308 - INFO - WorkBot - WorkBot initialized successfully.
2025-04-13 11:41:53,055 - INFO - WorkBot - Initializing WorkBot...
2025-04-13 11:41:55,172 - INFO - WorkBot - WorkBot initialized successfully.
2025-04-13 11:42:37,268 - INFO - WorkBot - Initializing WorkBot...
2025-04-13 11:42:39,327 - INFO - WorkBot - WorkBot initialized successfully.
2025-04-13 11:59:21,465 - INFO - WorkBot - Initializing WorkBot...
2025-04-13 11:59:23,683 - INFO - WorkBot - WorkBot initialized successfully.
2025-04-13 12:15:32,047 - INFO - WorkBot - Initializing WorkBot...
2025-04-13 12:15:34,116 - INFO - WorkBot - WorkBot initialized successfully.
2025-04-13 12:16:07,180 - INFO - WorkBot - Initializing WorkBot...
2025-04-13 12:16:09,245 - INFO - WorkBot - WorkBot initialized successfully.
2025-04-14 07:18:32,998 - INFO - WorkBot - Initializing WorkBot...
2025-04-14 07:18:35,119 - INFO - WorkBot - WorkBot initialized successfully.
2025-04-14 14:41:36,717 - INFO - WorkBot - Initializing WorkBot...
2025-04-14 14:41:38,989 - INFO - WorkBot - WorkBot initialized successfully.
2025-04-15 06:51:05,081 - INFO - WorkBot - Initializing WorkBot...
2025-04-15 06:51:08,052 - INFO - WorkBot - WorkBot initialized successfully.
2025-04-15 06:57:57,253 - INFO - WorkBot - Initializing WorkBot...
2025-04-15 06:57:59,392 - INFO - WorkBot - WorkBot initialized successfully.
2025-04-15 06:58:49,915 - INFO - WorkBot - Initializing WorkBot...
2025-04-15 06:58:51,997 - INFO - WorkBot - WorkBot initialized successfully.
2025-04-15 06:59:26,939 - INFO - WorkBot - Initializing WorkBot...
2025-04-15 06:59:28,990 - INFO - WorkBot - WorkBot initialized successfully.
2025-04-15 07:00:04,876 - INFO - WorkBot - Initializing WorkBot...
2025-04-15 07:00:06,937 - INFO - WorkBot - WorkBot initialized successfully.
2025-04-15 07:00:54,788 - INFO - WorkBot - Initializing WorkBot...
2025-04-15 07:00:56,887 - INFO - WorkBot - WorkBot initialized successfully.
2025-04-15 07:04:13,129 - INFO - WorkBot - Initializing WorkBot...
2025-04-15 07:04:15,225 - INFO - WorkBot - WorkBot initialized successfully.
2025-04-15 07:04:44,941 - INFO - WorkBot - Initializing WorkBot...
2025-04-15 07:04:47,000 - INFO - WorkBot - WorkBot initialized successfully.
2025-04-15 07:05:50,121 - INFO - WorkBot - Initializing WorkBot...
2025-04-15 07:05:52,144 - INFO - WorkBot - WorkBot initialized successfully.
2025-04-15 07:06:04,463 - INFO - WorkBot - Initializing WorkBot...
2025-04-15 07:06:06,517 - INFO - WorkBot - WorkBot initialized successfully.
2025-04-15 07:11:15,309 - INFO - WorkBot - Initializing WorkBot...
2025-04-15 07:11:17,455 - INFO - WorkBot - WorkBot initialized successfully.
2025-04-15 07:21:54,973 - INFO - WorkBot - Initializing WorkBot...
2025-04-15 07:21:57,128 - INFO - WorkBot - WorkBot initialized successfully.
2025-04-15 07:30:40,983 - INFO - WorkBot - Initializing WorkBot...
2025-04-15 07:30:43,156 - INFO - WorkBot - WorkBot initialized successfully.
2025-04-15 07:32:25,869 - INFO - WorkBot - Initializing WorkBot...
2025-04-15 07:32:27,965 - INFO - WorkBot - WorkBot initialized successfully.
2025-04-15 07:52:51,964 - INFO - WorkBot - Initializing WorkBot...
2025-04-15 07:52:54,233 - INFO - WorkBot - WorkBot initialized successfully.
2025-04-15 07:53:14,954 - INFO - WorkBot - Initializing WorkBot...
2025-04-15 07:53:17,045 - INFO - WorkBot - WorkBot initialized successfully.
2025-04-15 07:59:34,173 - INFO - WorkBot - Initializing WorkBot...
2025-04-15 07:59:36,245 - INFO - WorkBot - WorkBot initialized successfully.
2025-04-15 08:00:27,431 - INFO - WorkBot - Initializing WorkBot...
2025-04-15 08:00:29,508 - INFO - WorkBot - WorkBot initialized successfully.
2025-04-15 08:01:19,980 - INFO - WorkBot - Initializing WorkBot...
2025-04-15 08:01:22,100 - INFO - WorkBot - WorkBot initialized successfully.
2025-04-15 08:02:49,564 - INFO - WorkBot - Initializing WorkBot...
2025-04-15 08:02:51,613 - INFO - WorkBot - WorkBot initialized successfully.
2025-04-15 08:03:00,255 - INFO - WorkBot - Initializing WorkBot...
2025-04-15 08:03:02,339 - INFO - WorkBot - WorkBot initialized successfully.
2025-04-15 08:03:13,788 - INFO - WorkBot - Initializing WorkBot...
2025-04-15 08:03:15,905 - INFO - WorkBot - WorkBot initialized successfully.
2025-04-15 08:03:44,844 - INFO - WorkBot - Initializing WorkBot...
2025-04-15 08:03:46,978 - INFO - WorkBot - WorkBot initialized successfully.
2025-04-15 08:04:10,383 - INFO - WorkBot - Initializing WorkBot...
2025-04-15 08:04:12,417 - INFO - WorkBot - WorkBot initialized successfully.
2025-04-15 08:04:46,156 - INFO - WorkBot - Initializing WorkBot...
2025-04-15 08:04:48,256 - INFO - WorkBot - WorkBot initialized successfully.
2025-04-15 08:06:56,737 - INFO - WorkBot - Initializing WorkBot...
2025-04-15 08:06:58,817 - INFO - WorkBot - WorkBot initialized successfully.
2025-04-15 08:07:33,160 - INFO - WorkBot - Initializing WorkBot...
2025-04-15 08:07:35,203 - INFO - WorkBot - WorkBot initialized successfully.
2025-04-15 08:09:12,072 - INFO - WorkBot - Initializing WorkBot...
2025-04-15 08:09:14,187 - INFO - WorkBot - WorkBot initialized successfully.
2025-04-15 08:09:39,296 - INFO - WorkBot - Initializing WorkBot...
2025-04-15 08:09:41,396 - INFO - WorkBot - WorkBot initialized successfully.
2025-04-15 08:10:51,491 - INFO - WorkBot - Initializing WorkBot...
2025-04-15 08:10:53,629 - INFO - WorkBot - WorkBot initialized successfully.
2025-04-15 11:13:21,318 - INFO - WorkBot - Initializing WorkBot...
2025-04-15 11:13:21,954 - INFO - WorkBot - WorkBot initialized successfully.
2025-04-15 11:52:13,281 - INFO - WorkBot - Initializing WorkBot...
2025-04-15 11:52:16,489 - INFO - WorkBot - WorkBot initialized successfully.
2025-04-15 12:06:44,632 - INFO - WorkBot - Initializing WorkBot...
2025-04-15 12:06:46,819 - INFO - WorkBot - WorkBot initialized successfully.
2025-04-15 12:07:43,656 - INFO - WorkBot - Initializing WorkBot...
2025-04-15 12:07:45,710 - INFO - WorkBot - WorkBot initialized successfully.
2025-04-15 12:08:15,242 - INFO - WorkBot - Initializing WorkBot...
2025-04-15 12:08:17,384 - INFO - WorkBot - WorkBot initialized successfully.
2025-04-15 12:08:57,088 - INFO - WorkBot - Initializing WorkBot...
2025-04-15 12:08:59,314 - INFO - WorkBot - WorkBot initialized successfully.
2025-04-15 12:10:16,946 - INFO - WorkBot - Initializing WorkBot...
2025-04-15 12:10:19,023 - INFO - WorkBot - WorkBot initialized successfully.
2025-04-15 12:27:37,494 - INFO - WorkBot - Initializing WorkBot...
2025-04-15 12:27:39,706 - INFO - WorkBot - WorkBot initialized successfully.
