2025-09-08 13:41:25,152 - INFO - backend.bots.workbot.work_bot.WorkBot - (work_bot.py:51) - Initializing WorkBot...
2025-09-08 13:46:23,961 - INFO - backend.bots.workbot.work_bot.WorkBot - (work_bot.py:57) - Initializing WorkBot...
2025-09-08 13:48:11,369 - INFO - backend.bots.workbot.work_bot.WorkBot - (work_bot.py:57) - Initializing WorkBot...
2025-09-08 13:53:59,670 - INFO - backend.bots.workbot.work_bot.WorkBot - (work_bot.py:60) - Initializing WorkBot...
2025-09-08 13:53:59,685 - INFO - backend.bots.workbot.work_bot.WorkBot - (work_bot.py:91) - WorkBot initialized successfully.
2025-09-08 13:55:31,838 - INFO - backend.bots.workbot.work_bot.WorkBot - (work_bot.py:60) - Initializing WorkBot...
2025-09-08 13:55:51,287 - INFO - backend.bots.workbot.work_bot.WorkBot - (work_bot.py:60) - Initializing WorkBot...
2025-09-08 14:06:39,274 - INFO - backend.bots.workbot.work_bot.WorkBot - (work_bot.py:60) - Initializing WorkBot...
2025-09-08 14:06:39,291 - INFO - backend.bots.workbot.work_bot.WorkBot - (work_bot.py:91) - WorkBot initialized successfully.
2025-09-08 14:07:10,841 - INFO - backend.bots.workbot.work_bot.WorkBot - (work_bot.py:111) - Retrieving orders for: stores=[['Bakery', 'Easthill', 'Downtown', 'Collegetown', 'Triphammer']], vendors=[[]], formats=[['xlsx']]
2025-09-08 14:07:10,841 - INFO - backend.bots.workbot.work_bot.WorkBot - (work_bot.py:107) - Retrieving order files for: stores=[['Bakery', 'Easthill', 'Downtown', 'Collegetown', 'Triphammer']], vendors=[[]], formats=[['xlsx']]
2025-09-08 14:07:26,528 - INFO - backend.bots.workbot.work_bot.WorkBot - (work_bot.py:111) - Retrieving orders for: stores=[['Bakery', 'Easthill', 'Downtown', 'Collegetown', 'Triphammer']], vendors=[[]], formats=[['xlsx']]
2025-09-08 14:07:26,528 - INFO - backend.bots.workbot.work_bot.WorkBot - (work_bot.py:107) - Retrieving order files for: stores=[['Bakery', 'Easthill', 'Downtown', 'Collegetown', 'Triphammer']], vendors=[[]], formats=[['xlsx']]
2025-09-08 14:07:31,696 - INFO - backend.bots.workbot.work_bot.WorkBot - (work_bot.py:111) - Retrieving orders for: stores=[['Bakery', 'Easthill', 'Downtown', 'Collegetown', 'Triphammer']], vendors=[[]], formats=[['xlsx']]
2025-09-08 14:07:31,696 - INFO - backend.bots.workbot.work_bot.WorkBot - (work_bot.py:107) - Retrieving order files for: stores=[['Bakery', 'Easthill', 'Downtown', 'Collegetown', 'Triphammer']], vendors=[[]], formats=[['xlsx']]
2025-09-08 14:08:05,753 - INFO - backend.bots.workbot.work_bot.WorkBot - (work_bot.py:111) - Retrieving orders for: stores=[['Bakery', 'Easthill', 'Downtown', 'Collegetown', 'Triphammer']], vendors=[[]], formats=[['xlsx']]
2025-09-08 14:08:05,753 - INFO - backend.bots.workbot.work_bot.WorkBot - (work_bot.py:107) - Retrieving order files for: stores=[['Bakery', 'Easthill', 'Downtown', 'Collegetown', 'Triphammer']], vendors=[[]], formats=[['xlsx']]
2025-09-08 14:08:12,320 - INFO - backend.bots.workbot.work_bot.WorkBot - (work_bot.py:60) - Initializing WorkBot...
2025-09-08 14:08:12,336 - INFO - backend.bots.workbot.work_bot.WorkBot - (work_bot.py:91) - WorkBot initialized successfully.
2025-09-08 14:08:17,177 - INFO - backend.bots.workbot.work_bot.WorkBot - (work_bot.py:111) - Retrieving orders for: stores=[['Bakery', 'Easthill', 'Downtown', 'Collegetown', 'Triphammer']], vendors=[[]], formats=[['xlsx']]
2025-09-08 14:08:17,177 - INFO - backend.bots.workbot.work_bot.WorkBot - (work_bot.py:107) - Retrieving order files for: stores=[['Bakery', 'Easthill', 'Downtown', 'Collegetown', 'Triphammer']], vendors=[[]], formats=[['xlsx']]
2025-09-08 14:08:24,713 - INFO - backend.bots.workbot.work_bot.WorkBot - (work_bot.py:111) - Retrieving orders for: stores=[['Bakery', 'Easthill', 'Downtown', 'Collegetown', 'Triphammer']], vendors=[[]], formats=[['xlsx']]
2025-09-08 14:08:24,713 - INFO - backend.bots.workbot.work_bot.WorkBot - (work_bot.py:107) - Retrieving order files for: stores=[['Bakery', 'Easthill', 'Downtown', 'Collegetown', 'Triphammer']], vendors=[[]], formats=[['xlsx']]
2025-09-08 14:09:35,338 - INFO - backend.bots.workbot.work_bot.WorkBot - (work_bot.py:60) - Initializing WorkBot...
2025-09-08 14:09:35,354 - INFO - backend.bots.workbot.work_bot.WorkBot - (work_bot.py:91) - WorkBot initialized successfully.
2025-09-08 14:19:18,729 - INFO - backend.bots.workbot.work_bot.WorkBot - (work_bot.py:60) - Initializing WorkBot...
2025-09-08 14:19:18,744 - INFO - backend.bots.workbot.work_bot.WorkBot - (work_bot.py:91) - WorkBot initialized successfully.
2025-09-08 14:25:41,522 - INFO - backend.bots.workbot.work_bot.WorkBot - (work_bot.py:60) - Initializing WorkBot...
2025-09-08 14:25:41,538 - INFO - backend.bots.workbot.work_bot.WorkBot - (work_bot.py:91) - WorkBot initialized successfully.
2025-09-09 08:15:42,081 - INFO - backend.bots.workbot.work_bot.WorkBot - (work_bot.py:60) - Initializing WorkBot...
2025-09-09 08:15:42,118 - INFO - backend.bots.workbot.work_bot.WorkBot - (work_bot.py:91) - WorkBot initialized successfully.
2025-09-09 08:18:51,819 - INFO - backend.bots.workbot.work_bot.WorkBot - (work_bot.py:187) - Generating vendor upload files for stores=['Collegetown', 'Bakery'], vendors=['Sysco'], start_date=None, end_date=None
2025-09-09 08:18:51,819 - INFO - backend.bots.workbot.work_bot.WorkBot - (work_bot.py:107) - Retrieving order files for: stores=[['Collegetown', 'Bakery']], vendors=[['Sysco']], formats=[['xlsx']]
2025-09-09 08:18:51,822 - INFO - backend.bots.workbot.work_bot.WorkBot - (work_bot.py:191) - Found 2 order files to process.
2025-09-09 08:18:51,863 - INFO - backend.bots.workbot.work_bot.WorkBot - (work_bot.py:214) - Vendor upload file generation complete. 2 files created.
2025-09-09 08:20:28,204 - INFO - backend.bots.workbot.work_bot.WorkBot - (work_bot.py:111) - Retrieving orders for: stores=[['Bakery']], vendors=[['Sysco']], formats=[['xlsx']]
2025-09-09 08:20:28,204 - INFO - backend.bots.workbot.work_bot.WorkBot - (work_bot.py:107) - Retrieving order files for: stores=[['Bakery']], vendors=[['Sysco']], formats=[['xlsx']]
2025-09-09 08:27:57,283 - INFO - backend.bots.workbot.work_bot.WorkBot - (work_bot.py:60) - Initializing WorkBot...
2025-09-09 08:30:09,427 - INFO - backend.bots.workbot.work_bot.WorkBot - (work_bot.py:60) - Initializing WorkBot...
2025-09-09 08:32:13,122 - INFO - backend.bots.workbot.work_bot.WorkBot - (work_bot.py:60) - Initializing WorkBot...
2025-09-09 08:32:13,138 - INFO - backend.bots.workbot.work_bot.WorkBot - (work_bot.py:91) - WorkBot initialized successfully.
2025-09-09 08:32:15,326 - INFO - backend.bots.workbot.work_bot.WorkBot - (work_bot.py:111) - Retrieving orders for: stores=[['Bakery']], vendors=[['Sysco']], formats=[['xlsx']]
2025-09-09 08:32:15,326 - INFO - backend.bots.workbot.work_bot.WorkBot - (work_bot.py:107) - Retrieving order files for: stores=[['Bakery']], vendors=[['Sysco']], formats=[['xlsx']]
2025-09-09 13:22:10,604 - INFO - backend.bots.workbot.work_bot.WorkBot - (work_bot.py:60) - Initializing WorkBot...
2025-09-09 13:23:27,813 - INFO - backend.bots.workbot.work_bot.WorkBot - (work_bot.py:62) - Initializing WorkBot...
2025-09-09 13:23:42,164 - INFO - backend.bots.workbot.work_bot.WorkBot - (work_bot.py:62) - Initializing WorkBot...
2025-09-09 13:23:42,165 - INFO - backend.bots.workbot.work_bot.WorkBot - (work_bot.py:93) - WorkBot initialized successfully.
2025-09-09 13:28:26,432 - INFO - backend.bots.workbot.work_bot.WorkBot - (work_bot.py:62) - Initializing WorkBot...
2025-09-09 13:28:26,433 - INFO - backend.bots.workbot.work_bot.WorkBot - (work_bot.py:93) - WorkBot initialized successfully.
2025-09-09 13:29:37,147 - INFO - backend.bots.workbot.work_bot.WorkBot - (work_bot.py:62) - Initializing WorkBot...
2025-09-09 13:29:37,148 - INFO - backend.bots.workbot.work_bot.WorkBot - (work_bot.py:93) - WorkBot initialized successfully.
