2025-09-08 14:07:10,841 - INFO - backend.storage.file.order_file_handler.OrderFileHandler - (order_file_handler.py:65) - Retrieving order files: stores=[['Bakery', 'Easthill', 'Downtown', 'Collegetown', 'Triphammer']], vendors=[All vendors], formats=['xlsx']
2025-09-08 14:07:26,528 - INFO - backend.storage.file.order_file_handler.OrderFileHandler - (order_file_handler.py:65) - Retrieving order files: stores=[['Bakery', 'Easthill', 'Downtown', 'Collegetown', 'Triphammer']], vendors=[All vendors], formats=['xlsx']
2025-09-08 14:07:31,696 - INFO - backend.storage.file.order_file_handler.OrderFileHandler - (order_file_handler.py:65) - Retrieving order files: stores=[['Bakery', 'Easthill', 'Downtown', 'Collegetown', 'Triphammer']], vendors=[All vendors], formats=['xlsx']
2025-09-08 14:08:05,753 - INFO - backend.storage.file.order_file_handler.OrderFileHandler - (order_file_handler.py:65) - Retrieving order files: stores=[['Bakery', 'Easthill', 'Downtown', 'Collegetown', 'Triphammer']], vendors=[All vendors], formats=['xlsx']
2025-09-08 14:08:17,177 - INFO - backend.storage.file.order_file_handler.OrderFileHandler - (order_file_handler.py:65) - Retrieving order files: stores=[['Bakery', 'Easthill', 'Downtown', 'Collegetown', 'Triphammer']], vendors=[All vendors], formats=['xlsx']
2025-09-08 14:08:24,713 - INFO - backend.storage.file.order_file_handler.OrderFileHandler - (order_file_handler.py:65) - Retrieving order files: stores=[['Bakery', 'Easthill', 'Downtown', 'Collegetown', 'Triphammer']], vendors=[All vendors], formats=['xlsx']
2025-09-08 14:08:24,756 - INFO - backend.storage.file.order_file_handler.OrderFileHandler - (order_file_handler.py:107) - Retrieved 94 order files.
2025-09-08 14:08:26,104 - INFO - backend.storage.file.order_file_handler.OrderFileHandler - (order_file_handler.py:127) - Archived order file: FingerLakes Farms_Easthill_2025-09-05.pdf
2025-09-08 14:08:26,106 - INFO - backend.storage.file.order_file_handler.OrderFileHandler - (order_file_handler.py:127) - Archived order file: FingerLakes Farms_Easthill_2025-09-05.xlsx
2025-09-08 14:08:26,108 - INFO - backend.storage.file.order_file_handler.OrderFileHandler - (order_file_handler.py:127) - Archived order file: Performance Food_Easthill_2025-09-05.pdf
2025-09-08 14:08:26,110 - INFO - backend.storage.file.order_file_handler.OrderFileHandler - (order_file_handler.py:127) - Archived order file: Performance Food_Easthill_2025-09-05.xlsx
2025-09-08 14:08:26,112 - INFO - backend.storage.file.order_file_handler.OrderFileHandler - (order_file_handler.py:127) - Archived order file: FingerLakes Farms_Collegetown_2025-09-05.pdf
2025-09-08 14:08:26,113 - INFO - backend.storage.file.order_file_handler.OrderFileHandler - (order_file_handler.py:127) - Archived order file: FingerLakes Farms_Collegetown_2025-09-05.xlsx
2025-09-08 14:08:26,115 - INFO - backend.storage.file.order_file_handler.OrderFileHandler - (order_file_handler.py:127) - Archived order file: Performance Food_Collegetown_2025-09-05.pdf
2025-09-08 14:08:26,117 - INFO - backend.storage.file.order_file_handler.OrderFileHandler - (order_file_handler.py:127) - Archived order file: Performance Food_Collegetown_2025-09-05.xlsx
2025-09-08 14:08:26,119 - INFO - backend.storage.file.order_file_handler.OrderFileHandler - (order_file_handler.py:127) - Archived order file: FingerLakes Farms_Downtown_2025-09-05.pdf
2025-09-08 14:08:26,121 - INFO - backend.storage.file.order_file_handler.OrderFileHandler - (order_file_handler.py:127) - Archived order file: FingerLakes Farms_Downtown_2025-09-05.xlsx
2025-09-08 14:08:26,123 - INFO - backend.storage.file.order_file_handler.OrderFileHandler - (order_file_handler.py:127) - Archived order file: Performance Food_Downtown_2025-09-05.pdf
2025-09-08 14:08:26,124 - INFO - backend.storage.file.order_file_handler.OrderFileHandler - (order_file_handler.py:127) - Archived order file: Performance Food_Downtown_2025-09-05.xlsx
2025-09-08 14:08:26,126 - INFO - backend.storage.file.order_file_handler.OrderFileHandler - (order_file_handler.py:127) - Archived order file: Performance Food_Triphammer_2025-09-05.pdf
2025-09-08 14:08:26,128 - INFO - backend.storage.file.order_file_handler.OrderFileHandler - (order_file_handler.py:127) - Archived order file: Performance Food_Triphammer_2025-09-05.xlsx
2025-09-08 14:08:26,129 - INFO - backend.storage.file.order_file_handler.OrderFileHandler - (order_file_handler.py:127) - Archived order file: FingerLakes Farms_Triphammer_2025-09-05.pdf
2025-09-08 14:08:26,131 - INFO - backend.storage.file.order_file_handler.OrderFileHandler - (order_file_handler.py:127) - Archived order file: FingerLakes Farms_Triphammer_2025-09-05.xlsx
2025-09-08 14:08:26,133 - INFO - backend.storage.file.order_file_handler.OrderFileHandler - (order_file_handler.py:127) - Archived order file: FingerLakes Farms_Bakery_2025-09-06.pdf
2025-09-08 14:08:26,134 - INFO - backend.storage.file.order_file_handler.OrderFileHandler - (order_file_handler.py:127) - Archived order file: FingerLakes Farms_Bakery_2025-09-06.xlsx
2025-09-08 14:08:26,136 - INFO - backend.storage.file.order_file_handler.OrderFileHandler - (order_file_handler.py:127) - Archived order file: Performance Food_Bakery_2025-09-06.pdf
2025-09-08 14:08:26,137 - INFO - backend.storage.file.order_file_handler.OrderFileHandler - (order_file_handler.py:127) - Archived order file: Performance Food_Bakery_2025-09-06.xlsx
2025-09-08 14:08:26,139 - INFO - backend.storage.file.order_file_handler.OrderFileHandler - (order_file_handler.py:127) - Archived order file: Equal Exchange_Collegetown_2025-09-05.pdf
2025-09-08 14:08:26,141 - INFO - backend.storage.file.order_file_handler.OrderFileHandler - (order_file_handler.py:127) - Archived order file: Equal Exchange_Collegetown_2025-09-05.xlsx
2025-09-08 14:08:26,143 - INFO - backend.storage.file.order_file_handler.OrderFileHandler - (order_file_handler.py:127) - Archived order file: Equal Exchange_Downtown_2025-09-05.pdf
2025-09-08 14:08:26,144 - INFO - backend.storage.file.order_file_handler.OrderFileHandler - (order_file_handler.py:127) - Archived order file: Equal Exchange_Downtown_2025-09-05.xlsx
2025-09-08 14:08:26,146 - INFO - backend.storage.file.order_file_handler.OrderFileHandler - (order_file_handler.py:127) - Archived order file: Equal Exchange_Easthill_2025-09-05.pdf
2025-09-08 14:08:26,148 - INFO - backend.storage.file.order_file_handler.OrderFileHandler - (order_file_handler.py:127) - Archived order file: Equal Exchange_Easthill_2025-09-05.xlsx
2025-09-08 14:08:26,150 - INFO - backend.storage.file.order_file_handler.OrderFileHandler - (order_file_handler.py:127) - Archived order file: Equal Exchange_Triphammer_2025-09-05.pdf
2025-09-08 14:08:26,151 - INFO - backend.storage.file.order_file_handler.OrderFileHandler - (order_file_handler.py:127) - Archived order file: Equal Exchange_Triphammer_2025-09-05.xlsx
2025-09-08 14:08:26,153 - INFO - backend.storage.file.order_file_handler.OrderFileHandler - (order_file_handler.py:127) - Archived order file: Copper Horse Coffee_Bakery_2025-09-07.pdf
2025-09-08 14:08:26,154 - INFO - backend.storage.file.order_file_handler.OrderFileHandler - (order_file_handler.py:127) - Archived order file: Copper Horse Coffee_Bakery_2025-09-07.xlsx
2025-09-08 14:08:26,157 - INFO - backend.storage.file.order_file_handler.OrderFileHandler - (order_file_handler.py:127) - Archived order file: DUTCH VALLEY FOOD DIST_Bakery_2025-09-07.pdf
2025-09-08 14:08:26,158 - INFO - backend.storage.file.order_file_handler.OrderFileHandler - (order_file_handler.py:127) - Archived order file: DUTCH VALLEY FOOD DIST_Bakery_2025-09-07.xlsx
2025-09-08 14:08:26,160 - INFO - backend.storage.file.order_file_handler.OrderFileHandler - (order_file_handler.py:127) - Archived order file: BJ's_Bakery_2025-09-07.pdf
2025-09-08 14:08:26,162 - INFO - backend.storage.file.order_file_handler.OrderFileHandler - (order_file_handler.py:127) - Archived order file: BJ's_Bakery_2025-09-07.xlsx
2025-09-08 14:08:26,164 - INFO - backend.storage.file.order_file_handler.OrderFileHandler - (order_file_handler.py:127) - Archived order file: Equal Exchange_Bakery_2025-09-07.pdf
2025-09-08 14:08:26,165 - INFO - backend.storage.file.order_file_handler.OrderFileHandler - (order_file_handler.py:127) - Archived order file: Equal Exchange_Bakery_2025-09-07.xlsx
2025-09-08 14:08:26,167 - INFO - backend.storage.file.order_file_handler.OrderFileHandler - (order_file_handler.py:127) - Archived order file: Eurocafe Imports_Bakery_2025-09-07.pdf
2025-09-08 14:08:26,168 - INFO - backend.storage.file.order_file_handler.OrderFileHandler - (order_file_handler.py:127) - Archived order file: Eurocafe Imports_Bakery_2025-09-07.xlsx
2025-09-08 14:08:26,170 - INFO - backend.storage.file.order_file_handler.OrderFileHandler - (order_file_handler.py:127) - Archived order file: Keck's Food Service_Bakery_2025-09-07.pdf
2025-09-08 14:08:26,172 - INFO - backend.storage.file.order_file_handler.OrderFileHandler - (order_file_handler.py:127) - Archived order file: Keck's Food Service_Bakery_2025-09-07.xlsx
2025-09-08 14:08:26,173 - INFO - backend.storage.file.order_file_handler.OrderFileHandler - (order_file_handler.py:127) - Archived order file: Hillcrest Foods_Bakery_2025-09-07.pdf
2025-09-08 14:08:26,175 - INFO - backend.storage.file.order_file_handler.OrderFileHandler - (order_file_handler.py:127) - Archived order file: Hillcrest Foods_Bakery_2025-09-07.xlsx
2025-09-08 14:08:26,177 - INFO - backend.storage.file.order_file_handler.OrderFileHandler - (order_file_handler.py:127) - Archived order file: US Foods_Bakery_2025-09-07.pdf
2025-09-08 14:08:26,178 - INFO - backend.storage.file.order_file_handler.OrderFileHandler - (order_file_handler.py:127) - Archived order file: US Foods_Bakery_2025-09-07.xlsx
2025-09-08 14:08:26,180 - INFO - backend.storage.file.order_file_handler.OrderFileHandler - (order_file_handler.py:127) - Archived order file: Coca-Cola_Bakery_2025-09-07.pdf
2025-09-08 14:08:26,182 - INFO - backend.storage.file.order_file_handler.OrderFileHandler - (order_file_handler.py:127) - Archived order file: Coca-Cola_Bakery_2025-09-07.xlsx
2025-09-08 14:08:26,184 - INFO - backend.storage.file.order_file_handler.OrderFileHandler - (order_file_handler.py:127) - Archived order file: Odeko In._Bakery_2025-09-07.pdf
2025-09-08 14:08:26,185 - INFO - backend.storage.file.order_file_handler.OrderFileHandler - (order_file_handler.py:127) - Archived order file: Odeko In._Bakery_2025-09-07.xlsx
2025-09-08 14:08:26,187 - INFO - backend.storage.file.order_file_handler.OrderFileHandler - (order_file_handler.py:127) - Archived order file: Hillcrest Dairy_Bakery_2025-09-06.pdf
2025-09-08 14:08:26,189 - INFO - backend.storage.file.order_file_handler.OrderFileHandler - (order_file_handler.py:127) - Archived order file: Hillcrest Dairy_Bakery_2025-09-06.xlsx
2025-09-08 14:08:26,192 - INFO - backend.storage.file.order_file_handler.OrderFileHandler - (order_file_handler.py:127) - Archived order file: Sysco_Bakery_2025-09-06.pdf
2025-09-08 14:08:26,193 - INFO - backend.storage.file.order_file_handler.OrderFileHandler - (order_file_handler.py:127) - Archived order file: Sysco_Bakery_2025-09-06.xlsx
2025-09-08 14:08:26,195 - INFO - backend.storage.file.order_file_handler.OrderFileHandler - (order_file_handler.py:127) - Archived order file: UNFI_Bakery_2025-09-03.pdf
2025-09-08 14:08:26,198 - INFO - backend.storage.file.order_file_handler.OrderFileHandler - (order_file_handler.py:127) - Archived order file: UNFI_Bakery_2025-09-03.xlsx
2025-09-08 14:08:26,201 - INFO - backend.storage.file.order_file_handler.OrderFileHandler - (order_file_handler.py:127) - Archived order file: Webstaurant_Bakery_2025-08-30.pdf
2025-09-08 14:08:26,203 - INFO - backend.storage.file.order_file_handler.OrderFileHandler - (order_file_handler.py:127) - Archived order file: Webstaurant_Bakery_2025-08-30.xlsx
2025-09-08 14:08:26,204 - INFO - backend.storage.file.order_file_handler.OrderFileHandler - (order_file_handler.py:127) - Archived order file: NAT'S NUTS_Collegetown_2025-09-05.pdf
2025-09-08 14:08:26,206 - INFO - backend.storage.file.order_file_handler.OrderFileHandler - (order_file_handler.py:127) - Archived order file: NAT'S NUTS_Collegetown_2025-09-05.xlsx
2025-09-08 14:08:26,208 - INFO - backend.storage.file.order_file_handler.OrderFileHandler - (order_file_handler.py:127) - Archived order file: Wegmans_Collegetown_2025-09-05.pdf
2025-09-08 14:08:26,209 - INFO - backend.storage.file.order_file_handler.OrderFileHandler - (order_file_handler.py:127) - Archived order file: Wegmans_Collegetown_2025-09-05.xlsx
2025-09-08 14:08:26,211 - INFO - backend.storage.file.order_file_handler.OrderFileHandler - (order_file_handler.py:127) - Archived order file: BALKAN BEVERAGE LLC_Collegetown_2025-09-05.pdf
2025-09-08 14:08:26,212 - INFO - backend.storage.file.order_file_handler.OrderFileHandler - (order_file_handler.py:127) - Archived order file: BALKAN BEVERAGE LLC_Collegetown_2025-09-05.xlsx
2025-09-08 14:08:26,214 - INFO - backend.storage.file.order_file_handler.OrderFileHandler - (order_file_handler.py:127) - Archived order file: A.L. George_Collegetown_2025-09-05.pdf
2025-09-08 14:08:26,215 - INFO - backend.storage.file.order_file_handler.OrderFileHandler - (order_file_handler.py:127) - Archived order file: A.L. George_Collegetown_2025-09-05.xlsx
2025-09-08 14:08:26,217 - INFO - backend.storage.file.order_file_handler.OrderFileHandler - (order_file_handler.py:127) - Archived order file: Coca-Cola_Collegetown_2025-09-05.pdf
2025-09-08 14:08:26,219 - INFO - backend.storage.file.order_file_handler.OrderFileHandler - (order_file_handler.py:127) - Archived order file: Coca-Cola_Collegetown_2025-09-05.xlsx
2025-09-08 14:08:26,222 - INFO - backend.storage.file.order_file_handler.OrderFileHandler - (order_file_handler.py:127) - Archived order file: UNFI_Collegetown_2025-09-05.pdf
2025-09-08 14:08:26,224 - INFO - backend.storage.file.order_file_handler.OrderFileHandler - (order_file_handler.py:127) - Archived order file: UNFI_Collegetown_2025-09-05.xlsx
2025-09-08 14:08:26,226 - INFO - backend.storage.file.order_file_handler.OrderFileHandler - (order_file_handler.py:127) - Archived order file: DUTCH VALLEY FOOD DIST_Collegetown_2025-09-05.pdf
2025-09-08 14:08:26,228 - INFO - backend.storage.file.order_file_handler.OrderFileHandler - (order_file_handler.py:127) - Archived order file: DUTCH VALLEY FOOD DIST_Collegetown_2025-09-05.xlsx
2025-09-08 14:08:26,230 - INFO - backend.storage.file.order_file_handler.OrderFileHandler - (order_file_handler.py:127) - Archived order file: Peters Supply_Collegetown_2025-09-05.pdf
2025-09-08 14:08:26,231 - INFO - backend.storage.file.order_file_handler.OrderFileHandler - (order_file_handler.py:127) - Archived order file: Peters Supply_Collegetown_2025-09-05.xlsx
2025-09-08 14:08:26,233 - INFO - backend.storage.file.order_file_handler.OrderFileHandler - (order_file_handler.py:127) - Archived order file: Johnston Paper_Collegetown_2025-09-05.pdf
2025-09-08 14:08:26,234 - INFO - backend.storage.file.order_file_handler.OrderFileHandler - (order_file_handler.py:127) - Archived order file: Johnston Paper_Collegetown_2025-09-05.xlsx
2025-09-08 14:08:26,236 - INFO - backend.storage.file.order_file_handler.OrderFileHandler - (order_file_handler.py:127) - Archived order file: Hill & Markes_Collegetown_2025-09-05.pdf
2025-09-08 14:08:26,238 - INFO - backend.storage.file.order_file_handler.OrderFileHandler - (order_file_handler.py:127) - Archived order file: Hill & Markes_Collegetown_2025-09-05.xlsx
2025-09-08 14:08:26,240 - INFO - backend.storage.file.order_file_handler.OrderFileHandler - (order_file_handler.py:127) - Archived order file: Copper Horse Coffee_Collegetown_2025-09-05.pdf
2025-09-08 14:08:26,242 - INFO - backend.storage.file.order_file_handler.OrderFileHandler - (order_file_handler.py:127) - Archived order file: Copper Horse Coffee_Collegetown_2025-09-05.xlsx
2025-09-08 14:08:26,244 - INFO - backend.storage.file.order_file_handler.OrderFileHandler - (order_file_handler.py:127) - Archived order file: Regional Distributors, Inc._Collegetown_2025-09-05.pdf
2025-09-08 14:08:26,245 - INFO - backend.storage.file.order_file_handler.OrderFileHandler - (order_file_handler.py:127) - Archived order file: Regional Distributors, Inc._Collegetown_2025-09-05.xlsx
2025-09-08 14:08:26,247 - INFO - backend.storage.file.order_file_handler.OrderFileHandler - (order_file_handler.py:127) - Archived order file: Hillcrest Dairy_Collegetown_2025-09-05.pdf
2025-09-08 14:08:26,249 - INFO - backend.storage.file.order_file_handler.OrderFileHandler - (order_file_handler.py:127) - Archived order file: Hillcrest Dairy_Collegetown_2025-09-05.xlsx
2025-09-08 14:08:26,251 - INFO - backend.storage.file.order_file_handler.OrderFileHandler - (order_file_handler.py:127) - Archived order file: Sysco_Collegetown_2025-09-05.pdf
2025-09-08 14:08:26,252 - INFO - backend.storage.file.order_file_handler.OrderFileHandler - (order_file_handler.py:127) - Archived order file: Sysco_Collegetown_2025-09-05.xlsx
2025-09-08 14:08:26,255 - INFO - backend.storage.file.order_file_handler.OrderFileHandler - (order_file_handler.py:127) - Archived order file: US Foods_Collegetown_2025-09-05.pdf
2025-09-08 14:08:26,256 - INFO - backend.storage.file.order_file_handler.OrderFileHandler - (order_file_handler.py:127) - Archived order file: US Foods_Collegetown_2025-09-05.xlsx
2025-09-08 14:08:26,258 - INFO - backend.storage.file.order_file_handler.OrderFileHandler - (order_file_handler.py:127) - Archived order file: Hen of the Woods_Downtown_2025-09-06.pdf
2025-09-08 14:08:26,260 - INFO - backend.storage.file.order_file_handler.OrderFileHandler - (order_file_handler.py:127) - Archived order file: Hen of the Woods_Downtown_2025-09-06.xlsx
2025-09-08 14:08:26,261 - INFO - backend.storage.file.order_file_handler.OrderFileHandler - (order_file_handler.py:127) - Archived order file: Worlds Best Cheeses_Downtown_2025-09-05.pdf
2025-09-08 14:08:26,263 - INFO - backend.storage.file.order_file_handler.OrderFileHandler - (order_file_handler.py:127) - Archived order file: Worlds Best Cheeses_Downtown_2025-09-05.xlsx
2025-09-08 14:08:26,265 - INFO - backend.storage.file.order_file_handler.OrderFileHandler - (order_file_handler.py:127) - Archived order file: Peters Supply_Downtown_2025-09-05.pdf
2025-09-08 14:08:26,266 - INFO - backend.storage.file.order_file_handler.OrderFileHandler - (order_file_handler.py:127) - Archived order file: Peters Supply_Downtown_2025-09-05.xlsx
2025-09-08 14:08:26,268 - INFO - backend.storage.file.order_file_handler.OrderFileHandler - (order_file_handler.py:127) - Archived order file: DUTCH VALLEY FOOD DIST_Downtown_2025-09-05.pdf
2025-09-08 14:08:26,270 - INFO - backend.storage.file.order_file_handler.OrderFileHandler - (order_file_handler.py:127) - Archived order file: DUTCH VALLEY FOOD DIST_Downtown_2025-09-05.xlsx
2025-09-08 14:08:26,272 - INFO - backend.storage.file.order_file_handler.OrderFileHandler - (order_file_handler.py:127) - Archived order file: Hillcrest Dairy_Downtown_2025-09-05.pdf
2025-09-08 14:08:26,273 - INFO - backend.storage.file.order_file_handler.OrderFileHandler - (order_file_handler.py:127) - Archived order file: Hillcrest Dairy_Downtown_2025-09-05.xlsx
2025-09-08 14:08:26,275 - INFO - backend.storage.file.order_file_handler.OrderFileHandler - (order_file_handler.py:127) - Archived order file: UNFI_Downtown_2025-09-05.pdf
2025-09-08 14:08:26,277 - INFO - backend.storage.file.order_file_handler.OrderFileHandler - (order_file_handler.py:127) - Archived order file: UNFI_Downtown_2025-09-05.xlsx
2025-09-08 14:08:26,279 - INFO - backend.storage.file.order_file_handler.OrderFileHandler - (order_file_handler.py:127) - Archived order file: Coca-Cola_Downtown_2025-09-05.pdf
2025-09-08 14:08:26,280 - INFO - backend.storage.file.order_file_handler.OrderFileHandler - (order_file_handler.py:127) - Archived order file: Coca-Cola_Downtown_2025-09-05.xlsx
2025-09-08 14:08:26,283 - INFO - backend.storage.file.order_file_handler.OrderFileHandler - (order_file_handler.py:127) - Archived order file: Sysco_Downtown_2025-09-05.pdf
2025-09-08 14:08:26,284 - INFO - backend.storage.file.order_file_handler.OrderFileHandler - (order_file_handler.py:127) - Archived order file: Sysco_Downtown_2025-09-05.xlsx
2025-09-08 14:08:26,287 - INFO - backend.storage.file.order_file_handler.OrderFileHandler - (order_file_handler.py:127) - Archived order file: SANICO_Downtown_2025-09-05.pdf
2025-09-08 14:08:26,288 - INFO - backend.storage.file.order_file_handler.OrderFileHandler - (order_file_handler.py:127) - Archived order file: SANICO_Downtown_2025-09-05.xlsx
2025-09-08 14:08:26,290 - INFO - backend.storage.file.order_file_handler.OrderFileHandler - (order_file_handler.py:127) - Archived order file: Hill & Markes_Downtown_2025-09-05.pdf
2025-09-08 14:08:26,292 - INFO - backend.storage.file.order_file_handler.OrderFileHandler - (order_file_handler.py:127) - Archived order file: Hill & Markes_Downtown_2025-09-05.xlsx
2025-09-08 14:08:26,294 - INFO - backend.storage.file.order_file_handler.OrderFileHandler - (order_file_handler.py:127) - Archived order file: Copper Horse Coffee_Downtown_2025-09-05.pdf
2025-09-08 14:08:26,296 - INFO - backend.storage.file.order_file_handler.OrderFileHandler - (order_file_handler.py:127) - Archived order file: Copper Horse Coffee_Downtown_2025-09-05.xlsx
2025-09-08 14:08:26,298 - INFO - backend.storage.file.order_file_handler.OrderFileHandler - (order_file_handler.py:127) - Archived order file: Regional Distributors, Inc._Downtown_2025-09-05.pdf
2025-09-08 14:08:26,299 - INFO - backend.storage.file.order_file_handler.OrderFileHandler - (order_file_handler.py:127) - Archived order file: Regional Distributors, Inc._Downtown_2025-09-05.xlsx
2025-09-08 14:08:26,301 - INFO - backend.storage.file.order_file_handler.OrderFileHandler - (order_file_handler.py:127) - Archived order file: US Foods_Downtown_2025-09-05.pdf
2025-09-08 14:08:26,303 - INFO - backend.storage.file.order_file_handler.OrderFileHandler - (order_file_handler.py:127) - Archived order file: US Foods_Downtown_2025-09-05.xlsx
2025-09-08 14:08:26,306 - INFO - backend.storage.file.order_file_handler.OrderFileHandler - (order_file_handler.py:127) - Archived order file: OLBRO DISTRIBUTORS_Easthill_2025-09-05.pdf
2025-09-08 14:08:26,307 - INFO - backend.storage.file.order_file_handler.OrderFileHandler - (order_file_handler.py:127) - Archived order file: OLBRO DISTRIBUTORS_Easthill_2025-09-05.xlsx
2025-09-08 14:08:26,309 - INFO - backend.storage.file.order_file_handler.OrderFileHandler - (order_file_handler.py:127) - Archived order file: NAT'S NUTS_Easthill_2025-09-05.pdf
2025-09-08 14:08:26,310 - INFO - backend.storage.file.order_file_handler.OrderFileHandler - (order_file_handler.py:127) - Archived order file: NAT'S NUTS_Easthill_2025-09-05.xlsx
2025-09-08 14:08:26,312 - INFO - backend.storage.file.order_file_handler.OrderFileHandler - (order_file_handler.py:127) - Archived order file: Mapleland Farms_Easthill_2025-09-05.pdf
2025-09-08 14:08:26,313 - INFO - backend.storage.file.order_file_handler.OrderFileHandler - (order_file_handler.py:127) - Archived order file: Mapleland Farms_Easthill_2025-09-05.xlsx
2025-09-08 14:08:26,314 - INFO - backend.storage.file.order_file_handler.OrderFileHandler - (order_file_handler.py:127) - Archived order file: Karma Sauce Company LLC_Easthill_2025-09-05.pdf
2025-09-08 14:08:26,315 - INFO - backend.storage.file.order_file_handler.OrderFileHandler - (order_file_handler.py:127) - Archived order file: Karma Sauce Company LLC_Easthill_2025-09-05.xlsx
2025-09-08 14:08:26,317 - INFO - backend.storage.file.order_file_handler.OrderFileHandler - (order_file_handler.py:127) - Archived order file: Katz Specialty Food Group, LLC_Easthill_2025-09-05.pdf
2025-09-08 14:08:26,319 - INFO - backend.storage.file.order_file_handler.OrderFileHandler - (order_file_handler.py:127) - Archived order file: Katz Specialty Food Group, LLC_Easthill_2025-09-05.xlsx
2025-09-08 14:08:26,321 - INFO - backend.storage.file.order_file_handler.OrderFileHandler - (order_file_handler.py:127) - Archived order file: Hen of the Woods_Easthill_2025-09-05.pdf
2025-09-08 14:08:26,324 - INFO - backend.storage.file.order_file_handler.OrderFileHandler - (order_file_handler.py:127) - Archived order file: Hen of the Woods_Easthill_2025-09-05.xlsx
2025-09-08 14:08:26,326 - INFO - backend.storage.file.order_file_handler.OrderFileHandler - (order_file_handler.py:127) - Archived order file: GranolaChik_Easthill_2025-09-05.pdf
2025-09-08 14:08:26,327 - INFO - backend.storage.file.order_file_handler.OrderFileHandler - (order_file_handler.py:127) - Archived order file: GranolaChik_Easthill_2025-09-05.xlsx
2025-09-08 14:08:26,330 - INFO - backend.storage.file.order_file_handler.OrderFileHandler - (order_file_handler.py:127) - Archived order file: Earthquake Spices_Easthill_2025-09-05.pdf
2025-09-08 14:08:26,332 - INFO - backend.storage.file.order_file_handler.OrderFileHandler - (order_file_handler.py:127) - Archived order file: Earthquake Spices_Easthill_2025-09-05.xlsx
2025-09-08 14:08:26,335 - INFO - backend.storage.file.order_file_handler.OrderFileHandler - (order_file_handler.py:127) - Archived order file: DUTCH VALLEY FOOD DIST_Easthill_2025-09-05.pdf
2025-09-08 14:08:26,338 - INFO - backend.storage.file.order_file_handler.OrderFileHandler - (order_file_handler.py:127) - Archived order file: DUTCH VALLEY FOOD DIST_Easthill_2025-09-05.xlsx
2025-09-08 14:08:26,340 - INFO - backend.storage.file.order_file_handler.OrderFileHandler - (order_file_handler.py:127) - Archived order file: Creative Converting_Easthill_2025-09-05.pdf
2025-09-08 14:08:26,341 - INFO - backend.storage.file.order_file_handler.OrderFileHandler - (order_file_handler.py:127) - Archived order file: Creative Converting_Easthill_2025-09-05.xlsx
2025-09-08 14:08:26,343 - INFO - backend.storage.file.order_file_handler.OrderFileHandler - (order_file_handler.py:127) - Archived order file: Worlds Best Cheeses_Easthill_2025-09-05.pdf
2025-09-08 14:08:26,346 - INFO - backend.storage.file.order_file_handler.OrderFileHandler - (order_file_handler.py:127) - Archived order file: Worlds Best Cheeses_Easthill_2025-09-05.xlsx
2025-09-08 14:08:26,348 - INFO - backend.storage.file.order_file_handler.OrderFileHandler - (order_file_handler.py:127) - Archived order file: Belle's Barkery_Easthill_2025-09-05.pdf
2025-09-08 14:08:26,349 - INFO - backend.storage.file.order_file_handler.OrderFileHandler - (order_file_handler.py:127) - Archived order file: Belle's Barkery_Easthill_2025-09-05.xlsx
2025-09-08 14:08:26,351 - INFO - backend.storage.file.order_file_handler.OrderFileHandler - (order_file_handler.py:127) - Archived order file: BBQuse_Easthill_2025-09-05.pdf
2025-09-08 14:08:26,352 - INFO - backend.storage.file.order_file_handler.OrderFileHandler - (order_file_handler.py:127) - Archived order file: BBQuse_Easthill_2025-09-05.xlsx
2025-09-08 14:08:26,355 - INFO - backend.storage.file.order_file_handler.OrderFileHandler - (order_file_handler.py:127) - Archived order file: Hillcrest Dairy_Easthill_2025-09-05.pdf
2025-09-08 14:08:26,356 - INFO - backend.storage.file.order_file_handler.OrderFileHandler - (order_file_handler.py:127) - Archived order file: Hillcrest Dairy_Easthill_2025-09-05.xlsx
2025-09-08 14:08:26,360 - INFO - backend.storage.file.order_file_handler.OrderFileHandler - (order_file_handler.py:127) - Archived order file: UNFI_Easthill_2025-09-05.pdf
2025-09-08 14:08:26,362 - INFO - backend.storage.file.order_file_handler.OrderFileHandler - (order_file_handler.py:127) - Archived order file: UNFI_Easthill_2025-09-05.xlsx
2025-09-08 14:08:26,365 - INFO - backend.storage.file.order_file_handler.OrderFileHandler - (order_file_handler.py:127) - Archived order file: Eurocafe Imports_Easthill_2025-09-05.pdf
2025-09-08 14:08:26,368 - INFO - backend.storage.file.order_file_handler.OrderFileHandler - (order_file_handler.py:127) - Archived order file: Eurocafe Imports_Easthill_2025-09-05.xlsx
2025-09-08 14:08:26,371 - INFO - backend.storage.file.order_file_handler.OrderFileHandler - (order_file_handler.py:127) - Archived order file: Hill & Markes_Easthill_2025-09-05.pdf
2025-09-08 14:08:26,373 - INFO - backend.storage.file.order_file_handler.OrderFileHandler - (order_file_handler.py:127) - Archived order file: Hill & Markes_Easthill_2025-09-05.xlsx
2025-09-08 14:08:26,377 - INFO - backend.storage.file.order_file_handler.OrderFileHandler - (order_file_handler.py:127) - Archived order file: Copper Horse Coffee_Easthill_2025-09-05.pdf
2025-09-08 14:08:26,379 - INFO - backend.storage.file.order_file_handler.OrderFileHandler - (order_file_handler.py:127) - Archived order file: Copper Horse Coffee_Easthill_2025-09-05.xlsx
2025-09-08 14:08:26,382 - INFO - backend.storage.file.order_file_handler.OrderFileHandler - (order_file_handler.py:127) - Archived order file: Regional Distributors, Inc._Easthill_2025-09-05.pdf
2025-09-08 14:08:26,385 - INFO - backend.storage.file.order_file_handler.OrderFileHandler - (order_file_handler.py:127) - Archived order file: Regional Distributors, Inc._Easthill_2025-09-05.xlsx
2025-09-08 14:08:26,389 - INFO - backend.storage.file.order_file_handler.OrderFileHandler - (order_file_handler.py:127) - Archived order file: Coca-Cola_Easthill_2025-09-05.pdf
2025-09-08 14:08:26,391 - INFO - backend.storage.file.order_file_handler.OrderFileHandler - (order_file_handler.py:127) - Archived order file: Coca-Cola_Easthill_2025-09-05.xlsx
2025-09-08 14:08:26,394 - INFO - backend.storage.file.order_file_handler.OrderFileHandler - (order_file_handler.py:127) - Archived order file: Peters Supply_Easthill_2025-09-05.pdf
2025-09-08 14:08:26,396 - INFO - backend.storage.file.order_file_handler.OrderFileHandler - (order_file_handler.py:127) - Archived order file: Peters Supply_Easthill_2025-09-05.xlsx
2025-09-08 14:08:26,399 - INFO - backend.storage.file.order_file_handler.OrderFileHandler - (order_file_handler.py:127) - Archived order file: Sysco_Easthill_2025-09-05.pdf
2025-09-08 14:08:26,402 - INFO - backend.storage.file.order_file_handler.OrderFileHandler - (order_file_handler.py:127) - Archived order file: Sysco_Easthill_2025-09-05.xlsx
2025-09-08 14:08:26,405 - INFO - backend.storage.file.order_file_handler.OrderFileHandler - (order_file_handler.py:127) - Archived order file: US Foods_Easthill_2025-09-05.pdf
2025-09-08 14:08:26,407 - INFO - backend.storage.file.order_file_handler.OrderFileHandler - (order_file_handler.py:127) - Archived order file: US Foods_Easthill_2025-09-05.xlsx
2025-09-08 14:08:26,410 - INFO - backend.storage.file.order_file_handler.OrderFileHandler - (order_file_handler.py:127) - Archived order file: Fingerlakes Artisen Foods_Triphammer_2025-09-05.pdf
2025-09-08 14:08:26,412 - INFO - backend.storage.file.order_file_handler.OrderFileHandler - (order_file_handler.py:127) - Archived order file: Fingerlakes Artisen Foods_Triphammer_2025-09-05.xlsx
2025-09-08 14:08:26,416 - INFO - backend.storage.file.order_file_handler.OrderFileHandler - (order_file_handler.py:127) - Archived order file: Worlds Best Cheeses_Triphammer_2025-09-05.pdf
2025-09-08 14:08:26,419 - INFO - backend.storage.file.order_file_handler.OrderFileHandler - (order_file_handler.py:127) - Archived order file: Worlds Best Cheeses_Triphammer_2025-09-05.xlsx
2025-09-08 14:08:26,424 - INFO - backend.storage.file.order_file_handler.OrderFileHandler - (order_file_handler.py:127) - Archived order file: Bo's Bones_Triphammer_2025-09-05.pdf
2025-09-08 14:08:26,427 - INFO - backend.storage.file.order_file_handler.OrderFileHandler - (order_file_handler.py:127) - Archived order file: Bo's Bones_Triphammer_2025-09-05.xlsx
2025-09-08 14:08:26,430 - INFO - backend.storage.file.order_file_handler.OrderFileHandler - (order_file_handler.py:127) - Archived order file: DUTCH VALLEY FOOD DIST_Triphammer_2025-09-05.pdf
2025-09-08 14:08:26,433 - INFO - backend.storage.file.order_file_handler.OrderFileHandler - (order_file_handler.py:127) - Archived order file: DUTCH VALLEY FOOD DIST_Triphammer_2025-09-05.xlsx
2025-09-08 14:08:26,435 - INFO - backend.storage.file.order_file_handler.OrderFileHandler - (order_file_handler.py:127) - Archived order file: Coca-Cola_Triphammer_2025-09-05.pdf
2025-09-08 14:08:26,437 - INFO - backend.storage.file.order_file_handler.OrderFileHandler - (order_file_handler.py:127) - Archived order file: Coca-Cola_Triphammer_2025-09-05.xlsx
2025-09-08 14:08:26,440 - INFO - backend.storage.file.order_file_handler.OrderFileHandler - (order_file_handler.py:127) - Archived order file: US Foods_Triphammer_2025-09-05.pdf
2025-09-08 14:08:26,442 - INFO - backend.storage.file.order_file_handler.OrderFileHandler - (order_file_handler.py:127) - Archived order file: US Foods_Triphammer_2025-09-05.xlsx
2025-09-08 14:08:26,445 - INFO - backend.storage.file.order_file_handler.OrderFileHandler - (order_file_handler.py:127) - Archived order file: Copper Horse Coffee_Triphammer_2025-09-05.pdf
2025-09-08 14:08:26,448 - INFO - backend.storage.file.order_file_handler.OrderFileHandler - (order_file_handler.py:127) - Archived order file: Copper Horse Coffee_Triphammer_2025-09-05.xlsx
2025-09-08 14:08:26,450 - INFO - backend.storage.file.order_file_handler.OrderFileHandler - (order_file_handler.py:127) - Archived order file: Johnston Paper_Triphammer_2025-09-05.pdf
2025-09-08 14:08:26,453 - INFO - backend.storage.file.order_file_handler.OrderFileHandler - (order_file_handler.py:127) - Archived order file: Johnston Paper_Triphammer_2025-09-05.xlsx
2025-09-08 14:08:26,456 - INFO - backend.storage.file.order_file_handler.OrderFileHandler - (order_file_handler.py:127) - Archived order file: Peters Supply_Triphammer_2025-09-05.pdf
2025-09-08 14:08:26,458 - INFO - backend.storage.file.order_file_handler.OrderFileHandler - (order_file_handler.py:127) - Archived order file: Peters Supply_Triphammer_2025-09-05.xlsx
2025-09-08 14:08:26,461 - INFO - backend.storage.file.order_file_handler.OrderFileHandler - (order_file_handler.py:127) - Archived order file: Hillcrest Dairy_Triphammer_2025-09-05.pdf
2025-09-08 14:08:26,463 - INFO - backend.storage.file.order_file_handler.OrderFileHandler - (order_file_handler.py:127) - Archived order file: Hillcrest Dairy_Triphammer_2025-09-05.xlsx
2025-09-08 14:08:26,466 - INFO - backend.storage.file.order_file_handler.OrderFileHandler - (order_file_handler.py:127) - Archived order file: UNFI_Triphammer_2025-09-05.pdf
2025-09-08 14:08:26,469 - INFO - backend.storage.file.order_file_handler.OrderFileHandler - (order_file_handler.py:127) - Archived order file: UNFI_Triphammer_2025-09-05.xlsx
2025-09-08 14:08:26,473 - INFO - backend.storage.file.order_file_handler.OrderFileHandler - (order_file_handler.py:127) - Archived order file: Sysco_Triphammer_2025-09-05.pdf
2025-09-08 14:08:26,475 - INFO - backend.storage.file.order_file_handler.OrderFileHandler - (order_file_handler.py:127) - Archived order file: Sysco_Triphammer_2025-09-05.xlsx
2025-09-08 14:08:26,478 - INFO - backend.storage.file.order_file_handler.OrderFileHandler - (order_file_handler.py:127) - Archived order file: Webstaurant_Triphammer_2025-09-05.pdf
2025-09-08 14:08:26,481 - INFO - backend.storage.file.order_file_handler.OrderFileHandler - (order_file_handler.py:127) - Archived order file: Webstaurant_Triphammer_2025-09-05.xlsx
2025-09-08 14:08:26,483 - INFO - backend.storage.file.order_file_handler.OrderFileHandler - (order_file_handler.py:127) - Archived order file: Regional Distributors, Inc._Triphammer_2025-09-05.pdf
2025-09-08 14:08:26,486 - INFO - backend.storage.file.order_file_handler.OrderFileHandler - (order_file_handler.py:127) - Archived order file: Regional Distributors, Inc._Triphammer_2025-09-05.xlsx
2025-09-08 14:08:26,490 - INFO - backend.storage.file.order_file_handler.OrderFileHandler - (order_file_handler.py:127) - Archived order file: Hill & Markes_Triphammer_2025-09-05.pdf
2025-09-08 14:08:26,496 - INFO - backend.storage.file.order_file_handler.OrderFileHandler - (order_file_handler.py:127) - Archived order file: Hill & Markes_Triphammer_2025-09-05.xlsx
2025-09-09 08:18:51,819 - INFO - backend.storage.file.order_file_handler.OrderFileHandler - (order_file_handler.py:65) - Retrieving order files: stores=[['Collegetown', 'Bakery']], vendors=[['Sysco']], formats=['xlsx']
2025-09-09 08:18:51,822 - INFO - backend.storage.file.order_file_handler.OrderFileHandler - (order_file_handler.py:107) - Retrieved 2 order files.
2025-09-09 08:18:51,848 - INFO - backend.storage.file.order_file_handler.OrderFileHandler - (order_file_handler.py:65) - Retrieving order files: stores=[['Collegetown', 'Bakery']], vendors=[['Sysco']], formats=['xlsx']
2025-09-09 08:18:51,851 - INFO - backend.storage.file.order_file_handler.OrderFileHandler - (order_file_handler.py:107) - Retrieved 2 order files.
2025-09-09 08:18:51,856 - INFO - backend.storage.file.order_file_handler.OrderFileHandler - (order_file_handler.py:191) - [upload] Sysco | Collegetown | 2025-09-05 -> C:\Users\andrew\Desktop\Andrew\Projects\IthacaBakery\RandomStuff\WorkBot\experimental\data\upload_files\Sysco\Sysco_Collegetown_2025-09-05.csv
2025-09-09 08:18:51,863 - INFO - backend.storage.file.order_file_handler.OrderFileHandler - (order_file_handler.py:191) - [upload] Sysco | Bakery | 2025-09-06 -> C:\Users\andrew\Desktop\Andrew\Projects\IthacaBakery\RandomStuff\WorkBot\experimental\data\upload_files\Sysco\Sysco_Bakery_2025-09-06.csv
2025-09-09 08:19:16,557 - INFO - backend.storage.file.order_file_handler.OrderFileHandler - (order_file_handler.py:65) - Retrieving order files: stores=[['Bakery', 'Easthill', 'Collegetown', 'Triphammer', 'Downtown']], vendors=[['Performance Food', 'FingerLakes Farms']], formats=['xlsx']
2025-09-09 08:19:16,561 - INFO - backend.storage.file.order_file_handler.OrderFileHandler - (order_file_handler.py:107) - Retrieved 4 order files.
2025-09-09 08:20:28,204 - INFO - backend.storage.file.order_file_handler.OrderFileHandler - (order_file_handler.py:65) - Retrieving order files: stores=[['Bakery']], vendors=[['Sysco']], formats=['xlsx']
2025-09-09 08:20:28,206 - INFO - backend.storage.file.order_file_handler.OrderFileHandler - (order_file_handler.py:107) - Retrieved 1 order files.
2025-09-09 08:32:15,326 - INFO - backend.storage.file.order_file_handler.OrderFileHandler - (order_file_handler.py:65) - Retrieving order files: stores=[['Bakery']], vendors=[['Sysco']], formats=['xlsx']
2025-09-09 08:32:15,331 - INFO - backend.storage.file.order_file_handler.OrderFileHandler - (order_file_handler.py:107) - Retrieved 1 order files.
2025-09-09 08:32:15,339 - INFO - backend.storage.file.order_file_handler.OrderFileHandler - (order_file_handler.py:127) - Archived order file: Sysco_Bakery_2025-09-06.pdf
2025-09-09 08:32:15,340 - INFO - backend.storage.file.order_file_handler.OrderFileHandler - (order_file_handler.py:127) - Archived order file: Sysco_Bakery_2025-09-06.xlsx
